èþë 27, 2012 12:08:18 AM org.apache.catalina.core.ApplicationContext log
INFO: Manager: list: Listing contexts for virtual host 'localhost'
èþë 27, 2012 12:08:18 AM org.apache.catalina.core.ApplicationContext log
INFO: Manager: list: Listing contexts for virtual host 'localhost'
èþë 27, 2012 12:08:18 AM org.apache.catalina.core.ApplicationContext log
INFO: Manager: restart: Reloading web application at '/Hotel'
èþë 27, 2012 12:08:40 AM org.apache.catalina.core.ApplicationContext log
INFO: Manager: list: Listing contexts for virtual host 'localhost'
èþë 27, 2012 12:08:40 AM org.apache.catalina.core.ApplicationContext log
INFO: Manager: list: Listing contexts for virtual host 'localhost'
èþë 27, 2012 12:08:40 AM org.apache.catalina.core.ApplicationContext log
INFO: Manager: restart: Reloading web application at '/Hotel'
èþë 27, 2012 12:09:05 AM org.apache.catalina.core.ApplicationContext log
INFO: Manager: list: Listing contexts for virtual host 'localhost'
èþë 27, 2012 12:09:05 AM org.apache.catalina.core.ApplicationContext log
INFO: Manager: restart: Reloading web application at '/Hotel'
èþë 27, 2012 12:09:07 AM org.apache.catalina.core.ApplicationContext log
INFO: Manager: list: Listing contexts for virtual host 'localhost'
èþë 27, 2012 12:09:07 AM org.apache.catalina.core.ApplicationContext log
INFO: Manager: list: Listing contexts for virtual host 'localhost'
èþë 27, 2012 12:09:07 AM org.apache.catalina.core.ApplicationContext log
INFO: Manager: restart: Reloading web application at '/Hotel'
èþë 27, 2012 12:10:24 AM org.apache.catalina.core.ApplicationContext log
INFO: Manager: list: Listing contexts for virtual host 'localhost'
èþë 27, 2012 12:10:24 AM org.apache.catalina.core.ApplicationContext log
INFO: Manager: list: Listing contexts for virtual host 'localhost'
èþë 27, 2012 12:10:24 AM org.apache.catalina.core.ApplicationContext log
INFO: Manager: restart: Reloading web application at '/Hotel'
èþë 27, 2012 12:11:33 AM org.apache.catalina.core.ApplicationContext log
INFO: Manager: init: Associated with Deployer 'Catalina:type=Deployer,host=localhost'
èþë 27, 2012 12:11:33 AM org.apache.catalina.core.ApplicationContext log
INFO: Manager: init: Global resources are available
èþë 27, 2012 12:11:33 AM org.apache.catalina.core.ApplicationContext log
INFO: Manager: list: Listing contexts for virtual host 'localhost'
èþë 27, 2012 12:11:33 AM org.apache.catalina.core.ApplicationContext log
INFO: Manager: list: Listing contexts for virtual host 'localhost'
èþë 27, 2012 12:12:18 AM org.apache.catalina.core.ApplicationContext log
INFO: Manager: list: Listing contexts for virtual host 'localhost'
èþë 27, 2012 12:12:18 AM org.apache.catalina.core.ApplicationContext log
INFO: Manager: list: Listing contexts for virtual host 'localhost'
èþë 27, 2012 12:12:18 AM org.apache.catalina.core.ApplicationContext log
INFO: Manager: restart: Reloading web application at '/Hotel'
èþë 27, 2012 12:12:57 AM org.apache.catalina.core.ApplicationContext log
INFO: Manager: list: Listing contexts for virtual host 'localhost'
èþë 27, 2012 12:12:57 AM org.apache.catalina.core.ApplicationContext log
INFO: Manager: list: Listing contexts for virtual host 'localhost'
èþë 27, 2012 12:12:57 AM org.apache.catalina.core.ApplicationContext log
INFO: Manager: restart: Reloading web application at '/Hotel'
èþë 27, 2012 12:13:30 AM org.apache.catalina.core.ApplicationContext log
INFO: Manager: list: Listing contexts for virtual host 'localhost'
èþë 27, 2012 12:13:30 AM org.apache.catalina.core.ApplicationContext log
INFO: Manager: list: Listing contexts for virtual host 'localhost'
èþë 27, 2012 12:13:30 AM org.apache.catalina.core.ApplicationContext log
INFO: Manager: restart: Reloading web application at '/Hotel'
èþë 27, 2012 12:16:15 AM org.apache.catalina.core.ApplicationContext log
INFO: Manager: list: Listing contexts for virtual host 'localhost'
èþë 27, 2012 12:16:15 AM org.apache.catalina.core.ApplicationContext log
INFO: Manager: list: Listing contexts for virtual host 'localhost'
èþë 27, 2012 12:16:15 AM org.apache.catalina.core.ApplicationContext log
INFO: Manager: restart: Reloading web application at '/Hotel'
èþë 27, 2012 12:16:56 AM org.apache.catalina.core.ApplicationContext log
INFO: Manager: list: Listing contexts for virtual host 'localhost'
èþë 27, 2012 12:16:56 AM org.apache.catalina.core.ApplicationContext log
INFO: Manager: list: Listing contexts for virtual host 'localhost'
èþë 27, 2012 12:16:56 AM org.apache.catalina.core.ApplicationContext log
INFO: Manager: restart: Reloading web application at '/Hotel'
èþë 27, 2012 12:18:28 AM org.apache.catalina.core.ApplicationContext log
INFO: Manager: list: Listing contexts for virtual host 'localhost'
èþë 27, 2012 12:18:28 AM org.apache.catalina.core.ApplicationContext log
INFO: Manager: list: Listing contexts for virtual host 'localhost'
èþë 27, 2012 12:18:28 AM org.apache.catalina.core.ApplicationContext log
INFO: Manager: restart: Reloading web application at '/Hotel'
èþë 27, 2012 12:20:37 AM org.apache.catalina.core.ApplicationContext log
INFO: Manager: list: Listing contexts for virtual host 'localhost'
èþë 27, 2012 12:20:37 AM org.apache.catalina.core.ApplicationContext log
INFO: Manager: list: Listing contexts for virtual host 'localhost'
èþë 27, 2012 12:20:37 AM org.apache.catalina.core.ApplicationContext log
INFO: Manager: restart: Reloading web application at '/Hotel'
èþë 27, 2012 12:23:11 AM org.apache.catalina.core.ApplicationContext log
INFO: Manager: list: Listing contexts for virtual host 'localhost'
èþë 27, 2012 12:23:11 AM org.apache.catalina.core.ApplicationContext log
INFO: Manager: list: Listing contexts for virtual host 'localhost'
èþë 27, 2012 12:23:11 AM org.apache.catalina.core.ApplicationContext log
INFO: Manager: restart: Reloading web application at '/Hotel'
èþë 27, 2012 12:35:38 AM org.apache.catalina.core.ApplicationContext log
INFO: Manager: list: Listing contexts for virtual host 'localhost'
èþë 27, 2012 12:35:38 AM org.apache.catalina.core.ApplicationContext log
INFO: Manager: restart: Reloading web application at '/Hotel'
èþë 27, 2012 12:44:23 AM org.apache.catalina.core.ApplicationContext log
INFO: Manager: list: Listing contexts for virtual host 'localhost'
èþë 27, 2012 12:46:26 AM org.apache.catalina.core.ApplicationContext log
INFO: Manager: list: Listing contexts for virtual host 'localhost'
èþë 27, 2012 12:46:57 AM org.apache.catalina.core.ApplicationContext log
INFO: Manager: list: Listing contexts for virtual host 'localhost'
èþë 27, 2012 12:47:02 AM org.apache.catalina.core.ApplicationContext log
INFO: Manager: list: Listing contexts for virtual host 'localhost'
èþë 27, 2012 12:47:02 AM org.apache.catalina.core.ApplicationContext log
INFO: Manager: list: Listing contexts for virtual host 'localhost'
èþë 27, 2012 12:47:02 AM org.apache.catalina.core.ApplicationContext log
INFO: Manager: restart: Reloading web application at '/Hotel'
èþë 27, 2012 12:48:02 AM org.apache.catalina.core.ApplicationContext log
INFO: Manager: list: Listing contexts for virtual host 'localhost'
èþë 27, 2012 12:48:02 AM org.apache.catalina.core.ApplicationContext log
INFO: Manager: stop: Stopping web application at '/Hotel'
èþë 27, 2012 12:48:02 AM org.apache.catalina.core.ApplicationContext log
INFO: Manager: start: Starting web application at '/Hotel'
èþë 27, 2012 12:48:02 AM org.apache.catalina.core.ApplicationContext log
INFO: Manager: list: Listing contexts for virtual host 'localhost'
èþë 27, 2012 12:48:02 AM org.apache.catalina.core.ApplicationContext log
INFO: Manager: restart: Reloading web application at '/Hotel'
èþë 27, 2012 12:48:03 AM org.apache.catalina.core.ApplicationContext log
INFO: Manager: list: Listing contexts for virtual host 'localhost'
èþë 27, 2012 12:48:03 AM org.apache.catalina.core.ApplicationContext log
INFO: Manager: restart: Reloading web application at '/Hotel'
èþë 27, 2012 1:00:56 AM org.apache.catalina.core.ApplicationContext log
INFO: Manager: list: Listing contexts for virtual host 'localhost'
èþë 27, 2012 1:00:56 AM org.apache.catalina.core.ApplicationContext log
INFO: Manager: list: Listing contexts for virtual host 'localhost'
èþë 27, 2012 1:00:56 AM org.apache.catalina.core.ApplicationContext log
INFO: Manager: list: Listing contexts for virtual host 'localhost'
èþë 27, 2012 1:00:56 AM org.apache.catalina.core.ApplicationContext log
INFO: Manager: list: Listing contexts for virtual host 'localhost'
èþë 27, 2012 1:00:56 AM org.apache.catalina.core.ApplicationContext log
INFO: Manager: list: Listing contexts for virtual host 'localhost'
èþë 27, 2012 1:00:56 AM org.apache.catalina.core.ApplicationContext log
INFO: Manager: list: Listing contexts for virtual host 'localhost'
èþë 27, 2012 1:00:56 AM org.apache.catalina.core.ApplicationContext log
INFO: Manager: stop: Stopping web application at '/Hotel'
èþë 27, 2012 1:00:56 AM org.apache.catalina.core.ApplicationContext log
INFO: Manager: stop: Stopping web application at '/Hotel'
èþë 27, 2012 1:00:56 AM org.apache.catalina.core.ApplicationContext log
INFO: Manager: start: Starting web application at '/Hotel'
èþë 27, 2012 1:00:56 AM org.apache.catalina.core.ApplicationContext log
INFO: Manager: start: Starting web application at '/Hotel'
èþë 27, 2012 1:00:56 AM org.apache.catalina.core.ApplicationContext log
INFO: Manager: stop: Stopping web application at '/Hotel'
èþë 27, 2012 1:00:56 AM org.apache.catalina.core.ApplicationContext log
INFO: Manager: start: Starting web application at '/Hotel'
èþë 27, 2012 3:54:24 PM org.apache.catalina.core.ApplicationContext log
INFO: Manager: list: Listing contexts for virtual host 'localhost'
èþë 27, 2012 3:54:24 PM org.apache.catalina.core.ApplicationContext log
INFO: Manager: list: Listing contexts for virtual host 'localhost'
èþë 27, 2012 3:54:24 PM org.apache.catalina.core.ApplicationContext log
INFO: Manager: stop: Stopping web application at '/Hotel'
èþë 27, 2012 3:54:24 PM org.apache.catalina.core.ApplicationContext log
INFO: Manager: start: Starting web application at '/Hotel'
èþë 27, 2012 4:09:19 PM org.apache.catalina.core.ApplicationContext log
INFO: Manager: list: Listing contexts for virtual host 'localhost'
èþë 27, 2012 4:09:19 PM org.apache.catalina.core.ApplicationContext log
INFO: Manager: stop: Stopping web application at '/Hotel'
èþë 27, 2012 4:09:19 PM org.apache.catalina.core.ApplicationContext log
INFO: Manager: start: Starting web application at '/Hotel'
èþë 27, 2012 4:09:20 PM org.apache.catalina.core.ApplicationContext log
INFO: Manager: list: Listing contexts for virtual host 'localhost'
èþë 27, 2012 4:09:20 PM org.apache.catalina.core.ApplicationContext log
INFO: Manager: restart: Reloading web application at '/Hotel'
èþë 27, 2012 4:09:21 PM org.apache.catalina.core.ApplicationContext log
INFO: Manager: list: Listing contexts for virtual host 'localhost'
èþë 27, 2012 4:09:21 PM org.apache.catalina.core.ApplicationContext log
INFO: Manager: restart: Reloading web application at '/Hotel'
èþë 27, 2012 4:09:34 PM org.apache.catalina.core.ApplicationContext log
INFO: Manager: list: Listing contexts for virtual host 'localhost'
èþë 27, 2012 4:09:34 PM org.apache.catalina.core.ApplicationContext log
INFO: Manager: stop: Stopping web application at '/Hotel'
èþë 27, 2012 4:09:34 PM org.apache.catalina.core.ApplicationContext log
INFO: Manager: start: Starting web application at '/Hotel'
èþë 27, 2012 4:09:36 PM org.apache.catalina.core.ApplicationContext log
INFO: Manager: list: Listing contexts for virtual host 'localhost'
èþë 27, 2012 4:09:36 PM org.apache.catalina.core.ApplicationContext log
INFO: Manager: restart: Reloading web application at '/Hotel'
èþë 27, 2012 4:11:10 PM org.apache.catalina.core.ApplicationContext log
INFO: Manager: list: Listing contexts for virtual host 'localhost'
èþë 27, 2012 4:11:10 PM org.apache.catalina.core.ApplicationContext log
INFO: Manager: restart: Reloading web application at '/Hotel'
èþë 27, 2012 4:14:53 PM org.apache.catalina.core.ApplicationContext log
INFO: Manager: list: Listing contexts for virtual host 'localhost'
èþë 27, 2012 4:14:57 PM org.apache.catalina.core.ApplicationContext log
INFO: Manager: list: Listing contexts for virtual host 'localhost'
èþë 27, 2012 4:15:01 PM org.apache.catalina.core.ApplicationContext log
INFO: Manager: list: Listing contexts for virtual host 'localhost'
èþë 27, 2012 4:15:01 PM org.apache.catalina.core.ApplicationContext log
INFO: Manager: list: Listing contexts for virtual host 'localhost'
èþë 27, 2012 4:15:01 PM org.apache.catalina.core.ApplicationContext log
INFO: Manager: stop: Stopping web application at '/Hotel'
èþë 27, 2012 4:15:01 PM org.apache.catalina.core.ApplicationContext log
INFO: Manager: start: Starting web application at '/Hotel'
èþë 27, 2012 4:15:45 PM org.apache.catalina.core.ApplicationContext log
INFO: Manager: list: Listing contexts for virtual host 'localhost'
èþë 27, 2012 4:15:47 PM org.apache.catalina.core.ApplicationContext log
INFO: Manager: list: Listing contexts for virtual host 'localhost'
èþë 27, 2012 4:15:47 PM org.apache.catalina.core.ApplicationContext log
INFO: Manager: list: Listing contexts for virtual host 'localhost'
èþë 27, 2012 4:15:47 PM org.apache.catalina.core.ApplicationContext log
INFO: Manager: list: Listing contexts for virtual host 'localhost'
èþë 27, 2012 4:15:48 PM org.apache.catalina.core.ApplicationContext log
INFO: Manager: list: Listing contexts for virtual host 'localhost'
èþë 27, 2012 4:16:07 PM org.apache.catalina.core.ApplicationContext log
INFO: Manager: list: Listing contexts for virtual host 'localhost'
èþë 27, 2012 4:16:07 PM org.apache.catalina.core.ApplicationContext log
INFO: Manager: list: Listing contexts for virtual host 'localhost'
èþë 27, 2012 4:16:50 PM org.apache.catalina.core.ApplicationContext log
INFO: Manager: list: Listing contexts for virtual host 'localhost'
èþë 27, 2012 4:16:51 PM org.apache.catalina.core.ApplicationContext log
INFO: Manager: list: Listing contexts for virtual host 'localhost'
èþë 27, 2012 4:16:51 PM org.apache.catalina.core.ApplicationContext log
INFO: Manager: list: Listing contexts for virtual host 'localhost'
èþë 27, 2012 4:20:37 PM org.apache.catalina.core.ApplicationContext log
INFO: Manager: list: Listing contexts for virtual host 'localhost'
èþë 27, 2012 4:20:40 PM org.apache.catalina.core.ApplicationContext log
INFO: Manager: list: Listing contexts for virtual host 'localhost'
èþë 27, 2012 4:20:40 PM org.apache.catalina.core.ApplicationContext log
INFO: Manager: list: Listing contexts for virtual host 'localhost'
èþë 27, 2012 4:20:40 PM org.apache.catalina.core.ApplicationContext log
INFO: Manager: restart: Reloading web application at '/Hotel'
èþë 27, 2012 4:21:03 PM org.apache.catalina.core.ApplicationContext log
INFO: Manager: list: Listing contexts for virtual host 'localhost'
èþë 27, 2012 4:21:03 PM org.apache.catalina.core.ApplicationContext log
INFO: Manager: list: Listing contexts for virtual host 'localhost'
èþë 27, 2012 4:22:28 PM org.apache.catalina.core.ApplicationContext log
INFO: Manager: list: Listing contexts for virtual host 'localhost'
èþë 27, 2012 4:22:28 PM org.apache.catalina.core.ApplicationContext log
INFO: Manager: list: Listing contexts for virtual host 'localhost'
èþë 27, 2012 4:24:36 PM org.apache.catalina.core.ApplicationContext log
INFO: Manager: list: Listing contexts for virtual host 'localhost'
èþë 27, 2012 4:24:36 PM org.apache.catalina.core.ApplicationContext log
INFO: Manager: list: Listing contexts for virtual host 'localhost'
èþë 27, 2012 4:24:36 PM org.apache.catalina.core.ApplicationContext log
INFO: Manager: restart: Reloading web application at '/Hotel'
èþë 27, 2012 4:27:15 PM org.apache.catalina.core.ApplicationContext log
INFO: Manager: init: Associated with Deployer 'Catalina:type=Deployer,host=localhost'
èþë 27, 2012 4:27:15 PM org.apache.catalina.core.ApplicationContext log
INFO: Manager: init: Global resources are available
èþë 27, 2012 4:27:15 PM org.apache.catalina.core.ApplicationContext log
INFO: Manager: list: Listing contexts for virtual host 'localhost'
èþë 27, 2012 4:27:15 PM org.apache.catalina.core.ApplicationContext log
INFO: Manager: list: Listing contexts for virtual host 'localhost'
èþë 27, 2012 4:27:15 PM org.apache.catalina.core.ApplicationContext log
INFO: Manager: restart: Reloading web application at '/Hotel'
èþë 27, 2012 4:32:00 PM org.apache.catalina.core.ApplicationContext log
INFO: Manager: list: Listing contexts for virtual host 'localhost'
èþë 27, 2012 4:32:00 PM org.apache.catalina.core.ApplicationContext log
INFO: Manager: list: Listing contexts for virtual host 'localhost'
èþë 27, 2012 4:33:46 PM org.apache.catalina.core.ApplicationContext log
INFO: Manager: list: Listing contexts for virtual host 'localhost'
èþë 27, 2012 4:33:46 PM org.apache.catalina.core.ApplicationContext log
INFO: Manager: list: Listing contexts for virtual host 'localhost'
èþë 27, 2012 4:33:46 PM org.apache.catalina.core.ApplicationContext log
INFO: Manager: stop: Stopping web application at '/Hotel'
èþë 27, 2012 4:33:46 PM org.apache.catalina.core.ApplicationContext log
INFO: Manager: start: Starting web application at '/Hotel'
èþë 27, 2012 4:35:03 PM org.apache.catalina.core.ApplicationContext log
INFO: Manager: list: Listing contexts for virtual host 'localhost'
èþë 27, 2012 4:35:03 PM org.apache.catalina.core.ApplicationContext log
INFO: Manager: list: Listing contexts for virtual host 'localhost'
èþë 27, 2012 4:35:10 PM org.apache.catalina.core.ApplicationContext log
INFO: Manager: list: Listing contexts for virtual host 'localhost'
èþë 27, 2012 4:35:10 PM org.apache.catalina.core.ApplicationContext log
INFO: Manager: list: Listing contexts for virtual host 'localhost'
èþë 27, 2012 4:35:28 PM org.apache.catalina.core.ApplicationContext log
INFO: Manager: init: Associated with Deployer 'Catalina:type=Deployer,host=localhost'
èþë 27, 2012 4:35:28 PM org.apache.catalina.core.ApplicationContext log
INFO: Manager: init: Global resources are available
èþë 27, 2012 4:35:28 PM org.apache.catalina.core.ApplicationContext log
INFO: Manager: list: Listing contexts for virtual host 'localhost'
èþë 27, 2012 4:35:28 PM org.apache.catalina.core.ApplicationContext log
INFO: Manager: list: Listing contexts for virtual host 'localhost'
èþë 27, 2012 4:45:30 PM org.apache.catalina.core.ApplicationContext log
INFO: Manager: list: Listing contexts for virtual host 'localhost'
èþë 27, 2012 4:45:30 PM org.apache.catalina.core.ApplicationContext log
INFO: Manager: stop: Stopping web application at '/Hotel'
èþë 27, 2012 4:45:30 PM org.apache.catalina.core.ApplicationContext log
INFO: Manager: start: Starting web application at '/Hotel'
èþë 27, 2012 4:45:33 PM org.apache.catalina.core.ApplicationContext log
INFO: Manager: list: Listing contexts for virtual host 'localhost'
èþë 27, 2012 4:45:33 PM org.apache.catalina.core.ApplicationContext log
INFO: Manager: list: Listing contexts for virtual host 'localhost'
èþë 27, 2012 4:45:34 PM org.apache.catalina.core.ApplicationContext log
INFO: Manager: stop: Stopping web application at '/Hotel'
èþë 27, 2012 4:45:34 PM org.apache.catalina.core.ApplicationContext log
INFO: Manager: start: Starting web application at '/Hotel'
èþë 27, 2012 5:29:15 PM org.apache.catalina.core.ApplicationContext log
INFO: Manager: list: Listing contexts for virtual host 'localhost'
èþë 27, 2012 5:29:15 PM org.apache.catalina.core.ApplicationContext log
INFO: Manager: restart: Reloading web application at '/Hotel'
èþë 27, 2012 5:30:38 PM org.apache.catalina.core.ApplicationContext log
INFO: Manager: list: Listing contexts for virtual host 'localhost'
èþë 27, 2012 5:30:38 PM org.apache.catalina.core.ApplicationContext log
INFO: Manager: stop: Stopping web application at '/Hotel'
èþë 27, 2012 5:30:38 PM org.apache.catalina.core.ApplicationContext log
INFO: Manager: start: Starting web application at '/Hotel'
èþë 27, 2012 5:30:40 PM org.apache.catalina.core.ApplicationContext log
INFO: Manager: list: Listing contexts for virtual host 'localhost'
èþë 27, 2012 5:30:40 PM org.apache.catalina.core.ApplicationContext log
INFO: Manager: list: Listing contexts for virtual host 'localhost'
èþë 27, 2012 5:30:40 PM org.apache.catalina.core.ApplicationContext log
INFO: Manager: stop: Stopping web application at '/Hotel'
èþë 27, 2012 5:30:40 PM org.apache.catalina.core.ApplicationContext log
INFO: Manager: start: Starting web application at '/Hotel'
èþë 27, 2012 5:32:00 PM org.apache.catalina.core.ApplicationContext log
INFO: Manager: list: Listing contexts for virtual host 'localhost'
èþë 27, 2012 5:32:01 PM org.apache.catalina.core.ApplicationContext log
INFO: Manager: list: Listing contexts for virtual host 'localhost'
èþë 27, 2012 5:32:01 PM org.apache.catalina.core.ApplicationContext log
INFO: Manager: list: Listing contexts for virtual host 'localhost'
èþë 27, 2012 5:34:11 PM org.apache.catalina.core.ApplicationContext log
INFO: Manager: list: Listing contexts for virtual host 'localhost'
èþë 27, 2012 5:34:11 PM org.apache.catalina.core.ApplicationContext log
INFO: Manager: restart: Reloading web application at '/Hotel'
èþë 27, 2012 5:34:17 PM org.apache.catalina.core.ApplicationContext log
INFO: Manager: list: Listing contexts for virtual host 'localhost'
èþë 27, 2012 5:34:17 PM org.apache.catalina.core.ApplicationContext log
INFO: Manager: stop: Stopping web application at '/Hotel'
èþë 27, 2012 5:34:17 PM org.apache.catalina.core.ApplicationContext log
INFO: Manager: start: Starting web application at '/Hotel'
èþë 27, 2012 5:34:20 PM org.apache.catalina.core.ApplicationContext log
INFO: Manager: list: Listing contexts for virtual host 'localhost'
èþë 27, 2012 5:34:21 PM org.apache.catalina.core.ApplicationContext log
INFO: Manager: list: Listing contexts for virtual host 'localhost'
èþë 27, 2012 5:34:21 PM org.apache.catalina.core.ApplicationContext log
INFO: Manager: restart: Reloading web application at '/Hotel'
èþë 27, 2012 5:34:42 PM org.apache.catalina.core.ApplicationContext log
INFO: Manager: list: Listing contexts for virtual host 'localhost'
èþë 27, 2012 5:34:42 PM org.apache.catalina.core.ApplicationContext log
INFO: Manager: list: Listing contexts for virtual host 'localhost'
èþë 27, 2012 5:34:42 PM org.apache.catalina.core.ApplicationContext log
INFO: Manager: stop: Stopping web application at '/Hotel'
èþë 27, 2012 5:34:42 PM org.apache.catalina.core.ApplicationContext log
INFO: Manager: start: Starting web application at '/Hotel'
èþë 27, 2012 5:36:56 PM org.apache.catalina.core.ApplicationContext log
INFO: Manager: list: Listing contexts for virtual host 'localhost'
èþë 27, 2012 5:36:56 PM org.apache.catalina.core.ApplicationContext log
INFO: Manager: list: Listing contexts for virtual host 'localhost'
èþë 27, 2012 5:36:56 PM org.apache.catalina.core.ApplicationContext log
INFO: Manager: restart: Reloading web application at '/Hotel'
èþë 27, 2012 5:37:47 PM org.apache.catalina.core.ApplicationContext log
INFO: Manager: list: Listing contexts for virtual host 'localhost'
èþë 27, 2012 5:37:47 PM org.apache.catalina.core.ApplicationContext log
INFO: Manager: list: Listing contexts for virtual host 'localhost'
èþë 27, 2012 5:37:47 PM org.apache.catalina.core.ApplicationContext log
INFO: Manager: restart: Reloading web application at '/Hotel'
èþë 27, 2012 5:39:05 PM org.apache.catalina.core.ApplicationContext log
INFO: Manager: list: Listing contexts for virtual host 'localhost'
èþë 27, 2012 5:39:05 PM org.apache.catalina.core.ApplicationContext log
INFO: Manager: list: Listing contexts for virtual host 'localhost'
èþë 27, 2012 5:39:05 PM org.apache.catalina.core.ApplicationContext log
INFO: Manager: restart: Reloading web application at '/Hotel'
èþë 27, 2012 5:40:45 PM org.apache.catalina.core.ApplicationContext log
INFO: Manager: list: Listing contexts for virtual host 'localhost'
èþë 27, 2012 5:40:45 PM org.apache.catalina.core.ApplicationContext log
INFO: Manager: list: Listing contexts for virtual host 'localhost'
èþë 27, 2012 5:40:45 PM org.apache.catalina.core.ApplicationContext log
INFO: Manager: restart: Reloading web application at '/Hotel'
èþë 27, 2012 6:05:50 PM org.apache.catalina.core.ApplicationContext log
INFO: Manager: init: Associated with Deployer 'Catalina:type=Deployer,host=localhost'
èþë 27, 2012 6:05:50 PM org.apache.catalina.core.ApplicationContext log
INFO: Manager: init: Global resources are available
èþë 27, 2012 6:05:50 PM org.apache.catalina.core.ApplicationContext log
INFO: Manager: list: Listing contexts for virtual host 'localhost'
èþë 27, 2012 6:05:50 PM org.apache.catalina.core.ApplicationContext log
INFO: Manager: list: Listing contexts for virtual host 'localhost'
èþë 27, 2012 6:13:30 PM org.apache.catalina.core.ApplicationContext log
INFO: Manager: list: Listing contexts for virtual host 'localhost'
èþë 27, 2012 6:13:30 PM org.apache.catalina.core.ApplicationContext log
INFO: Manager: stop: Stopping web application at '/Hotel'
èþë 27, 2012 6:13:30 PM org.apache.catalina.core.ApplicationContext log
INFO: Manager: start: Starting web application at '/Hotel'
èþë 27, 2012 6:13:30 PM org.apache.catalina.core.ApplicationContext log
INFO: Manager: list: Listing contexts for virtual host 'localhost'
èþë 27, 2012 6:13:30 PM org.apache.catalina.core.ApplicationContext log
INFO: Manager: restart: Reloading web application at '/Hotel'
èþë 27, 2012 6:13:31 PM org.apache.catalina.core.ApplicationContext log
INFO: Manager: list: Listing contexts for virtual host 'localhost'
èþë 27, 2012 6:13:31 PM org.apache.catalina.core.ApplicationContext log
INFO: Manager: restart: Reloading web application at '/Hotel'
èþë 27, 2012 6:14:00 PM org.apache.catalina.core.ApplicationContext log
INFO: Manager: list: Listing contexts for virtual host 'localhost'
èþë 27, 2012 6:14:00 PM org.apache.catalina.core.ApplicationContext log
INFO: Manager: restart: Reloading web application at '/Hotel'
èþë 27, 2012 6:14:19 PM org.apache.catalina.core.ApplicationContext log
INFO: Manager: list: Listing contexts for virtual host 'localhost'
èþë 27, 2012 6:14:19 PM org.apache.catalina.core.ApplicationContext log
INFO: Manager: restart: Reloading web application at '/Hotel'
èþë 27, 2012 6:14:36 PM org.apache.catalina.core.ApplicationContext log
INFO: Manager: list: Listing contexts for virtual host 'localhost'
èþë 27, 2012 6:14:36 PM org.apache.catalina.core.ApplicationContext log
INFO: Manager: restart: Reloading web application at '/Hotel'
èþë 27, 2012 6:15:23 PM org.apache.catalina.core.ApplicationContext log
INFO: Manager: list: Listing contexts for virtual host 'localhost'
èþë 27, 2012 6:15:23 PM org.apache.catalina.core.ApplicationContext log
INFO: Manager: restart: Reloading web application at '/Hotel'
èþë 27, 2012 6:15:27 PM org.apache.catalina.core.ApplicationContext log
INFO: Manager: list: Listing contexts for virtual host 'localhost'
èþë 27, 2012 6:15:27 PM org.apache.catalina.core.ApplicationContext log
INFO: Manager: list: Listing contexts for virtual host 'localhost'
èþë 27, 2012 6:15:27 PM org.apache.catalina.core.ApplicationContext log
INFO: Manager: stop: Stopping web application at '/Hotel'
èþë 27, 2012 6:15:27 PM org.apache.catalina.core.ApplicationContext log
INFO: Manager: start: Starting web application at '/Hotel'
èþë 27, 2012 6:16:39 PM org.apache.catalina.core.ApplicationContext log
INFO: Manager: list: Listing contexts for virtual host 'localhost'
èþë 27, 2012 6:16:39 PM org.apache.catalina.core.ApplicationContext log
INFO: Manager: restart: Reloading web application at '/Hotel'
èþë 27, 2012 6:16:46 PM org.apache.catalina.core.ApplicationContext log
INFO: Manager: list: Listing contexts for virtual host 'localhost'
èþë 27, 2012 6:16:53 PM org.apache.catalina.core.ApplicationContext log
INFO: Manager: list: Listing contexts for virtual host 'localhost'
èþë 27, 2012 6:17:24 PM org.apache.catalina.core.ApplicationContext log
INFO: Manager: list: Listing contexts for virtual host 'localhost'
èþë 27, 2012 6:20:00 PM org.apache.catalina.core.ApplicationContext log
INFO: Manager: list: Listing contexts for virtual host 'localhost'
èþë 27, 2012 6:20:00 PM org.apache.catalina.core.ApplicationContext log
INFO: Manager: restart: Reloading web application at '/Hotel'
èþë 27, 2012 6:20:29 PM org.apache.catalina.core.ApplicationContext log
INFO: Manager: list: Listing contexts for virtual host 'localhost'
èþë 27, 2012 6:20:29 PM org.apache.catalina.core.ApplicationContext log
INFO: Manager: list: Listing contexts for virtual host 'localhost'
èþë 27, 2012 6:20:29 PM org.apache.catalina.core.ApplicationContext log
INFO: Manager: restart: Reloading web application at '/Hotel'
èþë 27, 2012 6:21:51 PM org.apache.catalina.core.ApplicationContext log
INFO: Manager: list: Listing contexts for virtual host 'localhost'
èþë 27, 2012 6:21:53 PM org.apache.catalina.core.ApplicationContext log
INFO: Manager: list: Listing contexts for virtual host 'localhost'
èþë 27, 2012 6:22:21 PM org.apache.catalina.core.ApplicationContext log
INFO: Manager: list: Listing contexts for virtual host 'localhost'
èþë 27, 2012 6:22:38 PM org.apache.catalina.core.ApplicationContext log
INFO: Manager: list: Listing contexts for virtual host 'localhost'
èþë 27, 2012 6:22:42 PM org.apache.catalina.core.ApplicationContext log
INFO: Manager: list: Listing contexts for virtual host 'localhost'
èþë 27, 2012 6:22:44 PM org.apache.catalina.core.ApplicationContext log
INFO: Manager: list: Listing contexts for virtual host 'localhost'
èþë 27, 2012 6:23:19 PM org.apache.catalina.core.ApplicationContext log
INFO: Manager: list: Listing contexts for virtual host 'localhost'
èþë 27, 2012 6:23:28 PM org.apache.catalina.core.ApplicationContext log
INFO: Manager: list: Listing contexts for virtual host 'localhost'
èþë 27, 2012 6:23:32 PM org.apache.catalina.core.ApplicationContext log
INFO: Manager: list: Listing contexts for virtual host 'localhost'
èþë 27, 2012 6:24:03 PM org.apache.catalina.core.ApplicationContext log
INFO: Manager: list: Listing contexts for virtual host 'localhost'
èþë 27, 2012 6:25:05 PM org.apache.catalina.core.ApplicationContext log
INFO: Manager: list: Listing contexts for virtual host 'localhost'
èþë 27, 2012 6:25:05 PM org.apache.catalina.core.ApplicationContext log
INFO: Manager: list: Listing contexts for virtual host 'localhost'
èþë 27, 2012 6:26:44 PM org.apache.catalina.core.ApplicationContext log
INFO: Manager: list: Listing contexts for virtual host 'localhost'
èþë 27, 2012 6:26:44 PM org.apache.catalina.core.ApplicationContext log
INFO: Manager: restart: Reloading web application at '/Hotel'
èþë 27, 2012 6:26:45 PM org.apache.catalina.core.ApplicationContext log
INFO: Manager: list: Listing contexts for virtual host 'localhost'
èþë 27, 2012 6:26:45 PM org.apache.catalina.core.ApplicationContext log
INFO: Manager: restart: Reloading web application at '/Hotel'
èþë 27, 2012 6:28:00 PM org.apache.catalina.core.ApplicationContext log
INFO: Manager: list: Listing contexts for virtual host 'localhost'
èþë 27, 2012 6:28:00 PM org.apache.catalina.core.ApplicationContext log
INFO: Manager: restart: Reloading web application at '/Hotel'
èþë 27, 2012 6:28:01 PM org.apache.catalina.core.ApplicationContext log
INFO: Manager: list: Listing contexts for virtual host 'localhost'
èþë 27, 2012 6:28:01 PM org.apache.catalina.core.ApplicationContext log
INFO: Manager: restart: Reloading web application at '/Hotel'
èþë 27, 2012 6:28:10 PM org.apache.catalina.core.ApplicationContext log
INFO: Manager: list: Listing contexts for virtual host 'localhost'
èþë 27, 2012 6:28:10 PM org.apache.catalina.core.ApplicationContext log
INFO: Manager: restart: Reloading web application at '/Hotel'
èþë 27, 2012 6:28:19 PM org.apache.catalina.core.ApplicationContext log
INFO: Manager: list: Listing contexts for virtual host 'localhost'
èþë 27, 2012 6:28:19 PM org.apache.catalina.core.ApplicationContext log
INFO: Manager: restart: Reloading web application at '/Hotel'
èþë 27, 2012 6:28:20 PM org.apache.catalina.core.ApplicationContext log
INFO: Manager: list: Listing contexts for virtual host 'localhost'
èþë 27, 2012 6:28:20 PM org.apache.catalina.core.ApplicationContext log
INFO: Manager: restart: Reloading web application at '/Hotel'
èþë 27, 2012 6:28:35 PM org.apache.catalina.core.ApplicationContext log
INFO: Manager: list: Listing contexts for virtual host 'localhost'
èþë 27, 2012 6:28:35 PM org.apache.catalina.core.ApplicationContext log
INFO: Manager: restart: Reloading web application at '/Hotel'
èþë 27, 2012 6:28:47 PM org.apache.catalina.core.ApplicationContext log
INFO: Manager: list: Listing contexts for virtual host 'localhost'
èþë 27, 2012 6:28:48 PM org.apache.catalina.core.ApplicationContext log
INFO: Manager: restart: Reloading web application at '/Hotel'
èþë 27, 2012 6:29:09 PM org.apache.catalina.core.ApplicationContext log
INFO: Manager: list: Listing contexts for virtual host 'localhost'
èþë 27, 2012 6:29:09 PM org.apache.catalina.core.ApplicationContext log
INFO: Manager: restart: Reloading web application at '/Hotel'
èþë 27, 2012 6:29:55 PM org.apache.catalina.core.ApplicationContext log
INFO: Manager: list: Listing contexts for virtual host 'localhost'
èþë 27, 2012 6:29:55 PM org.apache.catalina.core.ApplicationContext log
INFO: Manager: restart: Reloading web application at '/Hotel'
èþë 27, 2012 6:30:28 PM org.apache.catalina.core.ApplicationContext log
INFO: Manager: list: Listing contexts for virtual host 'localhost'
èþë 27, 2012 6:30:28 PM org.apache.catalina.core.ApplicationContext log
INFO: Manager: restart: Reloading web application at '/Hotel'
èþë 27, 2012 7:52:12 PM org.apache.catalina.core.ApplicationContext log
INFO: Manager: list: Listing contexts for virtual host 'localhost'
èþë 27, 2012 7:52:12 PM org.apache.catalina.core.ApplicationContext log
INFO: Manager: restart: Reloading web application at '/Hotel'
èþë 27, 2012 7:52:12 PM org.apache.catalina.core.ApplicationContext log
INFO: Manager: list: Listing contexts for virtual host 'localhost'
èþë 27, 2012 7:52:12 PM org.apache.catalina.core.ApplicationContext log
INFO: Manager: restart: Reloading web application at '/Hotel'
èþë 27, 2012 7:52:25 PM org.apache.catalina.core.ApplicationContext log
INFO: Manager: list: Listing contexts for virtual host 'localhost'
èþë 27, 2012 7:52:25 PM org.apache.catalina.core.ApplicationContext log
INFO: Manager: restart: Reloading web application at '/Hotel'
èþë 27, 2012 7:52:59 PM org.apache.catalina.core.ApplicationContext log
INFO: Manager: list: Listing contexts for virtual host 'localhost'
èþë 27, 2012 7:53:25 PM org.apache.catalina.core.ApplicationContext log
INFO: Manager: list: Listing contexts for virtual host 'localhost'
èþë 27, 2012 7:53:25 PM org.apache.catalina.core.ApplicationContext log
INFO: Manager: restart: Reloading web application at '/Hotel'
èþë 27, 2012 7:53:26 PM org.apache.catalina.core.ApplicationContext log
INFO: Manager: list: Listing contexts for virtual host 'localhost'
èþë 27, 2012 7:53:26 PM org.apache.catalina.core.ApplicationContext log
INFO: Manager: restart: Reloading web application at '/Hotel'
èþë 27, 2012 7:54:35 PM org.apache.catalina.core.ApplicationContext log
INFO: Manager: list: Listing contexts for virtual host 'localhost'
èþë 27, 2012 7:54:35 PM org.apache.catalina.core.ApplicationContext log
INFO: Manager: restart: Reloading web application at '/Hotel'
èþë 27, 2012 7:54:35 PM org.apache.catalina.core.ApplicationContext log
INFO: Manager: list: Listing contexts for virtual host 'localhost'
èþë 27, 2012 7:54:36 PM org.apache.catalina.core.ApplicationContext log
INFO: Manager: list: Listing contexts for virtual host 'localhost'
èþë 27, 2012 7:54:37 PM org.apache.catalina.core.ApplicationContext log
INFO: Manager: restart: Reloading web application at '/Hotel'
èþë 27, 2012 7:54:52 PM org.apache.catalina.core.ApplicationContext log
INFO: Manager: list: Listing contexts for virtual host 'localhost'
èþë 27, 2012 7:54:52 PM org.apache.catalina.core.ApplicationContext log
INFO: Manager: restart: Reloading web application at '/Hotel'
èþë 27, 2012 7:54:53 PM org.apache.catalina.core.ApplicationContext log
INFO: Manager: list: Listing contexts for virtual host 'localhost'
èþë 27, 2012 7:54:53 PM org.apache.catalina.core.ApplicationContext log
INFO: Manager: restart: Reloading web application at '/Hotel'
èþë 27, 2012 7:55:20 PM org.apache.catalina.core.ApplicationContext log
INFO: Manager: list: Listing contexts for virtual host 'localhost'
èþë 27, 2012 7:55:20 PM org.apache.catalina.core.ApplicationContext log
INFO: Manager: restart: Reloading web application at '/Hotel'
èþë 27, 2012 8:01:09 PM org.apache.catalina.core.ApplicationContext log
INFO: Manager: list: Listing contexts for virtual host 'localhost'
èþë 27, 2012 8:01:09 PM org.apache.catalina.core.ApplicationContext log
INFO: Manager: restart: Reloading web application at '/Hotel'
èþë 27, 2012 8:18:28 PM org.apache.catalina.core.ApplicationContext log
INFO: Manager: list: Listing contexts for virtual host 'localhost'
èþë 27, 2012 8:18:28 PM org.apache.catalina.core.ApplicationContext log
INFO: Manager: restart: Reloading web application at '/Hotel'
èþë 27, 2012 8:22:48 PM org.apache.catalina.core.ApplicationContext log
INFO: Manager: list: Listing contexts for virtual host 'localhost'
èþë 27, 2012 8:22:48 PM org.apache.catalina.core.ApplicationContext log
INFO: Manager: restart: Reloading web application at '/Hotel'
èþë 27, 2012 8:23:31 PM org.apache.catalina.core.ApplicationContext log
INFO: Manager: list: Listing contexts for virtual host 'localhost'
èþë 27, 2012 8:23:31 PM org.apache.catalina.core.ApplicationContext log
INFO: Manager: restart: Reloading web application at '/Hotel'
èþë 27, 2012 8:24:25 PM org.apache.catalina.core.ApplicationContext log
INFO: Manager: list: Listing contexts for virtual host 'localhost'
èþë 27, 2012 8:24:25 PM org.apache.catalina.core.ApplicationContext log
INFO: Manager: restart: Reloading web application at '/Hotel'
èþë 27, 2012 9:28:35 PM org.apache.catalina.core.ApplicationContext log
INFO: Manager: list: Listing contexts for virtual host 'localhost'
èþë 27, 2012 9:28:35 PM org.apache.catalina.core.ApplicationContext log
INFO: Manager: restart: Reloading web application at '/Hotel'
èþë 27, 2012 9:35:36 PM org.apache.catalina.core.ApplicationContext log
INFO: Manager: list: Listing contexts for virtual host 'localhost'
èþë 27, 2012 9:35:36 PM org.apache.catalina.core.ApplicationContext log
INFO: Manager: restart: Reloading web application at '/Hotel'
èþë 27, 2012 9:37:41 PM org.apache.catalina.core.ApplicationContext log
INFO: Manager: list: Listing contexts for virtual host 'localhost'
èþë 27, 2012 9:37:41 PM org.apache.catalina.core.ApplicationContext log
INFO: Manager: restart: Reloading web application at '/Hotel'
èþë 27, 2012 9:53:57 PM org.apache.catalina.core.ApplicationContext log
INFO: Manager: list: Listing contexts for virtual host 'localhost'
èþë 27, 2012 9:53:57 PM org.apache.catalina.core.ApplicationContext log
INFO: Manager: restart: Reloading web application at '/Hotel'
èþë 27, 2012 10:00:08 PM org.apache.catalina.core.ApplicationContext log
INFO: Manager: list: Listing contexts for virtual host 'localhost'
èþë 27, 2012 10:00:08 PM org.apache.catalina.core.ApplicationContext log
INFO: Manager: restart: Reloading web application at '/Hotel'
èþë 27, 2012 10:04:27 PM org.apache.catalina.core.ApplicationContext log
INFO: Manager: list: Listing contexts for virtual host 'localhost'
èþë 27, 2012 10:04:27 PM org.apache.catalina.core.ApplicationContext log
INFO: Manager: restart: Reloading web application at '/Hotel'
èþë 27, 2012 10:06:10 PM org.apache.catalina.core.ApplicationContext log
INFO: Manager: list: Listing contexts for virtual host 'localhost'
èþë 27, 2012 10:06:10 PM org.apache.catalina.core.ApplicationContext log
INFO: Manager: restart: Reloading web application at '/Hotel'
èþë 27, 2012 10:06:52 PM org.apache.catalina.core.ApplicationContext log
INFO: Manager: list: Listing contexts for virtual host 'localhost'
èþë 27, 2012 10:06:52 PM org.apache.catalina.core.ApplicationContext log
INFO: Manager: restart: Reloading web application at '/Hotel'
èþë 27, 2012 10:08:38 PM org.apache.catalina.core.ApplicationContext log
INFO: Manager: list: Listing contexts for virtual host 'localhost'
èþë 27, 2012 10:08:38 PM org.apache.catalina.core.ApplicationContext log
INFO: Manager: restart: Reloading web application at '/Hotel'
èþë 27, 2012 10:22:59 PM org.apache.catalina.core.ApplicationContext log
INFO: Manager: list: Listing contexts for virtual host 'localhost'
èþë 27, 2012 10:22:59 PM org.apache.catalina.core.ApplicationContext log
INFO: Manager: list: Listing contexts for virtual host 'localhost'
èþë 27, 2012 10:22:59 PM org.apache.catalina.core.ApplicationContext log
INFO: Manager: restart: Reloading web application at '/Hotel'
èþë 27, 2012 10:23:31 PM org.apache.catalina.core.ApplicationContext log
INFO: Manager: list: Listing contexts for virtual host 'localhost'
èþë 27, 2012 10:23:31 PM org.apache.catalina.core.ApplicationContext log
INFO: Manager: list: Listing contexts for virtual host 'localhost'
èþë 27, 2012 10:23:31 PM org.apache.catalina.core.ApplicationContext log
INFO: Manager: stop: Stopping web application at '/Hotel'
èþë 27, 2012 10:23:31 PM org.apache.catalina.core.ApplicationContext log
INFO: Manager: start: Starting web application at '/Hotel'
èþë 27, 2012 10:26:41 PM org.apache.catalina.core.ApplicationContext log
INFO: Manager: list: Listing contexts for virtual host 'localhost'
èþë 27, 2012 10:26:43 PM org.apache.catalina.core.ApplicationContext log
INFO: Manager: list: Listing contexts for virtual host 'localhost'
èþë 27, 2012 10:26:43 PM org.apache.catalina.core.ApplicationContext log
INFO: Manager: list: Listing contexts for virtual host 'localhost'
èþë 27, 2012 10:27:47 PM org.apache.catalina.core.ApplicationContext log
INFO: Manager: list: Listing contexts for virtual host 'localhost'
èþë 27, 2012 10:28:26 PM org.apache.catalina.core.ApplicationContext log
INFO: Manager: list: Listing contexts for virtual host 'localhost'
èþë 27, 2012 10:28:26 PM org.apache.catalina.core.ApplicationContext log
INFO: Manager: list: Listing contexts for virtual host 'localhost'
èþë 27, 2012 10:28:26 PM org.apache.catalina.core.ApplicationContext log
INFO: Manager: restart: Reloading web application at '/Hotel'
èþë 27, 2012 10:30:04 PM org.apache.catalina.core.ApplicationContext log
INFO: Manager: list: Listing contexts for virtual host 'localhost'
èþë 27, 2012 10:30:04 PM org.apache.catalina.core.ApplicationContext log
INFO: Manager: list: Listing contexts for virtual host 'localhost'
èþë 27, 2012 10:30:04 PM org.apache.catalina.core.ApplicationContext log
INFO: Manager: restart: Reloading web application at '/Hotel'
èþë 27, 2012 10:31:27 PM org.apache.catalina.core.ApplicationContext log
INFO: Manager: init: Associated with Deployer 'Catalina:type=Deployer,host=localhost'
èþë 27, 2012 10:31:27 PM org.apache.catalina.core.ApplicationContext log
INFO: Manager: init: Global resources are available
èþë 27, 2012 10:31:27 PM org.apache.catalina.core.ApplicationContext log
INFO: Manager: list: Listing contexts for virtual host 'localhost'
èþë 27, 2012 10:31:27 PM org.apache.catalina.core.ApplicationContext log
INFO: Manager: list: Listing contexts for virtual host 'localhost'
èþë 27, 2012 10:33:42 PM org.apache.catalina.core.ApplicationContext log
INFO: Manager: list: Listing contexts for virtual host 'localhost'
èþë 27, 2012 10:33:42 PM org.apache.catalina.core.ApplicationContext log
INFO: Manager: list: Listing contexts for virtual host 'localhost'
èþë 27, 2012 10:33:42 PM org.apache.catalina.core.ApplicationContext log
INFO: Manager: restart: Reloading web application at '/Hotel'
èþë 27, 2012 10:35:54 PM org.apache.catalina.core.ApplicationContext log
INFO: Manager: list: Listing contexts for virtual host 'localhost'
èþë 27, 2012 10:35:54 PM org.apache.catalina.core.ApplicationContext log
INFO: Manager: list: Listing contexts for virtual host 'localhost'
èþë 27, 2012 10:35:54 PM org.apache.catalina.core.ApplicationContext log
INFO: Manager: restart: Reloading web application at '/Hotel'
èþë 27, 2012 10:36:21 PM org.apache.catalina.core.ApplicationContext log
INFO: Manager: list: Listing contexts for virtual host 'localhost'
èþë 27, 2012 10:36:22 PM org.apache.catalina.core.ApplicationContext log
INFO: Manager: list: Listing contexts for virtual host 'localhost'
èþë 27, 2012 10:36:22 PM org.apache.catalina.core.ApplicationContext log
INFO: Manager: list: Listing contexts for virtual host 'localhost'
èþë 27, 2012 10:36:22 PM org.apache.catalina.core.ApplicationContext log
INFO: Manager: list: Listing contexts for virtual host 'localhost'
èþë 27, 2012 10:36:22 PM org.apache.catalina.core.ApplicationContext log
INFO: Manager: list: Listing contexts for virtual host 'localhost'
èþë 27, 2012 10:39:12 PM org.apache.catalina.core.ApplicationContext log
INFO: Manager: list: Listing contexts for virtual host 'localhost'
èþë 27, 2012 10:39:12 PM org.apache.catalina.core.ApplicationContext log
INFO: Manager: list: Listing contexts for virtual host 'localhost'
èþë 27, 2012 10:39:33 PM org.apache.catalina.core.ApplicationContext log
INFO: Manager: list: Listing contexts for virtual host 'localhost'
èþë 27, 2012 10:39:33 PM org.apache.catalina.core.ApplicationContext log
INFO: Manager: list: Listing contexts for virtual host 'localhost'
èþë 27, 2012 10:41:38 PM org.apache.catalina.core.ApplicationContext log
INFO: Manager: init: Associated with Deployer 'Catalina:type=Deployer,host=localhost'
èþë 27, 2012 10:41:38 PM org.apache.catalina.core.ApplicationContext log
INFO: Manager: init: Global resources are available
èþë 27, 2012 10:41:38 PM org.apache.catalina.core.ApplicationContext log
INFO: Manager: list: Listing contexts for virtual host 'localhost'
èþë 27, 2012 10:41:38 PM org.apache.catalina.core.ApplicationContext log
INFO: Manager: list: Listing contexts for virtual host 'localhost'
èþë 27, 2012 10:42:47 PM org.apache.catalina.core.ApplicationContext log
INFO: Manager: list: Listing contexts for virtual host 'localhost'
èþë 27, 2012 10:43:19 PM org.apache.catalina.core.ApplicationContext log
INFO: Manager: list: Listing contexts for virtual host 'localhost'
èþë 27, 2012 10:43:56 PM org.apache.catalina.core.ApplicationContext log
INFO: Manager: list: Listing contexts for virtual host 'localhost'
èþë 27, 2012 10:46:00 PM org.apache.catalina.core.ApplicationContext log
INFO: Manager: list: Listing contexts for virtual host 'localhost'
èþë 27, 2012 10:46:00 PM org.apache.catalina.core.ApplicationContext log
INFO: Manager: list: Listing contexts for virtual host 'localhost'
èþë 27, 2012 10:46:47 PM org.apache.catalina.core.ApplicationContext log
INFO: Manager: list: Listing contexts for virtual host 'localhost'
èþë 27, 2012 10:46:50 PM org.apache.catalina.core.ApplicationContext log
INFO: Manager: list: Listing contexts for virtual host 'localhost'
èþë 27, 2012 10:46:58 PM org.apache.catalina.core.ApplicationContext log
INFO: Manager: list: Listing contexts for virtual host 'localhost'
èþë 27, 2012 10:47:14 PM org.apache.catalina.core.ApplicationContext log
INFO: Manager: list: Listing contexts for virtual host 'localhost'
èþë 27, 2012 10:51:43 PM org.apache.catalina.core.ApplicationContext log
INFO: Manager: list: Listing contexts for virtual host 'localhost'
èþë 27, 2012 10:51:43 PM org.apache.catalina.core.ApplicationContext log
INFO: Manager: list: Listing contexts for virtual host 'localhost'
èþë 27, 2012 10:53:00 PM org.apache.catalina.core.ApplicationContext log
INFO: Manager: list: Listing contexts for virtual host 'localhost'
èþë 27, 2012 10:53:00 PM org.apache.catalina.core.ApplicationContext log
INFO: Manager: list: Listing contexts for virtual host 'localhost'
èþë 27, 2012 10:53:42 PM org.apache.catalina.core.ApplicationContext log
INFO: Manager: list: Listing contexts for virtual host 'localhost'
èþë 27, 2012 10:53:42 PM org.apache.catalina.core.ApplicationContext log
INFO: Manager: list: Listing contexts for virtual host 'localhost'
èþë 27, 2012 10:53:42 PM org.apache.catalina.core.ApplicationContext log
INFO: Manager: restart: Reloading web application at '/Hotel'
èþë 27, 2012 10:54:36 PM org.apache.catalina.core.ApplicationContext log
INFO: Manager: list: Listing contexts for virtual host 'localhost'
èþë 27, 2012 10:54:36 PM org.apache.catalina.core.ApplicationContext log
INFO: Manager: list: Listing contexts for virtual host 'localhost'
èþë 27, 2012 10:54:36 PM org.apache.catalina.core.ApplicationContext log
INFO: Manager: restart: Reloading web application at '/Hotel'
èþë 27, 2012 10:55:37 PM org.apache.catalina.core.ApplicationContext log
INFO: Manager: list: Listing contexts for virtual host 'localhost'
èþë 27, 2012 10:55:37 PM org.apache.catalina.core.ApplicationContext log
INFO: Manager: list: Listing contexts for virtual host 'localhost'
èþë 27, 2012 10:57:11 PM org.apache.catalina.core.ApplicationContext log
INFO: Manager: list: Listing contexts for virtual host 'localhost'
èþë 27, 2012 10:57:11 PM org.apache.catalina.core.ApplicationContext log
INFO: Manager: list: Listing contexts for virtual host 'localhost'
èþë 27, 2012 11:02:37 PM org.apache.catalina.core.ApplicationContext log
INFO: Manager: list: Listing contexts for virtual host 'localhost'
èþë 27, 2012 11:02:37 PM org.apache.catalina.core.ApplicationContext log
INFO: Manager: list: Listing contexts for virtual host 'localhost'
èþë 27, 2012 11:02:37 PM org.apache.catalina.core.ApplicationContext log
INFO: Manager: restart: Reloading web application at '/Hotel'
èþë 27, 2012 11:03:27 PM org.apache.catalina.core.ApplicationContext log
INFO: Manager: list: Listing contexts for virtual host 'localhost'
èþë 27, 2012 11:03:27 PM org.apache.catalina.core.ApplicationContext log
INFO: Manager: list: Listing contexts for virtual host 'localhost'
èþë 27, 2012 11:03:27 PM org.apache.catalina.core.ApplicationContext log
INFO: Manager: restart: Reloading web application at '/Hotel'
èþë 27, 2012 11:04:39 PM org.apache.catalina.core.ApplicationContext log
INFO: Manager: list: Listing contexts for virtual host 'localhost'
èþë 27, 2012 11:04:40 PM org.apache.catalina.core.ApplicationContext log
INFO: Manager: list: Listing contexts for virtual host 'localhost'
èþë 27, 2012 11:04:40 PM org.apache.catalina.core.ApplicationContext log
INFO: Manager: restart: Reloading web application at '/Hotel'
èþë 27, 2012 11:07:50 PM org.apache.catalina.core.ApplicationContext log
INFO: Manager: list: Listing contexts for virtual host 'localhost'
èþë 27, 2012 11:07:50 PM org.apache.catalina.core.ApplicationContext log
INFO: Manager: list: Listing contexts for virtual host 'localhost'
èþë 27, 2012 11:07:50 PM org.apache.catalina.core.ApplicationContext log
INFO: Manager: restart: Reloading web application at '/Hotel'
èþë 27, 2012 11:09:30 PM org.apache.catalina.core.ApplicationContext log
INFO: Manager: list: Listing contexts for virtual host 'localhost'
èþë 27, 2012 11:09:30 PM org.apache.catalina.core.ApplicationContext log
INFO: Manager: list: Listing contexts for virtual host 'localhost'
èþë 27, 2012 11:09:30 PM org.apache.catalina.core.ApplicationContext log
INFO: Manager: restart: Reloading web application at '/Hotel'
èþë 27, 2012 11:11:23 PM org.apache.catalina.core.ApplicationContext log
INFO: Manager: list: Listing contexts for virtual host 'localhost'
èþë 27, 2012 11:11:23 PM org.apache.catalina.core.ApplicationContext log
INFO: Manager: list: Listing contexts for virtual host 'localhost'
èþë 27, 2012 11:17:47 PM org.apache.catalina.core.ApplicationContext log
INFO: Manager: list: Listing contexts for virtual host 'localhost'
èþë 27, 2012 11:17:47 PM org.apache.catalina.core.ApplicationContext log
INFO: Manager: list: Listing contexts for virtual host 'localhost'
èþë 27, 2012 11:17:47 PM org.apache.catalina.core.ApplicationContext log
INFO: Manager: restart: Reloading web application at '/Hotel'
èþë 27, 2012 11:20:36 PM org.apache.catalina.core.ApplicationContext log
INFO: Manager: list: Listing contexts for virtual host 'localhost'
èþë 27, 2012 11:20:36 PM org.apache.catalina.core.ApplicationContext log
INFO: Manager: list: Listing contexts for virtual host 'localhost'
èþë 27, 2012 11:20:36 PM org.apache.catalina.core.ApplicationContext log
INFO: Manager: restart: Reloading web application at '/Hotel'
èþë 27, 2012 11:22:36 PM org.apache.catalina.core.ApplicationContext log
INFO: Manager: list: Listing contexts for virtual host 'localhost'
èþë 27, 2012 11:22:36 PM org.apache.catalina.core.ApplicationContext log
INFO: Manager: list: Listing contexts for virtual host 'localhost'
èþë 27, 2012 11:22:37 PM org.apache.catalina.core.ApplicationContext log
INFO: Manager: restart: Reloading web application at '/Hotel'
èþë 27, 2012 11:24:24 PM org.apache.catalina.core.ApplicationContext log
INFO: Manager: list: Listing contexts for virtual host 'localhost'
èþë 27, 2012 11:24:24 PM org.apache.catalina.core.ApplicationContext log
INFO: Manager: list: Listing contexts for virtual host 'localhost'
èþë 27, 2012 11:24:24 PM org.apache.catalina.core.ApplicationContext log
INFO: Manager: restart: Reloading web application at '/Hotel'
