èþë 28, 2012 11:42:30 AM org.apache.catalina.core.ApplicationContext log
INFO: Manager: list: Listing contexts for virtual host 'localhost'
èþë 28, 2012 11:42:30 AM org.apache.catalina.core.ApplicationContext log
INFO: Manager: restart: Reloading web application at '/Hotel'
èþë 28, 2012 11:44:01 AM org.apache.catalina.core.ApplicationContext log
INFO: Manager: list: Listing contexts for virtual host 'localhost'
èþë 28, 2012 11:44:01 AM org.apache.catalina.core.ApplicationContext log
INFO: Manager: restart: Reloading web application at '/Hotel'
èþë 28, 2012 11:44:06 AM org.apache.catalina.core.ApplicationContext log
INFO: Manager: list: Listing contexts for virtual host 'localhost'
èþë 28, 2012 11:44:06 AM org.apache.catalina.core.ApplicationContext log
INFO: Manager: restart: Reloading web application at '/Hotel'
èþë 28, 2012 11:44:06 AM org.apache.catalina.core.ApplicationContext log
INFO: Manager: list: Listing contexts for virtual host 'localhost'
èþë 28, 2012 11:44:08 AM org.apache.catalina.core.ApplicationContext log
INFO: Manager: list: Listing contexts for virtual host 'localhost'
èþë 28, 2012 11:44:08 AM org.apache.catalina.core.ApplicationContext log
INFO: Manager: restart: Reloading web application at '/Hotel'
èþë 28, 2012 11:44:08 AM org.apache.catalina.core.ApplicationContext log
INFO: Manager: list: Listing contexts for virtual host 'localhost'
èþë 28, 2012 11:44:08 AM org.apache.catalina.core.ApplicationContext log
INFO: Manager: restart: Reloading web application at '/Hotel'
èþë 28, 2012 11:44:56 AM org.apache.catalina.core.ApplicationContext log
INFO: Manager: list: Listing contexts for virtual host 'localhost'
èþë 28, 2012 11:44:56 AM org.apache.catalina.core.ApplicationContext log
INFO: Manager: restart: Reloading web application at '/Hotel'
èþë 28, 2012 11:45:03 AM org.apache.catalina.core.ApplicationContext log
INFO: Manager: list: Listing contexts for virtual host 'localhost'
èþë 28, 2012 11:45:03 AM org.apache.catalina.core.ApplicationContext log
INFO: Manager: restart: Reloading web application at '/Hotel'
èþë 28, 2012 11:45:57 AM org.apache.catalina.core.ApplicationContext log
INFO: Manager: list: Listing contexts for virtual host 'localhost'
èþë 28, 2012 11:45:57 AM org.apache.catalina.core.ApplicationContext log
INFO: Manager: restart: Reloading web application at '/Hotel'
èþë 28, 2012 12:09:10 PM org.apache.catalina.core.ApplicationContext log
INFO: Manager: list: Listing contexts for virtual host 'localhost'
èþë 28, 2012 12:09:10 PM org.apache.catalina.core.ApplicationContext log
INFO: Manager: restart: Reloading web application at '/Hotel'
èþë 28, 2012 12:26:10 PM org.apache.catalina.core.ApplicationContext log
INFO: Manager: list: Listing contexts for virtual host 'localhost'
èþë 28, 2012 12:26:10 PM org.apache.catalina.core.ApplicationContext log
INFO: Manager: restart: Reloading web application at '/Hotel'
èþë 28, 2012 12:46:02 PM org.apache.catalina.core.ApplicationContext log
INFO: Manager: list: Listing contexts for virtual host 'localhost'
èþë 28, 2012 12:46:02 PM org.apache.catalina.core.ApplicationContext log
INFO: Manager: restart: Reloading web application at '/Hotel'
èþë 28, 2012 12:46:25 PM org.apache.catalina.core.ApplicationContext log
INFO: Manager: list: Listing contexts for virtual host 'localhost'
èþë 28, 2012 12:46:25 PM org.apache.catalina.core.ApplicationContext log
INFO: Manager: restart: Reloading web application at '/Hotel'
èþë 28, 2012 12:49:44 PM org.apache.catalina.core.ApplicationContext log
INFO: Manager: list: Listing contexts for virtual host 'localhost'
èþë 28, 2012 12:49:44 PM org.apache.catalina.core.ApplicationContext log
INFO: Manager: restart: Reloading web application at '/Hotel'
èþë 28, 2012 12:50:00 PM org.apache.catalina.core.ApplicationContext log
INFO: Manager: list: Listing contexts for virtual host 'localhost'
èþë 28, 2012 12:50:00 PM org.apache.catalina.core.ApplicationContext log
INFO: Manager: stop: Stopping web application at '/Hotel'
èþë 28, 2012 12:50:00 PM org.apache.catalina.core.ApplicationContext log
INFO: Manager: start: Starting web application at '/Hotel'
èþë 28, 2012 12:50:03 PM org.apache.catalina.core.ApplicationContext log
INFO: Manager: list: Listing contexts for virtual host 'localhost'
èþë 28, 2012 12:50:03 PM org.apache.catalina.core.ApplicationContext log
INFO: Manager: restart: Reloading web application at '/Hotel'
èþë 28, 2012 12:50:04 PM org.apache.catalina.core.ApplicationContext log
INFO: Manager: list: Listing contexts for virtual host 'localhost'
èþë 28, 2012 12:50:05 PM org.apache.catalina.core.ApplicationContext log
INFO: Manager: list: Listing contexts for virtual host 'localhost'
èþë 28, 2012 12:50:05 PM org.apache.catalina.core.ApplicationContext log
INFO: Manager: restart: Reloading web application at '/Hotel'
èþë 28, 2012 12:50:06 PM org.apache.catalina.core.ApplicationContext log
INFO: Manager: list: Listing contexts for virtual host 'localhost'
èþë 28, 2012 12:50:06 PM org.apache.catalina.core.ApplicationContext log
INFO: Manager: restart: Reloading web application at '/Hotel'
èþë 28, 2012 12:54:50 PM org.apache.catalina.core.ApplicationContext log
INFO: Manager: list: Listing contexts for virtual host 'localhost'
èþë 28, 2012 12:54:50 PM org.apache.catalina.core.ApplicationContext log
INFO: Manager: restart: Reloading web application at '/Hotel'
èþë 28, 2012 12:57:36 PM org.apache.catalina.core.ApplicationContext log
INFO: Manager: list: Listing contexts for virtual host 'localhost'
èþë 28, 2012 12:57:36 PM org.apache.catalina.core.ApplicationContext log
INFO: Manager: restart: Reloading web application at '/Hotel'
èþë 28, 2012 12:59:27 PM org.apache.catalina.core.ApplicationContext log
INFO: Manager: list: Listing contexts for virtual host 'localhost'
èþë 28, 2012 12:59:27 PM org.apache.catalina.core.ApplicationContext log
INFO: Manager: restart: Reloading web application at '/Hotel'
èþë 28, 2012 12:59:28 PM org.apache.catalina.core.ApplicationContext log
INFO: Manager: list: Listing contexts for virtual host 'localhost'
èþë 28, 2012 12:59:28 PM org.apache.catalina.core.ApplicationContext log
INFO: Manager: restart: Reloading web application at '/Hotel'
èþë 28, 2012 12:59:31 PM org.apache.catalina.core.ApplicationContext log
INFO: Manager: list: Listing contexts for virtual host 'localhost'
èþë 28, 2012 12:59:32 PM org.apache.catalina.core.ApplicationContext log
INFO: Manager: list: Listing contexts for virtual host 'localhost'
èþë 28, 2012 12:59:32 PM org.apache.catalina.core.ApplicationContext log
INFO: Manager: restart: Reloading web application at '/Hotel'
èþë 28, 2012 12:59:34 PM org.apache.catalina.core.ApplicationContext log
INFO: Manager: list: Listing contexts for virtual host 'localhost'
èþë 28, 2012 12:59:34 PM org.apache.catalina.core.ApplicationContext log
INFO: Manager: restart: Reloading web application at '/Hotel'
èþë 28, 2012 1:01:08 PM org.apache.catalina.core.ApplicationContext log
INFO: Manager: list: Listing contexts for virtual host 'localhost'
èþë 28, 2012 1:01:08 PM org.apache.catalina.core.ApplicationContext log
INFO: Manager: restart: Reloading web application at '/Hotel'
èþë 28, 2012 1:02:25 PM org.apache.catalina.core.ApplicationContext log
INFO: Manager: list: Listing contexts for virtual host 'localhost'
èþë 28, 2012 1:02:25 PM org.apache.catalina.core.ApplicationContext log
INFO: Manager: restart: Reloading web application at '/Hotel'
èþë 28, 2012 1:03:28 PM org.apache.catalina.core.ApplicationContext log
INFO: Manager: list: Listing contexts for virtual host 'localhost'
èþë 28, 2012 1:03:28 PM org.apache.catalina.core.ApplicationContext log
INFO: Manager: restart: Reloading web application at '/Hotel'
èþë 28, 2012 1:05:50 PM org.apache.catalina.core.ApplicationContext log
INFO: Manager: list: Listing contexts for virtual host 'localhost'
èþë 28, 2012 1:05:50 PM org.apache.catalina.core.ApplicationContext log
INFO: Manager: restart: Reloading web application at '/Hotel'
èþë 28, 2012 1:06:17 PM org.apache.catalina.core.ApplicationContext log
INFO: Manager: init: Associated with Deployer 'Catalina:type=Deployer,host=localhost'
èþë 28, 2012 1:06:17 PM org.apache.catalina.core.ApplicationContext log
INFO: Manager: init: Global resources are available
èþë 28, 2012 1:06:17 PM org.apache.catalina.core.ApplicationContext log
INFO: Manager: list: Listing contexts for virtual host 'localhost'
èþë 28, 2012 1:06:17 PM org.apache.catalina.core.ApplicationContext log
INFO: Manager: list: Listing contexts for virtual host 'localhost'
èþë 28, 2012 1:06:17 PM org.apache.catalina.core.ApplicationContext log
INFO: Manager: stop: Stopping web application at '/Hotel'
èþë 28, 2012 1:06:17 PM org.apache.catalina.core.ApplicationContext log
INFO: Manager: start: Starting web application at '/Hotel'
èþë 28, 2012 1:10:03 PM org.apache.catalina.core.ApplicationContext log
INFO: Manager: list: Listing contexts for virtual host 'localhost'
èþë 28, 2012 1:10:03 PM org.apache.catalina.core.ApplicationContext log
INFO: Manager: list: Listing contexts for virtual host 'localhost'
èþë 28, 2012 1:10:03 PM org.apache.catalina.core.ApplicationContext log
INFO: Manager: restart: Reloading web application at '/Hotel'
èþë 28, 2012 1:11:21 PM org.apache.catalina.core.ApplicationContext log
INFO: Manager: list: Listing contexts for virtual host 'localhost'
èþë 28, 2012 1:11:21 PM org.apache.catalina.core.ApplicationContext log
INFO: Manager: list: Listing contexts for virtual host 'localhost'
èþë 28, 2012 1:11:21 PM org.apache.catalina.core.ApplicationContext log
INFO: Manager: restart: Reloading web application at '/Hotel'
èþë 28, 2012 1:12:47 PM org.apache.catalina.core.ApplicationContext log
INFO: Manager: list: Listing contexts for virtual host 'localhost'
èþë 28, 2012 1:12:47 PM org.apache.catalina.core.ApplicationContext log
INFO: Manager: list: Listing contexts for virtual host 'localhost'
èþë 28, 2012 1:12:47 PM org.apache.catalina.core.ApplicationContext log
INFO: Manager: restart: Reloading web application at '/Hotel'
èþë 28, 2012 1:15:05 PM org.apache.catalina.core.ApplicationContext log
INFO: Manager: list: Listing contexts for virtual host 'localhost'
èþë 28, 2012 1:15:05 PM org.apache.catalina.core.ApplicationContext log
INFO: Manager: restart: Reloading web application at '/Hotel'
èþë 28, 2012 1:15:05 PM org.apache.catalina.core.ApplicationContext log
INFO: Manager: list: Listing contexts for virtual host 'localhost'
èþë 28, 2012 1:15:05 PM org.apache.catalina.core.ApplicationContext log
INFO: Manager: list: Listing contexts for virtual host 'localhost'
èþë 28, 2012 1:15:05 PM org.apache.catalina.core.ApplicationContext log
INFO: Manager: restart: Reloading web application at '/Hotel'
èþë 28, 2012 1:21:51 PM org.apache.catalina.core.ApplicationContext log
INFO: Manager: list: Listing contexts for virtual host 'localhost'
èþë 28, 2012 1:21:51 PM org.apache.catalina.core.ApplicationContext log
INFO: Manager: list: Listing contexts for virtual host 'localhost'
èþë 28, 2012 1:21:51 PM org.apache.catalina.core.ApplicationContext log
INFO: Manager: restart: Reloading web application at '/Hotel'
èþë 28, 2012 1:32:51 PM org.apache.catalina.core.ApplicationContext log
INFO: Manager: list: Listing contexts for virtual host 'localhost'
èþë 28, 2012 1:32:51 PM org.apache.catalina.core.ApplicationContext log
INFO: Manager: restart: Reloading web application at '/Hotel'
èþë 28, 2012 1:33:45 PM org.apache.catalina.core.ApplicationContext log
INFO: Manager: list: Listing contexts for virtual host 'localhost'
èþë 28, 2012 1:33:45 PM org.apache.catalina.core.ApplicationContext log
INFO: Manager: stop: Stopping web application at '/Hotel'
èþë 28, 2012 1:33:45 PM org.apache.catalina.core.ApplicationContext log
INFO: Manager: start: Starting web application at '/Hotel'
èþë 28, 2012 1:33:48 PM org.apache.catalina.core.ApplicationContext log
INFO: Manager: list: Listing contexts for virtual host 'localhost'
èþë 28, 2012 1:33:48 PM org.apache.catalina.core.ApplicationContext log
INFO: Manager: list: Listing contexts for virtual host 'localhost'
èþë 28, 2012 1:33:48 PM org.apache.catalina.core.ApplicationContext log
INFO: Manager: stop: Stopping web application at '/Hotel'
èþë 28, 2012 1:33:48 PM org.apache.catalina.core.ApplicationContext log
INFO: Manager: start: Starting web application at '/Hotel'
èþë 28, 2012 1:33:51 PM org.apache.catalina.core.ApplicationContext log
INFO: Manager: list: Listing contexts for virtual host 'localhost'
èþë 28, 2012 1:33:51 PM org.apache.catalina.core.ApplicationContext log
INFO: Manager: list: Listing contexts for virtual host 'localhost'
èþë 28, 2012 1:33:51 PM org.apache.catalina.core.ApplicationContext log
INFO: Manager: stop: Stopping web application at '/Hotel'
èþë 28, 2012 1:33:51 PM org.apache.catalina.core.ApplicationContext log
INFO: Manager: start: Starting web application at '/Hotel'
èþë 28, 2012 1:33:55 PM org.apache.catalina.core.ApplicationContext log
INFO: Manager: list: Listing contexts for virtual host 'localhost'
èþë 28, 2012 1:33:55 PM org.apache.catalina.core.ApplicationContext log
INFO: Manager: list: Listing contexts for virtual host 'localhost'
èþë 28, 2012 1:33:55 PM org.apache.catalina.core.ApplicationContext log
INFO: Manager: undeploy: Undeploying web application at '/Hotel'
èþë 28, 2012 1:33:55 PM org.apache.catalina.core.ApplicationContext log
INFO: Manager: install: Installing context configuration at 'file:/C:/Users/D395~1/AppData/Local/Temp/context7573154495355346997.xml'
èþë 28, 2012 1:33:56 PM org.apache.catalina.core.ApplicationContext log
INFO: Manager: start: Starting web application at '/Hotel'
èþë 28, 2012 1:34:02 PM org.apache.catalina.core.ApplicationContext log
INFO: Manager: list: Listing contexts for virtual host 'localhost'
èþë 28, 2012 1:34:02 PM org.apache.catalina.core.ApplicationContext log
INFO: Manager: stop: Stopping web application at '/Hotel'
èþë 28, 2012 1:34:02 PM org.apache.catalina.core.ApplicationContext log
INFO: Manager: start: Starting web application at '/Hotel'
èþë 28, 2012 1:34:02 PM org.apache.catalina.core.ApplicationContext log
INFO: Manager: list: Listing contexts for virtual host 'localhost'
èþë 28, 2012 1:34:02 PM org.apache.catalina.core.ApplicationContext log
INFO: Manager: list: Listing contexts for virtual host 'localhost'
èþë 28, 2012 1:34:02 PM org.apache.catalina.core.ApplicationContext log
INFO: Manager: stop: Stopping web application at '/Hotel'
èþë 28, 2012 1:34:02 PM org.apache.catalina.core.ApplicationContext log
INFO: Manager: start: Starting web application at '/Hotel'
èþë 28, 2012 1:34:21 PM org.apache.catalina.core.ApplicationContext log
INFO: Manager: list: Listing contexts for virtual host 'localhost'
èþë 28, 2012 1:34:21 PM org.apache.catalina.core.ApplicationContext log
INFO: Manager: list: Listing contexts for virtual host 'localhost'
èþë 28, 2012 1:34:21 PM org.apache.catalina.core.ApplicationContext log
INFO: Manager: undeploy: Undeploying web application at '/Hotel'
èþë 28, 2012 1:34:22 PM org.apache.catalina.core.ApplicationContext log
INFO: Manager: install: Installing context configuration at 'file:/C:/Users/D395~1/AppData/Local/Temp/context8473505957362108617.xml'
èþë 28, 2012 1:34:23 PM org.apache.catalina.core.ApplicationContext log
INFO: Manager: start: Starting web application at '/Hotel'
èþë 28, 2012 1:34:31 PM org.apache.catalina.core.ApplicationContext log
INFO: Manager: list: Listing contexts for virtual host 'localhost'
èþë 28, 2012 1:34:31 PM org.apache.catalina.core.ApplicationContext log
INFO: Manager: stop: Stopping web application at '/Hotel'
èþë 28, 2012 1:34:31 PM org.apache.catalina.core.ApplicationContext log
INFO: Manager: start: Starting web application at '/Hotel'
èþë 28, 2012 1:34:32 PM org.apache.catalina.core.ApplicationContext log
INFO: Manager: list: Listing contexts for virtual host 'localhost'
èþë 28, 2012 1:34:32 PM org.apache.catalina.core.ApplicationContext log
INFO: Manager: list: Listing contexts for virtual host 'localhost'
èþë 28, 2012 1:34:32 PM org.apache.catalina.core.ApplicationContext log
INFO: Manager: stop: Stopping web application at '/Hotel'
èþë 28, 2012 1:34:32 PM org.apache.catalina.core.ApplicationContext log
INFO: Manager: start: Starting web application at '/Hotel'
èþë 28, 2012 1:35:21 PM org.apache.catalina.core.ApplicationContext log
INFO: Manager: init: Associated with Deployer 'Catalina:type=Deployer,host=localhost'
èþë 28, 2012 1:35:21 PM org.apache.catalina.core.ApplicationContext log
INFO: Manager: init: Global resources are available
èþë 28, 2012 1:35:21 PM org.apache.catalina.core.ApplicationContext log
INFO: Manager: list: Listing contexts for virtual host 'localhost'
èþë 28, 2012 1:35:21 PM org.apache.catalina.core.ApplicationContext log
INFO: Manager: list: Listing contexts for virtual host 'localhost'
èþë 28, 2012 1:36:41 PM org.apache.catalina.core.ApplicationContext log
INFO: Manager: list: Listing contexts for virtual host 'localhost'
èþë 28, 2012 1:36:41 PM org.apache.catalina.core.ApplicationContext log
INFO: Manager: stop: Stopping web application at '/Hotel'
èþë 28, 2012 1:36:41 PM org.apache.catalina.core.ApplicationContext log
INFO: Manager: start: Starting web application at '/Hotel'
èþë 28, 2012 1:36:43 PM org.apache.catalina.core.ApplicationContext log
INFO: Manager: list: Listing contexts for virtual host 'localhost'
èþë 28, 2012 1:36:43 PM org.apache.catalina.core.ApplicationContext log
INFO: Manager: list: Listing contexts for virtual host 'localhost'
èþë 28, 2012 1:36:43 PM org.apache.catalina.core.ApplicationContext log
INFO: Manager: stop: Stopping web application at '/Hotel'
èþë 28, 2012 1:36:43 PM org.apache.catalina.core.ApplicationContext log
INFO: Manager: start: Starting web application at '/Hotel'
èþë 28, 2012 1:37:16 PM org.apache.catalina.core.ApplicationContext log
INFO: Manager: list: Listing contexts for virtual host 'localhost'
èþë 28, 2012 1:37:41 PM org.apache.catalina.core.ApplicationContext log
INFO: Manager: list: Listing contexts for virtual host 'localhost'
èþë 28, 2012 1:37:41 PM org.apache.catalina.core.ApplicationContext log
INFO: Manager: stop: Stopping web application at '/Hotel'
èþë 28, 2012 1:37:42 PM org.apache.catalina.core.ApplicationContext log
INFO: Manager: start: Starting web application at '/Hotel'
èþë 28, 2012 1:37:57 PM org.apache.catalina.core.ApplicationContext log
INFO: Manager: list: Listing contexts for virtual host 'localhost'
èþë 28, 2012 1:37:57 PM org.apache.catalina.core.ApplicationContext log
INFO: Manager: stop: Stopping web application at '/Hotel'
èþë 28, 2012 1:37:57 PM org.apache.catalina.core.ApplicationContext log
INFO: Manager: start: Starting web application at '/Hotel'
èþë 28, 2012 1:37:57 PM org.apache.catalina.core.ApplicationContext log
INFO: Manager: list: Listing contexts for virtual host 'localhost'
èþë 28, 2012 1:37:57 PM org.apache.catalina.core.ApplicationContext log
INFO: Manager: restart: Reloading web application at '/Hotel'
èþë 28, 2012 1:37:58 PM org.apache.catalina.core.ApplicationContext log
INFO: Manager: list: Listing contexts for virtual host 'localhost'
èþë 28, 2012 1:37:58 PM org.apache.catalina.core.ApplicationContext log
INFO: Manager: restart: Reloading web application at '/Hotel'
èþë 28, 2012 1:38:01 PM org.apache.catalina.core.ApplicationContext log
INFO: Manager: list: Listing contexts for virtual host 'localhost'
èþë 28, 2012 1:38:02 PM org.apache.catalina.core.ApplicationContext log
INFO: Manager: restart: Reloading web application at '/Hotel'
èþë 28, 2012 1:38:13 PM org.apache.catalina.core.ApplicationContext log
INFO: Manager: list: Listing contexts for virtual host 'localhost'
èþë 28, 2012 1:38:13 PM org.apache.catalina.core.ApplicationContext log
INFO: Manager: list: Listing contexts for virtual host 'localhost'
èþë 28, 2012 1:38:13 PM org.apache.catalina.core.ApplicationContext log
INFO: Manager: stop: Stopping web application at '/Hotel'
èþë 28, 2012 1:38:13 PM org.apache.catalina.core.ApplicationContext log
INFO: Manager: start: Starting web application at '/Hotel'
èþë 28, 2012 2:28:18 PM org.apache.catalina.core.ApplicationContext log
INFO: Manager: list: Listing contexts for virtual host 'localhost'
èþë 28, 2012 2:28:19 PM org.apache.catalina.core.ApplicationContext log
INFO: Manager: list: Listing contexts for virtual host 'localhost'
èþë 28, 2012 2:28:19 PM org.apache.catalina.core.ApplicationContext log
INFO: Manager: list: Listing contexts for virtual host 'localhost'
èþë 28, 2012 2:29:08 PM org.apache.catalina.core.ApplicationContext log
INFO: Manager: init: Associated with Deployer 'Catalina:type=Deployer,host=localhost'
èþë 28, 2012 2:29:08 PM org.apache.catalina.core.ApplicationContext log
INFO: Manager: init: Global resources are available
èþë 28, 2012 2:29:08 PM org.apache.catalina.core.ApplicationContext log
INFO: Manager: list: Listing contexts for virtual host 'localhost'
èþë 28, 2012 2:29:08 PM org.apache.catalina.core.ApplicationContext log
INFO: Manager: list: Listing contexts for virtual host 'localhost'
èþë 28, 2012 2:30:27 PM org.apache.catalina.core.ApplicationContext log
INFO: Manager: list: Listing contexts for virtual host 'localhost'
èþë 28, 2012 2:30:27 PM org.apache.catalina.core.ApplicationContext log
INFO: Manager: list: Listing contexts for virtual host 'localhost'
èþë 28, 2012 2:30:27 PM org.apache.catalina.core.ApplicationContext log
INFO: Manager: restart: Reloading web application at '/Hotel'
èþë 28, 2012 2:31:32 PM org.apache.catalina.core.ApplicationContext log
INFO: Manager: list: Listing contexts for virtual host 'localhost'
èþë 28, 2012 2:31:32 PM org.apache.catalina.core.ApplicationContext log
INFO: Manager: list: Listing contexts for virtual host 'localhost'
èþë 28, 2012 2:32:31 PM org.apache.catalina.core.ApplicationContext log
INFO: Manager: list: Listing contexts for virtual host 'localhost'
èþë 28, 2012 2:32:31 PM org.apache.catalina.core.ApplicationContext log
INFO: Manager: list: Listing contexts for virtual host 'localhost'
èþë 28, 2012 2:34:27 PM org.apache.catalina.core.ApplicationContext log
INFO: Manager: list: Listing contexts for virtual host 'localhost'
èþë 28, 2012 2:34:27 PM org.apache.catalina.core.ApplicationContext log
INFO: Manager: list: Listing contexts for virtual host 'localhost'
èþë 28, 2012 2:35:02 PM org.apache.catalina.core.ApplicationContext log
INFO: Manager: list: Listing contexts for virtual host 'localhost'
èþë 28, 2012 2:35:02 PM org.apache.catalina.core.ApplicationContext log
INFO: Manager: list: Listing contexts for virtual host 'localhost'
èþë 28, 2012 2:35:58 PM org.apache.catalina.core.ApplicationContext log
INFO: Manager: list: Listing contexts for virtual host 'localhost'
èþë 28, 2012 2:35:58 PM org.apache.catalina.core.ApplicationContext log
INFO: Manager: list: Listing contexts for virtual host 'localhost'
èþë 28, 2012 2:36:51 PM org.apache.catalina.core.ApplicationContext log
INFO: Manager: list: Listing contexts for virtual host 'localhost'
èþë 28, 2012 2:36:51 PM org.apache.catalina.core.ApplicationContext log
INFO: Manager: list: Listing contexts for virtual host 'localhost'
èþë 28, 2012 2:40:30 PM org.apache.catalina.core.ApplicationContext log
INFO: Manager: list: Listing contexts for virtual host 'localhost'
èþë 28, 2012 2:40:30 PM org.apache.catalina.core.ApplicationContext log
INFO: Manager: list: Listing contexts for virtual host 'localhost'
èþë 28, 2012 2:40:30 PM org.apache.catalina.core.ApplicationContext log
INFO: Manager: restart: Reloading web application at '/Hotel'
èþë 28, 2012 2:41:14 PM org.apache.catalina.core.ApplicationContext log
INFO: Manager: list: Listing contexts for virtual host 'localhost'
èþë 28, 2012 2:41:14 PM org.apache.catalina.core.ApplicationContext log
INFO: Manager: list: Listing contexts for virtual host 'localhost'
èþë 28, 2012 2:41:45 PM org.apache.catalina.core.ApplicationContext log
INFO: Manager: list: Listing contexts for virtual host 'localhost'
èþë 28, 2012 2:41:45 PM org.apache.catalina.core.ApplicationContext log
INFO: Manager: list: Listing contexts for virtual host 'localhost'
èþë 28, 2012 2:42:25 PM org.apache.catalina.core.ApplicationContext log
INFO: Manager: list: Listing contexts for virtual host 'localhost'
èþë 28, 2012 2:42:25 PM org.apache.catalina.core.ApplicationContext log
INFO: Manager: list: Listing contexts for virtual host 'localhost'
èþë 28, 2012 2:42:25 PM org.apache.catalina.core.ApplicationContext log
INFO: Manager: restart: Reloading web application at '/Hotel'
èþë 28, 2012 2:43:16 PM org.apache.catalina.core.ApplicationContext log
INFO: Manager: list: Listing contexts for virtual host 'localhost'
èþë 28, 2012 2:43:16 PM org.apache.catalina.core.ApplicationContext log
INFO: Manager: list: Listing contexts for virtual host 'localhost'
èþë 28, 2012 2:43:16 PM org.apache.catalina.core.ApplicationContext log
INFO: Manager: restart: Reloading web application at '/Hotel'
èþë 28, 2012 2:44:12 PM org.apache.catalina.core.ApplicationContext log
INFO: Manager: list: Listing contexts for virtual host 'localhost'
èþë 28, 2012 2:44:12 PM org.apache.catalina.core.ApplicationContext log
INFO: Manager: list: Listing contexts for virtual host 'localhost'
èþë 28, 2012 2:44:12 PM org.apache.catalina.core.ApplicationContext log
INFO: Manager: restart: Reloading web application at '/Hotel'
èþë 28, 2012 2:44:27 PM org.apache.catalina.core.ApplicationContext log
INFO: Manager: list: Listing contexts for virtual host 'localhost'
èþë 28, 2012 2:44:27 PM org.apache.catalina.core.ApplicationContext log
INFO: Manager: list: Listing contexts for virtual host 'localhost'
èþë 28, 2012 2:44:27 PM org.apache.catalina.core.ApplicationContext log
INFO: Manager: restart: Reloading web application at '/Hotel'
èþë 28, 2012 2:45:25 PM org.apache.catalina.core.ApplicationContext log
INFO: Manager: list: Listing contexts for virtual host 'localhost'
èþë 28, 2012 2:45:25 PM org.apache.catalina.core.ApplicationContext log
INFO: Manager: list: Listing contexts for virtual host 'localhost'
èþë 28, 2012 2:46:15 PM org.apache.catalina.core.ApplicationContext log
INFO: Manager: list: Listing contexts for virtual host 'localhost'
èþë 28, 2012 2:46:15 PM org.apache.catalina.core.ApplicationContext log
INFO: Manager: list: Listing contexts for virtual host 'localhost'
èþë 28, 2012 2:46:32 PM org.apache.catalina.core.ApplicationContext log
INFO: Manager: list: Listing contexts for virtual host 'localhost'
èþë 28, 2012 2:46:32 PM org.apache.catalina.core.ApplicationContext log
INFO: Manager: list: Listing contexts for virtual host 'localhost'
èþë 28, 2012 2:48:37 PM org.apache.catalina.core.ApplicationContext log
INFO: Manager: list: Listing contexts for virtual host 'localhost'
èþë 28, 2012 2:48:37 PM org.apache.catalina.core.ApplicationContext log
INFO: Manager: list: Listing contexts for virtual host 'localhost'
èþë 28, 2012 2:49:02 PM org.apache.catalina.core.ApplicationContext log
INFO: Manager: list: Listing contexts for virtual host 'localhost'
èþë 28, 2012 2:49:03 PM org.apache.catalina.core.ApplicationContext log
INFO: Manager: list: Listing contexts for virtual host 'localhost'
èþë 28, 2012 2:51:10 PM org.apache.catalina.core.ApplicationContext log
INFO: Manager: list: Listing contexts for virtual host 'localhost'
èþë 28, 2012 2:51:10 PM org.apache.catalina.core.ApplicationContext log
INFO: Manager: list: Listing contexts for virtual host 'localhost'
èþë 28, 2012 2:52:23 PM org.apache.catalina.core.ApplicationContext log
INFO: Manager: init: Associated with Deployer 'Catalina:type=Deployer,host=localhost'
èþë 28, 2012 2:52:23 PM org.apache.catalina.core.ApplicationContext log
INFO: Manager: init: Global resources are available
èþë 28, 2012 2:52:23 PM org.apache.catalina.core.ApplicationContext log
INFO: Manager: list: Listing contexts for virtual host 'localhost'
èþë 28, 2012 2:52:23 PM org.apache.catalina.core.ApplicationContext log
INFO: Manager: list: Listing contexts for virtual host 'localhost'
èþë 28, 2012 2:52:42 PM org.apache.catalina.core.ApplicationContext log
INFO: Manager: list: Listing contexts for virtual host 'localhost'
èþë 28, 2012 2:52:42 PM org.apache.catalina.core.ApplicationContext log
INFO: Manager: list: Listing contexts for virtual host 'localhost'
èþë 28, 2012 2:52:48 PM org.apache.catalina.core.ApplicationContext log
INFO: Manager: list: Listing contexts for virtual host 'localhost'
èþë 28, 2012 2:52:48 PM org.apache.catalina.core.ApplicationContext log
INFO: Manager: list: Listing contexts for virtual host 'localhost'
èþë 28, 2012 2:53:42 PM org.apache.catalina.core.ApplicationContext log
INFO: Manager: list: Listing contexts for virtual host 'localhost'
èþë 28, 2012 2:53:42 PM org.apache.catalina.core.ApplicationContext log
INFO: Manager: list: Listing contexts for virtual host 'localhost'
èþë 28, 2012 2:53:59 PM org.apache.catalina.core.ApplicationContext log
INFO: Manager: list: Listing contexts for virtual host 'localhost'
èþë 28, 2012 2:53:59 PM org.apache.catalina.core.ApplicationContext log
INFO: Manager: list: Listing contexts for virtual host 'localhost'
èþë 28, 2012 2:54:23 PM org.apache.catalina.core.ApplicationContext log
INFO: Manager: list: Listing contexts for virtual host 'localhost'
èþë 28, 2012 2:54:23 PM org.apache.catalina.core.ApplicationContext log
INFO: Manager: list: Listing contexts for virtual host 'localhost'
èþë 28, 2012 2:54:58 PM org.apache.catalina.core.ApplicationContext log
INFO: Manager: list: Listing contexts for virtual host 'localhost'
èþë 28, 2012 2:54:58 PM org.apache.catalina.core.ApplicationContext log
INFO: Manager: list: Listing contexts for virtual host 'localhost'
èþë 28, 2012 2:55:23 PM org.apache.catalina.core.ApplicationContext log
INFO: Manager: list: Listing contexts for virtual host 'localhost'
èþë 28, 2012 2:55:23 PM org.apache.catalina.core.ApplicationContext log
INFO: Manager: list: Listing contexts for virtual host 'localhost'
èþë 28, 2012 2:56:24 PM org.apache.catalina.core.ApplicationContext log
INFO: Manager: list: Listing contexts for virtual host 'localhost'
èþë 28, 2012 2:56:24 PM org.apache.catalina.core.ApplicationContext log
INFO: Manager: restart: Reloading web application at '/Hotel'
èþë 28, 2012 2:57:28 PM org.apache.catalina.core.ApplicationContext log
INFO: Manager: list: Listing contexts for virtual host 'localhost'
èþë 28, 2012 2:57:28 PM org.apache.catalina.core.ApplicationContext log
INFO: Manager: list: Listing contexts for virtual host 'localhost'
èþë 28, 2012 2:57:28 PM org.apache.catalina.core.ApplicationContext log
INFO: Manager: restart: Reloading web application at '/Hotel'
èþë 28, 2012 2:57:57 PM org.apache.catalina.core.ApplicationContext log
INFO: Manager: list: Listing contexts for virtual host 'localhost'
èþë 28, 2012 2:57:57 PM org.apache.catalina.core.ApplicationContext log
INFO: Manager: list: Listing contexts for virtual host 'localhost'
èþë 28, 2012 2:58:39 PM org.apache.catalina.core.ApplicationContext log
INFO: Manager: list: Listing contexts for virtual host 'localhost'
èþë 28, 2012 2:58:39 PM org.apache.catalina.core.ApplicationContext log
INFO: Manager: list: Listing contexts for virtual host 'localhost'
èþë 28, 2012 2:59:53 PM org.apache.catalina.core.ApplicationContext log
INFO: Manager: list: Listing contexts for virtual host 'localhost'
èþë 28, 2012 2:59:53 PM org.apache.catalina.core.ApplicationContext log
INFO: Manager: list: Listing contexts for virtual host 'localhost'
èþë 28, 2012 2:59:53 PM org.apache.catalina.core.ApplicationContext log
INFO: Manager: restart: Reloading web application at '/Hotel'
èþë 28, 2012 3:01:50 PM org.apache.catalina.core.ApplicationContext log
INFO: Manager: init: Associated with Deployer 'Catalina:type=Deployer,host=localhost'
èþë 28, 2012 3:01:50 PM org.apache.catalina.core.ApplicationContext log
INFO: Manager: init: Global resources are available
èþë 28, 2012 3:01:50 PM org.apache.catalina.core.ApplicationContext log
INFO: Manager: list: Listing contexts for virtual host 'localhost'
èþë 28, 2012 3:01:50 PM org.apache.catalina.core.ApplicationContext log
INFO: Manager: list: Listing contexts for virtual host 'localhost'
èþë 28, 2012 3:03:01 PM org.apache.catalina.core.ApplicationContext log
INFO: Manager: list: Listing contexts for virtual host 'localhost'
èþë 28, 2012 3:03:01 PM org.apache.catalina.core.ApplicationContext log
INFO: Manager: list: Listing contexts for virtual host 'localhost'
èþë 28, 2012 3:04:42 PM org.apache.catalina.core.ApplicationContext log
INFO: Manager: list: Listing contexts for virtual host 'localhost'
èþë 28, 2012 3:04:42 PM org.apache.catalina.core.ApplicationContext log
INFO: Manager: list: Listing contexts for virtual host 'localhost'
èþë 28, 2012 3:05:02 PM org.apache.catalina.core.ApplicationContext log
INFO: Manager: list: Listing contexts for virtual host 'localhost'
èþë 28, 2012 3:05:02 PM org.apache.catalina.core.ApplicationContext log
INFO: Manager: list: Listing contexts for virtual host 'localhost'
èþë 28, 2012 3:08:23 PM org.apache.catalina.core.ApplicationContext log
INFO: Manager: list: Listing contexts for virtual host 'localhost'
èþë 28, 2012 3:08:49 PM org.apache.catalina.core.ApplicationContext log
INFO: Manager: list: Listing contexts for virtual host 'localhost'
èþë 28, 2012 3:09:16 PM org.apache.catalina.core.ApplicationContext log
INFO: Manager: list: Listing contexts for virtual host 'localhost'
èþë 28, 2012 3:09:19 PM org.apache.catalina.core.ApplicationContext log
INFO: Manager: list: Listing contexts for virtual host 'localhost'
èþë 28, 2012 3:10:03 PM org.apache.catalina.core.ApplicationContext log
INFO: Manager: list: Listing contexts for virtual host 'localhost'
èþë 28, 2012 3:10:37 PM org.apache.catalina.core.ApplicationContext log
INFO: Manager: list: Listing contexts for virtual host 'localhost'
èþë 28, 2012 3:11:08 PM org.apache.catalina.core.ApplicationContext log
INFO: Manager: list: Listing contexts for virtual host 'localhost'
èþë 28, 2012 3:12:56 PM org.apache.catalina.core.ApplicationContext log
INFO: Manager: list: Listing contexts for virtual host 'localhost'
èþë 28, 2012 3:13:15 PM org.apache.catalina.core.ApplicationContext log
INFO: Manager: list: Listing contexts for virtual host 'localhost'
èþë 28, 2012 3:17:25 PM org.apache.catalina.core.ApplicationContext log
INFO: Manager: list: Listing contexts for virtual host 'localhost'
èþë 28, 2012 3:17:25 PM org.apache.catalina.core.ApplicationContext log
INFO: Manager: list: Listing contexts for virtual host 'localhost'
èþë 28, 2012 3:17:25 PM org.apache.catalina.core.ApplicationContext log
INFO: Manager: restart: Reloading web application at '/Hotel'
èþë 28, 2012 3:17:59 PM org.apache.catalina.core.ApplicationContext log
INFO: Manager: list: Listing contexts for virtual host 'localhost'
èþë 28, 2012 3:20:53 PM org.apache.catalina.core.ApplicationContext log
INFO: Manager: list: Listing contexts for virtual host 'localhost'
èþë 28, 2012 3:20:53 PM org.apache.catalina.core.ApplicationContext log
INFO: Manager: stop: Stopping web application at '/Hotel'
èþë 28, 2012 3:20:53 PM org.apache.catalina.core.ApplicationContext log
INFO: Manager: start: Starting web application at '/Hotel'
èþë 28, 2012 3:20:53 PM org.apache.catalina.core.ApplicationContext log
INFO: Manager: list: Listing contexts for virtual host 'localhost'
èþë 28, 2012 3:20:53 PM org.apache.catalina.core.ApplicationContext log
INFO: Manager: restart: Reloading web application at '/Hotel'
èþë 28, 2012 3:20:54 PM org.apache.catalina.core.ApplicationContext log
INFO: Manager: list: Listing contexts for virtual host 'localhost'
èþë 28, 2012 3:20:54 PM org.apache.catalina.core.ApplicationContext log
INFO: Manager: restart: Reloading web application at '/Hotel'
èþë 28, 2012 3:21:26 PM org.apache.catalina.core.ApplicationContext log
INFO: Manager: list: Listing contexts for virtual host 'localhost'
èþë 28, 2012 3:21:26 PM org.apache.catalina.core.ApplicationContext log
INFO: Manager: stop: Stopping web application at '/Hotel'
èþë 28, 2012 3:21:26 PM org.apache.catalina.core.ApplicationContext log
INFO: Manager: start: Starting web application at '/Hotel'
èþë 28, 2012 3:21:29 PM org.apache.catalina.core.ApplicationContext log
INFO: Manager: list: Listing contexts for virtual host 'localhost'
èþë 28, 2012 3:23:16 PM org.apache.catalina.core.ApplicationContext log
INFO: Manager: list: Listing contexts for virtual host 'localhost'
èþë 28, 2012 3:23:16 PM org.apache.catalina.core.ApplicationContext log
INFO: Manager: restart: Reloading web application at '/Hotel'
èþë 28, 2012 3:23:17 PM org.apache.catalina.core.ApplicationContext log
INFO: Manager: list: Listing contexts for virtual host 'localhost'
èþë 28, 2012 3:23:17 PM org.apache.catalina.core.ApplicationContext log
INFO: Manager: restart: Reloading web application at '/Hotel'
èþë 28, 2012 3:25:07 PM org.apache.catalina.core.ApplicationContext log
INFO: Manager: list: Listing contexts for virtual host 'localhost'
èþë 28, 2012 3:39:03 PM org.apache.catalina.core.ApplicationContext log
INFO: Manager: list: Listing contexts for virtual host 'localhost'
èþë 28, 2012 3:39:03 PM org.apache.catalina.core.ApplicationContext log
INFO: Manager: restart: Reloading web application at '/Hotel'
èþë 28, 2012 3:50:59 PM org.apache.catalina.core.ApplicationContext log
INFO: Manager: list: Listing contexts for virtual host 'localhost'
èþë 28, 2012 3:52:14 PM org.apache.catalina.core.ApplicationContext log
INFO: Manager: list: Listing contexts for virtual host 'localhost'
èþë 28, 2012 3:52:44 PM org.apache.catalina.core.ApplicationContext log
INFO: Manager: list: Listing contexts for virtual host 'localhost'
èþë 28, 2012 3:52:45 PM org.apache.catalina.core.ApplicationContext log
INFO: Manager: list: Listing contexts for virtual host 'localhost'
èþë 28, 2012 3:52:45 PM org.apache.catalina.core.ApplicationContext log
INFO: Manager: stop: Stopping web application at '/Hotel'
èþë 28, 2012 3:52:45 PM org.apache.catalina.core.ApplicationContext log
INFO: Manager: start: Starting web application at '/Hotel'
èþë 28, 2012 3:54:50 PM org.apache.catalina.core.ApplicationContext log
INFO: Manager: list: Listing contexts for virtual host 'localhost'
èþë 28, 2012 3:54:50 PM org.apache.catalina.core.ApplicationContext log
INFO: Manager: list: Listing contexts for virtual host 'localhost'
èþë 28, 2012 3:54:50 PM org.apache.catalina.core.ApplicationContext log
INFO: Manager: restart: Reloading web application at '/Hotel'
èþë 28, 2012 3:56:39 PM org.apache.catalina.core.ApplicationContext log
INFO: Manager: list: Listing contexts for virtual host 'localhost'
èþë 28, 2012 3:56:39 PM org.apache.catalina.core.ApplicationContext log
INFO: Manager: list: Listing contexts for virtual host 'localhost'
èþë 28, 2012 3:57:48 PM org.apache.catalina.core.ApplicationContext log
INFO: Manager: list: Listing contexts for virtual host 'localhost'
èþë 28, 2012 3:58:19 PM org.apache.catalina.core.ApplicationContext log
INFO: Manager: list: Listing contexts for virtual host 'localhost'
èþë 28, 2012 3:58:29 PM org.apache.catalina.core.ApplicationContext log
INFO: Manager: list: Listing contexts for virtual host 'localhost'
èþë 28, 2012 3:58:29 PM org.apache.catalina.core.ApplicationContext log
INFO: Manager: list: Listing contexts for virtual host 'localhost'
èþë 28, 2012 4:00:29 PM org.apache.catalina.core.ApplicationContext log
INFO: Manager: list: Listing contexts for virtual host 'localhost'
èþë 28, 2012 4:00:30 PM org.apache.catalina.core.ApplicationContext log
INFO: Manager: restart: Reloading web application at '/Hotel'
èþë 28, 2012 4:00:31 PM org.apache.catalina.core.ApplicationContext log
INFO: Manager: list: Listing contexts for virtual host 'localhost'
èþë 28, 2012 4:00:31 PM org.apache.catalina.core.ApplicationContext log
INFO: Manager: restart: Reloading web application at '/Hotel'
èþë 28, 2012 4:00:36 PM org.apache.catalina.core.ApplicationContext log
INFO: Manager: list: Listing contexts for virtual host 'localhost'
èþë 28, 2012 4:00:36 PM org.apache.catalina.core.ApplicationContext log
INFO: Manager: list: Listing contexts for virtual host 'localhost'
èþë 28, 2012 4:00:36 PM org.apache.catalina.core.ApplicationContext log
INFO: Manager: restart: Reloading web application at '/Hotel'
èþë 28, 2012 4:01:37 PM org.apache.catalina.core.ApplicationContext log
INFO: Manager: init: Associated with Deployer 'Catalina:type=Deployer,host=localhost'
èþë 28, 2012 4:01:37 PM org.apache.catalina.core.ApplicationContext log
INFO: Manager: init: Global resources are available
èþë 28, 2012 4:01:37 PM org.apache.catalina.core.ApplicationContext log
INFO: Manager: list: Listing contexts for virtual host 'localhost'
èþë 28, 2012 4:01:37 PM org.apache.catalina.core.ApplicationContext log
INFO: Manager: list: Listing contexts for virtual host 'localhost'
èþë 28, 2012 4:03:01 PM org.apache.catalina.core.ApplicationContext log
INFO: Manager: list: Listing contexts for virtual host 'localhost'
èþë 28, 2012 4:03:01 PM org.apache.catalina.core.ApplicationContext log
INFO: Manager: list: Listing contexts for virtual host 'localhost'
èþë 28, 2012 4:06:09 PM org.apache.catalina.core.ApplicationContext log
INFO: Manager: list: Listing contexts for virtual host 'localhost'
èþë 28, 2012 4:06:09 PM org.apache.catalina.core.ApplicationContext log
INFO: Manager: list: Listing contexts for virtual host 'localhost'
èþë 28, 2012 4:06:36 PM org.apache.catalina.core.ApplicationContext log
INFO: Manager: list: Listing contexts for virtual host 'localhost'
èþë 28, 2012 4:06:36 PM org.apache.catalina.core.ApplicationContext log
INFO: Manager: list: Listing contexts for virtual host 'localhost'
èþë 28, 2012 4:09:54 PM org.apache.catalina.core.ApplicationContext log
INFO: Manager: init: Associated with Deployer 'Catalina:type=Deployer,host=localhost'
èþë 28, 2012 4:09:54 PM org.apache.catalina.core.ApplicationContext log
INFO: Manager: init: Global resources are available
èþë 28, 2012 4:09:54 PM org.apache.catalina.core.ApplicationContext log
INFO: Manager: list: Listing contexts for virtual host 'localhost'
èþë 28, 2012 4:09:54 PM org.apache.catalina.core.ApplicationContext log
INFO: Manager: list: Listing contexts for virtual host 'localhost'
èþë 28, 2012 4:11:10 PM org.apache.catalina.core.ApplicationContext log
INFO: Manager: list: Listing contexts for virtual host 'localhost'
èþë 28, 2012 4:11:10 PM org.apache.catalina.core.ApplicationContext log
INFO: Manager: list: Listing contexts for virtual host 'localhost'
èþë 28, 2012 4:11:52 PM org.apache.catalina.core.ApplicationContext log
INFO: Manager: list: Listing contexts for virtual host 'localhost'
èþë 28, 2012 4:11:52 PM org.apache.catalina.core.ApplicationContext log
INFO: Manager: list: Listing contexts for virtual host 'localhost'
èþë 28, 2012 4:12:08 PM org.apache.catalina.core.ApplicationContext log
INFO: Manager: list: Listing contexts for virtual host 'localhost'
èþë 28, 2012 4:12:08 PM org.apache.catalina.core.ApplicationContext log
INFO: Manager: list: Listing contexts for virtual host 'localhost'
èþë 28, 2012 5:00:34 PM org.apache.catalina.core.ApplicationContext log
INFO: Manager: list: Listing contexts for virtual host 'localhost'
èþë 28, 2012 5:00:34 PM org.apache.catalina.core.ApplicationContext log
INFO: Manager: list: Listing contexts for virtual host 'localhost'
èþë 28, 2012 5:01:34 PM org.apache.catalina.core.ApplicationContext log
INFO: Manager: list: Listing contexts for virtual host 'localhost'
èþë 28, 2012 5:01:34 PM org.apache.catalina.core.ApplicationContext log
INFO: Manager: list: Listing contexts for virtual host 'localhost'
èþë 28, 2012 5:02:43 PM org.apache.catalina.core.ApplicationContext log
INFO: Manager: list: Listing contexts for virtual host 'localhost'
èþë 28, 2012 5:03:24 PM org.apache.catalina.core.ApplicationContext log
INFO: Manager: list: Listing contexts for virtual host 'localhost'
èþë 28, 2012 5:03:24 PM org.apache.catalina.core.ApplicationContext log
INFO: Manager: list: Listing contexts for virtual host 'localhost'
èþë 28, 2012 5:05:36 PM org.apache.catalina.core.ApplicationContext log
INFO: Manager: list: Listing contexts for virtual host 'localhost'
èþë 28, 2012 5:05:36 PM org.apache.catalina.core.ApplicationContext log
INFO: Manager: list: Listing contexts for virtual host 'localhost'
èþë 28, 2012 5:09:48 PM org.apache.catalina.core.ApplicationContext log
INFO: Manager: list: Listing contexts for virtual host 'localhost'
èþë 28, 2012 5:09:50 PM org.apache.catalina.core.ApplicationContext log
INFO: Manager: list: Listing contexts for virtual host 'localhost'
èþë 28, 2012 5:09:50 PM org.apache.catalina.core.ApplicationContext log
INFO: Manager: list: Listing contexts for virtual host 'localhost'
èþë 28, 2012 5:10:47 PM org.apache.catalina.core.ApplicationContext log
INFO: Manager: list: Listing contexts for virtual host 'localhost'
èþë 28, 2012 5:10:47 PM org.apache.catalina.core.ApplicationContext log
INFO: Manager: list: Listing contexts for virtual host 'localhost'
èþë 28, 2012 5:15:53 PM org.apache.catalina.core.ApplicationContext log
INFO: Manager: list: Listing contexts for virtual host 'localhost'
èþë 28, 2012 5:15:53 PM org.apache.catalina.core.ApplicationContext log
INFO: Manager: restart: Reloading web application at '/Hotel'
èþë 28, 2012 5:15:54 PM org.apache.catalina.core.ApplicationContext log
INFO: Manager: list: Listing contexts for virtual host 'localhost'
èþë 28, 2012 5:15:54 PM org.apache.catalina.core.ApplicationContext log
INFO: Manager: restart: Reloading web application at '/Hotel'
èþë 28, 2012 5:17:13 PM org.apache.catalina.core.ApplicationContext log
INFO: Manager: list: Listing contexts for virtual host 'localhost'
èþë 28, 2012 5:17:13 PM org.apache.catalina.core.ApplicationContext log
INFO: Manager: restart: Reloading web application at '/Hotel'
èþë 28, 2012 5:17:19 PM org.apache.catalina.core.ApplicationContext log
INFO: Manager: list: Listing contexts for virtual host 'localhost'
èþë 28, 2012 5:17:19 PM org.apache.catalina.core.ApplicationContext log
INFO: Manager: stop: Stopping web application at '/Hotel'
èþë 28, 2012 5:17:19 PM org.apache.catalina.core.ApplicationContext log
INFO: Manager: start: Starting web application at '/Hotel'
èþë 28, 2012 5:17:22 PM org.apache.catalina.core.ApplicationContext log
INFO: Manager: list: Listing contexts for virtual host 'localhost'
èþë 28, 2012 5:17:22 PM org.apache.catalina.core.ApplicationContext log
INFO: Manager: restart: Reloading web application at '/Hotel'
èþë 28, 2012 5:17:22 PM org.apache.catalina.core.ApplicationContext log
INFO: Manager: list: Listing contexts for virtual host 'localhost'
èþë 28, 2012 5:17:24 PM org.apache.catalina.core.ApplicationContext log
INFO: Manager: list: Listing contexts for virtual host 'localhost'
èþë 28, 2012 5:17:24 PM org.apache.catalina.core.ApplicationContext log
INFO: Manager: restart: Reloading web application at '/Hotel'
èþë 28, 2012 5:21:47 PM org.apache.catalina.core.ApplicationContext log
INFO: Manager: list: Listing contexts for virtual host 'localhost'
èþë 28, 2012 5:21:47 PM org.apache.catalina.core.ApplicationContext log
INFO: Manager: restart: Reloading web application at '/Hotel'
èþë 28, 2012 5:21:53 PM org.apache.catalina.core.ApplicationContext log
INFO: Manager: list: Listing contexts for virtual host 'localhost'
èþë 28, 2012 5:21:53 PM org.apache.catalina.core.ApplicationContext log
INFO: Manager: restart: Reloading web application at '/Hotel'
èþë 28, 2012 5:28:27 PM org.apache.catalina.core.ApplicationContext log
INFO: Manager: list: Listing contexts for virtual host 'localhost'
èþë 28, 2012 5:28:27 PM org.apache.catalina.core.ApplicationContext log
INFO: Manager: restart: Reloading web application at '/Hotel'
èþë 28, 2012 5:38:16 PM org.apache.catalina.core.ApplicationContext log
INFO: Manager: list: Listing contexts for virtual host 'localhost'
èþë 28, 2012 5:41:02 PM org.apache.catalina.core.ApplicationContext log
INFO: Manager: list: Listing contexts for virtual host 'localhost'
èþë 28, 2012 5:41:02 PM org.apache.catalina.core.ApplicationContext log
INFO: Manager: list: Listing contexts for virtual host 'localhost'
èþë 28, 2012 5:41:02 PM org.apache.catalina.core.ApplicationContext log
INFO: Manager: stop: Stopping web application at '/Hotel'
èþë 28, 2012 5:41:02 PM org.apache.catalina.core.ApplicationContext log
INFO: Manager: start: Starting web application at '/Hotel'
èþë 28, 2012 5:42:36 PM org.apache.catalina.core.ApplicationContext log
INFO: Manager: init: Associated with Deployer 'Catalina:type=Deployer,host=localhost'
èþë 28, 2012 5:42:36 PM org.apache.catalina.core.ApplicationContext log
INFO: Manager: init: Global resources are available
èþë 28, 2012 5:42:36 PM org.apache.catalina.core.ApplicationContext log
INFO: Manager: list: Listing contexts for virtual host 'localhost'
èþë 28, 2012 5:42:36 PM org.apache.catalina.core.ApplicationContext log
INFO: Manager: list: Listing contexts for virtual host 'localhost'
èþë 28, 2012 5:42:36 PM org.apache.catalina.core.ApplicationContext log
INFO: Manager: restart: Reloading web application at '/Hotel'
èþë 28, 2012 5:43:37 PM org.apache.catalina.core.ApplicationContext log
INFO: Manager: list: Listing contexts for virtual host 'localhost'
èþë 28, 2012 5:43:37 PM org.apache.catalina.core.ApplicationContext log
INFO: Manager: list: Listing contexts for virtual host 'localhost'
èþë 28, 2012 5:43:37 PM org.apache.catalina.core.ApplicationContext log
INFO: Manager: restart: Reloading web application at '/Hotel'
èþë 28, 2012 5:44:18 PM org.apache.catalina.core.ApplicationContext log
INFO: Manager: list: Listing contexts for virtual host 'localhost'
èþë 28, 2012 5:44:18 PM org.apache.catalina.core.ApplicationContext log
INFO: Manager: list: Listing contexts for virtual host 'localhost'
èþë 28, 2012 5:44:18 PM org.apache.catalina.core.ApplicationContext log
INFO: Manager: restart: Reloading web application at '/Hotel'
èþë 28, 2012 5:44:46 PM org.apache.catalina.core.ApplicationContext log
INFO: Manager: list: Listing contexts for virtual host 'localhost'
èþë 28, 2012 5:44:46 PM org.apache.catalina.core.ApplicationContext log
INFO: Manager: list: Listing contexts for virtual host 'localhost'
èþë 28, 2012 5:44:46 PM org.apache.catalina.core.ApplicationContext log
INFO: Manager: restart: Reloading web application at '/Hotel'
èþë 28, 2012 5:45:09 PM org.apache.catalina.core.ApplicationContext log
INFO: Manager: list: Listing contexts for virtual host 'localhost'
èþë 28, 2012 5:45:10 PM org.apache.catalina.core.ApplicationContext log
INFO: Manager: restart: Reloading web application at '/Hotel'
èþë 28, 2012 5:45:57 PM org.apache.catalina.core.ApplicationContext log
INFO: Manager: list: Listing contexts for virtual host 'localhost'
èþë 28, 2012 5:46:02 PM org.apache.catalina.core.ApplicationContext log
INFO: Manager: list: Listing contexts for virtual host 'localhost'
èþë 28, 2012 5:46:02 PM org.apache.catalina.core.ApplicationContext log
INFO: Manager: stop: Stopping web application at '/Hotel'
èþë 28, 2012 5:46:02 PM org.apache.catalina.core.ApplicationContext log
INFO: Manager: start: Starting web application at '/Hotel'
èþë 28, 2012 5:46:04 PM org.apache.catalina.core.ApplicationContext log
INFO: Manager: list: Listing contexts for virtual host 'localhost'
èþë 28, 2012 5:46:04 PM org.apache.catalina.core.ApplicationContext log
INFO: Manager: list: Listing contexts for virtual host 'localhost'
èþë 28, 2012 5:46:04 PM org.apache.catalina.core.ApplicationContext log
INFO: Manager: undeploy: Undeploying web application at '/Hotel'
èþë 28, 2012 5:46:05 PM org.apache.catalina.core.ApplicationContext log
INFO: Manager: install: Installing context configuration at 'file:/C:/Users/D395~1/AppData/Local/Temp/context1426764428455189080.xml'
èþë 28, 2012 5:46:20 PM org.apache.catalina.core.ApplicationContext log
INFO: Manager: list: Listing contexts for virtual host 'localhost'
èþë 28, 2012 5:46:20 PM org.apache.catalina.core.ApplicationContext log
INFO: Manager: list: Listing contexts for virtual host 'localhost'
èþë 28, 2012 5:46:20 PM org.apache.catalina.core.ApplicationContext log
INFO: Manager: undeploy: Undeploying web application at '/Hotel'
èþë 28, 2012 5:46:21 PM org.apache.catalina.core.ApplicationContext log
INFO: Manager: install: Installing context configuration at 'file:/C:/Users/D395~1/AppData/Local/Temp/context1355842961585966210.xml'
èþë 28, 2012 5:46:21 PM org.apache.catalina.core.ApplicationContext log
INFO: Manager: list: Listing contexts for virtual host 'localhost'
èþë 28, 2012 5:46:21 PM org.apache.catalina.core.ApplicationContext log
INFO: Manager: list: Listing contexts for virtual host 'localhost'
èþë 28, 2012 5:46:21 PM org.apache.catalina.core.ApplicationContext log
INFO: Manager: undeploy: Undeploying web application at '/Hotel'
èþë 28, 2012 5:46:22 PM org.apache.catalina.core.ApplicationContext log
INFO: Manager: install: Installing context configuration at 'file:/C:/Users/D395~1/AppData/Local/Temp/context1208796844307920027.xml'
èþë 28, 2012 5:46:22 PM org.apache.catalina.core.ApplicationContext log
INFO: Manager: list: Listing contexts for virtual host 'localhost'
èþë 28, 2012 5:46:22 PM org.apache.catalina.core.ApplicationContext log
INFO: Manager: list: Listing contexts for virtual host 'localhost'
èþë 28, 2012 5:46:22 PM org.apache.catalina.core.ApplicationContext log
INFO: Manager: undeploy: Undeploying web application at '/Hotel'
èþë 28, 2012 5:46:23 PM org.apache.catalina.core.ApplicationContext log
INFO: Manager: install: Installing context configuration at 'file:/C:/Users/D395~1/AppData/Local/Temp/context3122202192993773605.xml'
èþë 28, 2012 5:46:26 PM org.apache.catalina.core.ApplicationContext log
INFO: Manager: list: Listing contexts for virtual host 'localhost'
èþë 28, 2012 5:46:26 PM org.apache.catalina.core.ApplicationContext log
INFO: Manager: list: Listing contexts for virtual host 'localhost'
èþë 28, 2012 5:46:26 PM org.apache.catalina.core.ApplicationContext log
INFO: Manager: stop: Stopping web application at '/Hotel'
èþë 28, 2012 5:46:26 PM org.apache.catalina.core.ApplicationContext log
INFO: Manager: start: Starting web application at '/Hotel'
èþë 28, 2012 5:46:38 PM org.apache.catalina.core.ApplicationContext log
INFO: Manager: list: Listing contexts for virtual host 'localhost'
èþë 28, 2012 5:46:38 PM org.apache.catalina.core.ApplicationContext log
INFO: Manager: list: Listing contexts for virtual host 'localhost'
èþë 28, 2012 5:46:38 PM org.apache.catalina.core.ApplicationContext log
INFO: Manager: stop: Stopping web application at '/Hotel'
èþë 28, 2012 5:46:38 PM org.apache.catalina.core.ApplicationContext log
INFO: Manager: start: Starting web application at '/Hotel'
èþë 28, 2012 5:46:59 PM org.apache.catalina.core.ApplicationContext log
INFO: Manager: list: Listing contexts for virtual host 'localhost'
èþë 28, 2012 5:46:59 PM org.apache.catalina.core.ApplicationContext log
INFO: Manager: list: Listing contexts for virtual host 'localhost'
èþë 28, 2012 5:46:59 PM org.apache.catalina.core.ApplicationContext log
INFO: Manager: stop: Stopping web application at '/Hotel'
èþë 28, 2012 5:46:59 PM org.apache.catalina.core.ApplicationContext log
INFO: Manager: start: Starting web application at '/Hotel'
èþë 28, 2012 5:47:24 PM org.apache.catalina.core.ApplicationContext log
INFO: Manager: init: Associated with Deployer 'Catalina:type=Deployer,host=localhost'
èþë 28, 2012 5:47:24 PM org.apache.catalina.core.ApplicationContext log
INFO: Manager: init: Global resources are available
èþë 28, 2012 5:47:24 PM org.apache.catalina.core.ApplicationContext log
INFO: Manager: list: Listing contexts for virtual host 'localhost'
èþë 28, 2012 5:47:24 PM org.apache.catalina.core.ApplicationContext log
INFO: Manager: list: Listing contexts for virtual host 'localhost'
èþë 28, 2012 5:47:24 PM org.apache.catalina.core.ApplicationContext log
INFO: Manager: stop: Stopping web application at '/Hotel'
èþë 28, 2012 5:47:24 PM org.apache.catalina.core.ApplicationContext log
INFO: Manager: start: Starting web application at '/Hotel'
èþë 28, 2012 5:50:23 PM org.apache.catalina.core.ApplicationContext log
INFO: Manager: init: Associated with Deployer 'Catalina:type=Deployer,host=localhost'
èþë 28, 2012 5:50:23 PM org.apache.catalina.core.ApplicationContext log
INFO: Manager: init: Global resources are available
èþë 28, 2012 5:50:23 PM org.apache.catalina.core.ApplicationContext log
INFO: Manager: list: Listing contexts for virtual host 'localhost'
èþë 28, 2012 5:50:23 PM org.apache.catalina.core.ApplicationContext log
INFO: Manager: list: Listing contexts for virtual host 'localhost'
èþë 28, 2012 5:50:23 PM org.apache.catalina.core.ApplicationContext log
INFO: Manager: stop: Stopping web application at '/Hotel'
èþë 28, 2012 5:50:23 PM org.apache.catalina.core.ApplicationContext log
INFO: Manager: start: Starting web application at '/Hotel'
èþë 28, 2012 5:52:15 PM org.apache.catalina.core.ApplicationContext log
INFO: Manager: list: Listing contexts for virtual host 'localhost'
èþë 28, 2012 5:52:16 PM org.apache.catalina.core.ApplicationContext log
INFO: Manager: list: Listing contexts for virtual host 'localhost'
èþë 28, 2012 5:52:16 PM org.apache.catalina.core.ApplicationContext log
INFO: Manager: restart: Reloading web application at '/Hotel'
èþë 28, 2012 5:52:16 PM org.apache.catalina.core.ApplicationContext log
SEVERE: Manager: ManagerServlet.reload[/Hotel]
java.lang.IllegalStateException: Container org.apache.catalina.core.ContainerBase.[Catalina].[localhost].[/Hotel] has not been started
	at org.apache.catalina.core.StandardContext.reload(StandardContext.java:3439)
	at org.apache.catalina.manager.ManagerServlet.reload(ManagerServlet.java:943)
	at org.apache.catalina.manager.ManagerServlet.doGet(ManagerServlet.java:361)
	at javax.servlet.http.HttpServlet.service(HttpServlet.java:617)
	at javax.servlet.http.HttpServlet.service(HttpServlet.java:717)
	at org.apache.catalina.core.ApplicationFilterChain.internalDoFilter(ApplicationFilterChain.java:290)
	at org.apache.catalina.core.ApplicationFilterChain.doFilter(ApplicationFilterChain.java:206)
	at org.apache.catalina.core.StandardWrapperValve.invoke(StandardWrapperValve.java:233)
	at org.apache.catalina.core.StandardContextValve.invoke(StandardContextValve.java:191)
	at org.apache.catalina.authenticator.AuthenticatorBase.invoke(AuthenticatorBase.java:563)
	at org.apache.catalina.core.StandardHostValve.invoke(StandardHostValve.java:127)
	at org.apache.catalina.valves.ErrorReportValve.invoke(ErrorReportValve.java:102)
	at org.apache.catalina.core.StandardEngineValve.invoke(StandardEngineValve.java:109)
	at org.apache.catalina.connector.CoyoteAdapter.service(CoyoteAdapter.java:293)
	at org.apache.coyote.http11.Http11AprProcessor.process(Http11AprProcessor.java:877)
	at org.apache.coyote.http11.Http11AprProtocol$Http11ConnectionHandler.process(Http11AprProtocol.java:594)
	at org.apache.tomcat.util.net.AprEndpoint$Worker.run(AprEndpoint.java:1675)
	at java.lang.Thread.run(Thread.java:722)

èþë 28, 2012 5:52:42 PM org.apache.catalina.core.ApplicationContext log
INFO: Manager: list: Listing contexts for virtual host 'localhost'
èþë 28, 2012 5:52:42 PM org.apache.catalina.core.ApplicationContext log
INFO: Manager: list: Listing contexts for virtual host 'localhost'
èþë 28, 2012 5:52:42 PM org.apache.catalina.core.ApplicationContext log
INFO: Manager: stop: Stopping web application at '/Hotel'
èþë 28, 2012 5:52:42 PM org.apache.catalina.core.ApplicationContext log
INFO: Manager: start: Starting web application at '/Hotel'
èþë 28, 2012 5:53:29 PM org.apache.catalina.core.ApplicationContext log
INFO: Manager: list: Listing contexts for virtual host 'localhost'
èþë 28, 2012 5:53:29 PM org.apache.catalina.core.ApplicationContext log
INFO: Manager: list: Listing contexts for virtual host 'localhost'
èþë 28, 2012 5:53:29 PM org.apache.catalina.core.ApplicationContext log
INFO: Manager: stop: Stopping web application at '/Hotel'
èþë 28, 2012 5:53:29 PM org.apache.catalina.core.ApplicationContext log
INFO: Manager: start: Starting web application at '/Hotel'
èþë 28, 2012 5:55:05 PM org.apache.catalina.core.ApplicationContext log
INFO: Manager: list: Listing contexts for virtual host 'localhost'
èþë 28, 2012 5:55:05 PM org.apache.catalina.core.ApplicationContext log
INFO: Manager: list: Listing contexts for virtual host 'localhost'
èþë 28, 2012 5:55:05 PM org.apache.catalina.core.ApplicationContext log
INFO: Manager: stop: Stopping web application at '/Hotel'
èþë 28, 2012 5:55:05 PM org.apache.catalina.core.ApplicationContext log
INFO: Manager: start: Starting web application at '/Hotel'
èþë 28, 2012 6:04:21 PM org.apache.catalina.core.ApplicationContext log
INFO: Manager: init: Associated with Deployer 'Catalina:type=Deployer,host=localhost'
èþë 28, 2012 6:04:21 PM org.apache.catalina.core.ApplicationContext log
INFO: Manager: init: Global resources are available
èþë 28, 2012 6:04:21 PM org.apache.catalina.core.ApplicationContext log
INFO: Manager: list: Listing contexts for virtual host 'localhost'
èþë 28, 2012 6:04:21 PM org.apache.catalina.core.ApplicationContext log
INFO: Manager: list: Listing contexts for virtual host 'localhost'
èþë 28, 2012 6:04:22 PM org.apache.catalina.core.ApplicationContext log
INFO: Manager: stop: Stopping web application at '/Hotel'
èþë 28, 2012 6:04:22 PM org.apache.catalina.core.ApplicationContext log
INFO: Manager: start: Starting web application at '/Hotel'
èþë 28, 2012 6:07:06 PM org.apache.catalina.core.ApplicationContext log
INFO: Manager: list: Listing contexts for virtual host 'localhost'
èþë 28, 2012 6:07:06 PM org.apache.catalina.core.ApplicationContext log
INFO: Manager: list: Listing contexts for virtual host 'localhost'
èþë 28, 2012 6:07:06 PM org.apache.catalina.core.ApplicationContext log
INFO: Manager: stop: Stopping web application at '/Hotel'
èþë 28, 2012 6:07:06 PM org.apache.catalina.core.ApplicationContext log
INFO: Manager: start: Starting web application at '/Hotel'
èþë 28, 2012 6:07:27 PM org.apache.catalina.core.ApplicationContext log
INFO: Manager: list: Listing contexts for virtual host 'localhost'
èþë 28, 2012 6:07:27 PM org.apache.catalina.core.ApplicationContext log
INFO: Manager: stop: Stopping web application at '/Hotel'
èþë 28, 2012 6:07:27 PM org.apache.catalina.core.ApplicationContext log
INFO: Manager: start: Starting web application at '/Hotel'
èþë 28, 2012 6:07:33 PM org.apache.catalina.core.ApplicationContext log
INFO: Manager: list: Listing contexts for virtual host 'localhost'
èþë 28, 2012 6:07:33 PM org.apache.catalina.core.ApplicationContext log
INFO: Manager: list: Listing contexts for virtual host 'localhost'
èþë 28, 2012 6:07:33 PM org.apache.catalina.core.ApplicationContext log
INFO: Manager: undeploy: Undeploying web application at '/Hotel'
èþë 28, 2012 6:07:33 PM org.apache.catalina.core.ApplicationContext log
INFO: Manager: install: Installing context configuration at 'file:/C:/Users/D395~1/AppData/Local/Temp/context2578593778246875520.xml'
èþë 28, 2012 6:07:34 PM org.apache.catalina.core.ApplicationContext log
INFO: Manager: list: Listing contexts for virtual host 'localhost'
èþë 28, 2012 6:07:34 PM org.apache.catalina.core.ApplicationContext log
INFO: Manager: list: Listing contexts for virtual host 'localhost'
èþë 28, 2012 6:07:34 PM org.apache.catalina.core.ApplicationContext log
INFO: Manager: stop: Stopping web application at '/Hotel'
èþë 28, 2012 6:07:34 PM org.apache.catalina.core.ApplicationContext log
INFO: Manager: start: Starting web application at '/Hotel'
èþë 28, 2012 6:07:44 PM org.apache.catalina.core.ApplicationContext log
INFO: Manager: list: Listing contexts for virtual host 'localhost'
èþë 28, 2012 6:07:44 PM org.apache.catalina.core.ApplicationContext log
INFO: Manager: list: Listing contexts for virtual host 'localhost'
èþë 28, 2012 6:07:44 PM org.apache.catalina.core.ApplicationContext log
INFO: Manager: undeploy: Undeploying web application at '/Hotel'
èþë 28, 2012 6:07:45 PM org.apache.catalina.core.ApplicationContext log
INFO: Manager: install: Installing context configuration at 'file:/C:/Users/D395~1/AppData/Local/Temp/context5638444709639422421.xml'
èþë 28, 2012 6:08:10 PM org.apache.catalina.core.ApplicationContext log
INFO: Manager: list: Listing contexts for virtual host 'localhost'
èþë 28, 2012 6:08:10 PM org.apache.catalina.core.ApplicationContext log
INFO: Manager: list: Listing contexts for virtual host 'localhost'
èþë 28, 2012 6:08:10 PM org.apache.catalina.core.ApplicationContext log
INFO: Manager: undeploy: Undeploying web application at '/Hotel'
èþë 28, 2012 6:08:10 PM org.apache.catalina.core.ApplicationContext log
INFO: Manager: install: Installing context configuration at 'file:/C:/Users/D395~1/AppData/Local/Temp/context7025324276062085320.xml'
èþë 28, 2012 6:08:14 PM org.apache.catalina.core.ApplicationContext log
INFO: Manager: list: Listing contexts for virtual host 'localhost'
èþë 28, 2012 6:08:14 PM org.apache.catalina.core.ApplicationContext log
INFO: Manager: list: Listing contexts for virtual host 'localhost'
èþë 28, 2012 6:08:14 PM org.apache.catalina.core.ApplicationContext log
INFO: Manager: undeploy: Undeploying web application at '/Hotel'
èþë 28, 2012 6:08:15 PM org.apache.catalina.core.ApplicationContext log
INFO: Manager: install: Installing context configuration at 'file:/C:/Users/D395~1/AppData/Local/Temp/context3831630937575724121.xml'
èþë 28, 2012 6:08:25 PM org.apache.catalina.core.ApplicationContext log
INFO: Manager: list: Listing contexts for virtual host 'localhost'
èþë 28, 2012 6:08:25 PM org.apache.catalina.core.ApplicationContext log
INFO: Manager: list: Listing contexts for virtual host 'localhost'
èþë 28, 2012 6:08:25 PM org.apache.catalina.core.ApplicationContext log
INFO: Manager: undeploy: Undeploying web application at '/Hotel'
èþë 28, 2012 6:08:25 PM org.apache.catalina.core.ApplicationContext log
INFO: Manager: install: Installing context configuration at 'file:/C:/Users/D395~1/AppData/Local/Temp/context8369618973406710718.xml'
èþë 28, 2012 6:08:25 PM org.apache.catalina.core.ApplicationContext log
INFO: Manager: start: Starting web application at '/Hotel'
èþë 28, 2012 6:08:26 PM org.apache.catalina.core.ApplicationContext log
INFO: Manager: list: Listing contexts for virtual host 'localhost'
èþë 28, 2012 6:08:26 PM org.apache.catalina.core.ApplicationContext log
INFO: Manager: list: Listing contexts for virtual host 'localhost'
èþë 28, 2012 6:08:26 PM org.apache.catalina.core.ApplicationContext log
INFO: Manager: stop: Stopping web application at '/Hotel'
èþë 28, 2012 6:08:26 PM org.apache.catalina.core.ApplicationContext log
INFO: Manager: start: Starting web application at '/Hotel'
èþë 28, 2012 6:20:19 PM org.apache.catalina.core.ApplicationContext log
INFO: Manager: list: Listing contexts for virtual host 'localhost'
èþë 28, 2012 6:20:19 PM org.apache.catalina.core.ApplicationContext log
INFO: Manager: list: Listing contexts for virtual host 'localhost'
èþë 28, 2012 6:21:23 PM org.apache.catalina.core.ApplicationContext log
INFO: Manager: list: Listing contexts for virtual host 'localhost'
èþë 28, 2012 6:21:23 PM org.apache.catalina.core.ApplicationContext log
INFO: Manager: list: Listing contexts for virtual host 'localhost'
èþë 28, 2012 6:22:17 PM org.apache.catalina.core.ApplicationContext log
INFO: Manager: list: Listing contexts for virtual host 'localhost'
èþë 28, 2012 6:22:34 PM org.apache.catalina.core.ApplicationContext log
INFO: Manager: list: Listing contexts for virtual host 'localhost'
èþë 28, 2012 6:23:08 PM org.apache.catalina.core.ApplicationContext log
INFO: Manager: list: Listing contexts for virtual host 'localhost'
èþë 28, 2012 6:23:08 PM org.apache.catalina.core.ApplicationContext log
INFO: Manager: restart: Reloading web application at '/Hotel'
èþë 28, 2012 6:23:08 PM org.apache.catalina.core.ApplicationContext log
INFO: Manager: list: Listing contexts for virtual host 'localhost'
èþë 28, 2012 6:23:10 PM org.apache.catalina.core.ApplicationContext log
INFO: Manager: list: Listing contexts for virtual host 'localhost'
èþë 28, 2012 6:23:10 PM org.apache.catalina.core.ApplicationContext log
INFO: Manager: restart: Reloading web application at '/Hotel'
èþë 28, 2012 6:23:11 PM org.apache.catalina.core.ApplicationContext log
INFO: Manager: list: Listing contexts for virtual host 'localhost'
èþë 28, 2012 6:23:22 PM org.apache.catalina.core.ApplicationContext log
INFO: Manager: list: Listing contexts for virtual host 'localhost'
èþë 28, 2012 6:23:22 PM org.apache.catalina.core.ApplicationContext log
INFO: Manager: restart: Reloading web application at '/Hotel'
èþë 28, 2012 6:23:23 PM org.apache.catalina.core.ApplicationContext log
INFO: Manager: list: Listing contexts for virtual host 'localhost'
èþë 28, 2012 6:23:24 PM org.apache.catalina.core.ApplicationContext log
INFO: Manager: list: Listing contexts for virtual host 'localhost'
èþë 28, 2012 6:23:24 PM org.apache.catalina.core.ApplicationContext log
INFO: Manager: restart: Reloading web application at '/Hotel'
èþë 28, 2012 6:24:55 PM org.apache.catalina.core.ApplicationContext log
INFO: Manager: list: Listing contexts for virtual host 'localhost'
èþë 28, 2012 6:24:55 PM org.apache.catalina.core.ApplicationContext log
INFO: Manager: list: Listing contexts for virtual host 'localhost'
èþë 28, 2012 6:24:55 PM org.apache.catalina.core.ApplicationContext log
INFO: Manager: restart: Reloading web application at '/Hotel'
èþë 28, 2012 6:25:13 PM org.apache.catalina.core.ApplicationContext log
INFO: Manager: list: Listing contexts for virtual host 'localhost'
èþë 28, 2012 6:25:13 PM org.apache.catalina.core.ApplicationContext log
INFO: Manager: list: Listing contexts for virtual host 'localhost'
èþë 28, 2012 6:32:22 PM org.apache.catalina.core.ApplicationContext log
INFO: Manager: init: Associated with Deployer 'Catalina:type=Deployer,host=localhost'
èþë 28, 2012 6:32:22 PM org.apache.catalina.core.ApplicationContext log
INFO: Manager: init: Global resources are available
èþë 28, 2012 6:32:22 PM org.apache.catalina.core.ApplicationContext log
INFO: Manager: list: Listing contexts for virtual host 'localhost'
èþë 28, 2012 6:32:22 PM org.apache.catalina.core.ApplicationContext log
INFO: Manager: list: Listing contexts for virtual host 'localhost'
èþë 28, 2012 6:33:17 PM org.apache.catalina.core.ApplicationContext log
INFO: Manager: list: Listing contexts for virtual host 'localhost'
èþë 28, 2012 6:33:17 PM org.apache.catalina.core.ApplicationContext log
INFO: Manager: list: Listing contexts for virtual host 'localhost'
èþë 28, 2012 6:34:18 PM org.apache.catalina.core.ApplicationContext log
INFO: Manager: init: Associated with Deployer 'Catalina:type=Deployer,host=localhost'
èþë 28, 2012 6:34:18 PM org.apache.catalina.core.ApplicationContext log
INFO: Manager: init: Global resources are available
èþë 28, 2012 6:34:18 PM org.apache.catalina.core.ApplicationContext log
INFO: Manager: list: Listing contexts for virtual host 'localhost'
èþë 28, 2012 6:34:18 PM org.apache.catalina.core.ApplicationContext log
INFO: Manager: list: Listing contexts for virtual host 'localhost'
èþë 28, 2012 7:34:12 PM org.apache.catalina.core.ApplicationContext log
INFO: Manager: list: Listing contexts for virtual host 'localhost'
èþë 28, 2012 7:34:12 PM org.apache.catalina.core.ApplicationContext log
INFO: Manager: list: Listing contexts for virtual host 'localhost'
èþë 28, 2012 7:43:06 PM org.apache.catalina.core.ApplicationContext log
INFO: Manager: list: Listing contexts for virtual host 'localhost'
èþë 28, 2012 7:43:06 PM org.apache.catalina.core.ApplicationContext log
INFO: Manager: list: Listing contexts for virtual host 'localhost'
èþë 28, 2012 7:51:55 PM org.apache.catalina.core.ApplicationContext log
INFO: Manager: list: Listing contexts for virtual host 'localhost'
èþë 28, 2012 7:51:55 PM org.apache.catalina.core.ApplicationContext log
INFO: Manager: list: Listing contexts for virtual host 'localhost'
èþë 28, 2012 7:52:37 PM org.apache.catalina.core.ApplicationContext log
INFO: Manager: list: Listing contexts for virtual host 'localhost'
èþë 28, 2012 7:52:37 PM org.apache.catalina.core.ApplicationContext log
INFO: Manager: list: Listing contexts for virtual host 'localhost'
èþë 28, 2012 7:55:58 PM org.apache.catalina.core.ApplicationContext log
INFO: Manager: list: Listing contexts for virtual host 'localhost'
èþë 28, 2012 7:55:58 PM org.apache.catalina.core.ApplicationContext log
INFO: Manager: list: Listing contexts for virtual host 'localhost'
èþë 28, 2012 7:56:16 PM org.apache.catalina.core.ApplicationContext log
INFO: Manager: list: Listing contexts for virtual host 'localhost'
èþë 28, 2012 7:56:16 PM org.apache.catalina.core.ApplicationContext log
INFO: Manager: list: Listing contexts for virtual host 'localhost'
èþë 28, 2012 7:56:50 PM org.apache.catalina.core.ApplicationContext log
INFO: Manager: list: Listing contexts for virtual host 'localhost'
èþë 28, 2012 7:56:50 PM org.apache.catalina.core.ApplicationContext log
INFO: Manager: list: Listing contexts for virtual host 'localhost'
èþë 28, 2012 7:57:13 PM org.apache.catalina.core.ApplicationContext log
INFO: Manager: list: Listing contexts for virtual host 'localhost'
èþë 28, 2012 7:57:13 PM org.apache.catalina.core.ApplicationContext log
INFO: Manager: list: Listing contexts for virtual host 'localhost'
èþë 28, 2012 9:46:34 PM org.apache.catalina.core.ApplicationContext log
INFO: Manager: list: Listing contexts for virtual host 'localhost'
èþë 28, 2012 9:46:34 PM org.apache.catalina.core.ApplicationContext log
INFO: Manager: list: Listing contexts for virtual host 'localhost'
èþë 28, 2012 9:58:34 PM org.apache.catalina.core.ApplicationContext log
INFO: Manager: list: Listing contexts for virtual host 'localhost'
èþë 28, 2012 9:58:34 PM org.apache.catalina.core.ApplicationContext log
INFO: Manager: list: Listing contexts for virtual host 'localhost'
èþë 28, 2012 9:59:06 PM org.apache.catalina.core.ApplicationContext log
INFO: Manager: list: Listing contexts for virtual host 'localhost'
èþë 28, 2012 9:59:06 PM org.apache.catalina.core.ApplicationContext log
INFO: Manager: list: Listing contexts for virtual host 'localhost'
èþë 28, 2012 10:01:30 PM org.apache.catalina.core.ApplicationContext log
INFO: Manager: list: Listing contexts for virtual host 'localhost'
èþë 28, 2012 10:01:30 PM org.apache.catalina.core.ApplicationContext log
INFO: Manager: restart: Reloading web application at '/Hotel'
èþë 28, 2012 10:01:31 PM org.apache.catalina.core.ApplicationContext log
INFO: Manager: list: Listing contexts for virtual host 'localhost'
èþë 28, 2012 10:01:31 PM org.apache.catalina.core.ApplicationContext log
INFO: Manager: restart: Reloading web application at '/Hotel'
èþë 28, 2012 10:49:02 PM org.apache.catalina.core.ApplicationContext log
INFO: Manager: list: Listing contexts for virtual host 'localhost'
èþë 28, 2012 10:49:02 PM org.apache.catalina.core.ApplicationContext log
INFO: Manager: restart: Reloading web application at '/Hotel'
èþë 28, 2012 10:49:03 PM org.apache.catalina.core.ApplicationContext log
INFO: Manager: list: Listing contexts for virtual host 'localhost'
èþë 28, 2012 10:49:03 PM org.apache.catalina.core.ApplicationContext log
INFO: Manager: restart: Reloading web application at '/Hotel'
èþë 28, 2012 10:51:28 PM org.apache.catalina.core.ApplicationContext log
INFO: Manager: list: Listing contexts for virtual host 'localhost'
èþë 28, 2012 10:51:28 PM org.apache.catalina.core.ApplicationContext log
INFO: Manager: restart: Reloading web application at '/Hotel'
èþë 28, 2012 10:52:12 PM org.apache.catalina.core.ApplicationContext log
INFO: Manager: list: Listing contexts for virtual host 'localhost'
èþë 28, 2012 10:52:12 PM org.apache.catalina.core.ApplicationContext log
INFO: Manager: restart: Reloading web application at '/Hotel'
èþë 28, 2012 10:54:10 PM org.apache.catalina.core.ApplicationContext log
INFO: Manager: list: Listing contexts for virtual host 'localhost'
èþë 28, 2012 10:54:10 PM org.apache.catalina.core.ApplicationContext log
INFO: Manager: restart: Reloading web application at '/Hotel'
èþë 28, 2012 10:54:11 PM org.apache.catalina.core.ApplicationContext log
INFO: Manager: list: Listing contexts for virtual host 'localhost'
èþë 28, 2012 10:54:11 PM org.apache.catalina.core.ApplicationContext log
INFO: Manager: restart: Reloading web application at '/Hotel'
èþë 28, 2012 10:54:15 PM org.apache.catalina.core.ApplicationContext log
INFO: Manager: list: Listing contexts for virtual host 'localhost'
èþë 28, 2012 10:54:15 PM org.apache.catalina.core.ApplicationContext log
INFO: Manager: list: Listing contexts for virtual host 'localhost'
èþë 28, 2012 10:54:15 PM org.apache.catalina.core.ApplicationContext log
INFO: Manager: restart: Reloading web application at '/Hotel'
èþë 28, 2012 10:55:09 PM org.apache.catalina.core.ApplicationContext log
INFO: Manager: list: Listing contexts for virtual host 'localhost'
èþë 28, 2012 10:55:09 PM org.apache.catalina.core.ApplicationContext log
INFO: Manager: restart: Reloading web application at '/Hotel'
èþë 28, 2012 10:58:05 PM org.apache.catalina.core.ApplicationContext log
INFO: Manager: list: Listing contexts for virtual host 'localhost'
èþë 28, 2012 10:58:05 PM org.apache.catalina.core.ApplicationContext log
INFO: Manager: restart: Reloading web application at '/Hotel'
èþë 28, 2012 10:58:06 PM org.apache.catalina.core.ApplicationContext log
INFO: Manager: list: Listing contexts for virtual host 'localhost'
èþë 28, 2012 10:58:06 PM org.apache.catalina.core.ApplicationContext log
INFO: Manager: list: Listing contexts for virtual host 'localhost'
èþë 28, 2012 10:58:06 PM org.apache.catalina.core.ApplicationContext log
INFO: Manager: restart: Reloading web application at '/Hotel'
èþë 28, 2012 11:02:28 PM org.apache.catalina.core.ApplicationContext log
INFO: Manager: init: Associated with Deployer 'Catalina:type=Deployer,host=localhost'
èþë 28, 2012 11:02:28 PM org.apache.catalina.core.ApplicationContext log
INFO: Manager: init: Global resources are available
èþë 28, 2012 11:02:28 PM org.apache.catalina.core.ApplicationContext log
INFO: Manager: list: Listing contexts for virtual host 'localhost'
èþë 28, 2012 11:02:28 PM org.apache.catalina.core.ApplicationContext log
INFO: Manager: list: Listing contexts for virtual host 'localhost'
èþë 28, 2012 11:02:37 PM org.apache.catalina.core.ApplicationContext log
INFO: Manager: list: Listing contexts for virtual host 'localhost'
èþë 28, 2012 11:11:47 PM org.apache.catalina.core.ApplicationContext log
INFO: Manager: init: Associated with Deployer 'Catalina:type=Deployer,host=localhost'
èþë 28, 2012 11:11:47 PM org.apache.catalina.core.ApplicationContext log
INFO: Manager: init: Global resources are available
èþë 28, 2012 11:11:47 PM org.apache.catalina.core.ApplicationContext log
INFO: Manager: list: Listing contexts for virtual host 'localhost'
èþë 28, 2012 11:11:47 PM org.apache.catalina.core.ApplicationContext log
INFO: Manager: list: Listing contexts for virtual host 'localhost'
èþë 28, 2012 11:11:47 PM org.apache.catalina.core.ApplicationContext log
INFO: Manager: restart: Reloading web application at '/Hotel'
èþë 28, 2012 11:14:40 PM org.apache.catalina.core.ApplicationContext log
INFO: Manager: init: Associated with Deployer 'Catalina:type=Deployer,host=localhost'
èþë 28, 2012 11:14:40 PM org.apache.catalina.core.ApplicationContext log
INFO: Manager: init: Global resources are available
èþë 28, 2012 11:14:40 PM org.apache.catalina.core.ApplicationContext log
INFO: Manager: list: Listing contexts for virtual host 'localhost'
èþë 28, 2012 11:14:40 PM org.apache.catalina.core.ApplicationContext log
INFO: Manager: list: Listing contexts for virtual host 'localhost'
èþë 28, 2012 11:16:44 PM org.apache.catalina.core.ApplicationContext log
INFO: Manager: list: Listing contexts for virtual host 'localhost'
èþë 28, 2012 11:16:44 PM org.apache.catalina.core.ApplicationContext log
INFO: Manager: list: Listing contexts for virtual host 'localhost'
èþë 28, 2012 11:45:56 PM org.apache.catalina.core.ApplicationContext log
INFO: Manager: init: Associated with Deployer 'Catalina:type=Deployer,host=localhost'
èþë 28, 2012 11:45:56 PM org.apache.catalina.core.ApplicationContext log
INFO: Manager: init: Global resources are available
èþë 28, 2012 11:45:56 PM org.apache.catalina.core.ApplicationContext log
INFO: Manager: list: Listing contexts for virtual host 'localhost'
èþë 28, 2012 11:45:56 PM org.apache.catalina.core.ApplicationContext log
INFO: Manager: restart: Reloading web application at '/Hotel'
èþë 28, 2012 11:50:17 PM org.apache.catalina.core.ApplicationContext log
INFO: Manager: list: Listing contexts for virtual host 'localhost'
èþë 28, 2012 11:50:18 PM org.apache.catalina.core.ApplicationContext log
INFO: Manager: restart: Reloading web application at '/Hotel'
èþë 28, 2012 11:51:42 PM org.apache.catalina.core.ApplicationContext log
INFO: Manager: list: Listing contexts for virtual host 'localhost'
èþë 28, 2012 11:51:42 PM org.apache.catalina.core.ApplicationContext log
INFO: Manager: restart: Reloading web application at '/Hotel'
èþë 28, 2012 11:52:47 PM org.apache.catalina.core.ApplicationContext log
INFO: Manager: list: Listing contexts for virtual host 'localhost'
èþë 28, 2012 11:52:47 PM org.apache.catalina.core.ApplicationContext log
INFO: Manager: restart: Reloading web application at '/Hotel'
èþë 28, 2012 11:52:54 PM org.apache.catalina.core.ApplicationContext log
INFO: Manager: list: Listing contexts for virtual host 'localhost'
èþë 28, 2012 11:52:54 PM org.apache.catalina.core.ApplicationContext log
INFO: Manager: restart: Reloading web application at '/Hotel'
èþë 28, 2012 11:52:59 PM org.apache.catalina.core.ApplicationContext log
INFO: Manager: list: Listing contexts for virtual host 'localhost'
èþë 28, 2012 11:52:59 PM org.apache.catalina.core.ApplicationContext log
INFO: Manager: restart: Reloading web application at '/Hotel'
èþë 28, 2012 11:53:00 PM org.apache.catalina.core.ApplicationContext log
INFO: Manager: list: Listing contexts for virtual host 'localhost'
èþë 28, 2012 11:53:00 PM org.apache.catalina.core.ApplicationContext log
INFO: Manager: restart: Reloading web application at '/Hotel'
èþë 28, 2012 11:55:29 PM org.apache.catalina.core.ApplicationContext log
INFO: Manager: list: Listing contexts for virtual host 'localhost'
èþë 28, 2012 11:55:29 PM org.apache.catalina.core.ApplicationContext log
INFO: Manager: restart: Reloading web application at '/Hotel'
èþë 28, 2012 11:55:31 PM org.apache.catalina.core.ApplicationContext log
INFO: Manager: list: Listing contexts for virtual host 'localhost'
èþë 28, 2012 11:55:31 PM org.apache.catalina.core.ApplicationContext log
INFO: Manager: restart: Reloading web application at '/Hotel'
