Jul 19, 2012 9:14:18 PM org.apache.catalina.core.ApplicationContext log
INFO: Manager: list: Listing contexts for virtual host 'localhost'
Jul 19, 2012 9:14:18 PM org.apache.catalina.core.ApplicationContext log
INFO: Manager: list: Listing contexts for virtual host 'localhost'
Jul 19, 2012 9:14:18 PM org.apache.catalina.core.ApplicationContext log
INFO: Manager: install: Installing context configuration at 'file:/C:/Users/BRAINL~1/AppData/Local/Temp/context5768479186879319536.xml'
Jul 19, 2012 9:14:18 PM org.apache.catalina.core.ApplicationContext log
INFO: Manager: start: Starting web application at '/WebParkSystem'
Jul 19, 2012 9:15:26 PM org.apache.catalina.core.ApplicationContext log
INFO: Manager: list: Listing contexts for virtual host 'localhost'
Jul 19, 2012 9:15:26 PM org.apache.catalina.core.ApplicationContext log
INFO: Manager: list: Listing contexts for virtual host 'localhost'
Jul 19, 2012 9:15:42 PM org.apache.catalina.core.ApplicationContext log
INFO: Manager: list: Listing contexts for virtual host 'localhost'
Jul 19, 2012 9:15:42 PM org.apache.catalina.core.ApplicationContext log
INFO: Manager: list: Listing contexts for virtual host 'localhost'
Jul 19, 2012 9:17:45 PM org.apache.catalina.core.ApplicationContext log
INFO: Manager: list: Listing contexts for virtual host 'localhost'
Jul 19, 2012 9:17:45 PM org.apache.catalina.core.ApplicationContext log
INFO: Manager: list: Listing contexts for virtual host 'localhost'
Jul 19, 2012 9:17:45 PM org.apache.catalina.core.ApplicationContext log
INFO: Manager: restart: Reloading web application at '/WebParkSystem'
Jul 19, 2012 9:21:18 PM org.apache.catalina.core.ApplicationContext log
INFO: Manager: init: Associated with Deployer 'Catalina:type=Deployer,host=localhost'
Jul 19, 2012 9:21:18 PM org.apache.catalina.core.ApplicationContext log
INFO: Manager: init: Global resources are available
Jul 19, 2012 9:21:18 PM org.apache.catalina.core.ApplicationContext log
INFO: Manager: list: Listing contexts for virtual host 'localhost'
Jul 19, 2012 9:21:18 PM org.apache.catalina.core.ApplicationContext log
INFO: Manager: list: Listing contexts for virtual host 'localhost'
Jul 19, 2012 9:23:27 PM org.apache.catalina.core.ApplicationContext log
INFO: Manager: list: Listing contexts for virtual host 'localhost'
Jul 19, 2012 9:23:27 PM org.apache.catalina.core.ApplicationContext log
INFO: Manager: undeploy: Undeploying web application at '/WebParkSystem'
Jul 19, 2012 9:23:27 PM org.apache.catalina.core.ApplicationContext log
INFO: Manager: install: Installing context configuration at 'file:/C:/Users/BRAINL~1/AppData/Local/Temp/context1388352171740391946.xml'
Jul 19, 2012 9:23:28 PM org.apache.catalina.core.ApplicationContext log
INFO: Manager: start: Starting web application at '/WebParkSystem'
Jul 19, 2012 9:24:40 PM org.apache.catalina.core.ApplicationContext log
INFO: Manager: list: Listing contexts for virtual host 'localhost'
Jul 19, 2012 9:24:40 PM org.apache.catalina.core.ApplicationContext log
INFO: Manager: list: Listing contexts for virtual host 'localhost'
Jul 19, 2012 9:24:40 PM org.apache.catalina.core.ApplicationContext log
INFO: Manager: install: Installing context configuration at 'file:/C:/Users/BRAINL~1/AppData/Local/Temp/context6452708691736499326.xml'
Jul 19, 2012 9:24:40 PM org.apache.catalina.core.ApplicationContext log
INFO: Manager: start: Starting web application at '/Test'
Jul 19, 2012 9:27:10 PM org.apache.catalina.core.ApplicationContext log
INFO: Manager: list: Listing contexts for virtual host 'localhost'
Jul 19, 2012 9:27:10 PM org.apache.catalina.core.ApplicationContext log
INFO: Manager: undeploy: Undeploying web application at '/Test'
Jul 19, 2012 9:27:17 PM org.apache.catalina.core.ApplicationContext log
INFO: Manager: list: Listing contexts for virtual host 'localhost'
Jul 19, 2012 9:27:17 PM org.apache.catalina.core.ApplicationContext log
INFO: Manager: list: Listing contexts for virtual host 'localhost'
Jul 19, 2012 9:27:17 PM org.apache.catalina.core.ApplicationContext log
INFO: Manager: install: Installing context configuration at 'file:/C:/Users/BRAINL~1/AppData/Local/Temp/context4414690375540781004.xml'
Jul 19, 2012 9:27:17 PM org.apache.catalina.core.ApplicationContext log
INFO: Manager: start: Starting web application at '/Test'
Jul 19, 2012 9:28:03 PM org.apache.catalina.core.ApplicationContext log
INFO: Manager: list: Listing contexts for virtual host 'localhost'
Jul 19, 2012 9:28:03 PM org.apache.catalina.core.ApplicationContext log
INFO: Manager: list: Listing contexts for virtual host 'localhost'
Jul 19, 2012 9:31:49 PM org.apache.catalina.core.ApplicationContext log
INFO: Manager: list: Listing contexts for virtual host 'localhost'
Jul 19, 2012 9:31:49 PM org.apache.catalina.core.ApplicationContext log
INFO: Manager: list: Listing contexts for virtual host 'localhost'
Jul 19, 2012 9:31:49 PM org.apache.catalina.core.ApplicationContext log
INFO: Manager: undeploy: Undeploying web application at '/WebParkSystem'
Jul 19, 2012 9:31:50 PM org.apache.catalina.core.ApplicationContext log
INFO: Manager: install: Installing context configuration at 'file:/C:/Users/BRAINL~1/AppData/Local/Temp/context1708358568281843718.xml'
Jul 19, 2012 9:31:50 PM org.apache.catalina.core.ApplicationContext log
INFO: Manager: start: Starting web application at '/WebParkSystem'
Jul 19, 2012 9:32:58 PM org.apache.catalina.core.ApplicationContext log
INFO: Manager: list: Listing contexts for virtual host 'localhost'
Jul 19, 2012 9:32:58 PM org.apache.catalina.core.ApplicationContext log
INFO: Manager: restart: Reloading web application at '/WebParkSystem'
Jul 19, 2012 9:33:00 PM org.apache.catalina.core.ApplicationContext log
INFO: Manager: list: Listing contexts for virtual host 'localhost'
Jul 19, 2012 9:33:00 PM org.apache.catalina.core.ApplicationContext log
INFO: Manager: list: Listing contexts for virtual host 'localhost'
Jul 19, 2012 9:33:00 PM org.apache.catalina.core.ApplicationContext log
INFO: Manager: undeploy: Undeploying web application at '/WebParkSystem'
Jul 19, 2012 9:33:01 PM org.apache.catalina.core.ApplicationContext log
INFO: Manager: install: Installing context configuration at 'file:/C:/Users/BRAINL~1/AppData/Local/Temp/context242354966531405476.xml'
Jul 19, 2012 9:33:01 PM org.apache.catalina.core.ApplicationContext log
INFO: Manager: start: Starting web application at '/WebParkSystem'
Jul 19, 2012 9:34:19 PM org.apache.catalina.core.ApplicationContext log
INFO: Manager: list: Listing contexts for virtual host 'localhost'
Jul 19, 2012 9:34:19 PM org.apache.catalina.core.ApplicationContext log
INFO: Manager: restart: Reloading web application at '/WebParkSystem'
Jul 19, 2012 9:34:52 PM org.apache.catalina.core.ApplicationContext log
INFO: Manager: list: Listing contexts for virtual host 'localhost'
Jul 19, 2012 9:34:52 PM org.apache.catalina.core.ApplicationContext log
INFO: Manager: undeploy: Undeploying web application at '/Test'
Jul 19, 2012 9:35:05 PM org.apache.catalina.core.ApplicationContext log
INFO: Manager: list: Listing contexts for virtual host 'localhost'
Jul 19, 2012 9:35:05 PM org.apache.catalina.core.ApplicationContext log
INFO: Manager: undeploy: Undeploying web application at '/WebParkSystem'
Jul 19, 2012 9:35:28 PM org.apache.catalina.core.ApplicationContext log
INFO: Manager: list: Listing contexts for virtual host 'localhost'
Jul 19, 2012 9:35:28 PM org.apache.catalina.core.ApplicationContext log
INFO: Manager: list: Listing contexts for virtual host 'localhost'
Jul 19, 2012 9:35:28 PM org.apache.catalina.core.ApplicationContext log
INFO: Manager: install: Installing context configuration at 'file:/C:/Users/BRAINL~1/AppData/Local/Temp/context1324358777655455011.xml'
Jul 19, 2012 9:35:28 PM org.apache.catalina.core.ApplicationContext log
INFO: Manager: start: Starting web application at '/WebParkSystem'
Jul 19, 2012 9:36:03 PM org.apache.catalina.core.ApplicationContext log
INFO: Manager: list: Listing contexts for virtual host 'localhost'
Jul 19, 2012 9:36:03 PM org.apache.catalina.core.ApplicationContext log
INFO: Manager: restart: Reloading web application at '/WebParkSystem'
Jul 19, 2012 9:36:16 PM org.apache.catalina.core.ApplicationContext log
INFO: Manager: list: Listing contexts for virtual host 'localhost'
Jul 19, 2012 9:36:16 PM org.apache.catalina.core.ApplicationContext log
INFO: Manager: restart: Reloading web application at '/WebParkSystem'
Jul 19, 2012 9:36:26 PM org.apache.catalina.core.ApplicationContext log
INFO: Manager: list: Listing contexts for virtual host 'localhost'
Jul 19, 2012 9:36:26 PM org.apache.catalina.core.ApplicationContext log
INFO: Manager: restart: Reloading web application at '/WebParkSystem'
Jul 19, 2012 9:36:31 PM org.apache.catalina.core.ApplicationContext log
INFO: Manager: list: Listing contexts for virtual host 'localhost'
Jul 19, 2012 9:36:31 PM org.apache.catalina.core.ApplicationContext log
INFO: Manager: restart: Reloading web application at '/WebParkSystem'
Jul 19, 2012 9:37:09 PM org.apache.catalina.core.ApplicationContext log
INFO: Manager: list: Listing contexts for virtual host 'localhost'
Jul 19, 2012 9:37:09 PM org.apache.catalina.core.ApplicationContext log
INFO: Manager: restart: Reloading web application at '/WebParkSystem'
Jul 19, 2012 9:37:18 PM org.apache.catalina.core.ApplicationContext log
INFO: Manager: list: Listing contexts for virtual host 'localhost'
Jul 19, 2012 9:37:18 PM org.apache.catalina.core.ApplicationContext log
INFO: Manager: restart: Reloading web application at '/WebParkSystem'
Jul 19, 2012 9:37:23 PM org.apache.catalina.core.ApplicationContext log
INFO: Manager: list: Listing contexts for virtual host 'localhost'
Jul 19, 2012 9:37:23 PM org.apache.catalina.core.ApplicationContext log
INFO: Manager: restart: Reloading web application at '/WebParkSystem'
Jul 19, 2012 9:39:26 PM org.apache.catalina.core.ApplicationContext log
INFO: Manager: list: Listing contexts for virtual host 'localhost'
Jul 19, 2012 9:39:26 PM org.apache.catalina.core.ApplicationContext log
INFO: Manager: restart: Reloading web application at '/WebParkSystem'
Jul 19, 2012 9:40:43 PM org.apache.catalina.core.ApplicationContext log
INFO: Manager: list: Listing contexts for virtual host 'localhost'
Jul 19, 2012 9:45:34 PM org.apache.catalina.core.ApplicationContext log
INFO: Manager: list: Listing contexts for virtual host 'localhost'
Jul 19, 2012 9:47:16 PM org.apache.catalina.core.ApplicationContext log
INFO: Manager: list: Listing contexts for virtual host 'localhost'
Jul 19, 2012 9:47:16 PM org.apache.catalina.core.ApplicationContext log
INFO: Manager: restart: Reloading web application at '/WebParkSystem'
Jul 19, 2012 9:47:21 PM org.apache.catalina.core.ApplicationContext log
INFO: Manager: list: Listing contexts for virtual host 'localhost'
Jul 19, 2012 9:47:21 PM org.apache.catalina.core.ApplicationContext log
INFO: Manager: restart: Reloading web application at '/WebParkSystem'
Jul 19, 2012 9:47:37 PM org.apache.catalina.core.ApplicationContext log
INFO: Manager: list: Listing contexts for virtual host 'localhost'
Jul 19, 2012 9:48:44 PM org.apache.catalina.core.ApplicationContext log
INFO: Manager: list: Listing contexts for virtual host 'localhost'
Jul 19, 2012 9:50:02 PM org.apache.catalina.core.ApplicationContext log
INFO: Manager: list: Listing contexts for virtual host 'localhost'
Jul 19, 2012 9:51:59 PM org.apache.catalina.core.ApplicationContext log
INFO: Manager: list: Listing contexts for virtual host 'localhost'
Jul 19, 2012 9:51:59 PM org.apache.catalina.core.ApplicationContext log
INFO: Manager: restart: Reloading web application at '/WebParkSystem'
Jul 19, 2012 9:55:14 PM org.apache.catalina.core.ApplicationContext log
INFO: Manager: list: Listing contexts for virtual host 'localhost'
Jul 19, 2012 9:55:29 PM org.apache.catalina.core.ApplicationContext log
INFO: Manager: list: Listing contexts for virtual host 'localhost'
Jul 19, 2012 9:56:58 PM org.apache.catalina.core.ApplicationContext log
INFO: Manager: list: Listing contexts for virtual host 'localhost'
Jul 19, 2012 9:57:04 PM org.apache.catalina.core.ApplicationContext log
INFO: Manager: list: Listing contexts for virtual host 'localhost'
Jul 19, 2012 9:57:11 PM org.apache.catalina.core.ApplicationContext log
INFO: Manager: list: Listing contexts for virtual host 'localhost'
Jul 19, 2012 9:57:11 PM org.apache.catalina.core.ApplicationContext log
INFO: Manager: list: Listing contexts for virtual host 'localhost'
Jul 19, 2012 9:57:11 PM org.apache.catalina.core.ApplicationContext log
INFO: Manager: undeploy: Undeploying web application at '/WebParkSystem'
Jul 19, 2012 9:57:12 PM org.apache.catalina.core.ApplicationContext log
INFO: Manager: install: Installing context configuration at 'file:/C:/Users/BRAINL~1/AppData/Local/Temp/context206683328493143409.xml'
Jul 19, 2012 9:57:12 PM org.apache.catalina.core.ApplicationContext log
INFO: Manager: start: Starting web application at '/WebParkSystem'
Jul 19, 2012 9:59:06 PM org.apache.catalina.core.ApplicationContext log
INFO: Manager: list: Listing contexts for virtual host 'localhost'
Jul 19, 2012 9:59:06 PM org.apache.catalina.core.ApplicationContext log
INFO: Manager: restart: Reloading web application at '/WebParkSystem'
Jul 19, 2012 9:59:53 PM org.apache.catalina.core.ApplicationContext log
INFO: Manager: list: Listing contexts for virtual host 'localhost'
Jul 19, 2012 9:59:53 PM org.apache.catalina.core.ApplicationContext log
INFO: Manager: restart: Reloading web application at '/WebParkSystem'
Jul 19, 2012 10:00:53 PM org.apache.catalina.core.ApplicationContext log
INFO: Manager: list: Listing contexts for virtual host 'localhost'
Jul 19, 2012 10:00:53 PM org.apache.catalina.core.ApplicationContext log
INFO: Manager: list: Listing contexts for virtual host 'localhost'
Jul 19, 2012 10:00:53 PM org.apache.catalina.core.ApplicationContext log
INFO: Manager: undeploy: Undeploying web application at '/WebParkSystem'
Jul 19, 2012 10:00:54 PM org.apache.catalina.core.ApplicationContext log
INFO: Manager: install: Installing context configuration at 'file:/C:/Users/BRAINL~1/AppData/Local/Temp/context5017341157588247258.xml'
Jul 19, 2012 10:00:54 PM org.apache.catalina.core.ApplicationContext log
INFO: Manager: start: Starting web application at '/WebParkSystem'
Jul 19, 2012 10:04:52 PM org.apache.catalina.core.ApplicationContext log
INFO: Manager: list: Listing contexts for virtual host 'localhost'
Jul 19, 2012 10:05:22 PM org.apache.catalina.core.ApplicationContext log
INFO: Manager: list: Listing contexts for virtual host 'localhost'
Jul 19, 2012 10:05:22 PM org.apache.catalina.core.ApplicationContext log
INFO: Manager: list: Listing contexts for virtual host 'localhost'
Jul 19, 2012 10:05:22 PM org.apache.catalina.core.ApplicationContext log
INFO: Manager: undeploy: Undeploying web application at '/WebParkSystem'
Jul 19, 2012 10:05:23 PM org.apache.catalina.core.ApplicationContext log
INFO: Manager: install: Installing context configuration at 'file:/C:/Users/BRAINL~1/AppData/Local/Temp/context9052636136088735553.xml'
Jul 19, 2012 10:05:23 PM org.apache.catalina.core.ApplicationContext log
INFO: Manager: start: Starting web application at '/WebParkSystem'
Jul 19, 2012 10:06:54 PM org.apache.catalina.core.ApplicationContext log
INFO: Manager: list: Listing contexts for virtual host 'localhost'
Jul 19, 2012 10:06:54 PM org.apache.catalina.core.ApplicationContext log
INFO: Manager: list: Listing contexts for virtual host 'localhost'
Jul 19, 2012 10:06:54 PM org.apache.catalina.core.ApplicationContext log
INFO: Manager: undeploy: Undeploying web application at '/WebParkSystem'
Jul 19, 2012 10:06:55 PM org.apache.catalina.core.ApplicationContext log
INFO: Manager: install: Installing context configuration at 'file:/C:/Users/BRAINL~1/AppData/Local/Temp/context5111315922241208024.xml'
Jul 19, 2012 10:06:55 PM org.apache.catalina.core.ApplicationContext log
INFO: Manager: start: Starting web application at '/WebParkSystem'
Jul 19, 2012 10:07:52 PM org.apache.catalina.core.ApplicationContext log
INFO: Manager: list: Listing contexts for virtual host 'localhost'
Jul 19, 2012 10:07:52 PM org.apache.catalina.core.ApplicationContext log
INFO: Manager: list: Listing contexts for virtual host 'localhost'
Jul 19, 2012 10:07:52 PM org.apache.catalina.core.ApplicationContext log
INFO: Manager: undeploy: Undeploying web application at '/WebParkSystem'
Jul 19, 2012 10:07:52 PM org.apache.catalina.core.ApplicationContext log
INFO: Manager: install: Installing context configuration at 'file:/C:/Users/BRAINL~1/AppData/Local/Temp/context3869555971106802897.xml'
Jul 19, 2012 10:07:52 PM org.apache.catalina.core.ApplicationContext log
INFO: Manager: start: Starting web application at '/WebParkSystem'
Jul 19, 2012 10:09:49 PM org.apache.catalina.core.ApplicationContext log
INFO: Manager: list: Listing contexts for virtual host 'localhost'
Jul 19, 2012 10:09:53 PM org.apache.catalina.core.ApplicationContext log
INFO: Manager: list: Listing contexts for virtual host 'localhost'
Jul 19, 2012 10:09:53 PM org.apache.catalina.core.ApplicationContext log
INFO: Manager: list: Listing contexts for virtual host 'localhost'
Jul 19, 2012 10:09:53 PM org.apache.catalina.core.ApplicationContext log
INFO: Manager: undeploy: Undeploying web application at '/WebParkSystem'
Jul 19, 2012 10:09:53 PM org.apache.catalina.core.ApplicationContext log
INFO: Manager: install: Installing context configuration at 'file:/C:/Users/BRAINL~1/AppData/Local/Temp/context583652123013480953.xml'
Jul 19, 2012 10:09:53 PM org.apache.catalina.core.ApplicationContext log
INFO: Manager: start: Starting web application at '/WebParkSystem'
Jul 19, 2012 10:10:33 PM org.apache.catalina.core.ApplicationContext log
INFO: Manager: list: Listing contexts for virtual host 'localhost'
Jul 19, 2012 10:10:33 PM org.apache.catalina.core.ApplicationContext log
INFO: Manager: list: Listing contexts for virtual host 'localhost'
Jul 19, 2012 10:10:34 PM org.apache.catalina.core.ApplicationContext log
INFO: Manager: undeploy: Undeploying web application at '/WebParkSystem'
Jul 19, 2012 10:10:34 PM org.apache.catalina.core.ApplicationContext log
INFO: Manager: install: Installing context configuration at 'file:/C:/Users/BRAINL~1/AppData/Local/Temp/context7492595135244111871.xml'
Jul 19, 2012 10:10:34 PM org.apache.catalina.core.ApplicationContext log
INFO: Manager: start: Starting web application at '/WebParkSystem'
Jul 19, 2012 10:27:58 PM org.apache.catalina.core.ApplicationContext log
INFO: Manager: list: Listing contexts for virtual host 'localhost'
Jul 19, 2012 10:35:25 PM org.apache.catalina.core.ApplicationContext log
INFO: Manager: list: Listing contexts for virtual host 'localhost'
Jul 19, 2012 10:35:25 PM org.apache.catalina.core.ApplicationContext log
INFO: Manager: stop: Stopping web application at '/WebParkSystem'
Jul 19, 2012 10:35:25 PM org.apache.catalina.core.ApplicationContext log
INFO: Manager: start: Starting web application at '/WebParkSystem'
Jul 19, 2012 10:35:26 PM org.apache.catalina.core.ApplicationContext log
INFO: Manager: list: Listing contexts for virtual host 'localhost'
Jul 19, 2012 10:35:26 PM org.apache.catalina.core.ApplicationContext log
INFO: Manager: restart: Reloading web application at '/WebParkSystem'
Jul 19, 2012 10:35:27 PM org.apache.catalina.core.ApplicationContext log
INFO: Manager: list: Listing contexts for virtual host 'localhost'
Jul 19, 2012 10:35:27 PM org.apache.catalina.core.ApplicationContext log
INFO: Manager: restart: Reloading web application at '/WebParkSystem'
Jul 19, 2012 10:39:52 PM org.apache.catalina.core.ApplicationContext log
INFO: Manager: list: Listing contexts for virtual host 'localhost'
Jul 19, 2012 10:43:33 PM org.apache.catalina.core.ApplicationContext log
INFO: Manager: list: Listing contexts for virtual host 'localhost'
Jul 19, 2012 10:43:33 PM org.apache.catalina.core.ApplicationContext log
INFO: Manager: list: Listing contexts for virtual host 'localhost'
Jul 19, 2012 10:43:33 PM org.apache.catalina.core.ApplicationContext log
INFO: Manager: undeploy: Undeploying web application at '/WebParkSystem'
Jul 19, 2012 10:43:34 PM org.apache.catalina.core.ApplicationContext log
INFO: Manager: install: Installing context configuration at 'file:/C:/Users/BRAINL~1/AppData/Local/Temp/context2472990252702306612.xml'
Jul 19, 2012 10:43:34 PM org.apache.catalina.core.ApplicationContext log
INFO: Manager: start: Starting web application at '/WebParkSystem'
Jul 19, 2012 10:46:49 PM org.apache.catalina.core.ApplicationContext log
INFO: Manager: list: Listing contexts for virtual host 'localhost'
Jul 19, 2012 10:46:49 PM org.apache.catalina.core.ApplicationContext log
INFO: Manager: restart: Reloading web application at '/WebParkSystem'
Jul 19, 2012 10:48:40 PM org.apache.catalina.core.ApplicationContext log
INFO: Manager: list: Listing contexts for virtual host 'localhost'
Jul 19, 2012 10:48:40 PM org.apache.catalina.core.ApplicationContext log
INFO: Manager: restart: Reloading web application at '/WebParkSystem'
Jul 19, 2012 10:49:32 PM org.apache.catalina.core.ApplicationContext log
INFO: Manager: list: Listing contexts for virtual host 'localhost'
Jul 19, 2012 10:49:32 PM org.apache.catalina.core.ApplicationContext log
INFO: Manager: restart: Reloading web application at '/WebParkSystem'
Jul 19, 2012 10:49:58 PM org.apache.catalina.core.ApplicationContext log
INFO: Manager: list: Listing contexts for virtual host 'localhost'
Jul 19, 2012 10:49:58 PM org.apache.catalina.core.ApplicationContext log
INFO: Manager: list: Listing contexts for virtual host 'localhost'
Jul 19, 2012 10:49:59 PM org.apache.catalina.core.ApplicationContext log
INFO: Manager: undeploy: Undeploying web application at '/WebParkSystem'
Jul 19, 2012 10:49:59 PM org.apache.catalina.core.ApplicationContext log
INFO: Manager: install: Installing context configuration at 'file:/C:/Users/BRAINL~1/AppData/Local/Temp/context996045502539905793.xml'
Jul 19, 2012 10:49:59 PM org.apache.catalina.core.ApplicationContext log
INFO: Manager: start: Starting web application at '/WebParkSystem'
Jul 19, 2012 10:50:47 PM org.apache.catalina.core.ApplicationContext log
INFO: Manager: list: Listing contexts for virtual host 'localhost'
Jul 19, 2012 10:50:47 PM org.apache.catalina.core.ApplicationContext log
INFO: Manager: restart: Reloading web application at '/WebParkSystem'
Jul 19, 2012 10:51:00 PM org.apache.catalina.core.ApplicationContext log
INFO: Manager: list: Listing contexts for virtual host 'localhost'
Jul 19, 2012 10:51:00 PM org.apache.catalina.core.ApplicationContext log
INFO: Manager: list: Listing contexts for virtual host 'localhost'
Jul 19, 2012 10:51:00 PM org.apache.catalina.core.ApplicationContext log
INFO: Manager: undeploy: Undeploying web application at '/WebParkSystem'
Jul 19, 2012 10:51:00 PM org.apache.catalina.core.ApplicationContext log
INFO: Manager: install: Installing context configuration at 'file:/C:/Users/BRAINL~1/AppData/Local/Temp/context120342325650772709.xml'
Jul 19, 2012 10:51:00 PM org.apache.catalina.core.ApplicationContext log
INFO: Manager: start: Starting web application at '/WebParkSystem'
Jul 19, 2012 10:52:13 PM org.apache.catalina.core.ApplicationContext log
INFO: Manager: list: Listing contexts for virtual host 'localhost'
Jul 19, 2012 10:52:13 PM org.apache.catalina.core.ApplicationContext log
INFO: Manager: restart: Reloading web application at '/WebParkSystem'
Jul 19, 2012 10:52:44 PM org.apache.catalina.core.ApplicationContext log
INFO: Manager: list: Listing contexts for virtual host 'localhost'
Jul 19, 2012 10:52:44 PM org.apache.catalina.core.ApplicationContext log
INFO: Manager: restart: Reloading web application at '/WebParkSystem'
Jul 19, 2012 10:52:50 PM org.apache.catalina.core.ApplicationContext log
INFO: Manager: list: Listing contexts for virtual host 'localhost'
Jul 19, 2012 10:52:50 PM org.apache.catalina.core.ApplicationContext log
INFO: Manager: restart: Reloading web application at '/WebParkSystem'
Jul 19, 2012 10:52:59 PM org.apache.catalina.core.ApplicationContext log
INFO: Manager: list: Listing contexts for virtual host 'localhost'
Jul 19, 2012 10:52:59 PM org.apache.catalina.core.ApplicationContext log
INFO: Manager: restart: Reloading web application at '/WebParkSystem'
Jul 19, 2012 10:55:27 PM org.apache.catalina.core.ApplicationContext log
INFO: Manager: list: Listing contexts for virtual host 'localhost'
Jul 19, 2012 10:55:27 PM org.apache.catalina.core.ApplicationContext log
INFO: Manager: restart: Reloading web application at '/WebParkSystem'
Jul 19, 2012 10:55:59 PM org.apache.catalina.core.ApplicationContext log
INFO: Manager: list: Listing contexts for virtual host 'localhost'
Jul 19, 2012 10:55:59 PM org.apache.catalina.core.ApplicationContext log
INFO: Manager: restart: Reloading web application at '/WebParkSystem'
Jul 19, 2012 11:02:02 PM org.apache.catalina.core.ApplicationContext log
INFO: Manager: list: Listing contexts for virtual host 'localhost'
Jul 19, 2012 11:02:02 PM org.apache.catalina.core.ApplicationContext log
INFO: Manager: restart: Reloading web application at '/WebParkSystem'
Jul 19, 2012 11:02:56 PM org.apache.catalina.core.ApplicationContext log
INFO: Manager: list: Listing contexts for virtual host 'localhost'
Jul 19, 2012 11:02:56 PM org.apache.catalina.core.ApplicationContext log
INFO: Manager: restart: Reloading web application at '/WebParkSystem'
Jul 19, 2012 11:03:05 PM org.apache.catalina.core.ApplicationContext log
INFO: Manager: list: Listing contexts for virtual host 'localhost'
Jul 19, 2012 11:03:44 PM org.apache.catalina.core.ApplicationContext log
INFO: Manager: list: Listing contexts for virtual host 'localhost'
Jul 19, 2012 11:03:58 PM org.apache.catalina.core.ApplicationContext log
INFO: Manager: list: Listing contexts for virtual host 'localhost'
Jul 19, 2012 11:05:01 PM org.apache.catalina.core.ApplicationContext log
INFO: Manager: list: Listing contexts for virtual host 'localhost'
Jul 19, 2012 11:08:02 PM org.apache.catalina.core.ApplicationContext log
INFO: Manager: list: Listing contexts for virtual host 'localhost'
Jul 19, 2012 11:10:25 PM org.apache.catalina.core.ApplicationContext log
INFO: Manager: list: Listing contexts for virtual host 'localhost'
Jul 19, 2012 11:11:02 PM org.apache.catalina.core.ApplicationContext log
INFO: Manager: list: Listing contexts for virtual host 'localhost'
Jul 19, 2012 11:11:59 PM org.apache.catalina.core.ApplicationContext log
INFO: Manager: list: Listing contexts for virtual host 'localhost'
Jul 19, 2012 11:17:03 PM org.apache.catalina.core.ApplicationContext log
INFO: Manager: list: Listing contexts for virtual host 'localhost'
Jul 19, 2012 11:18:00 PM org.apache.catalina.core.ApplicationContext log
INFO: Manager: list: Listing contexts for virtual host 'localhost'
Jul 19, 2012 11:18:41 PM org.apache.catalina.core.ApplicationContext log
INFO: Manager: list: Listing contexts for virtual host 'localhost'
Jul 19, 2012 11:18:41 PM org.apache.catalina.core.ApplicationContext log
INFO: Manager: list: Listing contexts for virtual host 'localhost'
Jul 19, 2012 11:18:41 PM org.apache.catalina.core.ApplicationContext log
INFO: Manager: undeploy: Undeploying web application at '/WebParkSystem'
Jul 19, 2012 11:18:42 PM org.apache.catalina.core.ApplicationContext log
INFO: Manager: install: Installing context configuration at 'file:/C:/Users/BRAINL~1/AppData/Local/Temp/context3010163708619304767.xml'
Jul 19, 2012 11:18:42 PM org.apache.catalina.core.ApplicationContext log
INFO: Manager: start: Starting web application at '/WebParkSystem'
Jul 19, 2012 11:19:23 PM org.apache.catalina.core.ApplicationContext log
INFO: Manager: list: Listing contexts for virtual host 'localhost'
Jul 19, 2012 11:19:23 PM org.apache.catalina.core.ApplicationContext log
INFO: Manager: list: Listing contexts for virtual host 'localhost'
Jul 19, 2012 11:19:23 PM org.apache.catalina.core.ApplicationContext log
INFO: Manager: undeploy: Undeploying web application at '/WebParkSystem'
Jul 19, 2012 11:19:23 PM org.apache.catalina.core.ApplicationContext log
INFO: Manager: install: Installing context configuration at 'file:/C:/Users/BRAINL~1/AppData/Local/Temp/context7138058457690714352.xml'
Jul 19, 2012 11:19:24 PM org.apache.catalina.core.ApplicationContext log
INFO: Manager: start: Starting web application at '/WebParkSystem'
Jul 19, 2012 11:20:02 PM org.apache.catalina.core.ApplicationContext log
INFO: Manager: list: Listing contexts for virtual host 'localhost'
Jul 19, 2012 11:20:02 PM org.apache.catalina.core.ApplicationContext log
INFO: Manager: list: Listing contexts for virtual host 'localhost'
Jul 19, 2012 11:20:02 PM org.apache.catalina.core.ApplicationContext log
INFO: Manager: undeploy: Undeploying web application at '/WebParkSystem'
Jul 19, 2012 11:20:02 PM org.apache.catalina.core.ApplicationContext log
INFO: Manager: install: Installing context configuration at 'file:/C:/Users/BRAINL~1/AppData/Local/Temp/context7663436579917903412.xml'
Jul 19, 2012 11:20:02 PM org.apache.catalina.core.ApplicationContext log
INFO: Manager: start: Starting web application at '/WebParkSystem'
Jul 19, 2012 11:21:20 PM org.apache.catalina.core.ApplicationContext log
INFO: Manager: list: Listing contexts for virtual host 'localhost'
Jul 19, 2012 11:21:20 PM org.apache.catalina.core.ApplicationContext log
INFO: Manager: restart: Reloading web application at '/WebParkSystem'
Jul 19, 2012 11:24:28 PM org.apache.catalina.core.ApplicationContext log
INFO: Manager: list: Listing contexts for virtual host 'localhost'
Jul 19, 2012 11:24:28 PM org.apache.catalina.core.ApplicationContext log
INFO: Manager: list: Listing contexts for virtual host 'localhost'
Jul 19, 2012 11:24:28 PM org.apache.catalina.core.ApplicationContext log
INFO: Manager: undeploy: Undeploying web application at '/WebParkSystem'
Jul 19, 2012 11:24:29 PM org.apache.catalina.core.ApplicationContext log
INFO: Manager: install: Installing context configuration at 'file:/C:/Users/BRAINL~1/AppData/Local/Temp/context5186588167857000303.xml'
Jul 19, 2012 11:24:29 PM org.apache.catalina.core.ApplicationContext log
INFO: Manager: start: Starting web application at '/WebParkSystem'
Jul 19, 2012 11:25:37 PM org.apache.catalina.core.ApplicationContext log
INFO: Manager: list: Listing contexts for virtual host 'localhost'
Jul 19, 2012 11:25:37 PM org.apache.catalina.core.ApplicationContext log
INFO: Manager: list: Listing contexts for virtual host 'localhost'
Jul 19, 2012 11:25:37 PM org.apache.catalina.core.ApplicationContext log
INFO: Manager: undeploy: Undeploying web application at '/WebParkSystem'
Jul 19, 2012 11:25:38 PM org.apache.catalina.core.ApplicationContext log
INFO: Manager: install: Installing context configuration at 'file:/C:/Users/BRAINL~1/AppData/Local/Temp/context2250495136063740306.xml'
Jul 19, 2012 11:25:38 PM org.apache.catalina.core.ApplicationContext log
INFO: Manager: start: Starting web application at '/WebParkSystem'
Jul 19, 2012 11:26:33 PM org.apache.catalina.core.ApplicationContext log
INFO: Manager: list: Listing contexts for virtual host 'localhost'
Jul 19, 2012 11:26:33 PM org.apache.catalina.core.ApplicationContext log
INFO: Manager: list: Listing contexts for virtual host 'localhost'
Jul 19, 2012 11:26:33 PM org.apache.catalina.core.ApplicationContext log
INFO: Manager: undeploy: Undeploying web application at '/WebParkSystem'
Jul 19, 2012 11:26:33 PM org.apache.catalina.core.ApplicationContext log
INFO: Manager: install: Installing context configuration at 'file:/C:/Users/BRAINL~1/AppData/Local/Temp/context1764290595799671990.xml'
Jul 19, 2012 11:26:33 PM org.apache.catalina.core.ApplicationContext log
INFO: Manager: start: Starting web application at '/WebParkSystem'
Jul 19, 2012 11:27:10 PM org.apache.catalina.core.ApplicationContext log
INFO: Manager: list: Listing contexts for virtual host 'localhost'
Jul 19, 2012 11:27:10 PM org.apache.catalina.core.ApplicationContext log
INFO: Manager: list: Listing contexts for virtual host 'localhost'
Jul 19, 2012 11:27:10 PM org.apache.catalina.core.ApplicationContext log
INFO: Manager: undeploy: Undeploying web application at '/WebParkSystem'
Jul 19, 2012 11:27:11 PM org.apache.catalina.core.ApplicationContext log
INFO: Manager: install: Installing context configuration at 'file:/C:/Users/BRAINL~1/AppData/Local/Temp/context3890595609601305941.xml'
Jul 19, 2012 11:27:11 PM org.apache.catalina.core.ApplicationContext log
INFO: Manager: start: Starting web application at '/WebParkSystem'
Jul 19, 2012 11:28:00 PM org.apache.catalina.core.ApplicationContext log
INFO: Manager: list: Listing contexts for virtual host 'localhost'
Jul 19, 2012 11:28:00 PM org.apache.catalina.core.ApplicationContext log
INFO: Manager: list: Listing contexts for virtual host 'localhost'
Jul 19, 2012 11:28:00 PM org.apache.catalina.core.ApplicationContext log
INFO: Manager: undeploy: Undeploying web application at '/WebParkSystem'
Jul 19, 2012 11:28:01 PM org.apache.catalina.core.ApplicationContext log
INFO: Manager: install: Installing context configuration at 'file:/C:/Users/BRAINL~1/AppData/Local/Temp/context3589346896158667450.xml'
Jul 19, 2012 11:28:02 PM org.apache.catalina.core.ApplicationContext log
INFO: Manager: start: Starting web application at '/WebParkSystem'
Jul 19, 2012 11:28:44 PM org.apache.catalina.core.ApplicationContext log
INFO: Manager: list: Listing contexts for virtual host 'localhost'
Jul 19, 2012 11:28:44 PM org.apache.catalina.core.ApplicationContext log
INFO: Manager: list: Listing contexts for virtual host 'localhost'
Jul 19, 2012 11:28:44 PM org.apache.catalina.core.ApplicationContext log
INFO: Manager: undeploy: Undeploying web application at '/WebParkSystem'
Jul 19, 2012 11:28:45 PM org.apache.catalina.core.ApplicationContext log
INFO: Manager: install: Installing context configuration at 'file:/C:/Users/BRAINL~1/AppData/Local/Temp/context5157395256775670383.xml'
Jul 19, 2012 11:28:45 PM org.apache.catalina.core.ApplicationContext log
INFO: Manager: start: Starting web application at '/WebParkSystem'
Jul 19, 2012 11:30:39 PM org.apache.catalina.core.ApplicationContext log
INFO: Manager: list: Listing contexts for virtual host 'localhost'
Jul 19, 2012 11:30:39 PM org.apache.catalina.core.ApplicationContext log
INFO: Manager: list: Listing contexts for virtual host 'localhost'
Jul 19, 2012 11:30:39 PM org.apache.catalina.core.ApplicationContext log
INFO: Manager: undeploy: Undeploying web application at '/WebParkSystem'
Jul 19, 2012 11:30:39 PM org.apache.catalina.core.ApplicationContext log
INFO: Manager: install: Installing context configuration at 'file:/C:/Users/BRAINL~1/AppData/Local/Temp/context5523314327670586198.xml'
Jul 19, 2012 11:30:39 PM org.apache.catalina.core.ApplicationContext log
INFO: Manager: start: Starting web application at '/WebParkSystem'
Jul 19, 2012 11:32:58 PM org.apache.catalina.core.ApplicationContext log
INFO: Manager: list: Listing contexts for virtual host 'localhost'
Jul 19, 2012 11:32:58 PM org.apache.catalina.core.ApplicationContext log
INFO: Manager: list: Listing contexts for virtual host 'localhost'
Jul 19, 2012 11:32:58 PM org.apache.catalina.core.ApplicationContext log
INFO: Manager: undeploy: Undeploying web application at '/WebParkSystem'
Jul 19, 2012 11:32:58 PM org.apache.catalina.core.ApplicationContext log
INFO: Manager: install: Installing context configuration at 'file:/C:/Users/BRAINL~1/AppData/Local/Temp/context888437954117101164.xml'
Jul 19, 2012 11:32:59 PM org.apache.catalina.core.ApplicationContext log
INFO: Manager: start: Starting web application at '/WebParkSystem'
