èþë 30, 2012 12:00:42 AM org.apache.catalina.core.ApplicationContext log
INFO: Manager: list: Listing contexts for virtual host 'localhost'
èþë 30, 2012 12:00:42 AM org.apache.catalina.core.ApplicationContext log
INFO: Manager: restart: Reloading web application at '/Hotel'
èþë 30, 2012 12:00:48 AM org.apache.catalina.core.ApplicationContext log
INFO: Manager: list: Listing contexts for virtual host 'localhost'
èþë 30, 2012 12:00:48 AM org.apache.catalina.core.ApplicationContext log
INFO: Manager: restart: Reloading web application at '/Hotel'
èþë 30, 2012 12:00:54 AM org.apache.catalina.core.ApplicationContext log
INFO: Manager: list: Listing contexts for virtual host 'localhost'
èþë 30, 2012 12:00:54 AM org.apache.catalina.core.ApplicationContext log
INFO: Manager: restart: Reloading web application at '/Hotel'
èþë 30, 2012 12:01:01 AM org.apache.catalina.core.ApplicationContext log
INFO: Manager: list: Listing contexts for virtual host 'localhost'
èþë 30, 2012 12:01:01 AM org.apache.catalina.core.ApplicationContext log
INFO: Manager: restart: Reloading web application at '/Hotel'
èþë 30, 2012 12:01:07 AM org.apache.catalina.core.ApplicationContext log
INFO: Manager: list: Listing contexts for virtual host 'localhost'
èþë 30, 2012 12:01:07 AM org.apache.catalina.core.ApplicationContext log
INFO: Manager: restart: Reloading web application at '/Hotel'
èþë 30, 2012 12:01:14 AM org.apache.catalina.core.ApplicationContext log
INFO: Manager: list: Listing contexts for virtual host 'localhost'
èþë 30, 2012 12:01:14 AM org.apache.catalina.core.ApplicationContext log
INFO: Manager: restart: Reloading web application at '/Hotel'
èþë 30, 2012 12:01:24 AM org.apache.catalina.core.ApplicationContext log
INFO: Manager: list: Listing contexts for virtual host 'localhost'
èþë 30, 2012 12:01:24 AM org.apache.catalina.core.ApplicationContext log
INFO: Manager: restart: Reloading web application at '/Hotel'
èþë 30, 2012 12:01:37 AM org.apache.catalina.core.ApplicationContext log
INFO: Manager: list: Listing contexts for virtual host 'localhost'
èþë 30, 2012 12:01:37 AM org.apache.catalina.core.ApplicationContext log
INFO: Manager: restart: Reloading web application at '/Hotel'
èþë 30, 2012 12:05:28 AM org.apache.catalina.core.ApplicationContext log
INFO: Manager: list: Listing contexts for virtual host 'localhost'
èþë 30, 2012 12:06:20 AM org.apache.catalina.core.ApplicationContext log
INFO: Manager: list: Listing contexts for virtual host 'localhost'
èþë 30, 2012 12:06:20 AM org.apache.catalina.core.ApplicationContext log
INFO: Manager: list: Listing contexts for virtual host 'localhost'
èþë 30, 2012 12:06:20 AM org.apache.catalina.core.ApplicationContext log
INFO: Manager: restart: Reloading web application at '/Hotel'
èþë 30, 2012 12:07:46 AM org.apache.catalina.core.ApplicationContext log
INFO: Manager: list: Listing contexts for virtual host 'localhost'
èþë 30, 2012 12:07:46 AM org.apache.catalina.core.ApplicationContext log
INFO: Manager: list: Listing contexts for virtual host 'localhost'
èþë 30, 2012 12:08:47 AM org.apache.catalina.core.ApplicationContext log
INFO: Manager: list: Listing contexts for virtual host 'localhost'
èþë 30, 2012 12:08:47 AM org.apache.catalina.core.ApplicationContext log
INFO: Manager: restart: Reloading web application at '/Hotel'
èþë 30, 2012 12:08:52 AM org.apache.catalina.core.ApplicationContext log
INFO: Manager: list: Listing contexts for virtual host 'localhost'
èþë 30, 2012 12:08:52 AM org.apache.catalina.core.ApplicationContext log
INFO: Manager: list: Listing contexts for virtual host 'localhost'
èþë 30, 2012 12:08:52 AM org.apache.catalina.core.ApplicationContext log
INFO: Manager: restart: Reloading web application at '/Hotel'
èþë 30, 2012 12:12:48 AM org.apache.catalina.core.ApplicationContext log
INFO: Manager: list: Listing contexts for virtual host 'localhost'
èþë 30, 2012 12:18:54 AM org.apache.catalina.core.ApplicationContext log
INFO: Manager: list: Listing contexts for virtual host 'localhost'
èþë 30, 2012 12:18:57 AM org.apache.catalina.core.ApplicationContext log
INFO: Manager: list: Listing contexts for virtual host 'localhost'
èþë 30, 2012 12:18:57 AM org.apache.catalina.core.ApplicationContext log
INFO: Manager: list: Listing contexts for virtual host 'localhost'
èþë 30, 2012 12:19:22 AM org.apache.catalina.core.ApplicationContext log
INFO: Manager: list: Listing contexts for virtual host 'localhost'
èþë 30, 2012 12:19:39 AM org.apache.catalina.core.ApplicationContext log
INFO: Manager: list: Listing contexts for virtual host 'localhost'
èþë 30, 2012 12:19:41 AM org.apache.catalina.core.ApplicationContext log
INFO: Manager: list: Listing contexts for virtual host 'localhost'
èþë 30, 2012 12:19:41 AM org.apache.catalina.core.ApplicationContext log
INFO: Manager: list: Listing contexts for virtual host 'localhost'
èþë 30, 2012 12:20:51 AM org.apache.catalina.core.ApplicationContext log
INFO: Manager: list: Listing contexts for virtual host 'localhost'
èþë 30, 2012 12:21:22 AM org.apache.catalina.core.ApplicationContext log
INFO: Manager: list: Listing contexts for virtual host 'localhost'
èþë 30, 2012 12:21:24 AM org.apache.catalina.core.ApplicationContext log
INFO: Manager: list: Listing contexts for virtual host 'localhost'
èþë 30, 2012 12:21:34 AM org.apache.catalina.core.ApplicationContext log
INFO: Manager: list: Listing contexts for virtual host 'localhost'
èþë 30, 2012 12:21:38 AM org.apache.catalina.core.ApplicationContext log
INFO: Manager: list: Listing contexts for virtual host 'localhost'
èþë 30, 2012 12:22:07 AM org.apache.catalina.core.ApplicationContext log
INFO: Manager: list: Listing contexts for virtual host 'localhost'
èþë 30, 2012 12:23:30 AM org.apache.catalina.core.ApplicationContext log
INFO: Manager: list: Listing contexts for virtual host 'localhost'
èþë 30, 2012 12:23:37 AM org.apache.catalina.core.ApplicationContext log
INFO: Manager: list: Listing contexts for virtual host 'localhost'
èþë 30, 2012 12:24:13 AM org.apache.catalina.core.ApplicationContext log
INFO: Manager: list: Listing contexts for virtual host 'localhost'
èþë 30, 2012 12:24:17 AM org.apache.catalina.core.ApplicationContext log
INFO: Manager: list: Listing contexts for virtual host 'localhost'
èþë 30, 2012 12:24:21 AM org.apache.catalina.core.ApplicationContext log
INFO: Manager: list: Listing contexts for virtual host 'localhost'
èþë 30, 2012 12:24:23 AM org.apache.catalina.core.ApplicationContext log
INFO: Manager: list: Listing contexts for virtual host 'localhost'
èþë 30, 2012 12:24:35 AM org.apache.catalina.core.ApplicationContext log
INFO: Manager: list: Listing contexts for virtual host 'localhost'
èþë 30, 2012 12:24:43 AM org.apache.catalina.core.ApplicationContext log
INFO: Manager: list: Listing contexts for virtual host 'localhost'
èþë 30, 2012 12:24:58 AM org.apache.catalina.core.ApplicationContext log
INFO: Manager: list: Listing contexts for virtual host 'localhost'
èþë 30, 2012 12:25:59 AM org.apache.catalina.core.ApplicationContext log
INFO: Manager: list: Listing contexts for virtual host 'localhost'
èþë 30, 2012 12:26:53 AM org.apache.catalina.core.ApplicationContext log
INFO: Manager: list: Listing contexts for virtual host 'localhost'
èþë 30, 2012 12:27:41 AM org.apache.catalina.core.ApplicationContext log
INFO: Manager: list: Listing contexts for virtual host 'localhost'
èþë 30, 2012 12:28:54 AM org.apache.catalina.core.ApplicationContext log
INFO: Manager: list: Listing contexts for virtual host 'localhost'
èþë 30, 2012 12:29:05 AM org.apache.catalina.core.ApplicationContext log
INFO: Manager: list: Listing contexts for virtual host 'localhost'
èþë 30, 2012 12:30:03 AM org.apache.catalina.core.ApplicationContext log
INFO: Manager: list: Listing contexts for virtual host 'localhost'
èþë 30, 2012 12:31:40 AM org.apache.catalina.core.ApplicationContext log
INFO: Manager: list: Listing contexts for virtual host 'localhost'
èþë 30, 2012 12:32:51 AM org.apache.catalina.core.ApplicationContext log
INFO: Manager: list: Listing contexts for virtual host 'localhost'
èþë 30, 2012 12:33:23 AM org.apache.catalina.core.ApplicationContext log
INFO: Manager: list: Listing contexts for virtual host 'localhost'
èþë 30, 2012 12:33:41 AM org.apache.catalina.core.ApplicationContext log
INFO: Manager: list: Listing contexts for virtual host 'localhost'
èþë 30, 2012 12:34:33 AM org.apache.catalina.core.ApplicationContext log
INFO: Manager: list: Listing contexts for virtual host 'localhost'
èþë 30, 2012 12:34:54 AM org.apache.catalina.core.ApplicationContext log
INFO: Manager: list: Listing contexts for virtual host 'localhost'
èþë 30, 2012 12:35:49 AM org.apache.catalina.core.ApplicationContext log
INFO: Manager: list: Listing contexts for virtual host 'localhost'
èþë 30, 2012 12:36:00 AM org.apache.catalina.core.ApplicationContext log
INFO: Manager: list: Listing contexts for virtual host 'localhost'
èþë 30, 2012 12:37:34 AM org.apache.catalina.core.ApplicationContext log
INFO: Manager: list: Listing contexts for virtual host 'localhost'
èþë 30, 2012 12:37:55 AM org.apache.catalina.core.ApplicationContext log
INFO: Manager: list: Listing contexts for virtual host 'localhost'
èþë 30, 2012 12:38:45 AM org.apache.catalina.core.ApplicationContext log
INFO: Manager: list: Listing contexts for virtual host 'localhost'
èþë 30, 2012 12:39:22 AM org.apache.catalina.core.ApplicationContext log
INFO: Manager: list: Listing contexts for virtual host 'localhost'
èþë 30, 2012 12:40:55 AM org.apache.catalina.core.ApplicationContext log
INFO: Manager: list: Listing contexts for virtual host 'localhost'
èþë 30, 2012 12:41:08 AM org.apache.catalina.core.ApplicationContext log
INFO: Manager: list: Listing contexts for virtual host 'localhost'
èþë 30, 2012 12:41:15 AM org.apache.catalina.core.ApplicationContext log
INFO: Manager: list: Listing contexts for virtual host 'localhost'
èþë 30, 2012 12:42:04 AM org.apache.catalina.core.ApplicationContext log
INFO: Manager: list: Listing contexts for virtual host 'localhost'
èþë 30, 2012 12:45:44 AM org.apache.catalina.core.ApplicationContext log
INFO: Manager: list: Listing contexts for virtual host 'localhost'
èþë 30, 2012 12:47:15 AM org.apache.catalina.core.ApplicationContext log
INFO: Manager: list: Listing contexts for virtual host 'localhost'
èþë 30, 2012 12:47:38 AM org.apache.catalina.core.ApplicationContext log
INFO: Manager: list: Listing contexts for virtual host 'localhost'
èþë 30, 2012 12:49:22 AM org.apache.catalina.core.ApplicationContext log
INFO: Manager: list: Listing contexts for virtual host 'localhost'
èþë 30, 2012 12:49:44 AM org.apache.catalina.core.ApplicationContext log
INFO: Manager: list: Listing contexts for virtual host 'localhost'
èþë 30, 2012 12:49:59 AM org.apache.catalina.core.ApplicationContext log
INFO: Manager: list: Listing contexts for virtual host 'localhost'
èþë 30, 2012 12:50:07 AM org.apache.catalina.core.ApplicationContext log
INFO: Manager: list: Listing contexts for virtual host 'localhost'
èþë 30, 2012 12:50:16 AM org.apache.catalina.core.ApplicationContext log
INFO: Manager: list: Listing contexts for virtual host 'localhost'
èþë 30, 2012 12:50:23 AM org.apache.catalina.core.ApplicationContext log
INFO: Manager: list: Listing contexts for virtual host 'localhost'
èþë 30, 2012 12:50:42 AM org.apache.catalina.core.ApplicationContext log
INFO: Manager: list: Listing contexts for virtual host 'localhost'
èþë 30, 2012 12:50:52 AM org.apache.catalina.core.ApplicationContext log
INFO: Manager: list: Listing contexts for virtual host 'localhost'
èþë 30, 2012 12:51:32 AM org.apache.catalina.core.ApplicationContext log
INFO: Manager: list: Listing contexts for virtual host 'localhost'
èþë 30, 2012 12:51:56 AM org.apache.catalina.core.ApplicationContext log
INFO: Manager: list: Listing contexts for virtual host 'localhost'
èþë 30, 2012 12:52:18 AM org.apache.catalina.core.ApplicationContext log
INFO: Manager: list: Listing contexts for virtual host 'localhost'
èþë 30, 2012 12:52:44 AM org.apache.catalina.core.ApplicationContext log
INFO: Manager: list: Listing contexts for virtual host 'localhost'
èþë 30, 2012 12:53:14 AM org.apache.catalina.core.ApplicationContext log
INFO: Manager: list: Listing contexts for virtual host 'localhost'
èþë 30, 2012 12:54:06 AM org.apache.catalina.core.ApplicationContext log
INFO: Manager: list: Listing contexts for virtual host 'localhost'
èþë 30, 2012 12:54:21 AM org.apache.catalina.core.ApplicationContext log
INFO: Manager: list: Listing contexts for virtual host 'localhost'
èþë 30, 2012 12:54:31 AM org.apache.catalina.core.ApplicationContext log
INFO: Manager: list: Listing contexts for virtual host 'localhost'
èþë 30, 2012 12:55:27 AM org.apache.catalina.core.ApplicationContext log
INFO: Manager: list: Listing contexts for virtual host 'localhost'
èþë 30, 2012 12:56:23 AM org.apache.catalina.core.ApplicationContext log
INFO: Manager: list: Listing contexts for virtual host 'localhost'
èþë 30, 2012 12:57:57 AM org.apache.catalina.core.ApplicationContext log
INFO: Manager: list: Listing contexts for virtual host 'localhost'
èþë 30, 2012 12:58:16 AM org.apache.catalina.core.ApplicationContext log
INFO: Manager: list: Listing contexts for virtual host 'localhost'
èþë 30, 2012 12:58:56 AM org.apache.catalina.core.ApplicationContext log
INFO: Manager: list: Listing contexts for virtual host 'localhost'
èþë 30, 2012 12:59:08 AM org.apache.catalina.core.ApplicationContext log
INFO: Manager: list: Listing contexts for virtual host 'localhost'
èþë 30, 2012 1:00:06 AM org.apache.catalina.core.ApplicationContext log
INFO: Manager: list: Listing contexts for virtual host 'localhost'
èþë 30, 2012 1:02:36 AM org.apache.catalina.core.ApplicationContext log
INFO: Manager: list: Listing contexts for virtual host 'localhost'
èþë 30, 2012 1:03:32 AM org.apache.catalina.core.ApplicationContext log
INFO: Manager: list: Listing contexts for virtual host 'localhost'
èþë 30, 2012 1:03:50 AM org.apache.catalina.core.ApplicationContext log
INFO: Manager: list: Listing contexts for virtual host 'localhost'
èþë 30, 2012 1:04:10 AM org.apache.catalina.core.ApplicationContext log
INFO: Manager: list: Listing contexts for virtual host 'localhost'
èþë 30, 2012 1:04:22 AM org.apache.catalina.core.ApplicationContext log
INFO: Manager: list: Listing contexts for virtual host 'localhost'
èþë 30, 2012 1:05:00 AM org.apache.catalina.core.ApplicationContext log
INFO: Manager: list: Listing contexts for virtual host 'localhost'
èþë 30, 2012 1:05:12 AM org.apache.catalina.core.ApplicationContext log
INFO: Manager: list: Listing contexts for virtual host 'localhost'
èþë 30, 2012 1:06:37 AM org.apache.catalina.core.ApplicationContext log
INFO: Manager: list: Listing contexts for virtual host 'localhost'
èþë 30, 2012 1:07:11 AM org.apache.catalina.core.ApplicationContext log
INFO: Manager: list: Listing contexts for virtual host 'localhost'
èþë 30, 2012 1:19:29 AM org.apache.catalina.core.ApplicationContext log
INFO: Manager: list: Listing contexts for virtual host 'localhost'
èþë 30, 2012 1:19:29 AM org.apache.catalina.core.ApplicationContext log
INFO: Manager: stop: Stopping web application at '/Hotel'
èþë 30, 2012 1:19:29 AM org.apache.catalina.core.ApplicationContext log
INFO: Manager: start: Starting web application at '/Hotel'
èþë 30, 2012 1:19:30 AM org.apache.catalina.core.ApplicationContext log
INFO: Manager: list: Listing contexts for virtual host 'localhost'
èþë 30, 2012 1:19:31 AM org.apache.catalina.core.ApplicationContext log
INFO: Manager: restart: Reloading web application at '/Hotel'
èþë 30, 2012 1:19:45 AM org.apache.catalina.core.ApplicationContext log
INFO: Manager: list: Listing contexts for virtual host 'localhost'
èþë 30, 2012 1:19:45 AM org.apache.catalina.core.ApplicationContext log
INFO: Manager: restart: Reloading web application at '/Hotel'
èþë 30, 2012 1:25:25 AM org.apache.catalina.core.ApplicationContext log
INFO: Manager: list: Listing contexts for virtual host 'localhost'
èþë 30, 2012 1:25:25 AM org.apache.catalina.core.ApplicationContext log
INFO: Manager: restart: Reloading web application at '/Hotel'
èþë 30, 2012 1:25:33 AM org.apache.catalina.core.ApplicationContext log
INFO: Manager: list: Listing contexts for virtual host 'localhost'
èþë 30, 2012 1:25:33 AM org.apache.catalina.core.ApplicationContext log
INFO: Manager: restart: Reloading web application at '/Hotel'
èþë 30, 2012 1:25:35 AM org.apache.catalina.core.ApplicationContext log
INFO: Manager: list: Listing contexts for virtual host 'localhost'
èþë 30, 2012 1:25:35 AM org.apache.catalina.core.ApplicationContext log
INFO: Manager: restart: Reloading web application at '/Hotel'
èþë 30, 2012 1:26:09 AM org.apache.catalina.core.ApplicationContext log
INFO: Manager: list: Listing contexts for virtual host 'localhost'
èþë 30, 2012 1:26:09 AM org.apache.catalina.core.ApplicationContext log
INFO: Manager: list: Listing contexts for virtual host 'localhost'
èþë 30, 2012 1:26:09 AM org.apache.catalina.core.ApplicationContext log
INFO: Manager: stop: Stopping web application at '/Hotel'
èþë 30, 2012 1:26:09 AM org.apache.catalina.core.ApplicationContext log
INFO: Manager: start: Starting web application at '/Hotel'
èþë 30, 2012 1:33:19 AM org.apache.catalina.core.ApplicationContext log
INFO: Manager: init: Associated with Deployer 'Catalina:type=Deployer,host=localhost'
èþë 30, 2012 1:33:19 AM org.apache.catalina.core.ApplicationContext log
INFO: Manager: init: Global resources are available
èþë 30, 2012 1:33:19 AM org.apache.catalina.core.ApplicationContext log
INFO: Manager: list: Listing contexts for virtual host 'localhost'
èþë 30, 2012 1:33:44 AM org.apache.catalina.core.ApplicationContext log
INFO: Manager: list: Listing contexts for virtual host 'localhost'
èþë 30, 2012 1:34:01 AM org.apache.catalina.core.ApplicationContext log
INFO: Manager: list: Listing contexts for virtual host 'localhost'
èþë 30, 2012 1:34:23 AM org.apache.catalina.core.ApplicationContext log
INFO: Manager: list: Listing contexts for virtual host 'localhost'
èþë 30, 2012 1:34:47 AM org.apache.catalina.core.ApplicationContext log
INFO: Manager: list: Listing contexts for virtual host 'localhost'
èþë 30, 2012 1:36:09 AM org.apache.catalina.core.ApplicationContext log
INFO: Manager: list: Listing contexts for virtual host 'localhost'
èþë 30, 2012 1:36:44 AM org.apache.catalina.core.ApplicationContext log
INFO: Manager: list: Listing contexts for virtual host 'localhost'
èþë 30, 2012 1:37:00 AM org.apache.catalina.core.ApplicationContext log
INFO: Manager: list: Listing contexts for virtual host 'localhost'
èþë 30, 2012 1:38:09 AM org.apache.catalina.core.ApplicationContext log
INFO: Manager: list: Listing contexts for virtual host 'localhost'
èþë 30, 2012 1:38:57 AM org.apache.catalina.core.ApplicationContext log
INFO: Manager: list: Listing contexts for virtual host 'localhost'
èþë 30, 2012 1:42:06 AM org.apache.catalina.core.ApplicationContext log
INFO: Manager: list: Listing contexts for virtual host 'localhost'
èþë 30, 2012 1:43:39 AM org.apache.catalina.core.ApplicationContext log
INFO: Manager: list: Listing contexts for virtual host 'localhost'
èþë 30, 2012 1:44:14 AM org.apache.catalina.core.ApplicationContext log
INFO: Manager: list: Listing contexts for virtual host 'localhost'
èþë 30, 2012 1:45:36 AM org.apache.catalina.core.ApplicationContext log
INFO: Manager: list: Listing contexts for virtual host 'localhost'
