Jul 25, 2012 12:43:01 AM org.apache.catalina.core.ApplicationContext log
INFO: Manager: init: Associated with Deployer 'Catalina:type=Deployer,host=localhost'
Jul 25, 2012 12:43:01 AM org.apache.catalina.core.ApplicationContext log
INFO: Manager: init: Global resources are available
Jul 25, 2012 12:43:01 AM org.apache.catalina.core.ApplicationContext log
INFO: Manager: list: Listing contexts for virtual host 'localhost'
Jul 25, 2012 12:43:01 AM org.apache.catalina.core.ApplicationContext log
INFO: Manager: list: Listing contexts for virtual host 'localhost'
Jul 25, 2012 12:43:01 AM org.apache.catalina.core.ApplicationContext log
INFO: Manager: undeploy: Undeploying web application at '/WebParkSystem'
Jul 25, 2012 12:43:02 AM org.apache.catalina.core.ApplicationContext log
INFO: Manager: install: Installing context configuration at 'file:/C:/Users/BRAINL~1/AppData/Local/Temp/context4082868740850817677.xml'
Jul 25, 2012 12:43:02 AM org.apache.catalina.core.ApplicationContext log
INFO: Manager: start: Starting web application at '/WebParkSystem'
Jul 25, 2012 12:48:21 AM org.apache.catalina.core.ApplicationContext log
INFO: Manager: list: Listing contexts for virtual host 'localhost'
Jul 25, 2012 12:51:50 AM org.apache.catalina.core.ApplicationContext log
INFO: Manager: list: Listing contexts for virtual host 'localhost'
Jul 25, 2012 12:52:51 AM org.apache.catalina.core.ApplicationContext log
INFO: Manager: list: Listing contexts for virtual host 'localhost'
Jul 25, 2012 12:52:51 AM org.apache.catalina.core.ApplicationContext log
INFO: Manager: stop: Stopping web application at '/WebParkSystem'
Jul 25, 2012 12:52:51 AM org.apache.catalina.core.ApplicationContext log
INFO: Manager: start: Starting web application at '/WebParkSystem'
Jul 25, 2012 12:53:08 AM org.apache.catalina.core.ApplicationContext log
INFO: Manager: list: Listing contexts for virtual host 'localhost'
Jul 25, 2012 12:53:08 AM org.apache.catalina.core.ApplicationContext log
INFO: Manager: stop: Stopping web application at '/WebParkSystem'
Jul 25, 2012 12:53:08 AM org.apache.catalina.core.ApplicationContext log
INFO: Manager: start: Starting web application at '/WebParkSystem'
Jul 25, 2012 12:53:27 AM org.apache.catalina.core.ApplicationContext log
INFO: Manager: list: Listing contexts for virtual host 'localhost'
Jul 25, 2012 12:53:27 AM org.apache.catalina.core.ApplicationContext log
INFO: Manager: stop: Stopping web application at '/WebParkSystem'
Jul 25, 2012 12:53:27 AM org.apache.catalina.core.ApplicationContext log
INFO: Manager: start: Starting web application at '/WebParkSystem'
Jul 25, 2012 12:53:28 AM org.apache.catalina.core.ApplicationContext log
INFO: Manager: list: Listing contexts for virtual host 'localhost'
Jul 25, 2012 12:53:28 AM org.apache.catalina.core.ApplicationContext log
INFO: Manager: stop: Stopping web application at '/WebParkSystem'
Jul 25, 2012 12:53:28 AM org.apache.catalina.core.ApplicationContext log
INFO: Manager: start: Starting web application at '/WebParkSystem'
Jul 25, 2012 12:53:45 AM org.apache.catalina.core.ApplicationContext log
INFO: Manager: list: Listing contexts for virtual host 'localhost'
Jul 25, 2012 12:54:17 AM org.apache.catalina.core.ApplicationContext log
INFO: Manager: list: Listing contexts for virtual host 'localhost'
Jul 25, 2012 12:54:17 AM org.apache.catalina.core.ApplicationContext log
INFO: Manager: stop: Stopping web application at '/WebParkSystem'
Jul 25, 2012 12:54:17 AM org.apache.catalina.core.ApplicationContext log
INFO: Manager: start: Starting web application at '/WebParkSystem'
Jul 25, 2012 12:55:09 AM org.apache.catalina.core.ApplicationContext log
INFO: Manager: list: Listing contexts for virtual host 'localhost'
Jul 25, 2012 12:55:09 AM org.apache.catalina.core.ApplicationContext log
INFO: Manager: stop: Stopping web application at '/WebParkSystem'
Jul 25, 2012 12:55:10 AM org.apache.catalina.core.ApplicationContext log
INFO: Manager: start: Starting web application at '/WebParkSystem'
Jul 25, 2012 12:55:10 AM org.apache.catalina.core.ApplicationContext log
INFO: Manager: list: Listing contexts for virtual host 'localhost'
Jul 25, 2012 12:55:11 AM org.apache.catalina.core.ApplicationContext log
INFO: Manager: restart: Reloading web application at '/WebParkSystem'
Jul 25, 2012 12:55:12 AM org.apache.catalina.core.ApplicationContext log
INFO: Manager: list: Listing contexts for virtual host 'localhost'
Jul 25, 2012 12:55:12 AM org.apache.catalina.core.ApplicationContext log
INFO: Manager: restart: Reloading web application at '/WebParkSystem'
Jul 25, 2012 12:57:03 AM org.apache.catalina.core.ApplicationContext log
INFO: Manager: list: Listing contexts for virtual host 'localhost'
Jul 25, 2012 12:57:03 AM org.apache.catalina.core.ApplicationContext log
INFO: Manager: restart: Reloading web application at '/WebParkSystem'
Jul 25, 2012 12:57:43 AM org.apache.catalina.core.ApplicationContext log
INFO: Manager: list: Listing contexts for virtual host 'localhost'
Jul 25, 2012 12:57:43 AM org.apache.catalina.core.ApplicationContext log
INFO: Manager: list: Listing contexts for virtual host 'localhost'
Jul 25, 2012 12:57:43 AM org.apache.catalina.core.ApplicationContext log
INFO: Manager: undeploy: Undeploying web application at '/WebParkSystem'
Jul 25, 2012 12:57:43 AM org.apache.catalina.core.ApplicationContext log
INFO: Manager: install: Installing context configuration at 'file:/C:/Users/BRAINL~1/AppData/Local/Temp/context4007001218204129069.xml'
Jul 25, 2012 12:57:44 AM org.apache.catalina.core.ApplicationContext log
INFO: Manager: start: Starting web application at '/WebParkSystem'
Jul 25, 2012 12:58:06 AM org.apache.catalina.core.ApplicationContext log
INFO: Manager: list: Listing contexts for virtual host 'localhost'
Jul 25, 2012 12:58:06 AM org.apache.catalina.core.ApplicationContext log
INFO: Manager: list: Listing contexts for virtual host 'localhost'
Jul 25, 2012 12:58:06 AM org.apache.catalina.core.ApplicationContext log
INFO: Manager: undeploy: Undeploying web application at '/WebParkSystem'
Jul 25, 2012 12:58:07 AM org.apache.catalina.core.ApplicationContext log
INFO: Manager: install: Installing context configuration at 'file:/C:/Users/BRAINL~1/AppData/Local/Temp/context9063304373937553944.xml'
Jul 25, 2012 12:58:07 AM org.apache.catalina.core.ApplicationContext log
INFO: Manager: start: Starting web application at '/WebParkSystem'
Jul 25, 2012 12:58:55 AM org.apache.catalina.core.ApplicationContext log
INFO: Manager: list: Listing contexts for virtual host 'localhost'
Jul 25, 2012 12:59:46 AM org.apache.catalina.core.ApplicationContext log
INFO: Manager: list: Listing contexts for virtual host 'localhost'
Jul 25, 2012 12:59:46 AM org.apache.catalina.core.ApplicationContext log
INFO: Manager: restart: Reloading web application at '/WebParkSystem'
Jul 25, 2012 1:00:36 AM org.apache.catalina.core.ApplicationContext log
INFO: Manager: list: Listing contexts for virtual host 'localhost'
Jul 25, 2012 1:00:36 AM org.apache.catalina.core.ApplicationContext log
INFO: Manager: stop: Stopping web application at '/WebParkSystem'
Jul 25, 2012 1:00:36 AM org.apache.catalina.core.ApplicationContext log
INFO: Manager: start: Starting web application at '/WebParkSystem'
Jul 25, 2012 1:00:43 AM org.apache.catalina.core.ApplicationContext log
INFO: Manager: list: Listing contexts for virtual host 'localhost'
Jul 25, 2012 1:00:43 AM org.apache.catalina.core.ApplicationContext log
INFO: Manager: list: Listing contexts for virtual host 'localhost'
Jul 25, 2012 1:00:43 AM org.apache.catalina.core.ApplicationContext log
INFO: Manager: undeploy: Undeploying web application at '/WebParkSystem'
Jul 25, 2012 1:00:43 AM org.apache.catalina.core.ApplicationContext log
INFO: Manager: install: Installing context configuration at 'file:/C:/Users/BRAINL~1/AppData/Local/Temp/context2422911540243011765.xml'
Jul 25, 2012 1:00:45 AM org.apache.catalina.core.ApplicationContext log
INFO: Manager: start: Starting web application at '/WebParkSystem'
Jul 25, 2012 1:01:55 AM org.apache.catalina.core.ApplicationContext log
INFO: Manager: init: Associated with Deployer 'Catalina:type=Deployer,host=localhost'
Jul 25, 2012 1:01:55 AM org.apache.catalina.core.ApplicationContext log
INFO: Manager: init: Global resources are available
Jul 25, 2012 1:01:55 AM org.apache.catalina.core.ApplicationContext log
INFO: Manager: list: Listing contexts for virtual host 'localhost'
Jul 25, 2012 1:02:25 AM org.apache.catalina.core.ApplicationContext log
INFO: Manager: list: Listing contexts for virtual host 'localhost'
Jul 25, 2012 1:02:34 AM org.apache.catalina.core.ApplicationContext log
INFO: Manager: list: Listing contexts for virtual host 'localhost'
Jul 25, 2012 1:02:47 AM org.apache.catalina.core.ApplicationContext log
INFO: Manager: list: Listing contexts for virtual host 'localhost'
Jul 25, 2012 1:03:55 AM org.apache.catalina.core.ApplicationContext log
INFO: Manager: list: Listing contexts for virtual host 'localhost'
Jul 25, 2012 1:04:09 AM org.apache.catalina.core.ApplicationContext log
INFO: Manager: list: Listing contexts for virtual host 'localhost'
Jul 25, 2012 1:04:52 AM org.apache.catalina.core.ApplicationContext log
INFO: Manager: list: Listing contexts for virtual host 'localhost'
Jul 25, 2012 1:04:52 AM org.apache.catalina.core.ApplicationContext log
INFO: Manager: list: Listing contexts for virtual host 'localhost'
Jul 25, 2012 1:04:52 AM org.apache.catalina.core.ApplicationContext log
INFO: Manager: undeploy: Undeploying web application at '/WebParkSystem'
Jul 25, 2012 1:04:53 AM org.apache.catalina.core.ApplicationContext log
INFO: Manager: install: Installing context configuration at 'file:/C:/Users/BRAINL~1/AppData/Local/Temp/context728878668745065744.xml'
Jul 25, 2012 1:04:53 AM org.apache.catalina.core.ApplicationContext log
INFO: Manager: start: Starting web application at '/WebParkSystem'
Jul 25, 2012 1:07:23 AM org.apache.catalina.core.ApplicationContext log
INFO: Manager: list: Listing contexts for virtual host 'localhost'
Jul 25, 2012 1:07:23 AM org.apache.catalina.core.ApplicationContext log
INFO: Manager: stop: Stopping web application at '/WebParkSystem'
Jul 25, 2012 1:07:23 AM org.apache.catalina.core.ApplicationContext log
INFO: Manager: start: Starting web application at '/WebParkSystem'
Jul 25, 2012 1:09:07 AM org.apache.catalina.core.ApplicationContext log
INFO: Manager: list: Listing contexts for virtual host 'localhost'
Jul 25, 2012 1:09:45 AM org.apache.catalina.core.ApplicationContext log
INFO: Manager: list: Listing contexts for virtual host 'localhost'
Jul 25, 2012 1:09:45 AM org.apache.catalina.core.ApplicationContext log
INFO: Manager: stop: Stopping web application at '/WebParkSystem'
Jul 25, 2012 1:09:45 AM org.apache.catalina.core.ApplicationContext log
INFO: Manager: start: Starting web application at '/WebParkSystem'
Jul 25, 2012 1:10:17 AM org.apache.catalina.core.ApplicationContext log
INFO: Manager: list: Listing contexts for virtual host 'localhost'
Jul 25, 2012 1:10:17 AM org.apache.catalina.core.ApplicationContext log
INFO: Manager: stop: Stopping web application at '/WebParkSystem'
Jul 25, 2012 1:10:17 AM org.apache.catalina.core.ApplicationContext log
INFO: Manager: start: Starting web application at '/WebParkSystem'
Jul 25, 2012 1:10:55 AM org.apache.catalina.core.ApplicationContext log
INFO: Manager: list: Listing contexts for virtual host 'localhost'
Jul 25, 2012 1:10:55 AM org.apache.catalina.core.ApplicationContext log
INFO: Manager: stop: Stopping web application at '/WebParkSystem'
Jul 25, 2012 1:10:55 AM org.apache.catalina.core.ApplicationContext log
INFO: Manager: start: Starting web application at '/WebParkSystem'
Jul 25, 2012 1:12:49 AM org.apache.catalina.core.ApplicationContext log
INFO: Manager: list: Listing contexts for virtual host 'localhost'
Jul 25, 2012 1:12:59 AM org.apache.catalina.core.ApplicationContext log
INFO: Manager: list: Listing contexts for virtual host 'localhost'
Jul 25, 2012 1:13:57 AM org.apache.catalina.core.ApplicationContext log
INFO: Manager: list: Listing contexts for virtual host 'localhost'
Jul 25, 2012 1:13:57 AM org.apache.catalina.core.ApplicationContext log
INFO: Manager: stop: Stopping web application at '/WebParkSystem'
Jul 25, 2012 1:13:57 AM org.apache.catalina.core.ApplicationContext log
INFO: Manager: start: Starting web application at '/WebParkSystem'
Jul 25, 2012 1:13:57 AM org.apache.catalina.core.ApplicationContext log
INFO: Manager: list: Listing contexts for virtual host 'localhost'
Jul 25, 2012 1:13:57 AM org.apache.catalina.core.ApplicationContext log
INFO: Manager: stop: Stopping web application at '/WebParkSystem'
Jul 25, 2012 1:13:57 AM org.apache.catalina.core.ApplicationContext log
INFO: Manager: start: Starting web application at '/WebParkSystem'
Jul 25, 2012 1:14:19 AM org.apache.catalina.core.ApplicationContext log
INFO: Manager: list: Listing contexts for virtual host 'localhost'
Jul 25, 2012 1:14:19 AM org.apache.catalina.core.ApplicationContext log
INFO: Manager: stop: Stopping web application at '/WebParkSystem'
Jul 25, 2012 1:14:19 AM org.apache.catalina.core.ApplicationContext log
INFO: Manager: start: Starting web application at '/WebParkSystem'
Jul 25, 2012 1:15:39 AM org.apache.catalina.core.ApplicationContext log
INFO: Manager: list: Listing contexts for virtual host 'localhost'
Jul 25, 2012 1:17:01 AM org.apache.catalina.core.ApplicationContext log
INFO: Manager: list: Listing contexts for virtual host 'localhost'
Jul 25, 2012 1:17:01 AM org.apache.catalina.core.ApplicationContext log
INFO: Manager: stop: Stopping web application at '/WebParkSystem'
Jul 25, 2012 1:17:01 AM org.apache.catalina.core.ApplicationContext log
INFO: Manager: start: Starting web application at '/WebParkSystem'
Jul 25, 2012 1:17:20 AM org.apache.catalina.core.ApplicationContext log
INFO: Manager: list: Listing contexts for virtual host 'localhost'
Jul 25, 2012 1:17:20 AM org.apache.catalina.core.ApplicationContext log
INFO: Manager: stop: Stopping web application at '/WebParkSystem'
Jul 25, 2012 1:17:20 AM org.apache.catalina.core.ApplicationContext log
INFO: Manager: start: Starting web application at '/WebParkSystem'
Jul 25, 2012 1:18:00 AM org.apache.catalina.core.ApplicationContext log
INFO: Manager: list: Listing contexts for virtual host 'localhost'
Jul 25, 2012 1:18:00 AM org.apache.catalina.core.ApplicationContext log
INFO: Manager: stop: Stopping web application at '/WebParkSystem'
Jul 25, 2012 1:18:00 AM org.apache.catalina.core.ApplicationContext log
INFO: Manager: start: Starting web application at '/WebParkSystem'
Jul 25, 2012 1:18:02 AM org.apache.catalina.core.ApplicationContext log
INFO: Manager: list: Listing contexts for virtual host 'localhost'
Jul 25, 2012 1:18:02 AM org.apache.catalina.core.ApplicationContext log
INFO: Manager: restart: Reloading web application at '/WebParkSystem'
Jul 25, 2012 1:18:04 AM org.apache.catalina.core.ApplicationContext log
INFO: Manager: list: Listing contexts for virtual host 'localhost'
Jul 25, 2012 1:18:04 AM org.apache.catalina.core.ApplicationContext log
INFO: Manager: restart: Reloading web application at '/WebParkSystem'
Jul 25, 2012 1:18:25 AM org.apache.catalina.core.ApplicationContext log
INFO: Manager: list: Listing contexts for virtual host 'localhost'
Jul 25, 2012 1:18:25 AM org.apache.catalina.core.ApplicationContext log
INFO: Manager: restart: Reloading web application at '/WebParkSystem'
Jul 25, 2012 1:18:50 AM org.apache.catalina.core.ApplicationContext log
INFO: Manager: list: Listing contexts for virtual host 'localhost'
Jul 25, 2012 1:19:08 AM org.apache.catalina.core.ApplicationContext log
INFO: Manager: list: Listing contexts for virtual host 'localhost'
Jul 25, 2012 1:19:47 AM org.apache.catalina.core.ApplicationContext log
INFO: Manager: list: Listing contexts for virtual host 'localhost'
Jul 25, 2012 1:19:51 AM org.apache.catalina.core.ApplicationContext log
INFO: Manager: list: Listing contexts for virtual host 'localhost'
Jul 25, 2012 1:19:51 AM org.apache.catalina.core.ApplicationContext log
INFO: Manager: list: Listing contexts for virtual host 'localhost'
Jul 25, 2012 1:19:51 AM org.apache.catalina.core.ApplicationContext log
INFO: Manager: undeploy: Undeploying web application at '/WebParkSystem'
Jul 25, 2012 1:19:52 AM org.apache.catalina.core.ApplicationContext log
INFO: Manager: install: Installing context configuration at 'file:/C:/Users/BRAINL~1/AppData/Local/Temp/context4889252067932945694.xml'
Jul 25, 2012 1:19:54 AM org.apache.catalina.core.ApplicationContext log
INFO: Manager: start: Starting web application at '/WebParkSystem'
Jul 25, 2012 1:20:56 AM org.apache.catalina.core.ApplicationContext log
INFO: Manager: init: Associated with Deployer 'Catalina:type=Deployer,host=localhost'
Jul 25, 2012 1:20:56 AM org.apache.catalina.core.ApplicationContext log
INFO: Manager: init: Global resources are available
Jul 25, 2012 1:20:56 AM org.apache.catalina.core.ApplicationContext log
INFO: Manager: list: Listing contexts for virtual host 'localhost'
Jul 25, 2012 1:21:35 AM org.apache.catalina.core.ApplicationContext log
INFO: Manager: list: Listing contexts for virtual host 'localhost'
Jul 25, 2012 1:21:35 AM org.apache.catalina.core.ApplicationContext log
INFO: Manager: stop: Stopping web application at '/WebParkSystem'
Jul 25, 2012 1:21:36 AM org.apache.catalina.core.ApplicationContext log
INFO: Manager: start: Starting web application at '/WebParkSystem'
Jul 25, 2012 1:22:10 AM org.apache.catalina.core.ApplicationContext log
INFO: Manager: list: Listing contexts for virtual host 'localhost'
Jul 25, 2012 1:22:10 AM org.apache.catalina.core.ApplicationContext log
INFO: Manager: stop: Stopping web application at '/WebParkSystem'
Jul 25, 2012 1:22:10 AM org.apache.catalina.core.ApplicationContext log
INFO: Manager: start: Starting web application at '/WebParkSystem'
Jul 25, 2012 1:22:28 AM org.apache.catalina.core.ApplicationContext log
INFO: Manager: list: Listing contexts for virtual host 'localhost'
Jul 25, 2012 1:22:28 AM org.apache.catalina.core.ApplicationContext log
INFO: Manager: stop: Stopping web application at '/WebParkSystem'
Jul 25, 2012 1:22:28 AM org.apache.catalina.core.ApplicationContext log
INFO: Manager: start: Starting web application at '/WebParkSystem'
Jul 25, 2012 1:23:45 AM org.apache.catalina.core.ApplicationContext log
INFO: Manager: list: Listing contexts for virtual host 'localhost'
Jul 25, 2012 1:23:45 AM org.apache.catalina.core.ApplicationContext log
INFO: Manager: stop: Stopping web application at '/WebParkSystem'
Jul 25, 2012 1:23:45 AM org.apache.catalina.core.ApplicationContext log
INFO: Manager: start: Starting web application at '/WebParkSystem'
Jul 25, 2012 1:23:49 AM org.apache.catalina.core.ApplicationContext log
INFO: Manager: list: Listing contexts for virtual host 'localhost'
Jul 25, 2012 1:23:51 AM org.apache.catalina.core.ApplicationContext log
INFO: Manager: list: Listing contexts for virtual host 'localhost'
Jul 25, 2012 1:23:51 AM org.apache.catalina.core.ApplicationContext log
INFO: Manager: restart: Reloading web application at '/WebParkSystem'
Jul 25, 2012 1:26:51 AM org.apache.catalina.core.ApplicationContext log
INFO: Manager: list: Listing contexts for virtual host 'localhost'
Jul 25, 2012 1:26:51 AM org.apache.catalina.core.ApplicationContext log
INFO: Manager: restart: Reloading web application at '/WebParkSystem'
Jul 25, 2012 1:27:12 AM org.apache.catalina.core.ApplicationContext log
INFO: Manager: list: Listing contexts for virtual host 'localhost'
Jul 25, 2012 1:27:23 AM org.apache.catalina.core.ApplicationContext log
INFO: Manager: list: Listing contexts for virtual host 'localhost'
Jul 25, 2012 1:27:26 AM org.apache.catalina.core.ApplicationContext log
INFO: Manager: list: Listing contexts for virtual host 'localhost'
Jul 25, 2012 1:28:32 AM org.apache.catalina.core.ApplicationContext log
INFO: Manager: list: Listing contexts for virtual host 'localhost'
Jul 25, 2012 1:28:32 AM org.apache.catalina.core.ApplicationContext log
INFO: Manager: stop: Stopping web application at '/WebParkSystem'
Jul 25, 2012 1:28:32 AM org.apache.catalina.core.ApplicationContext log
INFO: Manager: start: Starting web application at '/WebParkSystem'
Jul 25, 2012 1:28:55 AM org.apache.catalina.core.ApplicationContext log
INFO: Manager: list: Listing contexts for virtual host 'localhost'
Jul 25, 2012 1:28:55 AM org.apache.catalina.core.ApplicationContext log
INFO: Manager: stop: Stopping web application at '/WebParkSystem'
Jul 25, 2012 1:28:55 AM org.apache.catalina.core.ApplicationContext log
INFO: Manager: start: Starting web application at '/WebParkSystem'
Jul 25, 2012 1:29:48 AM org.apache.catalina.core.ApplicationContext log
INFO: Manager: list: Listing contexts for virtual host 'localhost'
Jul 25, 2012 1:29:48 AM org.apache.catalina.core.ApplicationContext log
INFO: Manager: restart: Reloading web application at '/WebParkSystem'
Jul 25, 2012 1:30:11 AM org.apache.catalina.core.ApplicationContext log
INFO: Manager: list: Listing contexts for virtual host 'localhost'
Jul 25, 2012 1:30:11 AM org.apache.catalina.core.ApplicationContext log
INFO: Manager: restart: Reloading web application at '/WebParkSystem'
Jul 25, 2012 1:30:21 AM org.apache.catalina.core.ApplicationContext log
INFO: Manager: list: Listing contexts for virtual host 'localhost'
Jul 25, 2012 1:30:21 AM org.apache.catalina.core.ApplicationContext log
INFO: Manager: restart: Reloading web application at '/WebParkSystem'
Jul 25, 2012 1:30:51 AM org.apache.catalina.core.ApplicationContext log
INFO: Manager: list: Listing contexts for virtual host 'localhost'
Jul 25, 2012 1:30:51 AM org.apache.catalina.core.ApplicationContext log
INFO: Manager: restart: Reloading web application at '/WebParkSystem'
Jul 25, 2012 1:31:45 AM org.apache.catalina.core.ApplicationContext log
INFO: Manager: list: Listing contexts for virtual host 'localhost'
Jul 25, 2012 1:32:06 AM org.apache.catalina.core.ApplicationContext log
INFO: Manager: list: Listing contexts for virtual host 'localhost'
Jul 25, 2012 1:32:06 AM org.apache.catalina.core.ApplicationContext log
INFO: Manager: list: Listing contexts for virtual host 'localhost'
Jul 25, 2012 1:32:06 AM org.apache.catalina.core.ApplicationContext log
INFO: Manager: undeploy: Undeploying web application at '/WebParkSystem'
Jul 25, 2012 1:32:07 AM org.apache.catalina.core.ApplicationContext log
INFO: Manager: install: Installing context configuration at 'file:/C:/Users/BRAINL~1/AppData/Local/Temp/context8634440635135236876.xml'
Jul 25, 2012 1:32:07 AM org.apache.catalina.core.ApplicationContext log
INFO: Manager: start: Starting web application at '/WebParkSystem'
Jul 25, 2012 1:33:21 AM org.apache.catalina.core.ApplicationContext log
INFO: Manager: list: Listing contexts for virtual host 'localhost'
Jul 25, 2012 1:33:21 AM org.apache.catalina.core.ApplicationContext log
INFO: Manager: list: Listing contexts for virtual host 'localhost'
Jul 25, 2012 1:33:21 AM org.apache.catalina.core.ApplicationContext log
INFO: Manager: undeploy: Undeploying web application at '/WebParkSystem'
Jul 25, 2012 1:33:22 AM org.apache.catalina.core.ApplicationContext log
INFO: Manager: install: Installing context configuration at 'file:/C:/Users/BRAINL~1/AppData/Local/Temp/context222658379613556662.xml'
Jul 25, 2012 1:33:22 AM org.apache.catalina.core.ApplicationContext log
INFO: Manager: start: Starting web application at '/WebParkSystem'
Jul 25, 2012 1:37:41 AM org.apache.catalina.core.ApplicationContext log
INFO: Manager: list: Listing contexts for virtual host 'localhost'
Jul 25, 2012 1:37:52 AM org.apache.catalina.core.ApplicationContext log
INFO: Manager: list: Listing contexts for virtual host 'localhost'
Jul 25, 2012 1:38:00 AM org.apache.catalina.core.ApplicationContext log
INFO: Manager: list: Listing contexts for virtual host 'localhost'
Jul 25, 2012 1:38:08 AM org.apache.catalina.core.ApplicationContext log
INFO: Manager: list: Listing contexts for virtual host 'localhost'
Jul 25, 2012 1:38:21 AM org.apache.catalina.core.ApplicationContext log
INFO: Manager: list: Listing contexts for virtual host 'localhost'
Jul 25, 2012 1:38:33 AM org.apache.catalina.core.ApplicationContext log
INFO: Manager: list: Listing contexts for virtual host 'localhost'
Jul 25, 2012 1:38:51 AM org.apache.catalina.core.ApplicationContext log
INFO: Manager: list: Listing contexts for virtual host 'localhost'
Jul 25, 2012 1:39:02 AM org.apache.catalina.core.ApplicationContext log
INFO: Manager: list: Listing contexts for virtual host 'localhost'
Jul 25, 2012 1:39:16 AM org.apache.catalina.core.ApplicationContext log
INFO: Manager: list: Listing contexts for virtual host 'localhost'
Jul 25, 2012 1:39:27 AM org.apache.catalina.core.ApplicationContext log
INFO: Manager: list: Listing contexts for virtual host 'localhost'
Jul 25, 2012 1:39:32 AM org.apache.catalina.core.ApplicationContext log
INFO: Manager: list: Listing contexts for virtual host 'localhost'
Jul 25, 2012 1:39:37 AM org.apache.catalina.core.ApplicationContext log
INFO: Manager: list: Listing contexts for virtual host 'localhost'
Jul 25, 2012 1:39:46 AM org.apache.catalina.core.ApplicationContext log
INFO: Manager: list: Listing contexts for virtual host 'localhost'
Jul 25, 2012 2:13:36 PM org.apache.catalina.core.ApplicationContext log
INFO: Manager: init: Associated with Deployer 'Catalina:type=Deployer,host=localhost'
Jul 25, 2012 2:13:36 PM org.apache.catalina.core.ApplicationContext log
INFO: Manager: init: Global resources are available
Jul 25, 2012 2:13:36 PM org.apache.catalina.core.ApplicationContext log
INFO: Manager: list: Listing contexts for virtual host 'localhost'
Jul 25, 2012 2:13:36 PM org.apache.catalina.core.ApplicationContext log
INFO: Manager: list: Listing contexts for virtual host 'localhost'
Jul 25, 2012 2:13:36 PM org.apache.catalina.core.ApplicationContext log
INFO: Manager: undeploy: Undeploying web application at '/WebParkSystem'
Jul 25, 2012 2:13:37 PM org.apache.catalina.core.ApplicationContext log
INFO: Manager: install: Installing context configuration at 'file:/C:/Users/BRAINL~1/AppData/Local/Temp/context1441922476804140343.xml'
Jul 25, 2012 2:13:37 PM org.apache.catalina.core.ApplicationContext log
INFO: Manager: start: Starting web application at '/WebParkSystem'
Jul 25, 2012 2:13:52 PM org.apache.catalina.core.ApplicationContext log
INFO: Manager: list: Listing contexts for virtual host 'localhost'
Jul 25, 2012 2:14:48 PM org.apache.catalina.core.ApplicationContext log
INFO: Manager: list: Listing contexts for virtual host 'localhost'
Jul 25, 2012 2:15:09 PM org.apache.catalina.core.ApplicationContext log
INFO: Manager: list: Listing contexts for virtual host 'localhost'
Jul 25, 2012 2:15:43 PM org.apache.catalina.core.ApplicationContext log
INFO: Manager: list: Listing contexts for virtual host 'localhost'
Jul 25, 2012 2:15:53 PM org.apache.catalina.core.ApplicationContext log
INFO: Manager: list: Listing contexts for virtual host 'localhost'
Jul 25, 2012 2:16:10 PM org.apache.catalina.core.ApplicationContext log
INFO: Manager: list: Listing contexts for virtual host 'localhost'
Jul 25, 2012 2:18:43 PM org.apache.catalina.core.ApplicationContext log
INFO: Manager: list: Listing contexts for virtual host 'localhost'
Jul 25, 2012 2:18:43 PM org.apache.catalina.core.ApplicationContext log
INFO: Manager: restart: Reloading web application at '/WebParkSystem'
Jul 25, 2012 2:19:16 PM org.apache.catalina.core.ApplicationContext log
INFO: Manager: list: Listing contexts for virtual host 'localhost'
Jul 25, 2012 2:19:16 PM org.apache.catalina.core.ApplicationContext log
INFO: Manager: restart: Reloading web application at '/WebParkSystem'
Jul 25, 2012 2:19:17 PM org.apache.catalina.core.ApplicationContext log
INFO: Manager: list: Listing contexts for virtual host 'localhost'
Jul 25, 2012 2:21:25 PM org.apache.catalina.core.ApplicationContext log
INFO: Manager: list: Listing contexts for virtual host 'localhost'
Jul 25, 2012 2:21:25 PM org.apache.catalina.core.ApplicationContext log
INFO: Manager: restart: Reloading web application at '/WebParkSystem'
Jul 25, 2012 2:21:27 PM org.apache.catalina.core.ApplicationContext log
INFO: Manager: list: Listing contexts for virtual host 'localhost'
Jul 25, 2012 2:21:27 PM org.apache.catalina.core.ApplicationContext log
INFO: Manager: restart: Reloading web application at '/WebParkSystem'
Jul 25, 2012 2:22:31 PM org.apache.catalina.core.ApplicationContext log
INFO: Manager: list: Listing contexts for virtual host 'localhost'
Jul 25, 2012 2:22:31 PM org.apache.catalina.core.ApplicationContext log
INFO: Manager: restart: Reloading web application at '/WebParkSystem'
Jul 25, 2012 2:22:32 PM org.apache.catalina.core.ApplicationContext log
INFO: Manager: list: Listing contexts for virtual host 'localhost'
Jul 25, 2012 2:22:32 PM org.apache.catalina.core.ApplicationContext log
INFO: Manager: restart: Reloading web application at '/WebParkSystem'
Jul 25, 2012 2:22:54 PM org.apache.catalina.core.ApplicationContext log
INFO: Manager: list: Listing contexts for virtual host 'localhost'
Jul 25, 2012 2:22:54 PM org.apache.catalina.core.ApplicationContext log
INFO: Manager: restart: Reloading web application at '/WebParkSystem'
Jul 25, 2012 2:22:57 PM org.apache.catalina.core.ApplicationContext log
INFO: Manager: list: Listing contexts for virtual host 'localhost'
Jul 25, 2012 2:22:57 PM org.apache.catalina.core.ApplicationContext log
INFO: Manager: restart: Reloading web application at '/WebParkSystem'
Jul 25, 2012 2:23:30 PM org.apache.catalina.core.ApplicationContext log
INFO: Manager: list: Listing contexts for virtual host 'localhost'
Jul 25, 2012 2:23:30 PM org.apache.catalina.core.ApplicationContext log
INFO: Manager: restart: Reloading web application at '/WebParkSystem'
Jul 25, 2012 2:24:23 PM org.apache.catalina.core.ApplicationContext log
INFO: Manager: list: Listing contexts for virtual host 'localhost'
Jul 25, 2012 2:24:23 PM org.apache.catalina.core.ApplicationContext log
INFO: Manager: restart: Reloading web application at '/WebParkSystem'
Jul 25, 2012 2:24:31 PM org.apache.catalina.core.ApplicationContext log
INFO: Manager: list: Listing contexts for virtual host 'localhost'
Jul 25, 2012 2:24:43 PM org.apache.catalina.core.ApplicationContext log
INFO: Manager: list: Listing contexts for virtual host 'localhost'
Jul 25, 2012 2:24:43 PM org.apache.catalina.core.ApplicationContext log
INFO: Manager: restart: Reloading web application at '/WebParkSystem'
Jul 25, 2012 2:25:52 PM org.apache.catalina.core.ApplicationContext log
INFO: Manager: list: Listing contexts for virtual host 'localhost'
Jul 25, 2012 2:25:52 PM org.apache.catalina.core.ApplicationContext log
INFO: Manager: restart: Reloading web application at '/WebParkSystem'
Jul 25, 2012 2:27:21 PM org.apache.catalina.core.ApplicationContext log
INFO: Manager: list: Listing contexts for virtual host 'localhost'
Jul 25, 2012 2:27:21 PM org.apache.catalina.core.ApplicationContext log
INFO: Manager: restart: Reloading web application at '/WebParkSystem'
Jul 25, 2012 2:28:25 PM org.apache.catalina.core.ApplicationContext log
INFO: Manager: list: Listing contexts for virtual host 'localhost'
Jul 25, 2012 2:28:25 PM org.apache.catalina.core.ApplicationContext log
INFO: Manager: restart: Reloading web application at '/WebParkSystem'
Jul 25, 2012 2:28:28 PM org.apache.catalina.core.ApplicationContext log
INFO: Manager: list: Listing contexts for virtual host 'localhost'
Jul 25, 2012 2:28:28 PM org.apache.catalina.core.ApplicationContext log
INFO: Manager: restart: Reloading web application at '/WebParkSystem'
Jul 25, 2012 2:28:35 PM org.apache.catalina.core.ApplicationContext log
INFO: Manager: list: Listing contexts for virtual host 'localhost'
Jul 25, 2012 2:28:35 PM org.apache.catalina.core.ApplicationContext log
INFO: Manager: restart: Reloading web application at '/WebParkSystem'
Jul 25, 2012 2:28:38 PM org.apache.catalina.core.ApplicationContext log
INFO: Manager: list: Listing contexts for virtual host 'localhost'
Jul 25, 2012 2:28:38 PM org.apache.catalina.core.ApplicationContext log
INFO: Manager: restart: Reloading web application at '/WebParkSystem'
Jul 25, 2012 2:28:42 PM org.apache.catalina.core.ApplicationContext log
INFO: Manager: list: Listing contexts for virtual host 'localhost'
Jul 25, 2012 2:28:42 PM org.apache.catalina.core.ApplicationContext log
INFO: Manager: restart: Reloading web application at '/WebParkSystem'
Jul 25, 2012 2:28:44 PM org.apache.catalina.core.ApplicationContext log
INFO: Manager: list: Listing contexts for virtual host 'localhost'
Jul 25, 2012 2:28:44 PM org.apache.catalina.core.ApplicationContext log
INFO: Manager: restart: Reloading web application at '/WebParkSystem'
Jul 25, 2012 2:28:47 PM org.apache.catalina.core.ApplicationContext log
INFO: Manager: list: Listing contexts for virtual host 'localhost'
Jul 25, 2012 2:28:47 PM org.apache.catalina.core.ApplicationContext log
INFO: Manager: restart: Reloading web application at '/WebParkSystem'
Jul 25, 2012 2:28:50 PM org.apache.catalina.core.ApplicationContext log
INFO: Manager: list: Listing contexts for virtual host 'localhost'
Jul 25, 2012 2:28:50 PM org.apache.catalina.core.ApplicationContext log
INFO: Manager: restart: Reloading web application at '/WebParkSystem'
Jul 25, 2012 2:28:53 PM org.apache.catalina.core.ApplicationContext log
INFO: Manager: list: Listing contexts for virtual host 'localhost'
Jul 25, 2012 2:28:53 PM org.apache.catalina.core.ApplicationContext log
INFO: Manager: restart: Reloading web application at '/WebParkSystem'
Jul 25, 2012 2:29:01 PM org.apache.catalina.core.ApplicationContext log
INFO: Manager: list: Listing contexts for virtual host 'localhost'
Jul 25, 2012 2:29:01 PM org.apache.catalina.core.ApplicationContext log
INFO: Manager: restart: Reloading web application at '/WebParkSystem'
Jul 25, 2012 2:29:05 PM org.apache.catalina.core.ApplicationContext log
INFO: Manager: list: Listing contexts for virtual host 'localhost'
Jul 25, 2012 2:29:05 PM org.apache.catalina.core.ApplicationContext log
INFO: Manager: restart: Reloading web application at '/WebParkSystem'
Jul 25, 2012 2:29:08 PM org.apache.catalina.core.ApplicationContext log
INFO: Manager: list: Listing contexts for virtual host 'localhost'
Jul 25, 2012 2:29:08 PM org.apache.catalina.core.ApplicationContext log
INFO: Manager: restart: Reloading web application at '/WebParkSystem'
Jul 25, 2012 2:29:12 PM org.apache.catalina.core.ApplicationContext log
INFO: Manager: list: Listing contexts for virtual host 'localhost'
Jul 25, 2012 2:29:12 PM org.apache.catalina.core.ApplicationContext log
INFO: Manager: restart: Reloading web application at '/WebParkSystem'
Jul 25, 2012 2:29:17 PM org.apache.catalina.core.ApplicationContext log
INFO: Manager: list: Listing contexts for virtual host 'localhost'
Jul 25, 2012 2:29:17 PM org.apache.catalina.core.ApplicationContext log
INFO: Manager: restart: Reloading web application at '/WebParkSystem'
Jul 25, 2012 2:29:59 PM org.apache.catalina.core.ApplicationContext log
INFO: Manager: list: Listing contexts for virtual host 'localhost'
Jul 25, 2012 2:29:59 PM org.apache.catalina.core.ApplicationContext log
INFO: Manager: restart: Reloading web application at '/WebParkSystem'
Jul 25, 2012 2:30:15 PM org.apache.catalina.core.ApplicationContext log
INFO: Manager: list: Listing contexts for virtual host 'localhost'
Jul 25, 2012 2:30:16 PM org.apache.catalina.core.ApplicationContext log
INFO: Manager: restart: Reloading web application at '/WebParkSystem'
Jul 25, 2012 2:30:52 PM org.apache.catalina.core.ApplicationContext log
INFO: Manager: list: Listing contexts for virtual host 'localhost'
Jul 25, 2012 2:30:52 PM org.apache.catalina.core.ApplicationContext log
INFO: Manager: restart: Reloading web application at '/WebParkSystem'
Jul 25, 2012 2:32:08 PM org.apache.catalina.core.ApplicationContext log
INFO: Manager: list: Listing contexts for virtual host 'localhost'
Jul 25, 2012 2:32:08 PM org.apache.catalina.core.ApplicationContext log
INFO: Manager: restart: Reloading web application at '/WebParkSystem'
Jul 25, 2012 2:33:42 PM org.apache.catalina.core.ApplicationContext log
INFO: Manager: list: Listing contexts for virtual host 'localhost'
Jul 25, 2012 2:33:42 PM org.apache.catalina.core.ApplicationContext log
INFO: Manager: restart: Reloading web application at '/WebParkSystem'
Jul 25, 2012 2:33:54 PM org.apache.catalina.core.ApplicationContext log
INFO: Manager: list: Listing contexts for virtual host 'localhost'
Jul 25, 2012 2:33:54 PM org.apache.catalina.core.ApplicationContext log
INFO: Manager: restart: Reloading web application at '/WebParkSystem'
Jul 25, 2012 2:34:54 PM org.apache.catalina.core.ApplicationContext log
INFO: Manager: list: Listing contexts for virtual host 'localhost'
Jul 25, 2012 2:34:54 PM org.apache.catalina.core.ApplicationContext log
INFO: Manager: restart: Reloading web application at '/WebParkSystem'
Jul 25, 2012 2:34:59 PM org.apache.catalina.core.ApplicationContext log
INFO: Manager: list: Listing contexts for virtual host 'localhost'
Jul 25, 2012 2:34:59 PM org.apache.catalina.core.ApplicationContext log
INFO: Manager: restart: Reloading web application at '/WebParkSystem'
Jul 25, 2012 2:35:43 PM org.apache.catalina.core.ApplicationContext log
INFO: Manager: list: Listing contexts for virtual host 'localhost'
Jul 25, 2012 2:35:43 PM org.apache.catalina.core.ApplicationContext log
INFO: Manager: restart: Reloading web application at '/WebParkSystem'
Jul 25, 2012 2:35:53 PM org.apache.catalina.core.ApplicationContext log
INFO: Manager: list: Listing contexts for virtual host 'localhost'
Jul 25, 2012 2:35:53 PM org.apache.catalina.core.ApplicationContext log
INFO: Manager: restart: Reloading web application at '/WebParkSystem'
Jul 25, 2012 2:36:54 PM org.apache.catalina.core.ApplicationContext log
INFO: Manager: list: Listing contexts for virtual host 'localhost'
Jul 25, 2012 2:36:54 PM org.apache.catalina.core.ApplicationContext log
INFO: Manager: restart: Reloading web application at '/WebParkSystem'
Jul 25, 2012 2:40:30 PM org.apache.catalina.core.ApplicationContext log
INFO: Manager: list: Listing contexts for virtual host 'localhost'
Jul 25, 2012 2:40:30 PM org.apache.catalina.core.ApplicationContext log
INFO: Manager: restart: Reloading web application at '/WebParkSystem'
Jul 25, 2012 2:41:36 PM org.apache.catalina.core.ApplicationContext log
INFO: Manager: list: Listing contexts for virtual host 'localhost'
Jul 25, 2012 2:41:36 PM org.apache.catalina.core.ApplicationContext log
INFO: Manager: restart: Reloading web application at '/WebParkSystem'
Jul 25, 2012 2:43:36 PM org.apache.catalina.core.ApplicationContext log
INFO: Manager: list: Listing contexts for virtual host 'localhost'
Jul 25, 2012 2:43:36 PM org.apache.catalina.core.ApplicationContext log
INFO: Manager: restart: Reloading web application at '/WebParkSystem'
Jul 25, 2012 2:43:37 PM org.apache.catalina.core.ApplicationContext log
INFO: Manager: list: Listing contexts for virtual host 'localhost'
Jul 25, 2012 2:43:37 PM org.apache.catalina.core.ApplicationContext log
INFO: Manager: restart: Reloading web application at '/WebParkSystem'
Jul 25, 2012 2:44:22 PM org.apache.catalina.core.ApplicationContext log
INFO: Manager: list: Listing contexts for virtual host 'localhost'
Jul 25, 2012 2:44:22 PM org.apache.catalina.core.ApplicationContext log
INFO: Manager: restart: Reloading web application at '/WebParkSystem'
Jul 25, 2012 2:44:24 PM org.apache.catalina.core.ApplicationContext log
INFO: Manager: list: Listing contexts for virtual host 'localhost'
Jul 25, 2012 2:44:24 PM org.apache.catalina.core.ApplicationContext log
INFO: Manager: restart: Reloading web application at '/WebParkSystem'
Jul 25, 2012 2:45:14 PM org.apache.catalina.core.ApplicationContext log
INFO: Manager: list: Listing contexts for virtual host 'localhost'
Jul 25, 2012 2:45:14 PM org.apache.catalina.core.ApplicationContext log
INFO: Manager: restart: Reloading web application at '/WebParkSystem'
Jul 25, 2012 2:46:28 PM org.apache.catalina.core.ApplicationContext log
INFO: Manager: list: Listing contexts for virtual host 'localhost'
Jul 25, 2012 2:46:28 PM org.apache.catalina.core.ApplicationContext log
INFO: Manager: restart: Reloading web application at '/WebParkSystem'
Jul 25, 2012 2:46:48 PM org.apache.catalina.core.ApplicationContext log
INFO: Manager: list: Listing contexts for virtual host 'localhost'
Jul 25, 2012 2:46:48 PM org.apache.catalina.core.ApplicationContext log
INFO: Manager: restart: Reloading web application at '/WebParkSystem'
Jul 25, 2012 2:47:34 PM org.apache.catalina.core.ApplicationContext log
INFO: Manager: list: Listing contexts for virtual host 'localhost'
Jul 25, 2012 2:47:34 PM org.apache.catalina.core.ApplicationContext log
INFO: Manager: restart: Reloading web application at '/WebParkSystem'
Jul 25, 2012 2:48:43 PM org.apache.catalina.core.ApplicationContext log
INFO: Manager: list: Listing contexts for virtual host 'localhost'
Jul 25, 2012 2:48:43 PM org.apache.catalina.core.ApplicationContext log
INFO: Manager: restart: Reloading web application at '/WebParkSystem'
Jul 25, 2012 2:48:49 PM org.apache.catalina.core.ApplicationContext log
INFO: Manager: list: Listing contexts for virtual host 'localhost'
Jul 25, 2012 2:48:49 PM org.apache.catalina.core.ApplicationContext log
INFO: Manager: restart: Reloading web application at '/WebParkSystem'
Jul 25, 2012 2:49:52 PM org.apache.catalina.core.ApplicationContext log
INFO: Manager: list: Listing contexts for virtual host 'localhost'
Jul 25, 2012 2:49:52 PM org.apache.catalina.core.ApplicationContext log
INFO: Manager: restart: Reloading web application at '/WebParkSystem'
Jul 25, 2012 2:50:12 PM org.apache.catalina.core.ApplicationContext log
INFO: Manager: list: Listing contexts for virtual host 'localhost'
Jul 25, 2012 2:50:12 PM org.apache.catalina.core.ApplicationContext log
INFO: Manager: restart: Reloading web application at '/WebParkSystem'
Jul 25, 2012 2:50:58 PM org.apache.catalina.core.ApplicationContext log
INFO: Manager: list: Listing contexts for virtual host 'localhost'
Jul 25, 2012 2:50:58 PM org.apache.catalina.core.ApplicationContext log
INFO: Manager: restart: Reloading web application at '/WebParkSystem'
Jul 25, 2012 2:53:29 PM org.apache.catalina.core.ApplicationContext log
INFO: Manager: list: Listing contexts for virtual host 'localhost'
Jul 25, 2012 2:53:29 PM org.apache.catalina.core.ApplicationContext log
INFO: Manager: restart: Reloading web application at '/WebParkSystem'
Jul 25, 2012 2:55:37 PM org.apache.catalina.core.ApplicationContext log
INFO: Manager: list: Listing contexts for virtual host 'localhost'
Jul 25, 2012 2:55:37 PM org.apache.catalina.core.ApplicationContext log
INFO: Manager: restart: Reloading web application at '/WebParkSystem'
Jul 25, 2012 2:55:52 PM org.apache.catalina.core.ApplicationContext log
INFO: Manager: list: Listing contexts for virtual host 'localhost'
Jul 25, 2012 2:55:52 PM org.apache.catalina.core.ApplicationContext log
INFO: Manager: restart: Reloading web application at '/WebParkSystem'
Jul 25, 2012 2:58:37 PM org.apache.catalina.core.ApplicationContext log
INFO: Manager: list: Listing contexts for virtual host 'localhost'
Jul 25, 2012 2:58:37 PM org.apache.catalina.core.ApplicationContext log
INFO: Manager: restart: Reloading web application at '/WebParkSystem'
Jul 25, 2012 2:59:32 PM org.apache.catalina.core.ApplicationContext log
INFO: Manager: list: Listing contexts for virtual host 'localhost'
Jul 25, 2012 2:59:32 PM org.apache.catalina.core.ApplicationContext log
INFO: Manager: restart: Reloading web application at '/WebParkSystem'
Jul 25, 2012 3:00:25 PM org.apache.catalina.core.ApplicationContext log
INFO: Manager: list: Listing contexts for virtual host 'localhost'
Jul 25, 2012 3:00:25 PM org.apache.catalina.core.ApplicationContext log
INFO: Manager: restart: Reloading web application at '/WebParkSystem'
Jul 25, 2012 3:01:14 PM org.apache.catalina.core.ApplicationContext log
INFO: Manager: list: Listing contexts for virtual host 'localhost'
Jul 25, 2012 3:01:14 PM org.apache.catalina.core.ApplicationContext log
INFO: Manager: restart: Reloading web application at '/WebParkSystem'
Jul 25, 2012 3:04:39 PM org.apache.catalina.core.ApplicationContext log
INFO: Manager: list: Listing contexts for virtual host 'localhost'
Jul 25, 2012 3:04:39 PM org.apache.catalina.core.ApplicationContext log
INFO: Manager: restart: Reloading web application at '/WebParkSystem'
Jul 25, 2012 3:16:10 PM org.apache.catalina.core.ApplicationContext log
INFO: Manager: list: Listing contexts for virtual host 'localhost'
Jul 25, 2012 3:16:10 PM org.apache.catalina.core.ApplicationContext log
INFO: Manager: restart: Reloading web application at '/WebParkSystem'
Jul 25, 2012 3:16:19 PM org.apache.catalina.core.ApplicationContext log
INFO: Manager: list: Listing contexts for virtual host 'localhost'
Jul 25, 2012 3:16:19 PM org.apache.catalina.core.ApplicationContext log
INFO: Manager: list: Listing contexts for virtual host 'localhost'
Jul 25, 2012 3:16:19 PM org.apache.catalina.core.ApplicationContext log
INFO: Manager: undeploy: Undeploying web application at '/WebParkSystem'
Jul 25, 2012 3:16:20 PM org.apache.catalina.core.ApplicationContext log
INFO: Manager: install: Installing context configuration at 'file:/C:/Users/BRAINL~1/AppData/Local/Temp/context6811893206731732137.xml'
Jul 25, 2012 3:16:21 PM org.apache.catalina.core.ApplicationContext log
INFO: Manager: start: Starting web application at '/WebParkSystem'
Jul 25, 2012 3:19:45 PM org.apache.catalina.core.ApplicationContext log
INFO: Manager: list: Listing contexts for virtual host 'localhost'
Jul 25, 2012 3:19:45 PM org.apache.catalina.core.ApplicationContext log
INFO: Manager: list: Listing contexts for virtual host 'localhost'
Jul 25, 2012 3:19:45 PM org.apache.catalina.core.ApplicationContext log
INFO: Manager: undeploy: Undeploying web application at '/WebParkSystem'
Jul 25, 2012 3:19:46 PM org.apache.catalina.core.ApplicationContext log
INFO: Manager: install: Installing context configuration at 'file:/C:/Users/BRAINL~1/AppData/Local/Temp/context7537607922305421799.xml'
Jul 25, 2012 3:19:46 PM org.apache.catalina.core.ApplicationContext log
INFO: Manager: start: Starting web application at '/WebParkSystem'
Jul 25, 2012 3:21:43 PM org.apache.catalina.core.ApplicationContext log
INFO: Manager: list: Listing contexts for virtual host 'localhost'
Jul 25, 2012 3:21:43 PM org.apache.catalina.core.ApplicationContext log
INFO: Manager: restart: Reloading web application at '/WebParkSystem'
Jul 25, 2012 3:22:18 PM org.apache.catalina.core.ApplicationContext log
INFO: Manager: list: Listing contexts for virtual host 'localhost'
Jul 25, 2012 3:22:18 PM org.apache.catalina.core.ApplicationContext log
INFO: Manager: list: Listing contexts for virtual host 'localhost'
Jul 25, 2012 3:22:18 PM org.apache.catalina.core.ApplicationContext log
INFO: Manager: undeploy: Undeploying web application at '/WebParkSystem'
Jul 25, 2012 3:22:18 PM org.apache.catalina.core.ApplicationContext log
INFO: Manager: install: Installing context configuration at 'file:/C:/Users/BRAINL~1/AppData/Local/Temp/context9023184902985102170.xml'
Jul 25, 2012 3:22:19 PM org.apache.catalina.core.ApplicationContext log
INFO: Manager: start: Starting web application at '/WebParkSystem'
Jul 25, 2012 3:33:05 PM org.apache.catalina.core.ApplicationContext log
INFO: Manager: list: Listing contexts for virtual host 'localhost'
Jul 25, 2012 3:33:05 PM org.apache.catalina.core.ApplicationContext log
INFO: Manager: list: Listing contexts for virtual host 'localhost'
Jul 25, 2012 3:33:05 PM org.apache.catalina.core.ApplicationContext log
INFO: Manager: undeploy: Undeploying web application at '/WebParkSystem'
Jul 25, 2012 3:33:06 PM org.apache.catalina.core.ApplicationContext log
INFO: Manager: install: Installing context configuration at 'file:/C:/Users/BRAINL~1/AppData/Local/Temp/context5778060540415473043.xml'
Jul 25, 2012 3:33:06 PM org.apache.catalina.core.ApplicationContext log
INFO: Manager: start: Starting web application at '/WebParkSystem'
Jul 25, 2012 3:35:47 PM org.apache.catalina.core.ApplicationContext log
INFO: Manager: list: Listing contexts for virtual host 'localhost'
Jul 25, 2012 3:35:47 PM org.apache.catalina.core.ApplicationContext log
INFO: Manager: restart: Reloading web application at '/WebParkSystem'
Jul 25, 2012 3:37:39 PM org.apache.catalina.core.ApplicationContext log
INFO: Manager: list: Listing contexts for virtual host 'localhost'
Jul 25, 2012 3:37:39 PM org.apache.catalina.core.ApplicationContext log
INFO: Manager: restart: Reloading web application at '/WebParkSystem'
Jul 25, 2012 3:38:31 PM org.apache.catalina.core.ApplicationContext log
INFO: Manager: list: Listing contexts for virtual host 'localhost'
Jul 25, 2012 3:38:31 PM org.apache.catalina.core.ApplicationContext log
INFO: Manager: list: Listing contexts for virtual host 'localhost'
Jul 25, 2012 3:38:31 PM org.apache.catalina.core.ApplicationContext log
INFO: Manager: undeploy: Undeploying web application at '/WebParkSystem'
Jul 25, 2012 3:38:32 PM org.apache.catalina.core.ApplicationContext log
INFO: Manager: install: Installing context configuration at 'file:/C:/Users/BRAINL~1/AppData/Local/Temp/context6069459591617123080.xml'
Jul 25, 2012 3:38:32 PM org.apache.catalina.core.ApplicationContext log
INFO: Manager: start: Starting web application at '/WebParkSystem'
Jul 25, 2012 3:40:51 PM org.apache.catalina.core.ApplicationContext log
INFO: Manager: list: Listing contexts for virtual host 'localhost'
Jul 25, 2012 3:40:51 PM org.apache.catalina.core.ApplicationContext log
INFO: Manager: list: Listing contexts for virtual host 'localhost'
Jul 25, 2012 3:40:51 PM org.apache.catalina.core.ApplicationContext log
INFO: Manager: undeploy: Undeploying web application at '/WebParkSystem'
Jul 25, 2012 3:40:51 PM org.apache.catalina.core.ApplicationContext log
INFO: Manager: install: Installing context configuration at 'file:/C:/Users/BRAINL~1/AppData/Local/Temp/context8704120651298557984.xml'
Jul 25, 2012 3:40:52 PM org.apache.catalina.core.ApplicationContext log
INFO: Manager: start: Starting web application at '/WebParkSystem'
Jul 25, 2012 3:43:38 PM org.apache.catalina.core.ApplicationContext log
INFO: Manager: init: Associated with Deployer 'Catalina:type=Deployer,host=localhost'
Jul 25, 2012 3:43:38 PM org.apache.catalina.core.ApplicationContext log
INFO: Manager: init: Global resources are available
Jul 25, 2012 3:43:38 PM org.apache.catalina.core.ApplicationContext log
INFO: Manager: list: Listing contexts for virtual host 'localhost'
Jul 25, 2012 3:43:38 PM org.apache.catalina.core.ApplicationContext log
INFO: Manager: restart: Reloading web application at '/WebParkSystem'
Jul 25, 2012 3:45:51 PM org.apache.catalina.core.ApplicationContext log
INFO: Manager: list: Listing contexts for virtual host 'localhost'
Jul 25, 2012 3:45:51 PM org.apache.catalina.core.ApplicationContext log
INFO: Manager: restart: Reloading web application at '/WebParkSystem'
Jul 25, 2012 3:47:05 PM org.apache.catalina.core.ApplicationContext log
INFO: Manager: list: Listing contexts for virtual host 'localhost'
Jul 25, 2012 3:47:05 PM org.apache.catalina.core.ApplicationContext log
INFO: Manager: list: Listing contexts for virtual host 'localhost'
Jul 25, 2012 3:47:05 PM org.apache.catalina.core.ApplicationContext log
INFO: Manager: undeploy: Undeploying web application at '/WebParkSystem'
Jul 25, 2012 3:47:06 PM org.apache.catalina.core.ApplicationContext log
INFO: Manager: install: Installing context configuration at 'file:/C:/Users/BRAINL~1/AppData/Local/Temp/context7928617449530226647.xml'
Jul 25, 2012 3:47:06 PM org.apache.catalina.core.ApplicationContext log
INFO: Manager: start: Starting web application at '/WebParkSystem'
Jul 25, 2012 3:50:23 PM org.apache.catalina.core.ApplicationContext log
INFO: Manager: list: Listing contexts for virtual host 'localhost'
Jul 25, 2012 3:50:23 PM org.apache.catalina.core.ApplicationContext log
INFO: Manager: list: Listing contexts for virtual host 'localhost'
Jul 25, 2012 3:50:23 PM org.apache.catalina.core.ApplicationContext log
INFO: Manager: undeploy: Undeploying web application at '/WebParkSystem'
Jul 25, 2012 3:50:23 PM org.apache.catalina.core.ApplicationContext log
INFO: Manager: install: Installing context configuration at 'file:/C:/Users/BRAINL~1/AppData/Local/Temp/context8023587970340624612.xml'
Jul 25, 2012 3:50:23 PM org.apache.catalina.core.ApplicationContext log
INFO: Manager: start: Starting web application at '/WebParkSystem'
Jul 25, 2012 3:54:15 PM org.apache.catalina.core.ApplicationContext log
INFO: Manager: list: Listing contexts for virtual host 'localhost'
Jul 25, 2012 3:54:15 PM org.apache.catalina.core.ApplicationContext log
INFO: Manager: restart: Reloading web application at '/WebParkSystem'
Jul 25, 2012 3:58:46 PM org.apache.catalina.core.ApplicationContext log
INFO: Manager: list: Listing contexts for virtual host 'localhost'
Jul 25, 2012 3:58:46 PM org.apache.catalina.core.ApplicationContext log
INFO: Manager: restart: Reloading web application at '/WebParkSystem'
Jul 25, 2012 4:00:32 PM org.apache.catalina.core.ApplicationContext log
INFO: Manager: list: Listing contexts for virtual host 'localhost'
Jul 25, 2012 4:00:32 PM org.apache.catalina.core.ApplicationContext log
INFO: Manager: restart: Reloading web application at '/WebParkSystem'
Jul 25, 2012 4:04:51 PM org.apache.catalina.core.ApplicationContext log
INFO: Manager: list: Listing contexts for virtual host 'localhost'
Jul 25, 2012 4:04:52 PM org.apache.catalina.core.ApplicationContext log
INFO: Manager: restart: Reloading web application at '/WebParkSystem'
Jul 25, 2012 4:04:53 PM org.apache.catalina.core.ApplicationContext log
INFO: Manager: list: Listing contexts for virtual host 'localhost'
Jul 25, 2012 4:04:53 PM org.apache.catalina.core.ApplicationContext log
INFO: Manager: restart: Reloading web application at '/WebParkSystem'
Jul 25, 2012 4:05:13 PM org.apache.catalina.core.ApplicationContext log
INFO: Manager: list: Listing contexts for virtual host 'localhost'
Jul 25, 2012 4:05:13 PM org.apache.catalina.core.ApplicationContext log
INFO: Manager: list: Listing contexts for virtual host 'localhost'
Jul 25, 2012 4:05:13 PM org.apache.catalina.core.ApplicationContext log
INFO: Manager: undeploy: Undeploying web application at '/WebParkSystem'
Jul 25, 2012 4:05:14 PM org.apache.catalina.core.ApplicationContext log
INFO: Manager: install: Installing context configuration at 'file:/C:/Users/BRAINL~1/AppData/Local/Temp/context6718626955690396327.xml'
Jul 25, 2012 4:05:14 PM org.apache.catalina.core.ApplicationContext log
INFO: Manager: start: Starting web application at '/WebParkSystem'
Jul 25, 2012 4:39:28 PM org.apache.catalina.core.ApplicationContext log
INFO: Manager: list: Listing contexts for virtual host 'localhost'
Jul 25, 2012 4:39:28 PM org.apache.catalina.core.ApplicationContext log
INFO: Manager: restart: Reloading web application at '/WebParkSystem'
Jul 25, 2012 4:39:34 PM org.apache.catalina.core.ApplicationContext log
INFO: Manager: list: Listing contexts for virtual host 'localhost'
Jul 25, 2012 4:39:34 PM org.apache.catalina.core.ApplicationContext log
INFO: Manager: list: Listing contexts for virtual host 'localhost'
Jul 25, 2012 4:39:34 PM org.apache.catalina.core.ApplicationContext log
INFO: Manager: undeploy: Undeploying web application at '/WebParkSystem'
Jul 25, 2012 4:39:35 PM org.apache.catalina.core.ApplicationContext log
INFO: Manager: install: Installing context configuration at 'file:/C:/Users/BRAINL~1/AppData/Local/Temp/context8613311585193993328.xml'
Jul 25, 2012 4:39:35 PM org.apache.catalina.core.ApplicationContext log
INFO: Manager: start: Starting web application at '/WebParkSystem'
Jul 25, 2012 4:44:32 PM org.apache.catalina.core.ApplicationContext log
INFO: Manager: list: Listing contexts for virtual host 'localhost'
Jul 25, 2012 4:44:32 PM org.apache.catalina.core.ApplicationContext log
INFO: Manager: restart: Reloading web application at '/WebParkSystem'
Jul 25, 2012 4:45:54 PM org.apache.catalina.core.ApplicationContext log
INFO: Manager: list: Listing contexts for virtual host 'localhost'
Jul 25, 2012 4:45:54 PM org.apache.catalina.core.ApplicationContext log
INFO: Manager: list: Listing contexts for virtual host 'localhost'
Jul 25, 2012 4:45:54 PM org.apache.catalina.core.ApplicationContext log
INFO: Manager: undeploy: Undeploying web application at '/WebParkSystem'
Jul 25, 2012 4:45:55 PM org.apache.catalina.core.ApplicationContext log
INFO: Manager: install: Installing context configuration at 'file:/C:/Users/BRAINL~1/AppData/Local/Temp/context6932363453132388835.xml'
Jul 25, 2012 4:45:55 PM org.apache.catalina.core.ApplicationContext log
INFO: Manager: start: Starting web application at '/WebParkSystem'
Jul 25, 2012 4:47:36 PM org.apache.catalina.core.ApplicationContext log
INFO: Manager: init: Associated with Deployer 'Catalina:type=Deployer,host=localhost'
Jul 25, 2012 4:47:36 PM org.apache.catalina.core.ApplicationContext log
INFO: Manager: init: Global resources are available
Jul 25, 2012 4:47:36 PM org.apache.catalina.core.ApplicationContext log
INFO: Manager: list: Listing contexts for virtual host 'localhost'
Jul 25, 2012 4:47:36 PM org.apache.catalina.core.ApplicationContext log
INFO: Manager: list: Listing contexts for virtual host 'localhost'
Jul 25, 2012 4:47:36 PM org.apache.catalina.core.ApplicationContext log
INFO: Manager: undeploy: Undeploying web application at '/WebParkSystem'
Jul 25, 2012 4:47:37 PM org.apache.catalina.core.ApplicationContext log
INFO: Manager: install: Installing context configuration at 'file:/C:/Users/BRAINL~1/AppData/Local/Temp/context7158669592783949826.xml'
Jul 25, 2012 4:47:37 PM org.apache.catalina.core.ApplicationContext log
INFO: Manager: start: Starting web application at '/WebParkSystem'
Jul 25, 2012 5:37:22 PM org.apache.catalina.core.ApplicationContext log
INFO: Manager: init: Associated with Deployer 'Catalina:type=Deployer,host=localhost'
Jul 25, 2012 5:37:22 PM org.apache.catalina.core.ApplicationContext log
INFO: Manager: init: Global resources are available
Jul 25, 2012 5:37:22 PM org.apache.catalina.core.ApplicationContext log
INFO: Manager: list: Listing contexts for virtual host 'localhost'
Jul 25, 2012 5:37:22 PM org.apache.catalina.core.ApplicationContext log
INFO: Manager: list: Listing contexts for virtual host 'localhost'
Jul 25, 2012 5:37:23 PM org.apache.catalina.core.ApplicationContext log
INFO: Manager: undeploy: Undeploying web application at '/WebParkSystem'
Jul 25, 2012 5:37:24 PM org.apache.catalina.core.ApplicationContext log
INFO: Manager: install: Installing context configuration at 'file:/C:/Users/BRAINL~1/AppData/Local/Temp/context3490218627052409233.xml'
Jul 25, 2012 5:37:24 PM org.apache.catalina.core.ApplicationContext log
INFO: Manager: start: Starting web application at '/WebParkSystem'
Jul 25, 2012 5:57:03 PM org.apache.catalina.core.ApplicationContext log
INFO: Manager: list: Listing contexts for virtual host 'localhost'
Jul 25, 2012 5:57:04 PM org.apache.catalina.core.ApplicationContext log
INFO: Manager: restart: Reloading web application at '/WebParkSystem'
Jul 25, 2012 6:03:01 PM org.apache.catalina.core.ApplicationContext log
INFO: Manager: list: Listing contexts for virtual host 'localhost'
Jul 25, 2012 6:03:01 PM org.apache.catalina.core.ApplicationContext log
INFO: Manager: list: Listing contexts for virtual host 'localhost'
Jul 25, 2012 6:03:01 PM org.apache.catalina.core.ApplicationContext log
INFO: Manager: undeploy: Undeploying web application at '/WebParkSystem'
Jul 25, 2012 6:03:01 PM org.apache.catalina.core.ApplicationContext log
INFO: Manager: install: Installing context configuration at 'file:/C:/Users/BRAINL~1/AppData/Local/Temp/context1686691736382358334.xml'
Jul 25, 2012 6:03:02 PM org.apache.catalina.core.ApplicationContext log
INFO: Manager: start: Starting web application at '/WebParkSystem'
Jul 25, 2012 6:07:43 PM org.apache.catalina.core.ApplicationContext log
INFO: Manager: list: Listing contexts for virtual host 'localhost'
Jul 25, 2012 6:07:43 PM org.apache.catalina.core.ApplicationContext log
INFO: Manager: restart: Reloading web application at '/WebParkSystem'
Jul 25, 2012 6:07:54 PM org.apache.catalina.core.ApplicationContext log
INFO: Manager: list: Listing contexts for virtual host 'localhost'
Jul 25, 2012 6:07:54 PM org.apache.catalina.core.ApplicationContext log
INFO: Manager: list: Listing contexts for virtual host 'localhost'
Jul 25, 2012 6:07:54 PM org.apache.catalina.core.ApplicationContext log
INFO: Manager: undeploy: Undeploying web application at '/WebParkSystem'
Jul 25, 2012 6:07:54 PM org.apache.catalina.core.ApplicationContext log
INFO: Manager: install: Installing context configuration at 'file:/C:/Users/BRAINL~1/AppData/Local/Temp/context7262754634002878681.xml'
Jul 25, 2012 6:07:54 PM org.apache.catalina.core.ApplicationContext log
INFO: Manager: start: Starting web application at '/WebParkSystem'
Jul 25, 2012 6:09:52 PM org.apache.catalina.core.ApplicationContext log
INFO: Manager: list: Listing contexts for virtual host 'localhost'
Jul 25, 2012 6:09:52 PM org.apache.catalina.core.ApplicationContext log
INFO: Manager: restart: Reloading web application at '/WebParkSystem'
Jul 25, 2012 6:10:22 PM org.apache.catalina.core.ApplicationContext log
INFO: Manager: list: Listing contexts for virtual host 'localhost'
Jul 25, 2012 6:10:22 PM org.apache.catalina.core.ApplicationContext log
INFO: Manager: list: Listing contexts for virtual host 'localhost'
Jul 25, 2012 6:10:22 PM org.apache.catalina.core.ApplicationContext log
INFO: Manager: undeploy: Undeploying web application at '/WebParkSystem'
Jul 25, 2012 6:10:22 PM org.apache.catalina.core.ApplicationContext log
INFO: Manager: install: Installing context configuration at 'file:/C:/Users/BRAINL~1/AppData/Local/Temp/context3500806585622813205.xml'
Jul 25, 2012 6:10:23 PM org.apache.catalina.core.ApplicationContext log
INFO: Manager: start: Starting web application at '/WebParkSystem'
Jul 25, 2012 6:14:00 PM org.apache.catalina.core.ApplicationContext log
INFO: Manager: list: Listing contexts for virtual host 'localhost'
Jul 25, 2012 6:14:00 PM org.apache.catalina.core.ApplicationContext log
INFO: Manager: restart: Reloading web application at '/WebParkSystem'
Jul 25, 2012 6:14:59 PM org.apache.catalina.core.ApplicationContext log
INFO: Manager: list: Listing contexts for virtual host 'localhost'
Jul 25, 2012 6:14:59 PM org.apache.catalina.core.ApplicationContext log
INFO: Manager: restart: Reloading web application at '/WebParkSystem'
Jul 25, 2012 6:15:11 PM org.apache.catalina.core.ApplicationContext log
INFO: Manager: list: Listing contexts for virtual host 'localhost'
Jul 25, 2012 6:15:11 PM org.apache.catalina.core.ApplicationContext log
INFO: Manager: restart: Reloading web application at '/WebParkSystem'
Jul 25, 2012 6:15:15 PM org.apache.catalina.core.ApplicationContext log
INFO: Manager: list: Listing contexts for virtual host 'localhost'
Jul 25, 2012 6:15:15 PM org.apache.catalina.core.ApplicationContext log
INFO: Manager: undeploy: Undeploying web application at '/WebParkSystem'
Jul 25, 2012 6:15:25 PM org.apache.catalina.core.ApplicationContext log
INFO: Manager: list: Listing contexts for virtual host 'localhost'
Jul 25, 2012 6:15:25 PM org.apache.catalina.core.ApplicationContext log
INFO: Manager: list: Listing contexts for virtual host 'localhost'
Jul 25, 2012 6:15:25 PM org.apache.catalina.core.ApplicationContext log
INFO: Manager: install: Installing context configuration at 'file:/C:/Users/BRAINL~1/AppData/Local/Temp/context4163149816909666709.xml'
Jul 25, 2012 6:15:26 PM org.apache.catalina.core.ApplicationContext log
INFO: Manager: start: Starting web application at '/WebParkSystem'
Jul 25, 2012 6:16:23 PM org.apache.catalina.core.ApplicationContext log
INFO: Manager: list: Listing contexts for virtual host 'localhost'
Jul 25, 2012 6:16:23 PM org.apache.catalina.core.ApplicationContext log
INFO: Manager: list: Listing contexts for virtual host 'localhost'
Jul 25, 2012 6:16:23 PM org.apache.catalina.core.ApplicationContext log
INFO: Manager: undeploy: Undeploying web application at '/WebParkSystem'
Jul 25, 2012 6:16:24 PM org.apache.catalina.core.ApplicationContext log
INFO: Manager: install: Installing context configuration at 'file:/C:/Users/BRAINL~1/AppData/Local/Temp/context659105655653508288.xml'
Jul 25, 2012 6:16:24 PM org.apache.catalina.core.ApplicationContext log
INFO: Manager: start: Starting web application at '/WebParkSystem'
Jul 25, 2012 6:17:22 PM org.apache.catalina.core.ApplicationContext log
INFO: Manager: list: Listing contexts for virtual host 'localhost'
Jul 25, 2012 6:17:22 PM org.apache.catalina.core.ApplicationContext log
INFO: Manager: list: Listing contexts for virtual host 'localhost'
Jul 25, 2012 6:17:22 PM org.apache.catalina.core.ApplicationContext log
INFO: Manager: undeploy: Undeploying web application at '/WebParkSystem'
Jul 25, 2012 6:17:23 PM org.apache.catalina.core.ApplicationContext log
INFO: Manager: install: Installing context configuration at 'file:/C:/Users/BRAINL~1/AppData/Local/Temp/context8799313907483538503.xml'
Jul 25, 2012 6:17:23 PM org.apache.catalina.core.ApplicationContext log
INFO: Manager: start: Starting web application at '/WebParkSystem'
Jul 25, 2012 6:27:18 PM org.apache.catalina.core.ApplicationContext log
INFO: Manager: list: Listing contexts for virtual host 'localhost'
Jul 25, 2012 6:27:18 PM org.apache.catalina.core.ApplicationContext log
INFO: Manager: restart: Reloading web application at '/WebParkSystem'
Jul 25, 2012 6:28:37 PM org.apache.catalina.core.ApplicationContext log
INFO: Manager: list: Listing contexts for virtual host 'localhost'
Jul 25, 2012 6:28:37 PM org.apache.catalina.core.ApplicationContext log
INFO: Manager: restart: Reloading web application at '/WebParkSystem'
Jul 25, 2012 6:29:32 PM org.apache.catalina.core.ApplicationContext log
INFO: Manager: list: Listing contexts for virtual host 'localhost'
Jul 25, 2012 6:29:32 PM org.apache.catalina.core.ApplicationContext log
INFO: Manager: restart: Reloading web application at '/WebParkSystem'
Jul 25, 2012 6:30:31 PM org.apache.catalina.core.ApplicationContext log
INFO: Manager: list: Listing contexts for virtual host 'localhost'
Jul 25, 2012 6:30:31 PM org.apache.catalina.core.ApplicationContext log
INFO: Manager: restart: Reloading web application at '/WebParkSystem'
Jul 25, 2012 6:52:45 PM org.apache.catalina.core.ApplicationContext log
INFO: Manager: list: Listing contexts for virtual host 'localhost'
Jul 25, 2012 6:52:45 PM org.apache.catalina.core.ApplicationContext log
INFO: Manager: restart: Reloading web application at '/WebParkSystem'
Jul 25, 2012 6:57:31 PM org.apache.catalina.core.ApplicationContext log
INFO: Manager: list: Listing contexts for virtual host 'localhost'
Jul 25, 2012 6:57:31 PM org.apache.catalina.core.ApplicationContext log
INFO: Manager: restart: Reloading web application at '/WebParkSystem'
Jul 25, 2012 6:57:46 PM org.apache.catalina.core.ApplicationContext log
INFO: Manager: list: Listing contexts for virtual host 'localhost'
Jul 25, 2012 6:57:46 PM org.apache.catalina.core.ApplicationContext log
INFO: Manager: restart: Reloading web application at '/WebParkSystem'
Jul 25, 2012 6:57:52 PM org.apache.catalina.core.ApplicationContext log
INFO: Manager: list: Listing contexts for virtual host 'localhost'
Jul 25, 2012 6:57:52 PM org.apache.catalina.core.ApplicationContext log
INFO: Manager: restart: Reloading web application at '/WebParkSystem'
Jul 25, 2012 7:03:40 PM org.apache.catalina.core.ApplicationContext log
INFO: Manager: list: Listing contexts for virtual host 'localhost'
Jul 25, 2012 7:03:40 PM org.apache.catalina.core.ApplicationContext log
INFO: Manager: restart: Reloading web application at '/WebParkSystem'
Jul 25, 2012 7:04:09 PM org.apache.catalina.core.ApplicationContext log
INFO: Manager: list: Listing contexts for virtual host 'localhost'
Jul 25, 2012 7:04:09 PM org.apache.catalina.core.ApplicationContext log
INFO: Manager: restart: Reloading web application at '/WebParkSystem'
Jul 25, 2012 7:04:16 PM org.apache.catalina.core.ApplicationContext log
INFO: Manager: list: Listing contexts for virtual host 'localhost'
Jul 25, 2012 7:04:16 PM org.apache.catalina.core.ApplicationContext log
INFO: Manager: restart: Reloading web application at '/WebParkSystem'
Jul 25, 2012 7:04:34 PM org.apache.catalina.core.ApplicationContext log
INFO: Manager: list: Listing contexts for virtual host 'localhost'
Jul 25, 2012 7:04:34 PM org.apache.catalina.core.ApplicationContext log
INFO: Manager: restart: Reloading web application at '/WebParkSystem'
Jul 25, 2012 7:04:57 PM org.apache.catalina.core.ApplicationContext log
INFO: Manager: list: Listing contexts for virtual host 'localhost'
Jul 25, 2012 7:04:57 PM org.apache.catalina.core.ApplicationContext log
INFO: Manager: restart: Reloading web application at '/WebParkSystem'
Jul 25, 2012 7:05:52 PM org.apache.catalina.core.ApplicationContext log
INFO: Manager: list: Listing contexts for virtual host 'localhost'
Jul 25, 2012 7:05:52 PM org.apache.catalina.core.ApplicationContext log
INFO: Manager: restart: Reloading web application at '/WebParkSystem'
Jul 25, 2012 7:05:56 PM org.apache.catalina.core.ApplicationContext log
INFO: Manager: list: Listing contexts for virtual host 'localhost'
Jul 25, 2012 7:05:56 PM org.apache.catalina.core.ApplicationContext log
INFO: Manager: restart: Reloading web application at '/WebParkSystem'
Jul 25, 2012 7:05:59 PM org.apache.catalina.core.ApplicationContext log
INFO: Manager: list: Listing contexts for virtual host 'localhost'
Jul 25, 2012 7:05:59 PM org.apache.catalina.core.ApplicationContext log
INFO: Manager: restart: Reloading web application at '/WebParkSystem'
Jul 25, 2012 7:06:23 PM org.apache.catalina.core.ApplicationContext log
INFO: Manager: list: Listing contexts for virtual host 'localhost'
Jul 25, 2012 7:06:23 PM org.apache.catalina.core.ApplicationContext log
INFO: Manager: restart: Reloading web application at '/WebParkSystem'
Jul 25, 2012 7:06:27 PM org.apache.catalina.core.ApplicationContext log
INFO: Manager: list: Listing contexts for virtual host 'localhost'
Jul 25, 2012 7:06:27 PM org.apache.catalina.core.ApplicationContext log
INFO: Manager: restart: Reloading web application at '/WebParkSystem'
Jul 25, 2012 7:06:28 PM org.apache.catalina.core.ApplicationContext log
INFO: Manager: list: Listing contexts for virtual host 'localhost'
Jul 25, 2012 7:06:28 PM org.apache.catalina.core.ApplicationContext log
INFO: Manager: restart: Reloading web application at '/WebParkSystem'
Jul 25, 2012 7:06:42 PM org.apache.catalina.core.ApplicationContext log
INFO: Manager: list: Listing contexts for virtual host 'localhost'
Jul 25, 2012 7:06:42 PM org.apache.catalina.core.ApplicationContext log
INFO: Manager: restart: Reloading web application at '/WebParkSystem'
Jul 25, 2012 7:07:39 PM org.apache.catalina.core.ApplicationContext log
INFO: Manager: list: Listing contexts for virtual host 'localhost'
Jul 25, 2012 7:07:39 PM org.apache.catalina.core.ApplicationContext log
INFO: Manager: restart: Reloading web application at '/WebParkSystem'
Jul 25, 2012 7:08:15 PM org.apache.catalina.core.ApplicationContext log
INFO: Manager: list: Listing contexts for virtual host 'localhost'
Jul 25, 2012 7:08:15 PM org.apache.catalina.core.ApplicationContext log
INFO: Manager: restart: Reloading web application at '/WebParkSystem'
Jul 25, 2012 7:10:51 PM org.apache.catalina.core.ApplicationContext log
INFO: Manager: list: Listing contexts for virtual host 'localhost'
Jul 25, 2012 7:10:51 PM org.apache.catalina.core.ApplicationContext log
INFO: Manager: restart: Reloading web application at '/WebParkSystem'
Jul 25, 2012 7:11:02 PM org.apache.catalina.core.ApplicationContext log
INFO: Manager: list: Listing contexts for virtual host 'localhost'
Jul 25, 2012 7:11:02 PM org.apache.catalina.core.ApplicationContext log
INFO: Manager: restart: Reloading web application at '/WebParkSystem'
Jul 25, 2012 7:13:58 PM org.apache.catalina.core.ApplicationContext log
INFO: Manager: list: Listing contexts for virtual host 'localhost'
Jul 25, 2012 7:13:58 PM org.apache.catalina.core.ApplicationContext log
INFO: Manager: restart: Reloading web application at '/WebParkSystem'
Jul 25, 2012 7:14:03 PM org.apache.catalina.core.ApplicationContext log
INFO: Manager: list: Listing contexts for virtual host 'localhost'
Jul 25, 2012 7:14:03 PM org.apache.catalina.core.ApplicationContext log
INFO: Manager: restart: Reloading web application at '/WebParkSystem'
Jul 25, 2012 7:14:37 PM org.apache.catalina.core.ApplicationContext log
INFO: Manager: list: Listing contexts for virtual host 'localhost'
Jul 25, 2012 7:14:37 PM org.apache.catalina.core.ApplicationContext log
INFO: Manager: restart: Reloading web application at '/WebParkSystem'
Jul 25, 2012 7:15:06 PM org.apache.catalina.core.ApplicationContext log
INFO: Manager: list: Listing contexts for virtual host 'localhost'
Jul 25, 2012 7:15:06 PM org.apache.catalina.core.ApplicationContext log
INFO: Manager: restart: Reloading web application at '/WebParkSystem'
Jul 25, 2012 7:15:28 PM org.apache.catalina.core.ApplicationContext log
INFO: Manager: list: Listing contexts for virtual host 'localhost'
Jul 25, 2012 7:15:28 PM org.apache.catalina.core.ApplicationContext log
INFO: Manager: restart: Reloading web application at '/WebParkSystem'
Jul 25, 2012 7:16:03 PM org.apache.catalina.core.ApplicationContext log
INFO: Manager: list: Listing contexts for virtual host 'localhost'
Jul 25, 2012 7:16:03 PM org.apache.catalina.core.ApplicationContext log
INFO: Manager: restart: Reloading web application at '/WebParkSystem'
Jul 25, 2012 7:16:23 PM org.apache.catalina.core.ApplicationContext log
INFO: Manager: list: Listing contexts for virtual host 'localhost'
Jul 25, 2012 7:16:23 PM org.apache.catalina.core.ApplicationContext log
INFO: Manager: list: Listing contexts for virtual host 'localhost'
Jul 25, 2012 7:16:23 PM org.apache.catalina.core.ApplicationContext log
INFO: Manager: undeploy: Undeploying web application at '/WebParkSystem'
Jul 25, 2012 7:16:23 PM org.apache.catalina.core.ApplicationContext log
INFO: Manager: install: Installing context configuration at 'file:/C:/Users/BRAINL~1/AppData/Local/Temp/context1343455256838793992.xml'
Jul 25, 2012 7:16:25 PM org.apache.catalina.core.ApplicationContext log
INFO: Manager: start: Starting web application at '/WebParkSystem'
Jul 25, 2012 7:22:06 PM org.apache.catalina.core.ApplicationContext log
INFO: Manager: init: Associated with Deployer 'Catalina:type=Deployer,host=localhost'
Jul 25, 2012 7:22:06 PM org.apache.catalina.core.ApplicationContext log
INFO: Manager: init: Global resources are available
Jul 25, 2012 7:22:06 PM org.apache.catalina.core.ApplicationContext log
INFO: Manager: list: Listing contexts for virtual host 'localhost'
Jul 25, 2012 7:22:06 PM org.apache.catalina.core.ApplicationContext log
INFO: Manager: list: Listing contexts for virtual host 'localhost'
Jul 25, 2012 7:22:06 PM org.apache.catalina.core.ApplicationContext log
INFO: Manager: undeploy: Undeploying web application at '/WebParkSystem'
Jul 25, 2012 7:22:07 PM org.apache.catalina.core.ApplicationContext log
INFO: Manager: install: Installing context configuration at 'file:/C:/Users/BRAINL~1/AppData/Local/Temp/context7388150615527858556.xml'
Jul 25, 2012 7:22:08 PM org.apache.catalina.core.ApplicationContext log
INFO: Manager: start: Starting web application at '/WebParkSystem'
Jul 25, 2012 7:22:15 PM org.apache.catalina.core.ApplicationContext log
INFO: Manager: list: Listing contexts for virtual host 'localhost'
Jul 25, 2012 7:22:15 PM org.apache.catalina.core.ApplicationContext log
INFO: Manager: list: Listing contexts for virtual host 'localhost'
Jul 25, 2012 7:22:15 PM org.apache.catalina.core.ApplicationContext log
INFO: Manager: undeploy: Undeploying web application at '/WebParkSystem'
Jul 25, 2012 7:22:16 PM org.apache.catalina.core.ApplicationContext log
INFO: Manager: install: Installing context configuration at 'file:/C:/Users/BRAINL~1/AppData/Local/Temp/context8315986335253822457.xml'
Jul 25, 2012 7:22:16 PM org.apache.catalina.core.ApplicationContext log
INFO: Manager: start: Starting web application at '/WebParkSystem'
Jul 25, 2012 7:22:41 PM org.apache.catalina.core.ApplicationContext log
INFO: Manager: list: Listing contexts for virtual host 'localhost'
Jul 25, 2012 7:22:41 PM org.apache.catalina.core.ApplicationContext log
INFO: Manager: list: Listing contexts for virtual host 'localhost'
Jul 25, 2012 7:22:41 PM org.apache.catalina.core.ApplicationContext log
INFO: Manager: undeploy: Undeploying web application at '/WebParkSystem'
Jul 25, 2012 7:22:42 PM org.apache.catalina.core.ApplicationContext log
INFO: Manager: install: Installing context configuration at 'file:/C:/Users/BRAINL~1/AppData/Local/Temp/context3985429537543235564.xml'
Jul 25, 2012 7:22:42 PM org.apache.catalina.core.ApplicationContext log
INFO: Manager: start: Starting web application at '/WebParkSystem'
Jul 25, 2012 7:28:03 PM org.apache.catalina.core.ApplicationContext log
INFO: Manager: list: Listing contexts for virtual host 'localhost'
Jul 25, 2012 7:28:03 PM org.apache.catalina.core.ApplicationContext log
INFO: Manager: restart: Reloading web application at '/WebParkSystem'
Jul 25, 2012 7:29:44 PM org.apache.catalina.core.ApplicationContext log
INFO: Manager: list: Listing contexts for virtual host 'localhost'
Jul 25, 2012 7:29:44 PM org.apache.catalina.core.ApplicationContext log
INFO: Manager: list: Listing contexts for virtual host 'localhost'
Jul 25, 2012 7:29:44 PM org.apache.catalina.core.ApplicationContext log
INFO: Manager: undeploy: Undeploying web application at '/WebParkSystem'
Jul 25, 2012 7:29:45 PM org.apache.catalina.core.ApplicationContext log
INFO: Manager: install: Installing context configuration at 'file:/C:/Users/BRAINL~1/AppData/Local/Temp/context5823321010339101923.xml'
Jul 25, 2012 7:29:45 PM org.apache.catalina.core.ApplicationContext log
INFO: Manager: start: Starting web application at '/WebParkSystem'
Jul 25, 2012 7:30:04 PM org.apache.catalina.core.ApplicationContext log
INFO: Manager: list: Listing contexts for virtual host 'localhost'
Jul 25, 2012 7:30:04 PM org.apache.catalina.core.ApplicationContext log
INFO: Manager: list: Listing contexts for virtual host 'localhost'
Jul 25, 2012 7:30:04 PM org.apache.catalina.core.ApplicationContext log
INFO: Manager: undeploy: Undeploying web application at '/WebParkSystem'
Jul 25, 2012 7:30:05 PM org.apache.catalina.core.ApplicationContext log
INFO: Manager: install: Installing context configuration at 'file:/C:/Users/BRAINL~1/AppData/Local/Temp/context5185055930431314989.xml'
Jul 25, 2012 7:30:05 PM org.apache.catalina.core.ApplicationContext log
INFO: Manager: start: Starting web application at '/WebParkSystem'
Jul 25, 2012 7:30:52 PM org.apache.catalina.core.ApplicationContext log
INFO: Manager: list: Listing contexts for virtual host 'localhost'
Jul 25, 2012 7:30:52 PM org.apache.catalina.core.ApplicationContext log
INFO: Manager: list: Listing contexts for virtual host 'localhost'
Jul 25, 2012 7:30:52 PM org.apache.catalina.core.ApplicationContext log
INFO: Manager: undeploy: Undeploying web application at '/WebParkSystem'
Jul 25, 2012 7:30:52 PM org.apache.catalina.core.ApplicationContext log
INFO: Manager: install: Installing context configuration at 'file:/C:/Users/BRAINL~1/AppData/Local/Temp/context1346530778096643503.xml'
Jul 25, 2012 7:30:53 PM org.apache.catalina.core.ApplicationContext log
INFO: Manager: start: Starting web application at '/WebParkSystem'
Jul 25, 2012 7:31:03 PM org.apache.catalina.core.ApplicationContext log
INFO: Manager: list: Listing contexts for virtual host 'localhost'
Jul 25, 2012 7:31:03 PM org.apache.catalina.core.ApplicationContext log
INFO: Manager: list: Listing contexts for virtual host 'localhost'
Jul 25, 2012 7:31:03 PM org.apache.catalina.core.ApplicationContext log
INFO: Manager: undeploy: Undeploying web application at '/WebParkSystem'
Jul 25, 2012 7:31:04 PM org.apache.catalina.core.ApplicationContext log
INFO: Manager: install: Installing context configuration at 'file:/C:/Users/BRAINL~1/AppData/Local/Temp/context7010515773264673506.xml'
Jul 25, 2012 7:31:04 PM org.apache.catalina.core.ApplicationContext log
INFO: Manager: start: Starting web application at '/WebParkSystem'
Jul 25, 2012 7:31:47 PM org.apache.catalina.core.ApplicationContext log
INFO: Manager: list: Listing contexts for virtual host 'localhost'
Jul 25, 2012 7:31:47 PM org.apache.catalina.core.ApplicationContext log
INFO: Manager: list: Listing contexts for virtual host 'localhost'
Jul 25, 2012 7:31:47 PM org.apache.catalina.core.ApplicationContext log
INFO: Manager: undeploy: Undeploying web application at '/WebParkSystem'
Jul 25, 2012 7:31:48 PM org.apache.catalina.core.ApplicationContext log
INFO: Manager: install: Installing context configuration at 'file:/C:/Users/BRAINL~1/AppData/Local/Temp/context8111474101620060153.xml'
Jul 25, 2012 7:31:48 PM org.apache.catalina.core.ApplicationContext log
INFO: Manager: start: Starting web application at '/WebParkSystem'
Jul 25, 2012 7:33:36 PM org.apache.catalina.core.ApplicationContext log
INFO: Manager: list: Listing contexts for virtual host 'localhost'
Jul 25, 2012 7:33:36 PM org.apache.catalina.core.ApplicationContext log
INFO: Manager: list: Listing contexts for virtual host 'localhost'
Jul 25, 2012 7:33:36 PM org.apache.catalina.core.ApplicationContext log
INFO: Manager: undeploy: Undeploying web application at '/WebParkSystem'
Jul 25, 2012 7:33:37 PM org.apache.catalina.core.ApplicationContext log
INFO: Manager: install: Installing context configuration at 'file:/C:/Users/BRAINL~1/AppData/Local/Temp/context4532918019510168047.xml'
Jul 25, 2012 7:33:37 PM org.apache.catalina.core.ApplicationContext log
INFO: Manager: start: Starting web application at '/WebParkSystem'
Jul 25, 2012 7:37:31 PM org.apache.catalina.core.ApplicationContext log
INFO: Manager: list: Listing contexts for virtual host 'localhost'
Jul 25, 2012 7:37:31 PM org.apache.catalina.core.ApplicationContext log
INFO: Manager: list: Listing contexts for virtual host 'localhost'
Jul 25, 2012 7:37:31 PM org.apache.catalina.core.ApplicationContext log
INFO: Manager: undeploy: Undeploying web application at '/WebParkSystem'
Jul 25, 2012 7:37:31 PM org.apache.catalina.core.ApplicationContext log
INFO: Manager: install: Installing context configuration at 'file:/C:/Users/BRAINL~1/AppData/Local/Temp/context5305659380376772465.xml'
Jul 25, 2012 7:37:32 PM org.apache.catalina.core.ApplicationContext log
INFO: Manager: start: Starting web application at '/WebParkSystem'
Jul 25, 2012 7:42:05 PM org.apache.catalina.core.ApplicationContext log
INFO: Manager: list: Listing contexts for virtual host 'localhost'
Jul 25, 2012 7:42:05 PM org.apache.catalina.core.ApplicationContext log
INFO: Manager: list: Listing contexts for virtual host 'localhost'
Jul 25, 2012 7:42:05 PM org.apache.catalina.core.ApplicationContext log
INFO: Manager: undeploy: Undeploying web application at '/WebParkSystem'
Jul 25, 2012 7:42:06 PM org.apache.catalina.core.ApplicationContext log
INFO: Manager: install: Installing context configuration at 'file:/C:/Users/BRAINL~1/AppData/Local/Temp/context7932352248057978711.xml'
Jul 25, 2012 7:42:06 PM org.apache.catalina.core.ApplicationContext log
INFO: Manager: start: Starting web application at '/WebParkSystem'
Jul 25, 2012 7:42:21 PM org.apache.catalina.core.ApplicationContext log
INFO: Manager: list: Listing contexts for virtual host 'localhost'
Jul 25, 2012 7:42:21 PM org.apache.catalina.core.ApplicationContext log
INFO: Manager: list: Listing contexts for virtual host 'localhost'
Jul 25, 2012 7:42:21 PM org.apache.catalina.core.ApplicationContext log
INFO: Manager: undeploy: Undeploying web application at '/WebParkSystem'
Jul 25, 2012 7:42:21 PM org.apache.catalina.core.ApplicationContext log
INFO: Manager: install: Installing context configuration at 'file:/C:/Users/BRAINL~1/AppData/Local/Temp/context6508066966865557278.xml'
Jul 25, 2012 7:42:21 PM org.apache.catalina.core.ApplicationContext log
INFO: Manager: start: Starting web application at '/WebParkSystem'
Jul 25, 2012 7:42:33 PM org.apache.catalina.core.ApplicationContext log
INFO: Manager: list: Listing contexts for virtual host 'localhost'
Jul 25, 2012 7:42:33 PM org.apache.catalina.core.ApplicationContext log
INFO: Manager: list: Listing contexts for virtual host 'localhost'
Jul 25, 2012 7:42:33 PM org.apache.catalina.core.ApplicationContext log
INFO: Manager: undeploy: Undeploying web application at '/WebParkSystem'
Jul 25, 2012 7:42:33 PM org.apache.catalina.core.ApplicationContext log
INFO: Manager: install: Installing context configuration at 'file:/C:/Users/BRAINL~1/AppData/Local/Temp/context8610068937280721311.xml'
Jul 25, 2012 7:42:34 PM org.apache.catalina.core.ApplicationContext log
INFO: Manager: start: Starting web application at '/WebParkSystem'
Jul 25, 2012 7:42:45 PM org.apache.catalina.core.ApplicationContext log
INFO: Manager: list: Listing contexts for virtual host 'localhost'
Jul 25, 2012 7:42:45 PM org.apache.catalina.core.ApplicationContext log
INFO: Manager: list: Listing contexts for virtual host 'localhost'
Jul 25, 2012 7:42:45 PM org.apache.catalina.core.ApplicationContext log
INFO: Manager: undeploy: Undeploying web application at '/WebParkSystem'
Jul 25, 2012 7:42:46 PM org.apache.catalina.core.ApplicationContext log
INFO: Manager: install: Installing context configuration at 'file:/C:/Users/BRAINL~1/AppData/Local/Temp/context8955247403881749459.xml'
Jul 25, 2012 7:42:46 PM org.apache.catalina.core.ApplicationContext log
INFO: Manager: start: Starting web application at '/WebParkSystem'
Jul 25, 2012 7:42:58 PM org.apache.catalina.core.ApplicationContext log
INFO: Manager: list: Listing contexts for virtual host 'localhost'
Jul 25, 2012 7:42:58 PM org.apache.catalina.core.ApplicationContext log
INFO: Manager: list: Listing contexts for virtual host 'localhost'
Jul 25, 2012 7:42:58 PM org.apache.catalina.core.ApplicationContext log
INFO: Manager: undeploy: Undeploying web application at '/WebParkSystem'
Jul 25, 2012 7:42:59 PM org.apache.catalina.core.ApplicationContext log
INFO: Manager: install: Installing context configuration at 'file:/C:/Users/BRAINL~1/AppData/Local/Temp/context6072676063342329927.xml'
Jul 25, 2012 7:43:01 PM org.apache.catalina.core.ApplicationContext log
INFO: Manager: start: Starting web application at '/WebParkSystem'
Jul 25, 2012 7:44:14 PM org.apache.catalina.core.ApplicationContext log
INFO: Manager: list: Listing contexts for virtual host 'localhost'
Jul 25, 2012 7:44:14 PM org.apache.catalina.core.ApplicationContext log
INFO: Manager: restart: Reloading web application at '/WebParkSystem'
Jul 25, 2012 7:44:43 PM org.apache.catalina.core.ApplicationContext log
INFO: Manager: list: Listing contexts for virtual host 'localhost'
Jul 25, 2012 7:44:43 PM org.apache.catalina.core.ApplicationContext log
INFO: Manager: list: Listing contexts for virtual host 'localhost'
Jul 25, 2012 7:44:44 PM org.apache.catalina.core.ApplicationContext log
INFO: Manager: undeploy: Undeploying web application at '/WebParkSystem'
Jul 25, 2012 7:44:44 PM org.apache.catalina.core.ApplicationContext log
INFO: Manager: install: Installing context configuration at 'file:/C:/Users/BRAINL~1/AppData/Local/Temp/context7327338284516714844.xml'
Jul 25, 2012 7:44:46 PM org.apache.catalina.core.ApplicationContext log
INFO: Manager: start: Starting web application at '/WebParkSystem'
Jul 25, 2012 8:34:02 PM org.apache.catalina.core.ApplicationContext log
INFO: Manager: list: Listing contexts for virtual host 'localhost'
Jul 25, 2012 8:34:02 PM org.apache.catalina.core.ApplicationContext log
INFO: Manager: restart: Reloading web application at '/WebParkSystem'
Jul 25, 2012 8:40:39 PM org.apache.catalina.core.ApplicationContext log
INFO: Manager: list: Listing contexts for virtual host 'localhost'
Jul 25, 2012 8:40:39 PM org.apache.catalina.core.ApplicationContext log
INFO: Manager: list: Listing contexts for virtual host 'localhost'
Jul 25, 2012 8:40:39 PM org.apache.catalina.core.ApplicationContext log
INFO: Manager: undeploy: Undeploying web application at '/WebParkSystem'
Jul 25, 2012 8:40:40 PM org.apache.catalina.core.ApplicationContext log
INFO: Manager: install: Installing context configuration at 'file:/C:/Users/BRAINL~1/AppData/Local/Temp/context7489483656372998318.xml'
Jul 25, 2012 8:40:42 PM org.apache.catalina.core.ApplicationContext log
INFO: Manager: start: Starting web application at '/WebParkSystem'
Jul 25, 2012 8:54:59 PM org.apache.catalina.core.ApplicationContext log
INFO: Manager: init: Associated with Deployer 'Catalina:type=Deployer,host=localhost'
Jul 25, 2012 8:54:59 PM org.apache.catalina.core.ApplicationContext log
INFO: Manager: init: Global resources are available
Jul 25, 2012 8:54:59 PM org.apache.catalina.core.ApplicationContext log
INFO: Manager: list: Listing contexts for virtual host 'localhost'
Jul 25, 2012 8:54:59 PM org.apache.catalina.core.ApplicationContext log
INFO: Manager: restart: Reloading web application at '/WebParkSystem'
Jul 25, 2012 8:57:38 PM org.apache.catalina.core.ApplicationContext log
INFO: Manager: list: Listing contexts for virtual host 'localhost'
Jul 25, 2012 8:57:38 PM org.apache.catalina.core.ApplicationContext log
INFO: Manager: restart: Reloading web application at '/WebParkSystem'
Jul 25, 2012 8:59:24 PM org.apache.catalina.core.ApplicationContext log
INFO: Manager: list: Listing contexts for virtual host 'localhost'
Jul 25, 2012 8:59:24 PM org.apache.catalina.core.ApplicationContext log
INFO: Manager: stop: Stopping web application at '/WebParkSystem'
Jul 25, 2012 8:59:25 PM org.apache.catalina.core.ApplicationContext log
INFO: Manager: start: Starting web application at '/WebParkSystem'
Jul 25, 2012 9:08:42 PM org.apache.catalina.core.ApplicationContext log
INFO: Manager: list: Listing contexts for virtual host 'localhost'
Jul 25, 2012 9:08:42 PM org.apache.catalina.core.ApplicationContext log
INFO: Manager: list: Listing contexts for virtual host 'localhost'
Jul 25, 2012 9:08:42 PM org.apache.catalina.core.ApplicationContext log
INFO: Manager: undeploy: Undeploying web application at '/WebParkSystem'
Jul 25, 2012 9:08:43 PM org.apache.catalina.core.ApplicationContext log
INFO: Manager: install: Installing context configuration at 'file:/C:/Users/BRAINL~1/AppData/Local/Temp/context1665912077859292407.xml'
Jul 25, 2012 9:08:43 PM org.apache.catalina.core.ApplicationContext log
INFO: Manager: start: Starting web application at '/WebParkSystem'
Jul 25, 2012 9:10:25 PM org.apache.catalina.core.ApplicationContext log
INFO: Manager: list: Listing contexts for virtual host 'localhost'
Jul 25, 2012 9:10:25 PM org.apache.catalina.core.ApplicationContext log
INFO: Manager: stop: Stopping web application at '/WebParkSystem'
Jul 25, 2012 9:10:25 PM org.apache.catalina.core.ApplicationContext log
INFO: Manager: start: Starting web application at '/WebParkSystem'
Jul 25, 2012 9:11:50 PM org.apache.catalina.core.ApplicationContext log
INFO: Manager: list: Listing contexts for virtual host 'localhost'
Jul 25, 2012 9:11:50 PM org.apache.catalina.core.ApplicationContext log
INFO: Manager: list: Listing contexts for virtual host 'localhost'
Jul 25, 2012 9:11:50 PM org.apache.catalina.core.ApplicationContext log
INFO: Manager: undeploy: Undeploying web application at '/WebParkSystem'
Jul 25, 2012 9:11:51 PM org.apache.catalina.core.ApplicationContext log
INFO: Manager: install: Installing context configuration at 'file:/C:/Users/BRAINL~1/AppData/Local/Temp/context1080448157626100851.xml'
Jul 25, 2012 9:11:51 PM org.apache.catalina.core.ApplicationContext log
INFO: Manager: start: Starting web application at '/WebParkSystem'
Jul 25, 2012 11:28:10 PM org.apache.catalina.core.ApplicationContext log
INFO: Manager: list: Listing contexts for virtual host 'localhost'
Jul 25, 2012 11:29:05 PM org.apache.catalina.core.ApplicationContext log
INFO: Manager: list: Listing contexts for virtual host 'localhost'
Jul 25, 2012 11:29:05 PM org.apache.catalina.core.ApplicationContext log
INFO: Manager: restart: Reloading web application at '/WebParkSystem'
Jul 25, 2012 11:36:50 PM org.apache.catalina.core.ApplicationContext log
INFO: Manager: list: Listing contexts for virtual host 'localhost'
