Jul 22, 2012 12:02:00 AM org.apache.catalina.core.ApplicationContext log
INFO: Manager: list: Listing contexts for virtual host 'localhost'
Jul 22, 2012 12:02:00 AM org.apache.catalina.core.ApplicationContext log
INFO: Manager: list: Listing contexts for virtual host 'localhost'
Jul 22, 2012 12:02:00 AM org.apache.catalina.core.ApplicationContext log
INFO: Manager: undeploy: Undeploying web application at '/WebParkSystem'
Jul 22, 2012 12:02:01 AM org.apache.catalina.core.ApplicationContext log
INFO: Manager: install: Installing context configuration at 'file:/C:/Users/BRAINL~1/AppData/Local/Temp/context550669119796458631.xml'
Jul 22, 2012 12:02:01 AM org.apache.catalina.core.ApplicationContext log
INFO: Manager: start: Starting web application at '/WebParkSystem'
Jul 22, 2012 12:13:04 AM org.apache.catalina.core.ApplicationContext log
INFO: Manager: list: Listing contexts for virtual host 'localhost'
Jul 22, 2012 12:18:39 AM org.apache.catalina.core.ApplicationContext log
INFO: Manager: list: Listing contexts for virtual host 'localhost'
Jul 22, 2012 12:20:00 AM org.apache.catalina.core.ApplicationContext log
INFO: Manager: list: Listing contexts for virtual host 'localhost'
Jul 22, 2012 12:20:00 AM org.apache.catalina.core.ApplicationContext log
INFO: Manager: list: Listing contexts for virtual host 'localhost'
Jul 22, 2012 12:20:00 AM org.apache.catalina.core.ApplicationContext log
INFO: Manager: undeploy: Undeploying web application at '/WebParkSystem'
Jul 22, 2012 12:20:00 AM org.apache.catalina.core.ApplicationContext log
INFO: Manager: install: Installing context configuration at 'file:/C:/Users/BRAINL~1/AppData/Local/Temp/context7444042546287443736.xml'
Jul 22, 2012 12:20:01 AM org.apache.catalina.core.ApplicationContext log
INFO: Manager: start: Starting web application at '/WebParkSystem'
Jul 22, 2012 12:20:04 AM org.apache.catalina.core.ApplicationContext log
INFO: Manager: list: Listing contexts for virtual host 'localhost'
Jul 22, 2012 12:20:04 AM org.apache.catalina.core.ApplicationContext log
INFO: Manager: list: Listing contexts for virtual host 'localhost'
Jul 22, 2012 12:20:04 AM org.apache.catalina.core.ApplicationContext log
INFO: Manager: undeploy: Undeploying web application at '/WebParkSystem'
Jul 22, 2012 12:20:05 AM org.apache.catalina.core.ApplicationContext log
INFO: Manager: install: Installing context configuration at 'file:/C:/Users/BRAINL~1/AppData/Local/Temp/context1280981571071773442.xml'
Jul 22, 2012 12:20:05 AM org.apache.catalina.core.ApplicationContext log
INFO: Manager: start: Starting web application at '/WebParkSystem'
Jul 22, 2012 12:21:33 AM org.apache.catalina.core.ApplicationContext log
INFO: Manager: list: Listing contexts for virtual host 'localhost'
Jul 22, 2012 12:22:18 AM org.apache.catalina.core.ApplicationContext log
INFO: Manager: list: Listing contexts for virtual host 'localhost'
Jul 22, 2012 12:28:04 AM org.apache.catalina.core.ApplicationContext log
INFO: Manager: list: Listing contexts for virtual host 'localhost'
Jul 22, 2012 12:28:04 AM org.apache.catalina.core.ApplicationContext log
INFO: Manager: restart: Reloading web application at '/WebParkSystem'
Jul 22, 2012 12:28:44 AM org.apache.catalina.core.ApplicationContext log
INFO: Manager: list: Listing contexts for virtual host 'localhost'
Jul 22, 2012 12:28:44 AM org.apache.catalina.core.ApplicationContext log
INFO: Manager: list: Listing contexts for virtual host 'localhost'
Jul 22, 2012 12:28:44 AM org.apache.catalina.core.ApplicationContext log
INFO: Manager: undeploy: Undeploying web application at '/WebParkSystem'
Jul 22, 2012 12:28:44 AM org.apache.catalina.core.ApplicationContext log
INFO: Manager: install: Installing context configuration at 'file:/C:/Users/BRAINL~1/AppData/Local/Temp/context6033833586936726301.xml'
Jul 22, 2012 12:28:44 AM org.apache.catalina.core.ApplicationContext log
INFO: Manager: start: Starting web application at '/WebParkSystem'
Jul 22, 2012 12:34:04 AM org.apache.catalina.core.ApplicationContext log
INFO: Manager: list: Listing contexts for virtual host 'localhost'
Jul 22, 2012 12:34:23 AM org.apache.catalina.core.ApplicationContext log
INFO: Manager: list: Listing contexts for virtual host 'localhost'
Jul 22, 2012 12:34:52 AM org.apache.catalina.core.ApplicationContext log
INFO: Manager: list: Listing contexts for virtual host 'localhost'
Jul 22, 2012 12:35:37 AM org.apache.catalina.core.ApplicationContext log
INFO: Manager: list: Listing contexts for virtual host 'localhost'
Jul 22, 2012 12:38:17 AM org.apache.catalina.core.ApplicationContext log
INFO: Manager: list: Listing contexts for virtual host 'localhost'
Jul 22, 2012 12:38:17 AM org.apache.catalina.core.ApplicationContext log
INFO: Manager: list: Listing contexts for virtual host 'localhost'
Jul 22, 2012 12:38:17 AM org.apache.catalina.core.ApplicationContext log
INFO: Manager: undeploy: Undeploying web application at '/WebParkSystem'
Jul 22, 2012 12:38:18 AM org.apache.catalina.core.ApplicationContext log
INFO: Manager: install: Installing context configuration at 'file:/C:/Users/BRAINL~1/AppData/Local/Temp/context3028089394414689086.xml'
Jul 22, 2012 12:38:18 AM org.apache.catalina.core.ApplicationContext log
INFO: Manager: start: Starting web application at '/WebParkSystem'
Jul 22, 2012 10:31:03 AM org.apache.catalina.core.ApplicationContext log
INFO: Manager: init: Associated with Deployer 'Catalina:type=Deployer,host=localhost'
Jul 22, 2012 10:31:03 AM org.apache.catalina.core.ApplicationContext log
INFO: Manager: init: Global resources are available
Jul 22, 2012 10:31:03 AM org.apache.catalina.core.ApplicationContext log
INFO: Manager: list: Listing contexts for virtual host 'localhost'
Jul 22, 2012 10:31:03 AM org.apache.catalina.core.ApplicationContext log
INFO: Manager: list: Listing contexts for virtual host 'localhost'
Jul 22, 2012 10:31:03 AM org.apache.catalina.core.ApplicationContext log
INFO: Manager: undeploy: Undeploying web application at '/WebParkSystem'
Jul 22, 2012 10:31:04 AM org.apache.catalina.core.ApplicationContext log
INFO: Manager: install: Installing context configuration at 'file:/C:/Users/BRAINL~1/AppData/Local/Temp/context6708132359813441487.xml'
Jul 22, 2012 10:31:04 AM org.apache.catalina.core.ApplicationContext log
INFO: Manager: start: Starting web application at '/WebParkSystem'
Jul 22, 2012 10:32:38 AM org.apache.catalina.core.ApplicationContext log
INFO: Manager: list: Listing contexts for virtual host 'localhost'
Jul 22, 2012 10:32:39 AM org.apache.catalina.core.ApplicationContext log
INFO: Manager: restart: Reloading web application at '/WebParkSystem'
Jul 22, 2012 10:33:14 AM org.apache.catalina.core.ApplicationContext log
INFO: Manager: list: Listing contexts for virtual host 'localhost'
Jul 22, 2012 10:34:56 AM org.apache.catalina.core.ApplicationContext log
INFO: Manager: list: Listing contexts for virtual host 'localhost'
Jul 22, 2012 10:34:56 AM org.apache.catalina.core.ApplicationContext log
INFO: Manager: restart: Reloading web application at '/WebParkSystem'
Jul 22, 2012 10:37:46 AM org.apache.catalina.core.ApplicationContext log
INFO: Manager: list: Listing contexts for virtual host 'localhost'
Jul 22, 2012 10:37:46 AM org.apache.catalina.core.ApplicationContext log
INFO: Manager: restart: Reloading web application at '/WebParkSystem'
Jul 22, 2012 10:37:59 AM org.apache.catalina.core.ApplicationContext log
INFO: Manager: list: Listing contexts for virtual host 'localhost'
Jul 22, 2012 10:37:59 AM org.apache.catalina.core.ApplicationContext log
INFO: Manager: restart: Reloading web application at '/WebParkSystem'
Jul 22, 2012 10:38:08 AM org.apache.catalina.core.ApplicationContext log
INFO: Manager: list: Listing contexts for virtual host 'localhost'
Jul 22, 2012 10:38:08 AM org.apache.catalina.core.ApplicationContext log
INFO: Manager: restart: Reloading web application at '/WebParkSystem'
Jul 22, 2012 10:38:34 AM org.apache.catalina.core.ApplicationContext log
INFO: Manager: list: Listing contexts for virtual host 'localhost'
Jul 22, 2012 10:38:34 AM org.apache.catalina.core.ApplicationContext log
INFO: Manager: restart: Reloading web application at '/WebParkSystem'
Jul 22, 2012 10:40:01 AM org.apache.catalina.core.ApplicationContext log
INFO: Manager: list: Listing contexts for virtual host 'localhost'
Jul 22, 2012 10:40:01 AM org.apache.catalina.core.ApplicationContext log
INFO: Manager: restart: Reloading web application at '/WebParkSystem'
Jul 22, 2012 10:40:43 AM org.apache.catalina.core.ApplicationContext log
INFO: Manager: list: Listing contexts for virtual host 'localhost'
Jul 22, 2012 10:40:43 AM org.apache.catalina.core.ApplicationContext log
INFO: Manager: restart: Reloading web application at '/WebParkSystem'
Jul 22, 2012 10:41:20 AM org.apache.catalina.core.ApplicationContext log
INFO: Manager: list: Listing contexts for virtual host 'localhost'
Jul 22, 2012 10:41:20 AM org.apache.catalina.core.ApplicationContext log
INFO: Manager: restart: Reloading web application at '/WebParkSystem'
Jul 22, 2012 10:43:04 AM org.apache.catalina.core.ApplicationContext log
INFO: Manager: list: Listing contexts for virtual host 'localhost'
Jul 22, 2012 10:43:04 AM org.apache.catalina.core.ApplicationContext log
INFO: Manager: restart: Reloading web application at '/WebParkSystem'
Jul 22, 2012 10:43:20 AM org.apache.catalina.core.ApplicationContext log
INFO: Manager: list: Listing contexts for virtual host 'localhost'
Jul 22, 2012 10:43:20 AM org.apache.catalina.core.ApplicationContext log
INFO: Manager: stop: Stopping web application at '/WebParkSystem'
Jul 22, 2012 10:43:20 AM org.apache.catalina.core.ApplicationContext log
INFO: Manager: start: Starting web application at '/WebParkSystem'
Jul 22, 2012 10:43:25 AM org.apache.catalina.core.ApplicationContext log
INFO: Manager: list: Listing contexts for virtual host 'localhost'
Jul 22, 2012 10:43:25 AM org.apache.catalina.core.ApplicationContext log
INFO: Manager: restart: Reloading web application at '/WebParkSystem'
Jul 22, 2012 10:43:26 AM org.apache.catalina.core.ApplicationContext log
INFO: Manager: list: Listing contexts for virtual host 'localhost'
Jul 22, 2012 10:43:28 AM org.apache.catalina.core.ApplicationContext log
INFO: Manager: list: Listing contexts for virtual host 'localhost'
Jul 22, 2012 10:43:28 AM org.apache.catalina.core.ApplicationContext log
INFO: Manager: restart: Reloading web application at '/WebParkSystem'
Jul 22, 2012 10:43:29 AM org.apache.catalina.core.ApplicationContext log
INFO: Manager: list: Listing contexts for virtual host 'localhost'
Jul 22, 2012 10:43:29 AM org.apache.catalina.core.ApplicationContext log
INFO: Manager: restart: Reloading web application at '/WebParkSystem'
Jul 22, 2012 10:44:54 AM org.apache.catalina.core.ApplicationContext log
INFO: Manager: list: Listing contexts for virtual host 'localhost'
Jul 22, 2012 10:47:32 AM org.apache.catalina.core.ApplicationContext log
INFO: Manager: list: Listing contexts for virtual host 'localhost'
Jul 22, 2012 10:47:32 AM org.apache.catalina.core.ApplicationContext log
INFO: Manager: stop: Stopping web application at '/WebParkSystem'
Jul 22, 2012 10:47:33 AM org.apache.catalina.core.ApplicationContext log
INFO: Manager: start: Starting web application at '/WebParkSystem'
Jul 22, 2012 10:47:58 AM org.apache.catalina.core.ApplicationContext log
INFO: Manager: list: Listing contexts for virtual host 'localhost'
Jul 22, 2012 10:48:00 AM org.apache.catalina.core.ApplicationContext log
INFO: Manager: list: Listing contexts for virtual host 'localhost'
Jul 22, 2012 10:48:00 AM org.apache.catalina.core.ApplicationContext log
INFO: Manager: restart: Reloading web application at '/WebParkSystem'
Jul 22, 2012 10:48:10 AM org.apache.catalina.core.ApplicationContext log
INFO: Manager: list: Listing contexts for virtual host 'localhost'
Jul 22, 2012 10:48:10 AM org.apache.catalina.core.ApplicationContext log
INFO: Manager: restart: Reloading web application at '/WebParkSystem'
Jul 22, 2012 10:48:34 AM org.apache.catalina.core.ApplicationContext log
INFO: Manager: list: Listing contexts for virtual host 'localhost'
Jul 22, 2012 10:49:11 AM org.apache.catalina.core.ApplicationContext log
INFO: Manager: list: Listing contexts for virtual host 'localhost'
Jul 22, 2012 10:49:11 AM org.apache.catalina.core.ApplicationContext log
INFO: Manager: restart: Reloading web application at '/WebParkSystem'
Jul 22, 2012 10:49:15 AM org.apache.catalina.core.ApplicationContext log
INFO: Manager: list: Listing contexts for virtual host 'localhost'
Jul 22, 2012 10:49:15 AM org.apache.catalina.core.ApplicationContext log
INFO: Manager: restart: Reloading web application at '/WebParkSystem'
Jul 22, 2012 10:49:42 AM org.apache.catalina.core.ApplicationContext log
INFO: Manager: list: Listing contexts for virtual host 'localhost'
Jul 22, 2012 10:49:42 AM org.apache.catalina.core.ApplicationContext log
INFO: Manager: restart: Reloading web application at '/WebParkSystem'
Jul 22, 2012 10:49:46 AM org.apache.catalina.core.ApplicationContext log
INFO: Manager: list: Listing contexts for virtual host 'localhost'
Jul 22, 2012 10:49:46 AM org.apache.catalina.core.ApplicationContext log
INFO: Manager: restart: Reloading web application at '/WebParkSystem'
Jul 22, 2012 10:49:50 AM org.apache.catalina.core.ApplicationContext log
INFO: Manager: list: Listing contexts for virtual host 'localhost'
Jul 22, 2012 10:49:50 AM org.apache.catalina.core.ApplicationContext log
INFO: Manager: restart: Reloading web application at '/WebParkSystem'
Jul 22, 2012 10:49:58 AM org.apache.catalina.core.ApplicationContext log
INFO: Manager: list: Listing contexts for virtual host 'localhost'
Jul 22, 2012 10:49:58 AM org.apache.catalina.core.ApplicationContext log
INFO: Manager: restart: Reloading web application at '/WebParkSystem'
Jul 22, 2012 10:50:55 AM org.apache.catalina.core.ApplicationContext log
INFO: Manager: list: Listing contexts for virtual host 'localhost'
Jul 22, 2012 10:50:55 AM org.apache.catalina.core.ApplicationContext log
INFO: Manager: restart: Reloading web application at '/WebParkSystem'
Jul 22, 2012 10:50:58 AM org.apache.catalina.core.ApplicationContext log
INFO: Manager: list: Listing contexts for virtual host 'localhost'
Jul 22, 2012 10:50:58 AM org.apache.catalina.core.ApplicationContext log
INFO: Manager: restart: Reloading web application at '/WebParkSystem'
Jul 22, 2012 10:53:37 AM org.apache.catalina.core.ApplicationContext log
INFO: Manager: list: Listing contexts for virtual host 'localhost'
Jul 22, 2012 10:53:37 AM org.apache.catalina.core.ApplicationContext log
INFO: Manager: restart: Reloading web application at '/WebParkSystem'
Jul 22, 2012 10:53:45 AM org.apache.catalina.core.ApplicationContext log
INFO: Manager: list: Listing contexts for virtual host 'localhost'
Jul 22, 2012 10:53:45 AM org.apache.catalina.core.ApplicationContext log
INFO: Manager: restart: Reloading web application at '/WebParkSystem'
Jul 22, 2012 10:53:52 AM org.apache.catalina.core.ApplicationContext log
INFO: Manager: list: Listing contexts for virtual host 'localhost'
Jul 22, 2012 10:53:52 AM org.apache.catalina.core.ApplicationContext log
INFO: Manager: restart: Reloading web application at '/WebParkSystem'
Jul 22, 2012 10:54:11 AM org.apache.catalina.core.ApplicationContext log
INFO: Manager: list: Listing contexts for virtual host 'localhost'
Jul 22, 2012 10:54:11 AM org.apache.catalina.core.ApplicationContext log
INFO: Manager: restart: Reloading web application at '/WebParkSystem'
Jul 22, 2012 10:55:01 AM org.apache.catalina.core.ApplicationContext log
INFO: Manager: list: Listing contexts for virtual host 'localhost'
Jul 22, 2012 10:55:01 AM org.apache.catalina.core.ApplicationContext log
INFO: Manager: restart: Reloading web application at '/WebParkSystem'
Jul 22, 2012 10:55:44 AM org.apache.catalina.core.ApplicationContext log
INFO: Manager: list: Listing contexts for virtual host 'localhost'
Jul 22, 2012 10:55:44 AM org.apache.catalina.core.ApplicationContext log
INFO: Manager: restart: Reloading web application at '/WebParkSystem'
Jul 22, 2012 10:57:26 AM org.apache.catalina.core.ApplicationContext log
INFO: Manager: list: Listing contexts for virtual host 'localhost'
Jul 22, 2012 10:57:26 AM org.apache.catalina.core.ApplicationContext log
INFO: Manager: restart: Reloading web application at '/WebParkSystem'
Jul 22, 2012 10:58:55 AM org.apache.catalina.core.ApplicationContext log
INFO: Manager: list: Listing contexts for virtual host 'localhost'
Jul 22, 2012 10:58:55 AM org.apache.catalina.core.ApplicationContext log
INFO: Manager: restart: Reloading web application at '/WebParkSystem'
Jul 22, 2012 10:59:44 AM org.apache.catalina.core.ApplicationContext log
INFO: Manager: list: Listing contexts for virtual host 'localhost'
Jul 22, 2012 10:59:44 AM org.apache.catalina.core.ApplicationContext log
INFO: Manager: restart: Reloading web application at '/WebParkSystem'
Jul 22, 2012 11:00:59 AM org.apache.catalina.core.ApplicationContext log
INFO: Manager: list: Listing contexts for virtual host 'localhost'
Jul 22, 2012 11:00:59 AM org.apache.catalina.core.ApplicationContext log
INFO: Manager: restart: Reloading web application at '/WebParkSystem'
Jul 22, 2012 11:03:16 AM org.apache.catalina.core.ApplicationContext log
INFO: Manager: list: Listing contexts for virtual host 'localhost'
Jul 22, 2012 11:03:16 AM org.apache.catalina.core.ApplicationContext log
INFO: Manager: restart: Reloading web application at '/WebParkSystem'
Jul 22, 2012 11:03:37 AM org.apache.catalina.core.ApplicationContext log
INFO: Manager: list: Listing contexts for virtual host 'localhost'
Jul 22, 2012 11:03:37 AM org.apache.catalina.core.ApplicationContext log
INFO: Manager: list: Listing contexts for virtual host 'localhost'
Jul 22, 2012 11:03:37 AM org.apache.catalina.core.ApplicationContext log
INFO: Manager: undeploy: Undeploying web application at '/WebParkSystem'
Jul 22, 2012 11:03:37 AM org.apache.catalina.core.ApplicationContext log
INFO: Manager: install: Installing context configuration at 'file:/C:/Users/BRAINL~1/AppData/Local/Temp/context6325261677559852760.xml'
Jul 22, 2012 11:03:38 AM org.apache.catalina.core.ApplicationContext log
INFO: Manager: start: Starting web application at '/WebParkSystem'
Jul 22, 2012 11:04:21 AM org.apache.catalina.core.ApplicationContext log
INFO: Manager: list: Listing contexts for virtual host 'localhost'
Jul 22, 2012 11:10:32 AM org.apache.catalina.core.ApplicationContext log
INFO: Manager: list: Listing contexts for virtual host 'localhost'
Jul 22, 2012 11:10:32 AM org.apache.catalina.core.ApplicationContext log
INFO: Manager: restart: Reloading web application at '/WebParkSystem'
Jul 22, 2012 11:10:49 AM org.apache.catalina.core.ApplicationContext log
INFO: Manager: list: Listing contexts for virtual host 'localhost'
Jul 22, 2012 11:10:49 AM org.apache.catalina.core.ApplicationContext log
INFO: Manager: list: Listing contexts for virtual host 'localhost'
Jul 22, 2012 11:10:49 AM org.apache.catalina.core.ApplicationContext log
INFO: Manager: undeploy: Undeploying web application at '/WebParkSystem'
Jul 22, 2012 11:10:49 AM org.apache.catalina.core.ApplicationContext log
INFO: Manager: install: Installing context configuration at 'file:/C:/Users/BRAINL~1/AppData/Local/Temp/context3094842745137055412.xml'
Jul 22, 2012 11:10:49 AM org.apache.catalina.core.ApplicationContext log
INFO: Manager: start: Starting web application at '/WebParkSystem'
Jul 22, 2012 11:35:02 AM org.apache.catalina.core.ApplicationContext log
INFO: Manager: list: Listing contexts for virtual host 'localhost'
Jul 22, 2012 11:35:02 AM org.apache.catalina.core.ApplicationContext log
INFO: Manager: restart: Reloading web application at '/WebParkSystem'
Jul 22, 2012 11:35:11 AM org.apache.catalina.core.ApplicationContext log
INFO: Manager: list: Listing contexts for virtual host 'localhost'
Jul 22, 2012 11:35:11 AM org.apache.catalina.core.ApplicationContext log
INFO: Manager: restart: Reloading web application at '/WebParkSystem'
Jul 22, 2012 11:35:51 AM org.apache.catalina.core.ApplicationContext log
INFO: Manager: list: Listing contexts for virtual host 'localhost'
Jul 22, 2012 11:35:51 AM org.apache.catalina.core.ApplicationContext log
INFO: Manager: restart: Reloading web application at '/WebParkSystem'
Jul 22, 2012 11:36:13 AM org.apache.catalina.core.ApplicationContext log
INFO: Manager: list: Listing contexts for virtual host 'localhost'
Jul 22, 2012 11:36:13 AM org.apache.catalina.core.ApplicationContext log
INFO: Manager: list: Listing contexts for virtual host 'localhost'
Jul 22, 2012 11:36:13 AM org.apache.catalina.core.ApplicationContext log
INFO: Manager: undeploy: Undeploying web application at '/WebParkSystem'
Jul 22, 2012 11:36:14 AM org.apache.catalina.core.ApplicationContext log
INFO: Manager: install: Installing context configuration at 'file:/C:/Users/BRAINL~1/AppData/Local/Temp/context6858867681771834283.xml'
Jul 22, 2012 11:36:14 AM org.apache.catalina.core.ApplicationContext log
INFO: Manager: start: Starting web application at '/WebParkSystem'
Jul 22, 2012 11:37:36 AM org.apache.catalina.core.ApplicationContext log
INFO: Manager: list: Listing contexts for virtual host 'localhost'
Jul 22, 2012 11:37:36 AM org.apache.catalina.core.ApplicationContext log
INFO: Manager: restart: Reloading web application at '/WebParkSystem'
Jul 22, 2012 11:37:42 AM org.apache.catalina.core.ApplicationContext log
INFO: Manager: list: Listing contexts for virtual host 'localhost'
Jul 22, 2012 11:37:42 AM org.apache.catalina.core.ApplicationContext log
INFO: Manager: restart: Reloading web application at '/WebParkSystem'
Jul 22, 2012 11:39:54 AM org.apache.catalina.core.ApplicationContext log
INFO: Manager: list: Listing contexts for virtual host 'localhost'
Jul 22, 2012 11:39:54 AM org.apache.catalina.core.ApplicationContext log
INFO: Manager: list: Listing contexts for virtual host 'localhost'
Jul 22, 2012 11:39:54 AM org.apache.catalina.core.ApplicationContext log
INFO: Manager: undeploy: Undeploying web application at '/WebParkSystem'
Jul 22, 2012 11:39:55 AM org.apache.catalina.core.ApplicationContext log
INFO: Manager: install: Installing context configuration at 'file:/C:/Users/BRAINL~1/AppData/Local/Temp/context5178388897568314774.xml'
Jul 22, 2012 11:39:55 AM org.apache.catalina.core.ApplicationContext log
INFO: Manager: start: Starting web application at '/WebParkSystem'
Jul 22, 2012 11:40:53 AM org.apache.catalina.core.ApplicationContext log
INFO: Manager: list: Listing contexts for virtual host 'localhost'
Jul 22, 2012 11:40:53 AM org.apache.catalina.core.ApplicationContext log
INFO: Manager: restart: Reloading web application at '/WebParkSystem'
Jul 22, 2012 11:41:01 AM org.apache.catalina.core.ApplicationContext log
INFO: Manager: list: Listing contexts for virtual host 'localhost'
Jul 22, 2012 11:41:01 AM org.apache.catalina.core.ApplicationContext log
INFO: Manager: list: Listing contexts for virtual host 'localhost'
Jul 22, 2012 11:41:01 AM org.apache.catalina.core.ApplicationContext log
INFO: Manager: undeploy: Undeploying web application at '/WebParkSystem'
Jul 22, 2012 11:41:02 AM org.apache.catalina.core.ApplicationContext log
INFO: Manager: install: Installing context configuration at 'file:/C:/Users/BRAINL~1/AppData/Local/Temp/context8573455496048748159.xml'
Jul 22, 2012 11:41:02 AM org.apache.catalina.core.ApplicationContext log
INFO: Manager: start: Starting web application at '/WebParkSystem'
Jul 22, 2012 11:43:29 AM org.apache.catalina.core.ApplicationContext log
INFO: Manager: init: Associated with Deployer 'Catalina:type=Deployer,host=localhost'
Jul 22, 2012 11:43:29 AM org.apache.catalina.core.ApplicationContext log
INFO: Manager: init: Global resources are available
Jul 22, 2012 11:43:29 AM org.apache.catalina.core.ApplicationContext log
INFO: Manager: list: Listing contexts for virtual host 'localhost'
Jul 22, 2012 11:43:29 AM org.apache.catalina.core.ApplicationContext log
INFO: Manager: list: Listing contexts for virtual host 'localhost'
Jul 22, 2012 11:43:29 AM org.apache.catalina.core.ApplicationContext log
INFO: Manager: undeploy: Undeploying web application at '/WebParkSystem'
Jul 22, 2012 11:43:30 AM org.apache.catalina.core.ApplicationContext log
INFO: Manager: install: Installing context configuration at 'file:/C:/Users/BRAINL~1/AppData/Local/Temp/context8051474043038798260.xml'
Jul 22, 2012 11:43:30 AM org.apache.catalina.core.ApplicationContext log
INFO: Manager: start: Starting web application at '/WebParkSystem'
Jul 22, 2012 11:46:51 AM org.apache.catalina.core.ApplicationContext log
INFO: Manager: list: Listing contexts for virtual host 'localhost'
Jul 22, 2012 11:46:51 AM org.apache.catalina.core.ApplicationContext log
INFO: Manager: restart: Reloading web application at '/WebParkSystem'
Jul 22, 2012 11:46:57 AM org.apache.catalina.core.ApplicationContext log
INFO: Manager: list: Listing contexts for virtual host 'localhost'
Jul 22, 2012 11:46:57 AM org.apache.catalina.core.ApplicationContext log
INFO: Manager: list: Listing contexts for virtual host 'localhost'
Jul 22, 2012 11:46:58 AM org.apache.catalina.core.ApplicationContext log
INFO: Manager: undeploy: Undeploying web application at '/WebParkSystem'
Jul 22, 2012 11:46:58 AM org.apache.catalina.core.ApplicationContext log
INFO: Manager: install: Installing context configuration at 'file:/C:/Users/BRAINL~1/AppData/Local/Temp/context1939132045342689580.xml'
Jul 22, 2012 11:46:58 AM org.apache.catalina.core.ApplicationContext log
INFO: Manager: start: Starting web application at '/WebParkSystem'
Jul 22, 2012 11:47:27 AM org.apache.catalina.core.ApplicationContext log
INFO: Manager: list: Listing contexts for virtual host 'localhost'
Jul 22, 2012 11:47:27 AM org.apache.catalina.core.ApplicationContext log
INFO: Manager: restart: Reloading web application at '/WebParkSystem'
Jul 22, 2012 11:49:43 AM org.apache.catalina.core.ApplicationContext log
INFO: Manager: list: Listing contexts for virtual host 'localhost'
Jul 22, 2012 11:49:43 AM org.apache.catalina.core.ApplicationContext log
INFO: Manager: restart: Reloading web application at '/WebParkSystem'
Jul 22, 2012 11:50:03 AM org.apache.catalina.core.ApplicationContext log
INFO: Manager: list: Listing contexts for virtual host 'localhost'
Jul 22, 2012 11:50:03 AM org.apache.catalina.core.ApplicationContext log
INFO: Manager: list: Listing contexts for virtual host 'localhost'
Jul 22, 2012 11:50:03 AM org.apache.catalina.core.ApplicationContext log
INFO: Manager: undeploy: Undeploying web application at '/WebParkSystem'
Jul 22, 2012 11:50:03 AM org.apache.catalina.core.ApplicationContext log
INFO: Manager: install: Installing context configuration at 'file:/C:/Users/BRAINL~1/AppData/Local/Temp/context8055638682025241821.xml'
Jul 22, 2012 11:50:03 AM org.apache.catalina.core.ApplicationContext log
INFO: Manager: start: Starting web application at '/WebParkSystem'
Jul 22, 2012 12:43:22 PM org.apache.catalina.core.ApplicationContext log
INFO: Manager: list: Listing contexts for virtual host 'localhost'
Jul 22, 2012 12:43:23 PM org.apache.catalina.core.ApplicationContext log
INFO: Manager: restart: Reloading web application at '/WebParkSystem'
Jul 22, 2012 12:43:26 PM org.apache.catalina.core.ApplicationContext log
INFO: Manager: list: Listing contexts for virtual host 'localhost'
Jul 22, 2012 12:43:26 PM org.apache.catalina.core.ApplicationContext log
INFO: Manager: restart: Reloading web application at '/WebParkSystem'
Jul 22, 2012 12:44:50 PM org.apache.catalina.core.ApplicationContext log
INFO: Manager: list: Listing contexts for virtual host 'localhost'
Jul 22, 2012 12:44:50 PM org.apache.catalina.core.ApplicationContext log
INFO: Manager: restart: Reloading web application at '/WebParkSystem'
Jul 22, 2012 12:44:56 PM org.apache.catalina.core.ApplicationContext log
INFO: Manager: list: Listing contexts for virtual host 'localhost'
Jul 22, 2012 12:44:56 PM org.apache.catalina.core.ApplicationContext log
INFO: Manager: restart: Reloading web application at '/WebParkSystem'
Jul 22, 2012 12:45:47 PM org.apache.catalina.core.ApplicationContext log
INFO: Manager: list: Listing contexts for virtual host 'localhost'
Jul 22, 2012 12:45:47 PM org.apache.catalina.core.ApplicationContext log
INFO: Manager: restart: Reloading web application at '/WebParkSystem'
Jul 22, 2012 12:45:51 PM org.apache.catalina.core.ApplicationContext log
INFO: Manager: list: Listing contexts for virtual host 'localhost'
Jul 22, 2012 12:45:51 PM org.apache.catalina.core.ApplicationContext log
INFO: Manager: restart: Reloading web application at '/WebParkSystem'
Jul 22, 2012 12:46:07 PM org.apache.catalina.core.ApplicationContext log
INFO: Manager: list: Listing contexts for virtual host 'localhost'
Jul 22, 2012 12:46:07 PM org.apache.catalina.core.ApplicationContext log
INFO: Manager: restart: Reloading web application at '/WebParkSystem'
Jul 22, 2012 12:46:35 PM org.apache.catalina.core.ApplicationContext log
INFO: Manager: list: Listing contexts for virtual host 'localhost'
Jul 22, 2012 12:46:35 PM org.apache.catalina.core.ApplicationContext log
INFO: Manager: restart: Reloading web application at '/WebParkSystem'
Jul 22, 2012 12:49:29 PM org.apache.catalina.core.ApplicationContext log
INFO: Manager: list: Listing contexts for virtual host 'localhost'
Jul 22, 2012 12:49:29 PM org.apache.catalina.core.ApplicationContext log
INFO: Manager: list: Listing contexts for virtual host 'localhost'
Jul 22, 2012 12:49:29 PM org.apache.catalina.core.ApplicationContext log
INFO: Manager: undeploy: Undeploying web application at '/WebParkSystem'
Jul 22, 2012 12:49:30 PM org.apache.catalina.core.ApplicationContext log
INFO: Manager: install: Installing context configuration at 'file:/C:/Users/BRAINL~1/AppData/Local/Temp/context2142652379953977380.xml'
Jul 22, 2012 12:49:31 PM org.apache.catalina.core.ApplicationContext log
INFO: Manager: start: Starting web application at '/WebParkSystem'
Jul 22, 2012 12:56:37 PM org.apache.catalina.core.ApplicationContext log
INFO: Manager: list: Listing contexts for virtual host 'localhost'
Jul 22, 2012 12:56:37 PM org.apache.catalina.core.ApplicationContext log
INFO: Manager: restart: Reloading web application at '/WebParkSystem'
Jul 22, 2012 12:56:38 PM org.apache.catalina.core.ApplicationContext log
INFO: Manager: list: Listing contexts for virtual host 'localhost'
Jul 22, 2012 12:56:38 PM org.apache.catalina.core.ApplicationContext log
INFO: Manager: restart: Reloading web application at '/WebParkSystem'
Jul 22, 2012 12:58:09 PM org.apache.catalina.core.ApplicationContext log
INFO: Manager: list: Listing contexts for virtual host 'localhost'
Jul 22, 2012 12:58:09 PM org.apache.catalina.core.ApplicationContext log
INFO: Manager: restart: Reloading web application at '/WebParkSystem'
Jul 22, 2012 12:59:05 PM org.apache.catalina.core.ApplicationContext log
INFO: Manager: list: Listing contexts for virtual host 'localhost'
Jul 22, 2012 12:59:05 PM org.apache.catalina.core.ApplicationContext log
INFO: Manager: restart: Reloading web application at '/WebParkSystem'
Jul 22, 2012 1:00:19 PM org.apache.catalina.core.ApplicationContext log
INFO: Manager: list: Listing contexts for virtual host 'localhost'
Jul 22, 2012 1:00:19 PM org.apache.catalina.core.ApplicationContext log
INFO: Manager: restart: Reloading web application at '/WebParkSystem'
Jul 22, 2012 1:09:29 PM org.apache.catalina.core.ApplicationContext log
INFO: Manager: list: Listing contexts for virtual host 'localhost'
Jul 22, 2012 1:09:29 PM org.apache.catalina.core.ApplicationContext log
INFO: Manager: restart: Reloading web application at '/WebParkSystem'
Jul 22, 2012 1:10:24 PM org.apache.catalina.core.ApplicationContext log
INFO: Manager: list: Listing contexts for virtual host 'localhost'
Jul 22, 2012 1:10:24 PM org.apache.catalina.core.ApplicationContext log
INFO: Manager: restart: Reloading web application at '/WebParkSystem'
Jul 22, 2012 1:11:33 PM org.apache.catalina.core.ApplicationContext log
INFO: Manager: list: Listing contexts for virtual host 'localhost'
Jul 22, 2012 1:11:33 PM org.apache.catalina.core.ApplicationContext log
INFO: Manager: restart: Reloading web application at '/WebParkSystem'
Jul 22, 2012 1:12:54 PM org.apache.catalina.core.ApplicationContext log
INFO: Manager: list: Listing contexts for virtual host 'localhost'
Jul 22, 2012 1:12:54 PM org.apache.catalina.core.ApplicationContext log
INFO: Manager: restart: Reloading web application at '/WebParkSystem'
Jul 22, 2012 1:16:25 PM org.apache.catalina.core.ApplicationContext log
INFO: Manager: list: Listing contexts for virtual host 'localhost'
Jul 22, 2012 1:16:25 PM org.apache.catalina.core.ApplicationContext log
INFO: Manager: restart: Reloading web application at '/WebParkSystem'
Jul 22, 2012 1:23:10 PM org.apache.catalina.core.ApplicationContext log
INFO: Manager: list: Listing contexts for virtual host 'localhost'
Jul 22, 2012 1:23:10 PM org.apache.catalina.core.ApplicationContext log
INFO: Manager: restart: Reloading web application at '/WebParkSystem'
Jul 22, 2012 1:23:36 PM org.apache.catalina.core.ApplicationContext log
INFO: Manager: list: Listing contexts for virtual host 'localhost'
Jul 22, 2012 1:23:36 PM org.apache.catalina.core.ApplicationContext log
INFO: Manager: restart: Reloading web application at '/WebParkSystem'
Jul 22, 2012 1:40:33 PM org.apache.catalina.core.ApplicationContext log
INFO: Manager: list: Listing contexts for virtual host 'localhost'
Jul 22, 2012 1:40:34 PM org.apache.catalina.core.ApplicationContext log
INFO: Manager: restart: Reloading web application at '/WebParkSystem'
Jul 22, 2012 1:41:54 PM org.apache.catalina.core.ApplicationContext log
INFO: Manager: list: Listing contexts for virtual host 'localhost'
Jul 22, 2012 1:41:54 PM org.apache.catalina.core.ApplicationContext log
INFO: Manager: restart: Reloading web application at '/WebParkSystem'
Jul 22, 2012 1:52:30 PM org.apache.catalina.core.ApplicationContext log
INFO: Manager: list: Listing contexts for virtual host 'localhost'
Jul 22, 2012 1:52:30 PM org.apache.catalina.core.ApplicationContext log
INFO: Manager: restart: Reloading web application at '/WebParkSystem'
Jul 22, 2012 1:53:16 PM org.apache.catalina.core.ApplicationContext log
INFO: Manager: list: Listing contexts for virtual host 'localhost'
Jul 22, 2012 1:53:16 PM org.apache.catalina.core.ApplicationContext log
INFO: Manager: restart: Reloading web application at '/WebParkSystem'
Jul 22, 2012 1:57:38 PM org.apache.catalina.core.ApplicationContext log
INFO: Manager: list: Listing contexts for virtual host 'localhost'
Jul 22, 2012 1:57:38 PM org.apache.catalina.core.ApplicationContext log
INFO: Manager: restart: Reloading web application at '/WebParkSystem'
Jul 22, 2012 1:58:15 PM org.apache.catalina.core.ApplicationContext log
INFO: Manager: init: Associated with Deployer 'Catalina:type=Deployer,host=localhost'
Jul 22, 2012 1:58:15 PM org.apache.catalina.core.ApplicationContext log
INFO: Manager: init: Global resources are available
Jul 22, 2012 1:58:15 PM org.apache.catalina.core.ApplicationContext log
INFO: Manager: list: Listing contexts for virtual host 'localhost'
Jul 22, 2012 1:58:15 PM org.apache.catalina.core.ApplicationContext log
INFO: Manager: restart: Reloading web application at '/WebParkSystem'
Jul 22, 2012 1:58:36 PM org.apache.catalina.core.ApplicationContext log
INFO: Manager: list: Listing contexts for virtual host 'localhost'
Jul 22, 2012 1:58:36 PM org.apache.catalina.core.ApplicationContext log
INFO: Manager: list: Listing contexts for virtual host 'localhost'
Jul 22, 2012 2:07:32 PM org.apache.catalina.core.ApplicationContext log
INFO: Manager: list: Listing contexts for virtual host 'localhost'
Jul 22, 2012 2:07:33 PM org.apache.catalina.core.ApplicationContext log
INFO: Manager: restart: Reloading web application at '/WebParkSystem'
Jul 22, 2012 3:31:45 PM org.apache.catalina.core.ApplicationContext log
INFO: Manager: list: Listing contexts for virtual host 'localhost'
Jul 22, 2012 3:31:45 PM org.apache.catalina.core.ApplicationContext log
INFO: Manager: restart: Reloading web application at '/WebParkSystem'
Jul 22, 2012 3:33:50 PM org.apache.catalina.core.ApplicationContext log
INFO: Manager: list: Listing contexts for virtual host 'localhost'
Jul 22, 2012 3:33:50 PM org.apache.catalina.core.ApplicationContext log
INFO: Manager: restart: Reloading web application at '/WebParkSystem'
Jul 22, 2012 4:57:25 PM org.apache.catalina.core.ApplicationContext log
INFO: Manager: init: Associated with Deployer 'Catalina:type=Deployer,host=localhost'
Jul 22, 2012 4:57:25 PM org.apache.catalina.core.ApplicationContext log
INFO: Manager: init: Global resources are available
Jul 22, 2012 4:57:25 PM org.apache.catalina.core.ApplicationContext log
INFO: Manager: list: Listing contexts for virtual host 'localhost'
Jul 22, 2012 4:57:25 PM org.apache.catalina.core.ApplicationContext log
INFO: Manager: list: Listing contexts for virtual host 'localhost'
Jul 22, 2012 4:57:25 PM org.apache.catalina.core.ApplicationContext log
INFO: Manager: undeploy: Undeploying web application at '/WebParkSystem'
Jul 22, 2012 4:57:26 PM org.apache.catalina.core.ApplicationContext log
INFO: Manager: install: Installing context configuration at 'file:/C:/Users/BRAINL~1/AppData/Local/Temp/context6496626833546631846.xml'
Jul 22, 2012 4:57:26 PM org.apache.catalina.core.ApplicationContext log
INFO: Manager: start: Starting web application at '/WebParkSystem'
Jul 22, 2012 5:15:44 PM org.apache.catalina.core.ApplicationContext log
INFO: Manager: init: Associated with Deployer 'Catalina:type=Deployer,host=localhost'
Jul 22, 2012 5:15:44 PM org.apache.catalina.core.ApplicationContext log
INFO: Manager: init: Global resources are available
Jul 22, 2012 5:15:44 PM org.apache.catalina.core.ApplicationContext log
INFO: Manager: list: Listing contexts for virtual host 'localhost'
Jul 22, 2012 5:15:44 PM org.apache.catalina.core.ApplicationContext log
INFO: Manager: list: Listing contexts for virtual host 'localhost'
Jul 22, 2012 5:15:44 PM org.apache.catalina.core.ApplicationContext log
INFO: Manager: undeploy: Undeploying web application at '/WebParkSystem'
Jul 22, 2012 5:15:45 PM org.apache.catalina.core.ApplicationContext log
INFO: Manager: install: Installing context configuration at 'file:/C:/Users/BRAINL~1/AppData/Local/Temp/context8644864448047597369.xml'
Jul 22, 2012 5:15:45 PM org.apache.catalina.core.ApplicationContext log
INFO: Manager: start: Starting web application at '/WebParkSystem'
Jul 22, 2012 6:31:38 PM org.apache.catalina.core.ApplicationContext log
INFO: Manager: list: Listing contexts for virtual host 'localhost'
Jul 22, 2012 6:31:38 PM org.apache.catalina.core.ApplicationContext log
INFO: Manager: list: Listing contexts for virtual host 'localhost'
Jul 22, 2012 6:31:38 PM org.apache.catalina.core.ApplicationContext log
INFO: Manager: undeploy: Undeploying web application at '/WebParkSystem'
Jul 22, 2012 6:31:38 PM org.apache.catalina.core.ApplicationContext log
INFO: Manager: install: Installing context configuration at 'file:/C:/Users/BRAINL~1/AppData/Local/Temp/context5074321946619669946.xml'
Jul 22, 2012 6:31:39 PM org.apache.catalina.core.ApplicationContext log
INFO: Manager: start: Starting web application at '/WebParkSystem'
Jul 22, 2012 6:36:28 PM org.apache.catalina.core.ApplicationContext log
INFO: Manager: list: Listing contexts for virtual host 'localhost'
Jul 22, 2012 6:36:28 PM org.apache.catalina.core.ApplicationContext log
INFO: Manager: list: Listing contexts for virtual host 'localhost'
Jul 22, 2012 6:36:28 PM org.apache.catalina.core.ApplicationContext log
INFO: Manager: undeploy: Undeploying web application at '/WebParkSystem'
Jul 22, 2012 6:36:29 PM org.apache.catalina.core.ApplicationContext log
INFO: Manager: install: Installing context configuration at 'file:/C:/Users/BRAINL~1/AppData/Local/Temp/context1403686274405863750.xml'
Jul 22, 2012 6:36:29 PM org.apache.catalina.core.ApplicationContext log
INFO: Manager: start: Starting web application at '/WebParkSystem'
Jul 22, 2012 6:43:22 PM org.apache.catalina.core.ApplicationContext log
INFO: Manager: list: Listing contexts for virtual host 'localhost'
Jul 22, 2012 6:43:23 PM org.apache.catalina.core.ApplicationContext log
INFO: Manager: restart: Reloading web application at '/WebParkSystem'
Jul 22, 2012 6:43:31 PM org.apache.catalina.core.ApplicationContext log
INFO: Manager: list: Listing contexts for virtual host 'localhost'
Jul 22, 2012 6:43:31 PM org.apache.catalina.core.ApplicationContext log
INFO: Manager: list: Listing contexts for virtual host 'localhost'
Jul 22, 2012 6:43:31 PM org.apache.catalina.core.ApplicationContext log
INFO: Manager: undeploy: Undeploying web application at '/WebParkSystem'
Jul 22, 2012 6:43:31 PM org.apache.catalina.core.ApplicationContext log
INFO: Manager: install: Installing context configuration at 'file:/C:/Users/BRAINL~1/AppData/Local/Temp/context4113344379292043349.xml'
Jul 22, 2012 6:43:31 PM org.apache.catalina.core.ApplicationContext log
INFO: Manager: start: Starting web application at '/WebParkSystem'
Jul 22, 2012 7:04:31 PM org.apache.catalina.core.ApplicationContext log
INFO: Manager: init: Associated with Deployer 'Catalina:type=Deployer,host=localhost'
Jul 22, 2012 7:04:31 PM org.apache.catalina.core.ApplicationContext log
INFO: Manager: init: Global resources are available
Jul 22, 2012 7:04:31 PM org.apache.catalina.core.ApplicationContext log
INFO: Manager: list: Listing contexts for virtual host 'localhost'
Jul 22, 2012 7:04:31 PM org.apache.catalina.core.ApplicationContext log
INFO: Manager: restart: Reloading web application at '/WebParkSystem'
Jul 22, 2012 7:05:41 PM org.apache.catalina.core.ApplicationContext log
INFO: Manager: init: Associated with Deployer 'Catalina:type=Deployer,host=localhost'
Jul 22, 2012 7:05:41 PM org.apache.catalina.core.ApplicationContext log
INFO: Manager: init: Global resources are available
Jul 22, 2012 7:05:41 PM org.apache.catalina.core.ApplicationContext log
INFO: Manager: list: Listing contexts for virtual host 'localhost'
Jul 22, 2012 7:05:41 PM org.apache.catalina.core.ApplicationContext log
INFO: Manager: list: Listing contexts for virtual host 'localhost'
Jul 22, 2012 7:05:41 PM org.apache.catalina.core.ApplicationContext log
INFO: Manager: undeploy: Undeploying web application at '/WebParkSystem'
Jul 22, 2012 7:05:42 PM org.apache.catalina.core.ApplicationContext log
INFO: Manager: install: Installing context configuration at 'file:/C:/Users/BRAINL~1/AppData/Local/Temp/context1961805990444664163.xml'
Jul 22, 2012 7:05:42 PM org.apache.catalina.core.ApplicationContext log
INFO: Manager: start: Starting web application at '/WebParkSystem'
Jul 22, 2012 7:06:56 PM org.apache.catalina.core.ApplicationContext log
INFO: Manager: list: Listing contexts for virtual host 'localhost'
Jul 22, 2012 7:06:56 PM org.apache.catalina.core.ApplicationContext log
INFO: Manager: restart: Reloading web application at '/WebParkSystem'
Jul 22, 2012 7:10:48 PM org.apache.catalina.core.ApplicationContext log
INFO: Manager: list: Listing contexts for virtual host 'localhost'
Jul 22, 2012 7:10:48 PM org.apache.catalina.core.ApplicationContext log
INFO: Manager: restart: Reloading web application at '/WebParkSystem'
Jul 22, 2012 7:10:51 PM org.apache.catalina.core.ApplicationContext log
INFO: Manager: list: Listing contexts for virtual host 'localhost'
Jul 22, 2012 7:10:51 PM org.apache.catalina.core.ApplicationContext log
INFO: Manager: restart: Reloading web application at '/WebParkSystem'
Jul 22, 2012 7:25:09 PM org.apache.catalina.core.ApplicationContext log
INFO: Manager: list: Listing contexts for virtual host 'localhost'
Jul 22, 2012 7:25:09 PM org.apache.catalina.core.ApplicationContext log
INFO: Manager: restart: Reloading web application at '/WebParkSystem'
Jul 22, 2012 7:26:27 PM org.apache.catalina.core.ApplicationContext log
INFO: Manager: list: Listing contexts for virtual host 'localhost'
Jul 22, 2012 7:26:27 PM org.apache.catalina.core.ApplicationContext log
INFO: Manager: restart: Reloading web application at '/WebParkSystem'
Jul 22, 2012 7:32:08 PM org.apache.catalina.core.ApplicationContext log
INFO: Manager: list: Listing contexts for virtual host 'localhost'
Jul 22, 2012 7:32:08 PM org.apache.catalina.core.ApplicationContext log
INFO: Manager: restart: Reloading web application at '/WebParkSystem'
Jul 22, 2012 7:32:11 PM org.apache.catalina.core.ApplicationContext log
INFO: Manager: list: Listing contexts for virtual host 'localhost'
Jul 22, 2012 7:32:11 PM org.apache.catalina.core.ApplicationContext log
INFO: Manager: restart: Reloading web application at '/WebParkSystem'
Jul 22, 2012 7:32:29 PM org.apache.catalina.core.ApplicationContext log
INFO: Manager: list: Listing contexts for virtual host 'localhost'
Jul 22, 2012 7:32:29 PM org.apache.catalina.core.ApplicationContext log
INFO: Manager: restart: Reloading web application at '/WebParkSystem'
Jul 22, 2012 7:32:37 PM org.apache.catalina.core.ApplicationContext log
INFO: Manager: list: Listing contexts for virtual host 'localhost'
Jul 22, 2012 7:32:37 PM org.apache.catalina.core.ApplicationContext log
INFO: Manager: restart: Reloading web application at '/WebParkSystem'
Jul 22, 2012 7:32:59 PM org.apache.catalina.core.ApplicationContext log
INFO: Manager: list: Listing contexts for virtual host 'localhost'
Jul 22, 2012 7:32:59 PM org.apache.catalina.core.ApplicationContext log
INFO: Manager: restart: Reloading web application at '/WebParkSystem'
Jul 22, 2012 7:33:20 PM org.apache.catalina.core.ApplicationContext log
INFO: Manager: list: Listing contexts for virtual host 'localhost'
Jul 22, 2012 7:33:20 PM org.apache.catalina.core.ApplicationContext log
INFO: Manager: restart: Reloading web application at '/WebParkSystem'
Jul 22, 2012 7:33:42 PM org.apache.catalina.core.ApplicationContext log
INFO: Manager: list: Listing contexts for virtual host 'localhost'
Jul 22, 2012 7:33:42 PM org.apache.catalina.core.ApplicationContext log
INFO: Manager: restart: Reloading web application at '/WebParkSystem'
Jul 22, 2012 7:33:57 PM org.apache.catalina.core.ApplicationContext log
INFO: Manager: list: Listing contexts for virtual host 'localhost'
Jul 22, 2012 7:33:57 PM org.apache.catalina.core.ApplicationContext log
INFO: Manager: restart: Reloading web application at '/WebParkSystem'
Jul 22, 2012 7:34:19 PM org.apache.catalina.core.ApplicationContext log
INFO: Manager: list: Listing contexts for virtual host 'localhost'
Jul 22, 2012 7:34:19 PM org.apache.catalina.core.ApplicationContext log
INFO: Manager: restart: Reloading web application at '/WebParkSystem'
Jul 22, 2012 7:34:52 PM org.apache.catalina.core.ApplicationContext log
INFO: Manager: list: Listing contexts for virtual host 'localhost'
Jul 22, 2012 7:34:52 PM org.apache.catalina.core.ApplicationContext log
INFO: Manager: restart: Reloading web application at '/WebParkSystem'
Jul 22, 2012 7:35:11 PM org.apache.catalina.core.ApplicationContext log
INFO: Manager: list: Listing contexts for virtual host 'localhost'
Jul 22, 2012 7:35:11 PM org.apache.catalina.core.ApplicationContext log
INFO: Manager: restart: Reloading web application at '/WebParkSystem'
Jul 22, 2012 7:35:29 PM org.apache.catalina.core.ApplicationContext log
INFO: Manager: list: Listing contexts for virtual host 'localhost'
Jul 22, 2012 7:35:29 PM org.apache.catalina.core.ApplicationContext log
INFO: Manager: restart: Reloading web application at '/WebParkSystem'
Jul 22, 2012 7:35:32 PM org.apache.catalina.core.ApplicationContext log
INFO: Manager: list: Listing contexts for virtual host 'localhost'
Jul 22, 2012 7:35:32 PM org.apache.catalina.core.ApplicationContext log
INFO: Manager: restart: Reloading web application at '/WebParkSystem'
Jul 22, 2012 7:35:57 PM org.apache.catalina.core.ApplicationContext log
INFO: Manager: list: Listing contexts for virtual host 'localhost'
Jul 22, 2012 7:35:57 PM org.apache.catalina.core.ApplicationContext log
INFO: Manager: restart: Reloading web application at '/WebParkSystem'
Jul 22, 2012 7:36:17 PM org.apache.catalina.core.ApplicationContext log
INFO: Manager: list: Listing contexts for virtual host 'localhost'
Jul 22, 2012 7:36:17 PM org.apache.catalina.core.ApplicationContext log
INFO: Manager: restart: Reloading web application at '/WebParkSystem'
Jul 22, 2012 7:36:42 PM org.apache.catalina.core.ApplicationContext log
INFO: Manager: list: Listing contexts for virtual host 'localhost'
Jul 22, 2012 7:36:42 PM org.apache.catalina.core.ApplicationContext log
INFO: Manager: list: Listing contexts for virtual host 'localhost'
Jul 22, 2012 7:36:42 PM org.apache.catalina.core.ApplicationContext log
INFO: Manager: undeploy: Undeploying web application at '/WebParkSystem'
Jul 22, 2012 7:36:42 PM org.apache.catalina.core.ApplicationContext log
INFO: Manager: install: Installing context configuration at 'file:/C:/Users/BRAINL~1/AppData/Local/Temp/context1701526392702414494.xml'
Jul 22, 2012 7:36:42 PM org.apache.catalina.core.ApplicationContext log
INFO: Manager: start: Starting web application at '/WebParkSystem'
Jul 22, 2012 7:36:59 PM org.apache.catalina.core.ApplicationContext log
INFO: Manager: init: Associated with Deployer 'Catalina:type=Deployer,host=localhost'
Jul 22, 2012 7:36:59 PM org.apache.catalina.core.ApplicationContext log
INFO: Manager: init: Global resources are available
Jul 22, 2012 7:36:59 PM org.apache.catalina.core.ApplicationContext log
INFO: Manager: list: Listing contexts for virtual host 'localhost'
Jul 22, 2012 7:37:00 PM org.apache.catalina.core.ApplicationContext log
INFO: Manager: list: Listing contexts for virtual host 'localhost'
Jul 22, 2012 7:37:00 PM org.apache.catalina.core.ApplicationContext log
INFO: Manager: undeploy: Undeploying web application at '/WebParkSystem'
Jul 22, 2012 7:37:00 PM org.apache.catalina.core.ApplicationContext log
INFO: Manager: install: Installing context configuration at 'file:/C:/Users/BRAINL~1/AppData/Local/Temp/context2724824180566550776.xml'
Jul 22, 2012 7:37:00 PM org.apache.catalina.core.ApplicationContext log
INFO: Manager: start: Starting web application at '/WebParkSystem'
Jul 22, 2012 7:40:08 PM org.apache.catalina.core.ApplicationContext log
INFO: Manager: list: Listing contexts for virtual host 'localhost'
Jul 22, 2012 7:40:08 PM org.apache.catalina.core.ApplicationContext log
INFO: Manager: list: Listing contexts for virtual host 'localhost'
Jul 22, 2012 7:40:28 PM org.apache.catalina.core.ApplicationContext log
INFO: Manager: list: Listing contexts for virtual host 'localhost'
Jul 22, 2012 7:40:28 PM org.apache.catalina.core.ApplicationContext log
INFO: Manager: restart: Reloading web application at '/WebParkSystem'
Jul 22, 2012 7:40:40 PM org.apache.catalina.core.ApplicationContext log
INFO: Manager: init: Associated with Deployer 'Catalina:type=Deployer,host=localhost'
Jul 22, 2012 7:40:40 PM org.apache.catalina.core.ApplicationContext log
INFO: Manager: init: Global resources are available
Jul 22, 2012 7:40:40 PM org.apache.catalina.core.ApplicationContext log
INFO: Manager: list: Listing contexts for virtual host 'localhost'
Jul 22, 2012 7:40:40 PM org.apache.catalina.core.ApplicationContext log
INFO: Manager: list: Listing contexts for virtual host 'localhost'
Jul 22, 2012 7:40:40 PM org.apache.catalina.core.ApplicationContext log
INFO: Manager: undeploy: Undeploying web application at '/WebParkSystem'
Jul 22, 2012 7:40:41 PM org.apache.catalina.core.ApplicationContext log
INFO: Manager: install: Installing context configuration at 'file:/C:/Users/BRAINL~1/AppData/Local/Temp/context1861242972173479129.xml'
Jul 22, 2012 7:40:41 PM org.apache.catalina.core.ApplicationContext log
INFO: Manager: start: Starting web application at '/WebParkSystem'
Jul 22, 2012 7:41:23 PM org.apache.catalina.core.ApplicationContext log
INFO: Manager: list: Listing contexts for virtual host 'localhost'
Jul 22, 2012 7:41:23 PM org.apache.catalina.core.ApplicationContext log
INFO: Manager: list: Listing contexts for virtual host 'localhost'
Jul 22, 2012 7:41:23 PM org.apache.catalina.core.ApplicationContext log
INFO: Manager: undeploy: Undeploying web application at '/WebParkSystem'
Jul 22, 2012 7:41:24 PM org.apache.catalina.core.ApplicationContext log
INFO: Manager: install: Installing context configuration at 'file:/C:/Users/BRAINL~1/AppData/Local/Temp/context977246895803945861.xml'
Jul 22, 2012 7:41:24 PM org.apache.catalina.core.ApplicationContext log
INFO: Manager: start: Starting web application at '/WebParkSystem'
Jul 22, 2012 9:02:37 PM org.apache.catalina.core.ApplicationContext log
INFO: Manager: list: Listing contexts for virtual host 'localhost'
Jul 22, 2012 9:02:37 PM org.apache.catalina.core.ApplicationContext log
INFO: Manager: stop: Stopping web application at '/WebParkSystem'
Jul 22, 2012 9:02:38 PM org.apache.catalina.core.ApplicationContext log
INFO: Manager: start: Starting web application at '/WebParkSystem'
Jul 22, 2012 9:02:40 PM org.apache.catalina.core.ApplicationContext log
INFO: Manager: list: Listing contexts for virtual host 'localhost'
Jul 22, 2012 9:02:43 PM org.apache.catalina.core.ApplicationContext log
INFO: Manager: list: Listing contexts for virtual host 'localhost'
Jul 22, 2012 9:02:43 PM org.apache.catalina.core.ApplicationContext log
INFO: Manager: restart: Reloading web application at '/WebParkSystem'
Jul 22, 2012 9:02:44 PM org.apache.catalina.core.ApplicationContext log
INFO: Manager: list: Listing contexts for virtual host 'localhost'
Jul 22, 2012 9:02:44 PM org.apache.catalina.core.ApplicationContext log
INFO: Manager: restart: Reloading web application at '/WebParkSystem'
Jul 22, 2012 9:02:47 PM org.apache.catalina.core.ApplicationContext log
INFO: Manager: list: Listing contexts for virtual host 'localhost'
Jul 22, 2012 9:02:47 PM org.apache.catalina.core.ApplicationContext log
INFO: Manager: list: Listing contexts for virtual host 'localhost'
Jul 22, 2012 9:02:47 PM org.apache.catalina.core.ApplicationContext log
INFO: Manager: undeploy: Undeploying web application at '/WebParkSystem'
Jul 22, 2012 9:02:49 PM org.apache.catalina.core.ApplicationContext log
INFO: Manager: install: Installing context configuration at 'file:/C:/Users/BRAINL~1/AppData/Local/Temp/context2670611906939434424.xml'
Jul 22, 2012 9:02:49 PM org.apache.catalina.core.ApplicationContext log
INFO: Manager: start: Starting web application at '/WebParkSystem'
Jul 22, 2012 10:48:18 PM org.apache.catalina.core.ApplicationContext log
INFO: Manager: init: Associated with Deployer 'Catalina:type=Deployer,host=localhost'
Jul 22, 2012 10:48:18 PM org.apache.catalina.core.ApplicationContext log
INFO: Manager: init: Global resources are available
Jul 22, 2012 10:48:18 PM org.apache.catalina.core.ApplicationContext log
INFO: Manager: list: Listing contexts for virtual host 'localhost'
Jul 22, 2012 10:48:18 PM org.apache.catalina.core.ApplicationContext log
INFO: Manager: list: Listing contexts for virtual host 'localhost'
Jul 22, 2012 10:48:18 PM org.apache.catalina.core.ApplicationContext log
INFO: Manager: undeploy: Undeploying web application at '/WebParkSystem'
Jul 22, 2012 10:48:19 PM org.apache.catalina.core.ApplicationContext log
INFO: Manager: install: Installing context configuration at 'file:/C:/Users/BRAINL~1/AppData/Local/Temp/context9029094961314154341.xml'
Jul 22, 2012 10:48:20 PM org.apache.catalina.core.ApplicationContext log
INFO: Manager: start: Starting web application at '/WebParkSystem'
Jul 22, 2012 10:49:26 PM org.apache.catalina.core.ApplicationContext log
INFO: Manager: list: Listing contexts for virtual host 'localhost'
Jul 22, 2012 10:49:28 PM org.apache.catalina.core.ApplicationContext log
INFO: Manager: list: Listing contexts for virtual host 'localhost'
Jul 22, 2012 10:49:28 PM org.apache.catalina.core.ApplicationContext log
INFO: Manager: restart: Reloading web application at '/WebParkSystem'
Jul 22, 2012 10:49:29 PM org.apache.catalina.core.ApplicationContext log
INFO: Manager: list: Listing contexts for virtual host 'localhost'
Jul 22, 2012 10:49:29 PM org.apache.catalina.core.ApplicationContext log
INFO: Manager: restart: Reloading web application at '/WebParkSystem'
Jul 22, 2012 10:51:50 PM org.apache.catalina.core.ApplicationContext log
INFO: Manager: list: Listing contexts for virtual host 'localhost'
Jul 22, 2012 10:51:50 PM org.apache.catalina.core.ApplicationContext log
INFO: Manager: restart: Reloading web application at '/WebParkSystem'
Jul 22, 2012 10:53:15 PM org.apache.catalina.core.ApplicationContext log
INFO: Manager: list: Listing contexts for virtual host 'localhost'
Jul 22, 2012 10:53:15 PM org.apache.catalina.core.ApplicationContext log
INFO: Manager: restart: Reloading web application at '/WebParkSystem'
Jul 22, 2012 10:53:26 PM org.apache.catalina.core.ApplicationContext log
INFO: Manager: list: Listing contexts for virtual host 'localhost'
Jul 22, 2012 10:55:03 PM org.apache.catalina.core.ApplicationContext log
INFO: Manager: list: Listing contexts for virtual host 'localhost'
Jul 22, 2012 10:55:03 PM org.apache.catalina.core.ApplicationContext log
INFO: Manager: restart: Reloading web application at '/WebParkSystem'
Jul 22, 2012 10:57:13 PM org.apache.catalina.core.ApplicationContext log
INFO: Manager: list: Listing contexts for virtual host 'localhost'
Jul 22, 2012 10:57:13 PM org.apache.catalina.core.ApplicationContext log
INFO: Manager: restart: Reloading web application at '/WebParkSystem'
Jul 22, 2012 10:58:10 PM org.apache.catalina.core.ApplicationContext log
INFO: Manager: list: Listing contexts for virtual host 'localhost'
Jul 22, 2012 10:58:10 PM org.apache.catalina.core.ApplicationContext log
INFO: Manager: restart: Reloading web application at '/WebParkSystem'
Jul 22, 2012 11:02:23 PM org.apache.catalina.core.ApplicationContext log
INFO: Manager: list: Listing contexts for virtual host 'localhost'
Jul 22, 2012 11:02:23 PM org.apache.catalina.core.ApplicationContext log
INFO: Manager: restart: Reloading web application at '/WebParkSystem'
Jul 22, 2012 11:02:26 PM org.apache.catalina.core.ApplicationContext log
INFO: Manager: list: Listing contexts for virtual host 'localhost'
Jul 22, 2012 11:02:26 PM org.apache.catalina.core.ApplicationContext log
INFO: Manager: restart: Reloading web application at '/WebParkSystem'
Jul 22, 2012 11:57:06 PM org.apache.catalina.core.ApplicationContext log
INFO: Manager: init: Associated with Deployer 'Catalina:type=Deployer,host=localhost'
Jul 22, 2012 11:57:06 PM org.apache.catalina.core.ApplicationContext log
INFO: Manager: init: Global resources are available
Jul 22, 2012 11:57:06 PM org.apache.catalina.core.ApplicationContext log
INFO: Manager: list: Listing contexts for virtual host 'localhost'
Jul 22, 2012 11:57:06 PM org.apache.catalina.core.ApplicationContext log
INFO: Manager: list: Listing contexts for virtual host 'localhost'
Jul 22, 2012 11:57:06 PM org.apache.catalina.core.ApplicationContext log
INFO: Manager: undeploy: Undeploying web application at '/WebParkSystem'
Jul 22, 2012 11:57:07 PM org.apache.catalina.core.ApplicationContext log
INFO: Manager: install: Installing context configuration at 'file:/C:/Users/BRAINL~1/AppData/Local/Temp/context6374549328721565049.xml'
Jul 22, 2012 11:57:07 PM org.apache.catalina.core.ApplicationContext log
INFO: Manager: start: Starting web application at '/WebParkSystem'
