èþë 29, 2012 12:01:32 AM org.apache.catalina.core.ApplicationContext log
INFO: Manager: list: Listing contexts for virtual host 'localhost'
èþë 29, 2012 12:01:32 AM org.apache.catalina.core.ApplicationContext log
INFO: Manager: list: Listing contexts for virtual host 'localhost'
èþë 29, 2012 12:01:32 AM org.apache.catalina.core.ApplicationContext log
INFO: Manager: restart: Reloading web application at '/Hotel'
èþë 29, 2012 12:04:05 AM org.apache.catalina.core.ApplicationContext log
INFO: Manager: list: Listing contexts for virtual host 'localhost'
èþë 29, 2012 12:04:05 AM org.apache.catalina.core.ApplicationContext log
INFO: Manager: list: Listing contexts for virtual host 'localhost'
èþë 29, 2012 12:04:05 AM org.apache.catalina.core.ApplicationContext log
INFO: Manager: restart: Reloading web application at '/Hotel'
èþë 29, 2012 12:07:25 AM org.apache.catalina.core.ApplicationContext log
INFO: Manager: list: Listing contexts for virtual host 'localhost'
èþë 29, 2012 12:07:25 AM org.apache.catalina.core.ApplicationContext log
INFO: Manager: restart: Reloading web application at '/Hotel'
èþë 29, 2012 12:07:28 AM org.apache.catalina.core.ApplicationContext log
INFO: Manager: list: Listing contexts for virtual host 'localhost'
èþë 29, 2012 12:07:28 AM org.apache.catalina.core.ApplicationContext log
INFO: Manager: list: Listing contexts for virtual host 'localhost'
èþë 29, 2012 12:07:28 AM org.apache.catalina.core.ApplicationContext log
INFO: Manager: restart: Reloading web application at '/Hotel'
èþë 29, 2012 12:08:46 AM org.apache.catalina.core.ApplicationContext log
INFO: Manager: init: Associated with Deployer 'Catalina:type=Deployer,host=localhost'
èþë 29, 2012 12:08:46 AM org.apache.catalina.core.ApplicationContext log
INFO: Manager: init: Global resources are available
èþë 29, 2012 12:08:46 AM org.apache.catalina.core.ApplicationContext log
INFO: Manager: list: Listing contexts for virtual host 'localhost'
èþë 29, 2012 12:08:46 AM org.apache.catalina.core.ApplicationContext log
INFO: Manager: list: Listing contexts for virtual host 'localhost'
èþë 29, 2012 12:08:46 AM org.apache.catalina.core.ApplicationContext log
INFO: Manager: restart: Reloading web application at '/Hotel'
èþë 29, 2012 12:11:46 AM org.apache.catalina.core.ApplicationContext log
INFO: Manager: list: Listing contexts for virtual host 'localhost'
èþë 29, 2012 12:11:46 AM org.apache.catalina.core.ApplicationContext log
INFO: Manager: list: Listing contexts for virtual host 'localhost'
èþë 29, 2012 12:11:46 AM org.apache.catalina.core.ApplicationContext log
INFO: Manager: restart: Reloading web application at '/Hotel'
èþë 29, 2012 12:19:01 AM org.apache.catalina.core.ApplicationContext log
INFO: Manager: list: Listing contexts for virtual host 'localhost'
èþë 29, 2012 12:19:01 AM org.apache.catalina.core.ApplicationContext log
INFO: Manager: list: Listing contexts for virtual host 'localhost'
èþë 29, 2012 12:19:01 AM org.apache.catalina.core.ApplicationContext log
INFO: Manager: restart: Reloading web application at '/Hotel'
èþë 29, 2012 12:19:21 AM org.apache.catalina.core.ApplicationContext log
INFO: Manager: init: Associated with Deployer 'Catalina:type=Deployer,host=localhost'
èþë 29, 2012 12:19:21 AM org.apache.catalina.core.ApplicationContext log
INFO: Manager: init: Global resources are available
èþë 29, 2012 12:19:21 AM org.apache.catalina.core.ApplicationContext log
INFO: Manager: list: Listing contexts for virtual host 'localhost'
èþë 29, 2012 12:19:21 AM org.apache.catalina.core.ApplicationContext log
INFO: Manager: list: Listing contexts for virtual host 'localhost'
èþë 29, 2012 12:25:44 AM org.apache.catalina.core.ApplicationContext log
INFO: Manager: list: Listing contexts for virtual host 'localhost'
èþë 29, 2012 12:25:44 AM org.apache.catalina.core.ApplicationContext log
INFO: Manager: restart: Reloading web application at '/Hotel'
èþë 29, 2012 1:08:22 AM org.apache.catalina.core.ApplicationContext log
INFO: Manager: list: Listing contexts for virtual host 'localhost'
èþë 29, 2012 1:08:22 AM org.apache.catalina.core.ApplicationContext log
INFO: Manager: restart: Reloading web application at '/Hotel'
èþë 29, 2012 1:08:25 AM org.apache.catalina.core.ApplicationContext log
INFO: Manager: list: Listing contexts for virtual host 'localhost'
èþë 29, 2012 1:08:25 AM org.apache.catalina.core.ApplicationContext log
INFO: Manager: list: Listing contexts for virtual host 'localhost'
èþë 29, 2012 1:08:25 AM org.apache.catalina.core.ApplicationContext log
INFO: Manager: restart: Reloading web application at '/Hotel'
èþë 29, 2012 1:09:14 AM org.apache.catalina.core.ApplicationContext log
INFO: Manager: list: Listing contexts for virtual host 'localhost'
èþë 29, 2012 1:09:14 AM org.apache.catalina.core.ApplicationContext log
INFO: Manager: restart: Reloading web application at '/Hotel'
èþë 29, 2012 1:09:14 AM org.apache.catalina.core.ApplicationContext log
INFO: Manager: list: Listing contexts for virtual host 'localhost'
èþë 29, 2012 1:09:14 AM org.apache.catalina.core.ApplicationContext log
INFO: Manager: list: Listing contexts for virtual host 'localhost'
èþë 29, 2012 1:09:15 AM org.apache.catalina.core.ApplicationContext log
INFO: Manager: restart: Reloading web application at '/Hotel'
èþë 29, 2012 1:10:52 AM org.apache.catalina.core.ApplicationContext log
INFO: Manager: list: Listing contexts for virtual host 'localhost'
èþë 29, 2012 1:10:52 AM org.apache.catalina.core.ApplicationContext log
INFO: Manager: restart: Reloading web application at '/Hotel'
èþë 29, 2012 1:12:04 AM org.apache.catalina.core.ApplicationContext log
INFO: Manager: list: Listing contexts for virtual host 'localhost'
èþë 29, 2012 1:12:04 AM org.apache.catalina.core.ApplicationContext log
INFO: Manager: list: Listing contexts for virtual host 'localhost'
èþë 29, 2012 1:12:04 AM org.apache.catalina.core.ApplicationContext log
INFO: Manager: restart: Reloading web application at '/Hotel'
èþë 29, 2012 11:20:21 AM org.apache.catalina.core.ApplicationContext log
INFO: Manager: init: Associated with Deployer 'Catalina:type=Deployer,host=localhost'
èþë 29, 2012 11:20:21 AM org.apache.catalina.core.ApplicationContext log
INFO: Manager: init: Global resources are available
èþë 29, 2012 11:20:21 AM org.apache.catalina.core.ApplicationContext log
INFO: Manager: list: Listing contexts for virtual host 'localhost'
èþë 29, 2012 11:20:21 AM org.apache.catalina.core.ApplicationContext log
INFO: Manager: list: Listing contexts for virtual host 'localhost'
èþë 29, 2012 11:20:21 AM org.apache.catalina.core.ApplicationContext log
INFO: Manager: restart: Reloading web application at '/Hotel'
èþë 29, 2012 11:21:00 AM org.apache.catalina.core.ApplicationContext log
INFO: Manager: list: Listing contexts for virtual host 'localhost'
èþë 29, 2012 11:21:00 AM org.apache.catalina.core.ApplicationContext log
INFO: Manager: list: Listing contexts for virtual host 'localhost'
èþë 29, 2012 11:21:01 AM org.apache.catalina.core.ApplicationContext log
INFO: Manager: restart: Reloading web application at '/Hotel'
èþë 29, 2012 11:48:28 AM org.apache.catalina.core.ApplicationContext log
INFO: Manager: list: Listing contexts for virtual host 'localhost'
èþë 29, 2012 11:49:03 AM org.apache.catalina.core.ApplicationContext log
INFO: Manager: list: Listing contexts for virtual host 'localhost'
èþë 29, 2012 11:50:49 AM org.apache.catalina.core.ApplicationContext log
INFO: Manager: list: Listing contexts for virtual host 'localhost'
èþë 29, 2012 11:50:49 AM org.apache.catalina.core.ApplicationContext log
INFO: Manager: restart: Reloading web application at '/Hotel'
èþë 29, 2012 11:53:44 AM org.apache.catalina.core.ApplicationContext log
INFO: Manager: list: Listing contexts for virtual host 'localhost'
èþë 29, 2012 11:53:44 AM org.apache.catalina.core.ApplicationContext log
INFO: Manager: restart: Reloading web application at '/Hotel'
èþë 29, 2012 11:55:05 AM org.apache.catalina.core.ApplicationContext log
INFO: Manager: list: Listing contexts for virtual host 'localhost'
èþë 29, 2012 11:55:05 AM org.apache.catalina.core.ApplicationContext log
INFO: Manager: restart: Reloading web application at '/Hotel'
èþë 29, 2012 11:55:37 AM org.apache.catalina.core.ApplicationContext log
INFO: Manager: list: Listing contexts for virtual host 'localhost'
èþë 29, 2012 11:55:37 AM org.apache.catalina.core.ApplicationContext log
INFO: Manager: restart: Reloading web application at '/Hotel'
èþë 29, 2012 11:57:29 AM org.apache.catalina.core.ApplicationContext log
INFO: Manager: list: Listing contexts for virtual host 'localhost'
èþë 29, 2012 11:57:29 AM org.apache.catalina.core.ApplicationContext log
INFO: Manager: restart: Reloading web application at '/Hotel'
èþë 29, 2012 11:57:33 AM org.apache.catalina.core.ApplicationContext log
INFO: Manager: list: Listing contexts for virtual host 'localhost'
èþë 29, 2012 11:57:33 AM org.apache.catalina.core.ApplicationContext log
INFO: Manager: list: Listing contexts for virtual host 'localhost'
èþë 29, 2012 11:57:33 AM org.apache.catalina.core.ApplicationContext log
INFO: Manager: restart: Reloading web application at '/Hotel'
èþë 29, 2012 11:58:39 AM org.apache.catalina.core.ApplicationContext log
INFO: Manager: list: Listing contexts for virtual host 'localhost'
èþë 29, 2012 11:58:39 AM org.apache.catalina.core.ApplicationContext log
INFO: Manager: restart: Reloading web application at '/Hotel'
èþë 29, 2012 11:59:11 AM org.apache.catalina.core.ApplicationContext log
INFO: Manager: init: Associated with Deployer 'Catalina:type=Deployer,host=localhost'
èþë 29, 2012 11:59:11 AM org.apache.catalina.core.ApplicationContext log
INFO: Manager: init: Global resources are available
èþë 29, 2012 11:59:11 AM org.apache.catalina.core.ApplicationContext log
INFO: Manager: list: Listing contexts for virtual host 'localhost'
èþë 29, 2012 11:59:11 AM org.apache.catalina.core.ApplicationContext log
INFO: Manager: list: Listing contexts for virtual host 'localhost'
èþë 29, 2012 11:59:11 AM org.apache.catalina.core.ApplicationContext log
INFO: Manager: restart: Reloading web application at '/Hotel'
èþë 29, 2012 12:01:20 PM org.apache.catalina.core.ApplicationContext log
INFO: Manager: list: Listing contexts for virtual host 'localhost'
èþë 29, 2012 12:01:20 PM org.apache.catalina.core.ApplicationContext log
INFO: Manager: list: Listing contexts for virtual host 'localhost'
èþë 29, 2012 12:01:20 PM org.apache.catalina.core.ApplicationContext log
INFO: Manager: restart: Reloading web application at '/Hotel'
èþë 29, 2012 12:01:42 PM org.apache.catalina.core.ApplicationContext log
INFO: Manager: list: Listing contexts for virtual host 'localhost'
èþë 29, 2012 12:01:42 PM org.apache.catalina.core.ApplicationContext log
INFO: Manager: list: Listing contexts for virtual host 'localhost'
èþë 29, 2012 12:02:28 PM org.apache.catalina.core.ApplicationContext log
INFO: Manager: list: Listing contexts for virtual host 'localhost'
èþë 29, 2012 12:02:28 PM org.apache.catalina.core.ApplicationContext log
INFO: Manager: list: Listing contexts for virtual host 'localhost'
èþë 29, 2012 12:02:29 PM org.apache.catalina.core.ApplicationContext log
INFO: Manager: restart: Reloading web application at '/Hotel'
èþë 29, 2012 12:08:02 PM org.apache.catalina.core.ApplicationContext log
INFO: Manager: list: Listing contexts for virtual host 'localhost'
èþë 29, 2012 12:08:02 PM org.apache.catalina.core.ApplicationContext log
INFO: Manager: list: Listing contexts for virtual host 'localhost'
èþë 29, 2012 12:08:02 PM org.apache.catalina.core.ApplicationContext log
INFO: Manager: restart: Reloading web application at '/Hotel'
èþë 29, 2012 12:08:37 PM org.apache.catalina.core.ApplicationContext log
INFO: Manager: list: Listing contexts for virtual host 'localhost'
èþë 29, 2012 12:08:37 PM org.apache.catalina.core.ApplicationContext log
INFO: Manager: list: Listing contexts for virtual host 'localhost'
èþë 29, 2012 12:08:37 PM org.apache.catalina.core.ApplicationContext log
INFO: Manager: restart: Reloading web application at '/Hotel'
èþë 29, 2012 12:10:49 PM org.apache.catalina.core.ApplicationContext log
INFO: Manager: list: Listing contexts for virtual host 'localhost'
èþë 29, 2012 12:10:49 PM org.apache.catalina.core.ApplicationContext log
INFO: Manager: restart: Reloading web application at '/Hotel'
èþë 29, 2012 12:11:23 PM org.apache.catalina.core.ApplicationContext log
INFO: Manager: list: Listing contexts for virtual host 'localhost'
èþë 29, 2012 12:11:23 PM org.apache.catalina.core.ApplicationContext log
INFO: Manager: list: Listing contexts for virtual host 'localhost'
èþë 29, 2012 12:11:23 PM org.apache.catalina.core.ApplicationContext log
INFO: Manager: restart: Reloading web application at '/Hotel'
èþë 29, 2012 12:14:03 PM org.apache.catalina.core.ApplicationContext log
INFO: Manager: list: Listing contexts for virtual host 'localhost'
èþë 29, 2012 12:14:03 PM org.apache.catalina.core.ApplicationContext log
INFO: Manager: list: Listing contexts for virtual host 'localhost'
èþë 29, 2012 12:14:03 PM org.apache.catalina.core.ApplicationContext log
INFO: Manager: restart: Reloading web application at '/Hotel'
èþë 29, 2012 12:24:06 PM org.apache.catalina.core.ApplicationContext log
INFO: Manager: list: Listing contexts for virtual host 'localhost'
èþë 29, 2012 12:24:06 PM org.apache.catalina.core.ApplicationContext log
INFO: Manager: restart: Reloading web application at '/Hotel'
èþë 29, 2012 12:24:07 PM org.apache.catalina.core.ApplicationContext log
INFO: Manager: list: Listing contexts for virtual host 'localhost'
èþë 29, 2012 12:24:07 PM org.apache.catalina.core.ApplicationContext log
INFO: Manager: restart: Reloading web application at '/Hotel'
èþë 29, 2012 12:46:56 PM org.apache.catalina.core.ApplicationContext log
INFO: Manager: list: Listing contexts for virtual host 'localhost'
èþë 29, 2012 12:46:56 PM org.apache.catalina.core.ApplicationContext log
INFO: Manager: restart: Reloading web application at '/Hotel'
èþë 29, 2012 12:46:57 PM org.apache.catalina.core.ApplicationContext log
INFO: Manager: list: Listing contexts for virtual host 'localhost'
èþë 29, 2012 12:46:57 PM org.apache.catalina.core.ApplicationContext log
INFO: Manager: restart: Reloading web application at '/Hotel'
èþë 29, 2012 12:47:11 PM org.apache.catalina.core.ApplicationContext log
INFO: Manager: list: Listing contexts for virtual host 'localhost'
èþë 29, 2012 12:47:11 PM org.apache.catalina.core.ApplicationContext log
INFO: Manager: restart: Reloading web application at '/Hotel'
èþë 29, 2012 12:47:11 PM org.apache.catalina.core.ApplicationContext log
INFO: Manager: list: Listing contexts for virtual host 'localhost'
èþë 29, 2012 12:47:13 PM org.apache.catalina.core.ApplicationContext log
INFO: Manager: list: Listing contexts for virtual host 'localhost'
èþë 29, 2012 12:47:13 PM org.apache.catalina.core.ApplicationContext log
INFO: Manager: restart: Reloading web application at '/Hotel'
èþë 29, 2012 12:53:06 PM org.apache.catalina.core.ApplicationContext log
INFO: Manager: list: Listing contexts for virtual host 'localhost'
èþë 29, 2012 12:53:06 PM org.apache.catalina.core.ApplicationContext log
INFO: Manager: restart: Reloading web application at '/Hotel'
èþë 29, 2012 12:57:36 PM org.apache.catalina.core.ApplicationContext log
INFO: Manager: list: Listing contexts for virtual host 'localhost'
èþë 29, 2012 12:57:36 PM org.apache.catalina.core.ApplicationContext log
INFO: Manager: restart: Reloading web application at '/Hotel'
èþë 29, 2012 12:57:37 PM org.apache.catalina.core.ApplicationContext log
INFO: Manager: list: Listing contexts for virtual host 'localhost'
èþë 29, 2012 12:57:37 PM org.apache.catalina.core.ApplicationContext log
INFO: Manager: restart: Reloading web application at '/Hotel'
èþë 29, 2012 1:08:11 PM org.apache.catalina.core.ApplicationContext log
INFO: Manager: list: Listing contexts for virtual host 'localhost'
èþë 29, 2012 1:15:40 PM org.apache.catalina.core.ApplicationContext log
INFO: Manager: list: Listing contexts for virtual host 'localhost'
èþë 29, 2012 1:16:02 PM org.apache.catalina.core.ApplicationContext log
INFO: Manager: list: Listing contexts for virtual host 'localhost'
èþë 29, 2012 1:16:02 PM org.apache.catalina.core.ApplicationContext log
INFO: Manager: restart: Reloading web application at '/Hotel'
èþë 29, 2012 1:16:06 PM org.apache.catalina.core.ApplicationContext log
INFO: Manager: list: Listing contexts for virtual host 'localhost'
èþë 29, 2012 1:16:06 PM org.apache.catalina.core.ApplicationContext log
INFO: Manager: list: Listing contexts for virtual host 'localhost'
èþë 29, 2012 1:16:06 PM org.apache.catalina.core.ApplicationContext log
INFO: Manager: restart: Reloading web application at '/Hotel'
èþë 29, 2012 1:17:49 PM org.apache.catalina.core.ApplicationContext log
INFO: Manager: init: Associated with Deployer 'Catalina:type=Deployer,host=localhost'
èþë 29, 2012 1:17:49 PM org.apache.catalina.core.ApplicationContext log
INFO: Manager: init: Global resources are available
èþë 29, 2012 1:17:49 PM org.apache.catalina.core.ApplicationContext log
INFO: Manager: list: Listing contexts for virtual host 'localhost'
èþë 29, 2012 1:17:49 PM org.apache.catalina.core.ApplicationContext log
INFO: Manager: list: Listing contexts for virtual host 'localhost'
èþë 29, 2012 1:22:50 PM org.apache.catalina.core.ApplicationContext log
INFO: Manager: list: Listing contexts for virtual host 'localhost'
èþë 29, 2012 1:22:50 PM org.apache.catalina.core.ApplicationContext log
INFO: Manager: list: Listing contexts for virtual host 'localhost'
èþë 29, 2012 1:22:50 PM org.apache.catalina.core.ApplicationContext log
INFO: Manager: restart: Reloading web application at '/Hotel'
èþë 29, 2012 1:24:58 PM org.apache.catalina.core.ApplicationContext log
INFO: Manager: list: Listing contexts for virtual host 'localhost'
èþë 29, 2012 1:24:58 PM org.apache.catalina.core.ApplicationContext log
INFO: Manager: restart: Reloading web application at '/Hotel'
èþë 29, 2012 1:24:59 PM org.apache.catalina.core.ApplicationContext log
INFO: Manager: list: Listing contexts for virtual host 'localhost'
èþë 29, 2012 1:24:59 PM org.apache.catalina.core.ApplicationContext log
INFO: Manager: list: Listing contexts for virtual host 'localhost'
èþë 29, 2012 1:24:59 PM org.apache.catalina.core.ApplicationContext log
INFO: Manager: restart: Reloading web application at '/Hotel'
èþë 29, 2012 1:26:18 PM org.apache.catalina.core.ApplicationContext log
INFO: Manager: list: Listing contexts for virtual host 'localhost'
èþë 29, 2012 1:26:18 PM org.apache.catalina.core.ApplicationContext log
INFO: Manager: restart: Reloading web application at '/Hotel'
èþë 29, 2012 1:26:19 PM org.apache.catalina.core.ApplicationContext log
INFO: Manager: list: Listing contexts for virtual host 'localhost'
èþë 29, 2012 1:26:19 PM org.apache.catalina.core.ApplicationContext log
INFO: Manager: list: Listing contexts for virtual host 'localhost'
èþë 29, 2012 1:26:19 PM org.apache.catalina.core.ApplicationContext log
INFO: Manager: restart: Reloading web application at '/Hotel'
èþë 29, 2012 1:27:29 PM org.apache.catalina.core.ApplicationContext log
INFO: Manager: list: Listing contexts for virtual host 'localhost'
èþë 29, 2012 1:27:29 PM org.apache.catalina.core.ApplicationContext log
INFO: Manager: restart: Reloading web application at '/Hotel'
èþë 29, 2012 1:27:29 PM org.apache.catalina.core.ApplicationContext log
INFO: Manager: list: Listing contexts for virtual host 'localhost'
èþë 29, 2012 1:27:29 PM org.apache.catalina.core.ApplicationContext log
INFO: Manager: list: Listing contexts for virtual host 'localhost'
èþë 29, 2012 1:27:29 PM org.apache.catalina.core.ApplicationContext log
INFO: Manager: restart: Reloading web application at '/Hotel'
èþë 29, 2012 1:38:12 PM org.apache.catalina.core.ApplicationContext log
INFO: Manager: init: Associated with Deployer 'Catalina:type=Deployer,host=localhost'
èþë 29, 2012 1:38:12 PM org.apache.catalina.core.ApplicationContext log
INFO: Manager: init: Global resources are available
èþë 29, 2012 1:38:12 PM org.apache.catalina.core.ApplicationContext log
INFO: Manager: list: Listing contexts for virtual host 'localhost'
èþë 29, 2012 1:38:12 PM org.apache.catalina.core.ApplicationContext log
INFO: Manager: list: Listing contexts for virtual host 'localhost'
èþë 29, 2012 1:45:45 PM org.apache.catalina.core.ApplicationContext log
INFO: Manager: list: Listing contexts for virtual host 'localhost'
èþë 29, 2012 1:45:45 PM org.apache.catalina.core.ApplicationContext log
INFO: Manager: list: Listing contexts for virtual host 'localhost'
èþë 29, 2012 1:55:30 PM org.apache.catalina.core.ApplicationContext log
INFO: Manager: init: Associated with Deployer 'Catalina:type=Deployer,host=localhost'
èþë 29, 2012 1:55:30 PM org.apache.catalina.core.ApplicationContext log
INFO: Manager: init: Global resources are available
èþë 29, 2012 1:55:30 PM org.apache.catalina.core.ApplicationContext log
INFO: Manager: list: Listing contexts for virtual host 'localhost'
èþë 29, 2012 1:55:30 PM org.apache.catalina.core.ApplicationContext log
INFO: Manager: list: Listing contexts for virtual host 'localhost'
èþë 29, 2012 1:58:06 PM org.apache.catalina.core.ApplicationContext log
INFO: Manager: list: Listing contexts for virtual host 'localhost'
èþë 29, 2012 1:58:06 PM org.apache.catalina.core.ApplicationContext log
INFO: Manager: list: Listing contexts for virtual host 'localhost'
èþë 29, 2012 1:58:06 PM org.apache.catalina.core.ApplicationContext log
INFO: Manager: restart: Reloading web application at '/Hotel'
èþë 29, 2012 2:46:13 PM org.apache.catalina.core.ApplicationContext log
INFO: Manager: list: Listing contexts for virtual host 'localhost'
èþë 29, 2012 2:46:13 PM org.apache.catalina.core.ApplicationContext log
INFO: Manager: list: Listing contexts for virtual host 'localhost'
èþë 29, 2012 2:46:13 PM org.apache.catalina.core.ApplicationContext log
INFO: Manager: restart: Reloading web application at '/Hotel'
èþë 29, 2012 2:47:29 PM org.apache.catalina.core.ApplicationContext log
INFO: Manager: list: Listing contexts for virtual host 'localhost'
èþë 29, 2012 2:47:29 PM org.apache.catalina.core.ApplicationContext log
INFO: Manager: list: Listing contexts for virtual host 'localhost'
èþë 29, 2012 2:47:29 PM org.apache.catalina.core.ApplicationContext log
INFO: Manager: restart: Reloading web application at '/Hotel'
èþë 29, 2012 2:48:18 PM org.apache.catalina.core.ApplicationContext log
INFO: Manager: list: Listing contexts for virtual host 'localhost'
èþë 29, 2012 2:48:18 PM org.apache.catalina.core.ApplicationContext log
INFO: Manager: restart: Reloading web application at '/Hotel'
èþë 29, 2012 2:48:30 PM org.apache.catalina.core.ApplicationContext log
INFO: Manager: list: Listing contexts for virtual host 'localhost'
èþë 29, 2012 2:48:30 PM org.apache.catalina.core.ApplicationContext log
INFO: Manager: list: Listing contexts for virtual host 'localhost'
èþë 29, 2012 2:48:30 PM org.apache.catalina.core.ApplicationContext log
INFO: Manager: restart: Reloading web application at '/Hotel'
èþë 29, 2012 2:49:01 PM org.apache.catalina.core.ApplicationContext log
INFO: Manager: list: Listing contexts for virtual host 'localhost'
èþë 29, 2012 2:49:01 PM org.apache.catalina.core.ApplicationContext log
INFO: Manager: restart: Reloading web application at '/Hotel'
èþë 29, 2012 2:49:22 PM org.apache.catalina.core.ApplicationContext log
INFO: Manager: list: Listing contexts for virtual host 'localhost'
èþë 29, 2012 2:49:22 PM org.apache.catalina.core.ApplicationContext log
INFO: Manager: list: Listing contexts for virtual host 'localhost'
èþë 29, 2012 2:49:22 PM org.apache.catalina.core.ApplicationContext log
INFO: Manager: restart: Reloading web application at '/Hotel'
èþë 29, 2012 2:50:49 PM org.apache.catalina.core.ApplicationContext log
INFO: Manager: list: Listing contexts for virtual host 'localhost'
èþë 29, 2012 2:50:49 PM org.apache.catalina.core.ApplicationContext log
INFO: Manager: restart: Reloading web application at '/Hotel'
èþë 29, 2012 2:50:51 PM org.apache.catalina.core.ApplicationContext log
INFO: Manager: list: Listing contexts for virtual host 'localhost'
èþë 29, 2012 2:50:51 PM org.apache.catalina.core.ApplicationContext log
INFO: Manager: list: Listing contexts for virtual host 'localhost'
èþë 29, 2012 2:50:51 PM org.apache.catalina.core.ApplicationContext log
INFO: Manager: restart: Reloading web application at '/Hotel'
èþë 29, 2012 2:51:59 PM org.apache.catalina.core.ApplicationContext log
INFO: Manager: list: Listing contexts for virtual host 'localhost'
èþë 29, 2012 2:51:59 PM org.apache.catalina.core.ApplicationContext log
INFO: Manager: list: Listing contexts for virtual host 'localhost'
èþë 29, 2012 2:51:59 PM org.apache.catalina.core.ApplicationContext log
INFO: Manager: restart: Reloading web application at '/Hotel'
èþë 29, 2012 3:21:10 PM org.apache.catalina.core.ApplicationContext log
INFO: Manager: list: Listing contexts for virtual host 'localhost'
èþë 29, 2012 3:21:10 PM org.apache.catalina.core.ApplicationContext log
INFO: Manager: list: Listing contexts for virtual host 'localhost'
èþë 29, 2012 3:21:10 PM org.apache.catalina.core.ApplicationContext log
INFO: Manager: restart: Reloading web application at '/Hotel'
èþë 29, 2012 3:23:04 PM org.apache.catalina.core.ApplicationContext log
INFO: Manager: init: Associated with Deployer 'Catalina:type=Deployer,host=localhost'
èþë 29, 2012 3:23:04 PM org.apache.catalina.core.ApplicationContext log
INFO: Manager: init: Global resources are available
èþë 29, 2012 3:23:04 PM org.apache.catalina.core.ApplicationContext log
INFO: Manager: list: Listing contexts for virtual host 'localhost'
èþë 29, 2012 3:23:04 PM org.apache.catalina.core.ApplicationContext log
INFO: Manager: list: Listing contexts for virtual host 'localhost'
èþë 29, 2012 3:23:57 PM org.apache.catalina.core.ApplicationContext log
INFO: Manager: list: Listing contexts for virtual host 'localhost'
èþë 29, 2012 3:23:57 PM org.apache.catalina.core.ApplicationContext log
INFO: Manager: list: Listing contexts for virtual host 'localhost'
èþë 29, 2012 3:23:57 PM org.apache.catalina.core.ApplicationContext log
INFO: Manager: restart: Reloading web application at '/Hotel'
èþë 29, 2012 3:24:19 PM org.apache.catalina.core.ApplicationContext log
INFO: Manager: list: Listing contexts for virtual host 'localhost'
èþë 29, 2012 3:24:19 PM org.apache.catalina.core.ApplicationContext log
INFO: Manager: list: Listing contexts for virtual host 'localhost'
èþë 29, 2012 3:24:19 PM org.apache.catalina.core.ApplicationContext log
INFO: Manager: restart: Reloading web application at '/Hotel'
èþë 29, 2012 3:24:38 PM org.apache.catalina.core.ApplicationContext log
INFO: Manager: list: Listing contexts for virtual host 'localhost'
èþë 29, 2012 3:24:38 PM org.apache.catalina.core.ApplicationContext log
INFO: Manager: list: Listing contexts for virtual host 'localhost'
èþë 29, 2012 3:24:38 PM org.apache.catalina.core.ApplicationContext log
INFO: Manager: restart: Reloading web application at '/Hotel'
èþë 29, 2012 3:26:00 PM org.apache.catalina.core.ApplicationContext log
INFO: Manager: list: Listing contexts for virtual host 'localhost'
èþë 29, 2012 3:26:00 PM org.apache.catalina.core.ApplicationContext log
INFO: Manager: list: Listing contexts for virtual host 'localhost'
èþë 29, 2012 3:26:01 PM org.apache.catalina.core.ApplicationContext log
INFO: Manager: restart: Reloading web application at '/Hotel'
èþë 29, 2012 3:26:24 PM org.apache.catalina.core.ApplicationContext log
INFO: Manager: list: Listing contexts for virtual host 'localhost'
èþë 29, 2012 3:26:24 PM org.apache.catalina.core.ApplicationContext log
INFO: Manager: list: Listing contexts for virtual host 'localhost'
èþë 29, 2012 3:26:24 PM org.apache.catalina.core.ApplicationContext log
INFO: Manager: restart: Reloading web application at '/Hotel'
èþë 29, 2012 3:27:01 PM org.apache.catalina.core.ApplicationContext log
INFO: Manager: list: Listing contexts for virtual host 'localhost'
èþë 29, 2012 3:27:01 PM org.apache.catalina.core.ApplicationContext log
INFO: Manager: list: Listing contexts for virtual host 'localhost'
èþë 29, 2012 3:27:01 PM org.apache.catalina.core.ApplicationContext log
INFO: Manager: restart: Reloading web application at '/Hotel'
èþë 29, 2012 3:27:36 PM org.apache.catalina.core.ApplicationContext log
INFO: Manager: list: Listing contexts for virtual host 'localhost'
èþë 29, 2012 3:34:09 PM org.apache.catalina.core.ApplicationContext log
INFO: Manager: list: Listing contexts for virtual host 'localhost'
èþë 29, 2012 3:37:01 PM org.apache.catalina.core.ApplicationContext log
INFO: Manager: list: Listing contexts for virtual host 'localhost'
èþë 29, 2012 3:37:01 PM org.apache.catalina.core.ApplicationContext log
INFO: Manager: restart: Reloading web application at '/Hotel'
èþë 29, 2012 3:37:46 PM org.apache.catalina.core.ApplicationContext log
INFO: Manager: list: Listing contexts for virtual host 'localhost'
èþë 29, 2012 3:37:46 PM org.apache.catalina.core.ApplicationContext log
INFO: Manager: restart: Reloading web application at '/Hotel'
èþë 29, 2012 3:37:54 PM org.apache.catalina.core.ApplicationContext log
INFO: Manager: list: Listing contexts for virtual host 'localhost'
èþë 29, 2012 3:37:54 PM org.apache.catalina.core.ApplicationContext log
INFO: Manager: restart: Reloading web application at '/Hotel'
èþë 29, 2012 3:41:08 PM org.apache.catalina.core.ApplicationContext log
INFO: Manager: list: Listing contexts for virtual host 'localhost'
èþë 29, 2012 3:41:08 PM org.apache.catalina.core.ApplicationContext log
INFO: Manager: list: Listing contexts for virtual host 'localhost'
èþë 29, 2012 3:41:08 PM org.apache.catalina.core.ApplicationContext log
INFO: Manager: restart: Reloading web application at '/Hotel'
èþë 29, 2012 3:41:37 PM org.apache.catalina.core.ApplicationContext log
INFO: Manager: list: Listing contexts for virtual host 'localhost'
èþë 29, 2012 3:41:37 PM org.apache.catalina.core.ApplicationContext log
INFO: Manager: restart: Reloading web application at '/Hotel'
èþë 29, 2012 3:41:37 PM org.apache.catalina.core.ApplicationContext log
INFO: Manager: list: Listing contexts for virtual host 'localhost'
èþë 29, 2012 3:41:37 PM org.apache.catalina.core.ApplicationContext log
INFO: Manager: list: Listing contexts for virtual host 'localhost'
èþë 29, 2012 3:41:37 PM org.apache.catalina.core.ApplicationContext log
INFO: Manager: restart: Reloading web application at '/Hotel'
èþë 29, 2012 3:42:51 PM org.apache.catalina.core.ApplicationContext log
INFO: Manager: list: Listing contexts for virtual host 'localhost'
èþë 29, 2012 3:42:51 PM org.apache.catalina.core.ApplicationContext log
INFO: Manager: list: Listing contexts for virtual host 'localhost'
èþë 29, 2012 3:46:39 PM org.apache.catalina.core.ApplicationContext log
INFO: Manager: init: Associated with Deployer 'Catalina:type=Deployer,host=localhost'
èþë 29, 2012 3:46:39 PM org.apache.catalina.core.ApplicationContext log
INFO: Manager: init: Global resources are available
èþë 29, 2012 3:46:39 PM org.apache.catalina.core.ApplicationContext log
INFO: Manager: list: Listing contexts for virtual host 'localhost'
èþë 29, 2012 3:46:39 PM org.apache.catalina.core.ApplicationContext log
INFO: Manager: list: Listing contexts for virtual host 'localhost'
èþë 29, 2012 3:49:03 PM org.apache.catalina.core.ApplicationContext log
INFO: Manager: list: Listing contexts for virtual host 'localhost'
èþë 29, 2012 3:49:03 PM org.apache.catalina.core.ApplicationContext log
INFO: Manager: restart: Reloading web application at '/Hotel'
èþë 29, 2012 3:49:04 PM org.apache.catalina.core.ApplicationContext log
INFO: Manager: list: Listing contexts for virtual host 'localhost'
èþë 29, 2012 3:49:04 PM org.apache.catalina.core.ApplicationContext log
INFO: Manager: restart: Reloading web application at '/Hotel'
èþë 29, 2012 5:09:38 PM org.apache.catalina.core.ApplicationContext log
INFO: Manager: list: Listing contexts for virtual host 'localhost'
èþë 29, 2012 5:09:38 PM org.apache.catalina.core.ApplicationContext log
INFO: Manager: list: Listing contexts for virtual host 'localhost'
èþë 29, 2012 5:09:38 PM org.apache.catalina.core.ApplicationContext log
INFO: Manager: restart: Reloading web application at '/Hotel'
èþë 29, 2012 5:11:30 PM org.apache.catalina.core.ApplicationContext log
INFO: Manager: list: Listing contexts for virtual host 'localhost'
èþë 29, 2012 5:11:30 PM org.apache.catalina.core.ApplicationContext log
INFO: Manager: list: Listing contexts for virtual host 'localhost'
èþë 29, 2012 5:12:43 PM org.apache.catalina.core.ApplicationContext log
INFO: Manager: list: Listing contexts for virtual host 'localhost'
èþë 29, 2012 5:12:43 PM org.apache.catalina.core.ApplicationContext log
INFO: Manager: list: Listing contexts for virtual host 'localhost'
èþë 29, 2012 5:13:14 PM org.apache.catalina.core.ApplicationContext log
INFO: Manager: list: Listing contexts for virtual host 'localhost'
èþë 29, 2012 5:13:14 PM org.apache.catalina.core.ApplicationContext log
INFO: Manager: list: Listing contexts for virtual host 'localhost'
èþë 29, 2012 5:13:42 PM org.apache.catalina.core.ApplicationContext log
INFO: Manager: list: Listing contexts for virtual host 'localhost'
èþë 29, 2012 5:13:42 PM org.apache.catalina.core.ApplicationContext log
INFO: Manager: list: Listing contexts for virtual host 'localhost'
èþë 29, 2012 5:15:01 PM org.apache.catalina.core.ApplicationContext log
INFO: Manager: list: Listing contexts for virtual host 'localhost'
èþë 29, 2012 5:15:01 PM org.apache.catalina.core.ApplicationContext log
INFO: Manager: list: Listing contexts for virtual host 'localhost'
èþë 29, 2012 5:22:36 PM org.apache.catalina.core.ApplicationContext log
INFO: Manager: list: Listing contexts for virtual host 'localhost'
èþë 29, 2012 5:22:36 PM org.apache.catalina.core.ApplicationContext log
INFO: Manager: restart: Reloading web application at '/Hotel'
èþë 29, 2012 5:33:53 PM org.apache.catalina.core.ApplicationContext log
INFO: Manager: list: Listing contexts for virtual host 'localhost'
èþë 29, 2012 5:33:53 PM org.apache.catalina.core.ApplicationContext log
INFO: Manager: restart: Reloading web application at '/Hotel'
èþë 29, 2012 5:58:02 PM org.apache.catalina.core.ApplicationContext log
INFO: Manager: list: Listing contexts for virtual host 'localhost'
èþë 29, 2012 5:58:02 PM org.apache.catalina.core.ApplicationContext log
INFO: Manager: restart: Reloading web application at '/Hotel'
èþë 29, 2012 5:58:03 PM org.apache.catalina.core.ApplicationContext log
INFO: Manager: list: Listing contexts for virtual host 'localhost'
èþë 29, 2012 5:58:03 PM org.apache.catalina.core.ApplicationContext log
INFO: Manager: restart: Reloading web application at '/Hotel'
èþë 29, 2012 6:04:02 PM org.apache.catalina.core.ApplicationContext log
INFO: Manager: list: Listing contexts for virtual host 'localhost'
èþë 29, 2012 6:04:02 PM org.apache.catalina.core.ApplicationContext log
INFO: Manager: restart: Reloading web application at '/Hotel'
èþë 29, 2012 6:10:15 PM org.apache.catalina.core.ApplicationContext log
INFO: Manager: list: Listing contexts for virtual host 'localhost'
èþë 29, 2012 6:10:15 PM org.apache.catalina.core.ApplicationContext log
INFO: Manager: restart: Reloading web application at '/Hotel'
èþë 29, 2012 6:13:46 PM org.apache.catalina.core.ApplicationContext log
INFO: Manager: list: Listing contexts for virtual host 'localhost'
èþë 29, 2012 6:13:46 PM org.apache.catalina.core.ApplicationContext log
INFO: Manager: restart: Reloading web application at '/Hotel'
èþë 29, 2012 6:14:24 PM org.apache.catalina.core.ApplicationContext log
INFO: Manager: list: Listing contexts for virtual host 'localhost'
èþë 29, 2012 6:14:24 PM org.apache.catalina.core.ApplicationContext log
INFO: Manager: list: Listing contexts for virtual host 'localhost'
èþë 29, 2012 6:14:24 PM org.apache.catalina.core.ApplicationContext log
INFO: Manager: restart: Reloading web application at '/Hotel'
èþë 29, 2012 6:17:22 PM org.apache.catalina.core.ApplicationContext log
INFO: Manager: list: Listing contexts for virtual host 'localhost'
èþë 29, 2012 6:17:22 PM org.apache.catalina.core.ApplicationContext log
INFO: Manager: list: Listing contexts for virtual host 'localhost'
èþë 29, 2012 6:20:28 PM org.apache.catalina.core.ApplicationContext log
INFO: Manager: init: Associated with Deployer 'Catalina:type=Deployer,host=localhost'
èþë 29, 2012 6:20:28 PM org.apache.catalina.core.ApplicationContext log
INFO: Manager: init: Global resources are available
èþë 29, 2012 6:20:28 PM org.apache.catalina.core.ApplicationContext log
INFO: Manager: list: Listing contexts for virtual host 'localhost'
èþë 29, 2012 6:20:28 PM org.apache.catalina.core.ApplicationContext log
INFO: Manager: list: Listing contexts for virtual host 'localhost'
èþë 29, 2012 6:20:28 PM org.apache.catalina.core.ApplicationContext log
INFO: Manager: undeploy: Undeploying web application at '/Hotel'
èþë 29, 2012 6:20:29 PM org.apache.catalina.core.ApplicationContext log
INFO: Manager: install: Installing context configuration at 'file:/C:/Users/D395~1/AppData/Local/Temp/context4076650444115003848.xml'
èþë 29, 2012 6:20:29 PM org.apache.catalina.core.ApplicationContext log
INFO: Manager: start: Starting web application at '/Hotel'
èþë 29, 2012 6:20:30 PM org.apache.catalina.core.ApplicationContext log
INFO: Manager: list: Listing contexts for virtual host 'localhost'
èþë 29, 2012 6:20:30 PM org.apache.catalina.core.ApplicationContext log
INFO: Manager: list: Listing contexts for virtual host 'localhost'
èþë 29, 2012 6:20:34 PM org.apache.catalina.core.ApplicationContext log
INFO: Manager: list: Listing contexts for virtual host 'localhost'
èþë 29, 2012 6:20:34 PM org.apache.catalina.core.ApplicationContext log
INFO: Manager: list: Listing contexts for virtual host 'localhost'
èþë 29, 2012 6:27:07 PM org.apache.catalina.core.ApplicationContext log
INFO: Manager: init: Associated with Deployer 'Catalina:type=Deployer,host=localhost'
èþë 29, 2012 6:27:07 PM org.apache.catalina.core.ApplicationContext log
INFO: Manager: init: Global resources are available
èþë 29, 2012 6:27:07 PM org.apache.catalina.core.ApplicationContext log
INFO: Manager: list: Listing contexts for virtual host 'localhost'
èþë 29, 2012 6:27:07 PM org.apache.catalina.core.ApplicationContext log
INFO: Manager: list: Listing contexts for virtual host 'localhost'
èþë 29, 2012 6:31:11 PM org.apache.catalina.core.ApplicationContext log
INFO: Manager: list: Listing contexts for virtual host 'localhost'
èþë 29, 2012 6:31:11 PM org.apache.catalina.core.ApplicationContext log
INFO: Manager: list: Listing contexts for virtual host 'localhost'
èþë 29, 2012 6:31:11 PM org.apache.catalina.core.ApplicationContext log
INFO: Manager: restart: Reloading web application at '/Hotel'
èþë 29, 2012 6:32:54 PM org.apache.catalina.core.ApplicationContext log
INFO: Manager: list: Listing contexts for virtual host 'localhost'
èþë 29, 2012 6:32:54 PM org.apache.catalina.core.ApplicationContext log
INFO: Manager: restart: Reloading web application at '/Hotel'
èþë 29, 2012 6:32:57 PM org.apache.catalina.core.ApplicationContext log
INFO: Manager: list: Listing contexts for virtual host 'localhost'
èþë 29, 2012 6:32:57 PM org.apache.catalina.core.ApplicationContext log
INFO: Manager: list: Listing contexts for virtual host 'localhost'
èþë 29, 2012 6:32:57 PM org.apache.catalina.core.ApplicationContext log
INFO: Manager: restart: Reloading web application at '/Hotel'
èþë 29, 2012 6:34:26 PM org.apache.catalina.core.ApplicationContext log
INFO: Manager: list: Listing contexts for virtual host 'localhost'
èþë 29, 2012 6:34:26 PM org.apache.catalina.core.ApplicationContext log
INFO: Manager: list: Listing contexts for virtual host 'localhost'
èþë 29, 2012 6:34:26 PM org.apache.catalina.core.ApplicationContext log
INFO: Manager: restart: Reloading web application at '/Hotel'
èþë 29, 2012 6:40:11 PM org.apache.catalina.core.ApplicationContext log
INFO: Manager: list: Listing contexts for virtual host 'localhost'
èþë 29, 2012 6:41:57 PM org.apache.catalina.core.ApplicationContext log
INFO: Manager: list: Listing contexts for virtual host 'localhost'
èþë 29, 2012 6:41:59 PM org.apache.catalina.core.ApplicationContext log
INFO: Manager: list: Listing contexts for virtual host 'localhost'
èþë 29, 2012 6:41:59 PM org.apache.catalina.core.ApplicationContext log
INFO: Manager: list: Listing contexts for virtual host 'localhost'
èþë 29, 2012 6:41:59 PM org.apache.catalina.core.ApplicationContext log
INFO: Manager: list: Listing contexts for virtual host 'localhost'
èþë 29, 2012 6:41:59 PM org.apache.catalina.core.ApplicationContext log
INFO: Manager: list: Listing contexts for virtual host 'localhost'
èþë 29, 2012 6:42:35 PM org.apache.catalina.core.ApplicationContext log
INFO: Manager: list: Listing contexts for virtual host 'localhost'
èþë 29, 2012 6:47:22 PM org.apache.catalina.core.ApplicationContext log
INFO: Manager: list: Listing contexts for virtual host 'localhost'
èþë 29, 2012 6:49:28 PM org.apache.catalina.core.ApplicationContext log
INFO: Manager: list: Listing contexts for virtual host 'localhost'
èþë 29, 2012 6:49:46 PM org.apache.catalina.core.ApplicationContext log
INFO: Manager: list: Listing contexts for virtual host 'localhost'
èþë 29, 2012 6:50:06 PM org.apache.catalina.core.ApplicationContext log
INFO: Manager: list: Listing contexts for virtual host 'localhost'
èþë 29, 2012 6:51:24 PM org.apache.catalina.core.ApplicationContext log
INFO: Manager: list: Listing contexts for virtual host 'localhost'
èþë 29, 2012 6:51:32 PM org.apache.catalina.core.ApplicationContext log
INFO: Manager: list: Listing contexts for virtual host 'localhost'
èþë 29, 2012 6:51:57 PM org.apache.catalina.core.ApplicationContext log
INFO: Manager: list: Listing contexts for virtual host 'localhost'
èþë 29, 2012 6:51:57 PM org.apache.catalina.core.ApplicationContext log
INFO: Manager: list: Listing contexts for virtual host 'localhost'
èþë 29, 2012 6:53:56 PM org.apache.catalina.core.ApplicationContext log
INFO: Manager: list: Listing contexts for virtual host 'localhost'
èþë 29, 2012 6:54:11 PM org.apache.catalina.core.ApplicationContext log
INFO: Manager: list: Listing contexts for virtual host 'localhost'
èþë 29, 2012 6:54:11 PM org.apache.catalina.core.ApplicationContext log
INFO: Manager: list: Listing contexts for virtual host 'localhost'
èþë 29, 2012 6:54:38 PM org.apache.catalina.core.ApplicationContext log
INFO: Manager: list: Listing contexts for virtual host 'localhost'
èþë 29, 2012 6:54:52 PM org.apache.catalina.core.ApplicationContext log
INFO: Manager: list: Listing contexts for virtual host 'localhost'
èþë 29, 2012 6:56:11 PM org.apache.catalina.core.ApplicationContext log
INFO: Manager: list: Listing contexts for virtual host 'localhost'
èþë 29, 2012 6:56:28 PM org.apache.catalina.core.ApplicationContext log
INFO: Manager: list: Listing contexts for virtual host 'localhost'
èþë 29, 2012 6:56:36 PM org.apache.catalina.core.ApplicationContext log
INFO: Manager: list: Listing contexts for virtual host 'localhost'
èþë 29, 2012 6:56:36 PM org.apache.catalina.core.ApplicationContext log
INFO: Manager: list: Listing contexts for virtual host 'localhost'
èþë 29, 2012 8:06:59 PM org.apache.catalina.core.ApplicationContext log
INFO: Manager: list: Listing contexts for virtual host 'localhost'
èþë 29, 2012 8:07:01 PM org.apache.catalina.core.ApplicationContext log
INFO: Manager: list: Listing contexts for virtual host 'localhost'
èþë 29, 2012 8:07:01 PM org.apache.catalina.core.ApplicationContext log
INFO: Manager: list: Listing contexts for virtual host 'localhost'
èþë 29, 2012 8:32:55 PM org.apache.catalina.core.ApplicationContext log
INFO: Manager: list: Listing contexts for virtual host 'localhost'
èþë 29, 2012 8:34:26 PM org.apache.catalina.core.ApplicationContext log
INFO: Manager: list: Listing contexts for virtual host 'localhost'
èþë 29, 2012 8:35:31 PM org.apache.catalina.core.ApplicationContext log
INFO: Manager: list: Listing contexts for virtual host 'localhost'
èþë 29, 2012 8:38:03 PM org.apache.catalina.core.ApplicationContext log
INFO: Manager: list: Listing contexts for virtual host 'localhost'
èþë 29, 2012 8:39:25 PM org.apache.catalina.core.ApplicationContext log
INFO: Manager: list: Listing contexts for virtual host 'localhost'
èþë 29, 2012 8:39:52 PM org.apache.catalina.core.ApplicationContext log
INFO: Manager: list: Listing contexts for virtual host 'localhost'
èþë 29, 2012 8:41:21 PM org.apache.catalina.core.ApplicationContext log
INFO: Manager: list: Listing contexts for virtual host 'localhost'
èþë 29, 2012 8:41:50 PM org.apache.catalina.core.ApplicationContext log
INFO: Manager: list: Listing contexts for virtual host 'localhost'
èþë 29, 2012 8:42:02 PM org.apache.catalina.core.ApplicationContext log
INFO: Manager: list: Listing contexts for virtual host 'localhost'
èþë 29, 2012 8:43:13 PM org.apache.catalina.core.ApplicationContext log
INFO: Manager: list: Listing contexts for virtual host 'localhost'
èþë 29, 2012 8:45:03 PM org.apache.catalina.core.ApplicationContext log
INFO: Manager: list: Listing contexts for virtual host 'localhost'
èþë 29, 2012 8:45:59 PM org.apache.catalina.core.ApplicationContext log
INFO: Manager: list: Listing contexts for virtual host 'localhost'
èþë 29, 2012 8:46:01 PM org.apache.catalina.core.ApplicationContext log
INFO: Manager: list: Listing contexts for virtual host 'localhost'
èþë 29, 2012 8:46:01 PM org.apache.catalina.core.ApplicationContext log
INFO: Manager: list: Listing contexts for virtual host 'localhost'
èþë 29, 2012 8:46:16 PM org.apache.catalina.core.ApplicationContext log
INFO: Manager: list: Listing contexts for virtual host 'localhost'
èþë 29, 2012 8:46:31 PM org.apache.catalina.core.ApplicationContext log
INFO: Manager: list: Listing contexts for virtual host 'localhost'
èþë 29, 2012 8:46:31 PM org.apache.catalina.core.ApplicationContext log
INFO: Manager: list: Listing contexts for virtual host 'localhost'
èþë 29, 2012 8:47:53 PM org.apache.catalina.core.ApplicationContext log
INFO: Manager: list: Listing contexts for virtual host 'localhost'
èþë 29, 2012 8:47:53 PM org.apache.catalina.core.ApplicationContext log
INFO: Manager: list: Listing contexts for virtual host 'localhost'
èþë 29, 2012 9:09:24 PM org.apache.catalina.core.ApplicationContext log
INFO: Manager: list: Listing contexts for virtual host 'localhost'
èþë 29, 2012 9:10:59 PM org.apache.catalina.core.ApplicationContext log
INFO: Manager: list: Listing contexts for virtual host 'localhost'
èþë 29, 2012 9:11:05 PM org.apache.catalina.core.ApplicationContext log
INFO: Manager: list: Listing contexts for virtual host 'localhost'
èþë 29, 2012 9:11:05 PM org.apache.catalina.core.ApplicationContext log
INFO: Manager: list: Listing contexts for virtual host 'localhost'
èþë 29, 2012 9:14:17 PM org.apache.catalina.core.ApplicationContext log
INFO: Manager: list: Listing contexts for virtual host 'localhost'
èþë 29, 2012 9:14:21 PM org.apache.catalina.core.ApplicationContext log
INFO: Manager: list: Listing contexts for virtual host 'localhost'
èþë 29, 2012 9:14:21 PM org.apache.catalina.core.ApplicationContext log
INFO: Manager: list: Listing contexts for virtual host 'localhost'
èþë 29, 2012 9:15:03 PM org.apache.catalina.core.ApplicationContext log
INFO: Manager: list: Listing contexts for virtual host 'localhost'
èþë 29, 2012 9:15:06 PM org.apache.catalina.core.ApplicationContext log
INFO: Manager: list: Listing contexts for virtual host 'localhost'
èþë 29, 2012 9:15:06 PM org.apache.catalina.core.ApplicationContext log
INFO: Manager: list: Listing contexts for virtual host 'localhost'
èþë 29, 2012 9:15:20 PM org.apache.catalina.core.ApplicationContext log
INFO: Manager: list: Listing contexts for virtual host 'localhost'
èþë 29, 2012 9:15:20 PM org.apache.catalina.core.ApplicationContext log
INFO: Manager: list: Listing contexts for virtual host 'localhost'
èþë 29, 2012 9:17:37 PM org.apache.catalina.core.ApplicationContext log
INFO: Manager: list: Listing contexts for virtual host 'localhost'
èþë 29, 2012 9:20:05 PM org.apache.catalina.core.ApplicationContext log
INFO: Manager: list: Listing contexts for virtual host 'localhost'
èþë 29, 2012 9:20:05 PM org.apache.catalina.core.ApplicationContext log
INFO: Manager: list: Listing contexts for virtual host 'localhost'
èþë 29, 2012 9:26:06 PM org.apache.catalina.core.ApplicationContext log
INFO: Manager: list: Listing contexts for virtual host 'localhost'
èþë 29, 2012 9:26:06 PM org.apache.catalina.core.ApplicationContext log
INFO: Manager: list: Listing contexts for virtual host 'localhost'
èþë 29, 2012 9:28:36 PM org.apache.catalina.core.ApplicationContext log
INFO: Manager: list: Listing contexts for virtual host 'localhost'
èþë 29, 2012 9:29:47 PM org.apache.catalina.core.ApplicationContext log
INFO: Manager: list: Listing contexts for virtual host 'localhost'
èþë 29, 2012 9:29:47 PM org.apache.catalina.core.ApplicationContext log
INFO: Manager: list: Listing contexts for virtual host 'localhost'
èþë 29, 2012 9:31:50 PM org.apache.catalina.core.ApplicationContext log
INFO: Manager: list: Listing contexts for virtual host 'localhost'
èþë 29, 2012 9:31:54 PM org.apache.catalina.core.ApplicationContext log
INFO: Manager: list: Listing contexts for virtual host 'localhost'
èþë 29, 2012 9:31:54 PM org.apache.catalina.core.ApplicationContext log
INFO: Manager: list: Listing contexts for virtual host 'localhost'
èþë 29, 2012 9:32:10 PM org.apache.catalina.core.ApplicationContext log
INFO: Manager: list: Listing contexts for virtual host 'localhost'
èþë 29, 2012 9:32:13 PM org.apache.catalina.core.ApplicationContext log
INFO: Manager: list: Listing contexts for virtual host 'localhost'
èþë 29, 2012 9:32:13 PM org.apache.catalina.core.ApplicationContext log
INFO: Manager: list: Listing contexts for virtual host 'localhost'
èþë 29, 2012 9:32:57 PM org.apache.catalina.core.ApplicationContext log
INFO: Manager: list: Listing contexts for virtual host 'localhost'
èþë 29, 2012 9:33:16 PM org.apache.catalina.core.ApplicationContext log
INFO: Manager: list: Listing contexts for virtual host 'localhost'
èþë 29, 2012 9:33:16 PM org.apache.catalina.core.ApplicationContext log
INFO: Manager: list: Listing contexts for virtual host 'localhost'
èþë 29, 2012 9:37:39 PM org.apache.catalina.core.ApplicationContext log
INFO: Manager: list: Listing contexts for virtual host 'localhost'
èþë 29, 2012 9:37:50 PM org.apache.catalina.core.ApplicationContext log
INFO: Manager: list: Listing contexts for virtual host 'localhost'
èþë 29, 2012 9:37:50 PM org.apache.catalina.core.ApplicationContext log
INFO: Manager: list: Listing contexts for virtual host 'localhost'
èþë 29, 2012 9:40:11 PM org.apache.catalina.core.ApplicationContext log
INFO: Manager: list: Listing contexts for virtual host 'localhost'
èþë 29, 2012 9:40:14 PM org.apache.catalina.core.ApplicationContext log
INFO: Manager: list: Listing contexts for virtual host 'localhost'
èþë 29, 2012 9:40:14 PM org.apache.catalina.core.ApplicationContext log
INFO: Manager: list: Listing contexts for virtual host 'localhost'
èþë 29, 2012 9:45:13 PM org.apache.catalina.core.ApplicationContext log
INFO: Manager: list: Listing contexts for virtual host 'localhost'
èþë 29, 2012 9:47:54 PM org.apache.catalina.core.ApplicationContext log
INFO: Manager: list: Listing contexts for virtual host 'localhost'
èþë 29, 2012 9:48:10 PM org.apache.catalina.core.ApplicationContext log
INFO: Manager: list: Listing contexts for virtual host 'localhost'
èþë 29, 2012 9:48:42 PM org.apache.catalina.core.ApplicationContext log
INFO: Manager: list: Listing contexts for virtual host 'localhost'
èþë 29, 2012 9:48:42 PM org.apache.catalina.core.ApplicationContext log
INFO: Manager: list: Listing contexts for virtual host 'localhost'
èþë 29, 2012 9:50:39 PM org.apache.catalina.core.ApplicationContext log
INFO: Manager: list: Listing contexts for virtual host 'localhost'
èþë 29, 2012 9:50:51 PM org.apache.catalina.core.ApplicationContext log
INFO: Manager: list: Listing contexts for virtual host 'localhost'
èþë 29, 2012 9:50:51 PM org.apache.catalina.core.ApplicationContext log
INFO: Manager: list: Listing contexts for virtual host 'localhost'
èþë 29, 2012 9:51:40 PM org.apache.catalina.core.ApplicationContext log
INFO: Manager: list: Listing contexts for virtual host 'localhost'
èþë 29, 2012 9:51:52 PM org.apache.catalina.core.ApplicationContext log
INFO: Manager: list: Listing contexts for virtual host 'localhost'
èþë 29, 2012 9:52:53 PM org.apache.catalina.core.ApplicationContext log
INFO: Manager: list: Listing contexts for virtual host 'localhost'
èþë 29, 2012 9:52:57 PM org.apache.catalina.core.ApplicationContext log
INFO: Manager: list: Listing contexts for virtual host 'localhost'
èþë 29, 2012 9:52:58 PM org.apache.catalina.core.ApplicationContext log
INFO: Manager: list: Listing contexts for virtual host 'localhost'
èþë 29, 2012 9:52:58 PM org.apache.catalina.core.ApplicationContext log
INFO: Manager: list: Listing contexts for virtual host 'localhost'
èþë 29, 2012 9:54:02 PM org.apache.catalina.core.ApplicationContext log
INFO: Manager: list: Listing contexts for virtual host 'localhost'
èþë 29, 2012 9:55:02 PM org.apache.catalina.core.ApplicationContext log
INFO: Manager: list: Listing contexts for virtual host 'localhost'
èþë 29, 2012 9:55:18 PM org.apache.catalina.core.ApplicationContext log
INFO: Manager: list: Listing contexts for virtual host 'localhost'
èþë 29, 2012 9:55:18 PM org.apache.catalina.core.ApplicationContext log
INFO: Manager: list: Listing contexts for virtual host 'localhost'
èþë 29, 2012 9:56:17 PM org.apache.catalina.core.ApplicationContext log
INFO: Manager: list: Listing contexts for virtual host 'localhost'
èþë 29, 2012 9:56:38 PM org.apache.catalina.core.ApplicationContext log
INFO: Manager: list: Listing contexts for virtual host 'localhost'
èþë 29, 2012 9:57:36 PM org.apache.catalina.core.ApplicationContext log
INFO: Manager: list: Listing contexts for virtual host 'localhost'
èþë 29, 2012 9:58:02 PM org.apache.catalina.core.ApplicationContext log
INFO: Manager: list: Listing contexts for virtual host 'localhost'
èþë 29, 2012 10:00:21 PM org.apache.catalina.core.ApplicationContext log
INFO: Manager: list: Listing contexts for virtual host 'localhost'
èþë 29, 2012 10:00:59 PM org.apache.catalina.core.ApplicationContext log
INFO: Manager: list: Listing contexts for virtual host 'localhost'
èþë 29, 2012 10:00:59 PM org.apache.catalina.core.ApplicationContext log
INFO: Manager: list: Listing contexts for virtual host 'localhost'
èþë 29, 2012 10:01:31 PM org.apache.catalina.core.ApplicationContext log
INFO: Manager: list: Listing contexts for virtual host 'localhost'
èþë 29, 2012 10:01:34 PM org.apache.catalina.core.ApplicationContext log
INFO: Manager: list: Listing contexts for virtual host 'localhost'
èþë 29, 2012 10:01:34 PM org.apache.catalina.core.ApplicationContext log
INFO: Manager: list: Listing contexts for virtual host 'localhost'
èþë 29, 2012 10:02:43 PM org.apache.catalina.core.ApplicationContext log
INFO: Manager: list: Listing contexts for virtual host 'localhost'
èþë 29, 2012 10:07:39 PM org.apache.catalina.core.ApplicationContext log
INFO: Manager: list: Listing contexts for virtual host 'localhost'
èþë 29, 2012 10:07:41 PM org.apache.catalina.core.ApplicationContext log
INFO: Manager: list: Listing contexts for virtual host 'localhost'
èþë 29, 2012 10:07:41 PM org.apache.catalina.core.ApplicationContext log
INFO: Manager: list: Listing contexts for virtual host 'localhost'
èþë 29, 2012 10:08:08 PM org.apache.catalina.core.ApplicationContext log
INFO: Manager: list: Listing contexts for virtual host 'localhost'
èþë 29, 2012 10:08:19 PM org.apache.catalina.core.ApplicationContext log
INFO: Manager: list: Listing contexts for virtual host 'localhost'
èþë 29, 2012 10:08:19 PM org.apache.catalina.core.ApplicationContext log
INFO: Manager: list: Listing contexts for virtual host 'localhost'
èþë 29, 2012 10:42:36 PM org.apache.catalina.core.ApplicationContext log
INFO: Manager: init: Associated with Deployer 'Catalina:type=Deployer,host=localhost'
èþë 29, 2012 10:42:36 PM org.apache.catalina.core.ApplicationContext log
INFO: Manager: init: Global resources are available
èþë 29, 2012 10:42:36 PM org.apache.catalina.core.ApplicationContext log
INFO: Manager: list: Listing contexts for virtual host 'localhost'
èþë 29, 2012 10:42:36 PM org.apache.catalina.core.ApplicationContext log
INFO: Manager: list: Listing contexts for virtual host 'localhost'
èþë 29, 2012 10:46:45 PM org.apache.catalina.core.ApplicationContext log
INFO: Manager: list: Listing contexts for virtual host 'localhost'
èþë 29, 2012 10:47:50 PM org.apache.catalina.core.ApplicationContext log
INFO: Manager: list: Listing contexts for virtual host 'localhost'
èþë 29, 2012 10:48:05 PM org.apache.catalina.core.ApplicationContext log
INFO: Manager: list: Listing contexts for virtual host 'localhost'
èþë 29, 2012 10:48:29 PM org.apache.catalina.core.ApplicationContext log
INFO: Manager: list: Listing contexts for virtual host 'localhost'
èþë 29, 2012 10:48:40 PM org.apache.catalina.core.ApplicationContext log
INFO: Manager: list: Listing contexts for virtual host 'localhost'
èþë 29, 2012 10:49:46 PM org.apache.catalina.core.ApplicationContext log
INFO: Manager: list: Listing contexts for virtual host 'localhost'
èþë 29, 2012 10:49:46 PM org.apache.catalina.core.ApplicationContext log
INFO: Manager: stop: Stopping web application at '/Hotel'
èþë 29, 2012 10:49:46 PM org.apache.catalina.core.ApplicationContext log
INFO: Manager: start: Starting web application at '/Hotel'
èþë 29, 2012 10:49:47 PM org.apache.catalina.core.ApplicationContext log
INFO: Manager: list: Listing contexts for virtual host 'localhost'
èþë 29, 2012 10:49:47 PM org.apache.catalina.core.ApplicationContext log
INFO: Manager: restart: Reloading web application at '/Hotel'
èþë 29, 2012 10:49:49 PM org.apache.catalina.core.ApplicationContext log
INFO: Manager: list: Listing contexts for virtual host 'localhost'
èþë 29, 2012 10:49:49 PM org.apache.catalina.core.ApplicationContext log
INFO: Manager: restart: Reloading web application at '/Hotel'
èþë 29, 2012 10:50:27 PM org.apache.catalina.core.ApplicationContext log
INFO: Manager: list: Listing contexts for virtual host 'localhost'
èþë 29, 2012 10:50:27 PM org.apache.catalina.core.ApplicationContext log
INFO: Manager: restart: Reloading web application at '/Hotel'
èþë 29, 2012 10:50:42 PM org.apache.catalina.core.ApplicationContext log
INFO: Manager: list: Listing contexts for virtual host 'localhost'
èþë 29, 2012 10:50:42 PM org.apache.catalina.core.ApplicationContext log
INFO: Manager: list: Listing contexts for virtual host 'localhost'
èþë 29, 2012 10:50:42 PM org.apache.catalina.core.ApplicationContext log
INFO: Manager: stop: Stopping web application at '/Hotel'
èþë 29, 2012 10:50:42 PM org.apache.catalina.core.ApplicationContext log
INFO: Manager: start: Starting web application at '/Hotel'
èþë 29, 2012 10:53:04 PM org.apache.catalina.core.ApplicationContext log
INFO: Manager: list: Listing contexts for virtual host 'localhost'
èþë 29, 2012 10:53:04 PM org.apache.catalina.core.ApplicationContext log
INFO: Manager: restart: Reloading web application at '/Hotel'
èþë 29, 2012 10:53:06 PM org.apache.catalina.core.ApplicationContext log
INFO: Manager: list: Listing contexts for virtual host 'localhost'
èþë 29, 2012 10:53:06 PM org.apache.catalina.core.ApplicationContext log
INFO: Manager: list: Listing contexts for virtual host 'localhost'
èþë 29, 2012 10:53:06 PM org.apache.catalina.core.ApplicationContext log
INFO: Manager: restart: Reloading web application at '/Hotel'
èþë 29, 2012 10:53:55 PM org.apache.catalina.core.ApplicationContext log
INFO: Manager: list: Listing contexts for virtual host 'localhost'
èþë 29, 2012 10:53:55 PM org.apache.catalina.core.ApplicationContext log
INFO: Manager: restart: Reloading web application at '/Hotel'
èþë 29, 2012 10:53:56 PM org.apache.catalina.core.ApplicationContext log
INFO: Manager: list: Listing contexts for virtual host 'localhost'
èþë 29, 2012 10:53:56 PM org.apache.catalina.core.ApplicationContext log
INFO: Manager: list: Listing contexts for virtual host 'localhost'
èþë 29, 2012 10:53:56 PM org.apache.catalina.core.ApplicationContext log
INFO: Manager: restart: Reloading web application at '/Hotel'
èþë 29, 2012 10:55:36 PM org.apache.catalina.core.ApplicationContext log
INFO: Manager: list: Listing contexts for virtual host 'localhost'
èþë 29, 2012 10:55:36 PM org.apache.catalina.core.ApplicationContext log
INFO: Manager: list: Listing contexts for virtual host 'localhost'
èþë 29, 2012 10:55:36 PM org.apache.catalina.core.ApplicationContext log
INFO: Manager: restart: Reloading web application at '/Hotel'
èþë 29, 2012 11:00:14 PM org.apache.catalina.core.ApplicationContext log
INFO: Manager: list: Listing contexts for virtual host 'localhost'
èþë 29, 2012 11:00:14 PM org.apache.catalina.core.ApplicationContext log
INFO: Manager: stop: Stopping web application at '/Hotel'
èþë 29, 2012 11:00:14 PM org.apache.catalina.core.ApplicationContext log
INFO: Manager: start: Starting web application at '/Hotel'
èþë 29, 2012 11:00:16 PM org.apache.catalina.core.ApplicationContext log
INFO: Manager: list: Listing contexts for virtual host 'localhost'
èþë 29, 2012 11:00:16 PM org.apache.catalina.core.ApplicationContext log
INFO: Manager: list: Listing contexts for virtual host 'localhost'
èþë 29, 2012 11:00:16 PM org.apache.catalina.core.ApplicationContext log
INFO: Manager: stop: Stopping web application at '/Hotel'
èþë 29, 2012 11:00:16 PM org.apache.catalina.core.ApplicationContext log
INFO: Manager: start: Starting web application at '/Hotel'
èþë 29, 2012 11:02:20 PM org.apache.catalina.core.ApplicationContext log
INFO: Manager: list: Listing contexts for virtual host 'localhost'
èþë 29, 2012 11:03:49 PM org.apache.catalina.core.ApplicationContext log
INFO: Manager: init: Associated with Deployer 'Catalina:type=Deployer,host=localhost'
èþë 29, 2012 11:03:49 PM org.apache.catalina.core.ApplicationContext log
INFO: Manager: init: Global resources are available
èþë 29, 2012 11:03:49 PM org.apache.catalina.core.ApplicationContext log
INFO: Manager: list: Listing contexts for virtual host 'localhost'
èþë 29, 2012 11:03:49 PM org.apache.catalina.core.ApplicationContext log
INFO: Manager: list: Listing contexts for virtual host 'localhost'
èþë 29, 2012 11:13:38 PM org.apache.catalina.core.ApplicationContext log
INFO: Manager: init: Associated with Deployer 'Catalina:type=Deployer,host=localhost'
èþë 29, 2012 11:13:38 PM org.apache.catalina.core.ApplicationContext log
INFO: Manager: init: Global resources are available
èþë 29, 2012 11:13:38 PM org.apache.catalina.core.ApplicationContext log
INFO: Manager: list: Listing contexts for virtual host 'localhost'
èþë 29, 2012 11:13:38 PM org.apache.catalina.core.ApplicationContext log
INFO: Manager: list: Listing contexts for virtual host 'localhost'
èþë 29, 2012 11:13:38 PM org.apache.catalina.core.ApplicationContext log
INFO: Manager: restart: Reloading web application at '/Hotel'
èþë 29, 2012 11:15:33 PM org.apache.catalina.core.ApplicationContext log
INFO: Manager: list: Listing contexts for virtual host 'localhost'
èþë 29, 2012 11:15:49 PM org.apache.catalina.core.ApplicationContext log
INFO: Manager: list: Listing contexts for virtual host 'localhost'
èþë 29, 2012 11:15:49 PM org.apache.catalina.core.ApplicationContext log
INFO: Manager: list: Listing contexts for virtual host 'localhost'
èþë 29, 2012 11:16:47 PM org.apache.catalina.core.ApplicationContext log
INFO: Manager: list: Listing contexts for virtual host 'localhost'
èþë 29, 2012 11:19:00 PM org.apache.catalina.core.ApplicationContext log
INFO: Manager: list: Listing contexts for virtual host 'localhost'
èþë 29, 2012 11:19:05 PM org.apache.catalina.core.ApplicationContext log
INFO: Manager: list: Listing contexts for virtual host 'localhost'
èþë 29, 2012 11:19:05 PM org.apache.catalina.core.ApplicationContext log
INFO: Manager: list: Listing contexts for virtual host 'localhost'
èþë 29, 2012 11:21:30 PM org.apache.catalina.core.ApplicationContext log
INFO: Manager: list: Listing contexts for virtual host 'localhost'
èþë 29, 2012 11:21:30 PM org.apache.catalina.core.ApplicationContext log
INFO: Manager: list: Listing contexts for virtual host 'localhost'
èþë 29, 2012 11:22:43 PM org.apache.catalina.core.ApplicationContext log
INFO: Manager: list: Listing contexts for virtual host 'localhost'
èþë 29, 2012 11:22:47 PM org.apache.catalina.core.ApplicationContext log
INFO: Manager: list: Listing contexts for virtual host 'localhost'
èþë 29, 2012 11:24:09 PM org.apache.catalina.core.ApplicationContext log
INFO: Manager: list: Listing contexts for virtual host 'localhost'
èþë 29, 2012 11:24:12 PM org.apache.catalina.core.ApplicationContext log
INFO: Manager: list: Listing contexts for virtual host 'localhost'
èþë 29, 2012 11:24:12 PM org.apache.catalina.core.ApplicationContext log
INFO: Manager: list: Listing contexts for virtual host 'localhost'
èþë 29, 2012 11:24:56 PM org.apache.catalina.core.ApplicationContext log
INFO: Manager: list: Listing contexts for virtual host 'localhost'
èþë 29, 2012 11:26:10 PM org.apache.catalina.core.ApplicationContext log
INFO: Manager: list: Listing contexts for virtual host 'localhost'
èþë 29, 2012 11:26:11 PM org.apache.catalina.core.ApplicationContext log
INFO: Manager: list: Listing contexts for virtual host 'localhost'
èþë 29, 2012 11:26:36 PM org.apache.catalina.core.ApplicationContext log
INFO: Manager: list: Listing contexts for virtual host 'localhost'
èþë 29, 2012 11:26:36 PM org.apache.catalina.core.ApplicationContext log
INFO: Manager: list: Listing contexts for virtual host 'localhost'
èþë 29, 2012 11:27:33 PM org.apache.catalina.core.ApplicationContext log
INFO: Manager: list: Listing contexts for virtual host 'localhost'
èþë 29, 2012 11:27:36 PM org.apache.catalina.core.ApplicationContext log
INFO: Manager: list: Listing contexts for virtual host 'localhost'
èþë 29, 2012 11:27:36 PM org.apache.catalina.core.ApplicationContext log
INFO: Manager: list: Listing contexts for virtual host 'localhost'
èþë 29, 2012 11:28:42 PM org.apache.catalina.core.ApplicationContext log
INFO: Manager: list: Listing contexts for virtual host 'localhost'
èþë 29, 2012 11:29:53 PM org.apache.catalina.core.ApplicationContext log
INFO: Manager: list: Listing contexts for virtual host 'localhost'
èþë 29, 2012 11:30:27 PM org.apache.catalina.core.ApplicationContext log
INFO: Manager: list: Listing contexts for virtual host 'localhost'
èþë 29, 2012 11:30:27 PM org.apache.catalina.core.ApplicationContext log
INFO: Manager: list: Listing contexts for virtual host 'localhost'
èþë 29, 2012 11:32:35 PM org.apache.catalina.core.ApplicationContext log
INFO: Manager: list: Listing contexts for virtual host 'localhost'
èþë 29, 2012 11:32:38 PM org.apache.catalina.core.ApplicationContext log
INFO: Manager: list: Listing contexts for virtual host 'localhost'
èþë 29, 2012 11:32:38 PM org.apache.catalina.core.ApplicationContext log
INFO: Manager: list: Listing contexts for virtual host 'localhost'
èþë 29, 2012 11:38:10 PM org.apache.catalina.core.ApplicationContext log
INFO: Manager: list: Listing contexts for virtual host 'localhost'
èþë 29, 2012 11:38:10 PM org.apache.catalina.core.ApplicationContext log
INFO: Manager: list: Listing contexts for virtual host 'localhost'
èþë 29, 2012 11:38:43 PM org.apache.catalina.core.ApplicationContext log
INFO: Manager: list: Listing contexts for virtual host 'localhost'
èþë 29, 2012 11:38:43 PM org.apache.catalina.core.ApplicationContext log
INFO: Manager: list: Listing contexts for virtual host 'localhost'
èþë 29, 2012 11:39:28 PM org.apache.catalina.core.ApplicationContext log
INFO: Manager: list: Listing contexts for virtual host 'localhost'
èþë 29, 2012 11:39:44 PM org.apache.catalina.core.ApplicationContext log
INFO: Manager: list: Listing contexts for virtual host 'localhost'
èþë 29, 2012 11:39:52 PM org.apache.catalina.core.ApplicationContext log
INFO: Manager: list: Listing contexts for virtual host 'localhost'
èþë 29, 2012 11:40:01 PM org.apache.catalina.core.ApplicationContext log
INFO: Manager: list: Listing contexts for virtual host 'localhost'
èþë 29, 2012 11:40:39 PM org.apache.catalina.core.ApplicationContext log
INFO: Manager: list: Listing contexts for virtual host 'localhost'
èþë 29, 2012 11:40:41 PM org.apache.catalina.core.ApplicationContext log
INFO: Manager: list: Listing contexts for virtual host 'localhost'
èþë 29, 2012 11:40:41 PM org.apache.catalina.core.ApplicationContext log
INFO: Manager: list: Listing contexts for virtual host 'localhost'
èþë 29, 2012 11:40:55 PM org.apache.catalina.core.ApplicationContext log
INFO: Manager: list: Listing contexts for virtual host 'localhost'
èþë 29, 2012 11:40:55 PM org.apache.catalina.core.ApplicationContext log
INFO: Manager: list: Listing contexts for virtual host 'localhost'
èþë 29, 2012 11:42:29 PM org.apache.catalina.core.ApplicationContext log
INFO: Manager: list: Listing contexts for virtual host 'localhost'
èþë 29, 2012 11:42:29 PM org.apache.catalina.core.ApplicationContext log
INFO: Manager: list: Listing contexts for virtual host 'localhost'
èþë 29, 2012 11:42:43 PM org.apache.catalina.core.ApplicationContext log
INFO: Manager: list: Listing contexts for virtual host 'localhost'
èþë 29, 2012 11:42:43 PM org.apache.catalina.core.ApplicationContext log
INFO: Manager: list: Listing contexts for virtual host 'localhost'
èþë 29, 2012 11:42:56 PM org.apache.catalina.core.ApplicationContext log
INFO: Manager: list: Listing contexts for virtual host 'localhost'
èþë 29, 2012 11:43:15 PM org.apache.catalina.core.ApplicationContext log
INFO: Manager: list: Listing contexts for virtual host 'localhost'
èþë 29, 2012 11:43:15 PM org.apache.catalina.core.ApplicationContext log
INFO: Manager: list: Listing contexts for virtual host 'localhost'
èþë 29, 2012 11:43:32 PM org.apache.catalina.core.ApplicationContext log
INFO: Manager: list: Listing contexts for virtual host 'localhost'
èþë 29, 2012 11:43:41 PM org.apache.catalina.core.ApplicationContext log
INFO: Manager: list: Listing contexts for virtual host 'localhost'
èþë 29, 2012 11:43:57 PM org.apache.catalina.core.ApplicationContext log
INFO: Manager: list: Listing contexts for virtual host 'localhost'
èþë 29, 2012 11:43:57 PM org.apache.catalina.core.ApplicationContext log
INFO: Manager: list: Listing contexts for virtual host 'localhost'
èþë 29, 2012 11:44:13 PM org.apache.catalina.core.ApplicationContext log
INFO: Manager: list: Listing contexts for virtual host 'localhost'
èþë 29, 2012 11:44:23 PM org.apache.catalina.core.ApplicationContext log
INFO: Manager: list: Listing contexts for virtual host 'localhost'
èþë 29, 2012 11:44:41 PM org.apache.catalina.core.ApplicationContext log
INFO: Manager: list: Listing contexts for virtual host 'localhost'
èþë 29, 2012 11:44:57 PM org.apache.catalina.core.ApplicationContext log
INFO: Manager: list: Listing contexts for virtual host 'localhost'
èþë 29, 2012 11:45:12 PM org.apache.catalina.core.ApplicationContext log
INFO: Manager: list: Listing contexts for virtual host 'localhost'
èþë 29, 2012 11:45:12 PM org.apache.catalina.core.ApplicationContext log
INFO: Manager: list: Listing contexts for virtual host 'localhost'
èþë 29, 2012 11:45:31 PM org.apache.catalina.core.ApplicationContext log
INFO: Manager: list: Listing contexts for virtual host 'localhost'
èþë 29, 2012 11:45:33 PM org.apache.catalina.core.ApplicationContext log
INFO: Manager: list: Listing contexts for virtual host 'localhost'
èþë 29, 2012 11:45:33 PM org.apache.catalina.core.ApplicationContext log
INFO: Manager: list: Listing contexts for virtual host 'localhost'
èþë 29, 2012 11:46:17 PM org.apache.catalina.core.ApplicationContext log
INFO: Manager: list: Listing contexts for virtual host 'localhost'
èþë 29, 2012 11:46:19 PM org.apache.catalina.core.ApplicationContext log
INFO: Manager: list: Listing contexts for virtual host 'localhost'
èþë 29, 2012 11:46:19 PM org.apache.catalina.core.ApplicationContext log
INFO: Manager: list: Listing contexts for virtual host 'localhost'
èþë 29, 2012 11:46:30 PM org.apache.catalina.core.ApplicationContext log
INFO: Manager: list: Listing contexts for virtual host 'localhost'
èþë 29, 2012 11:46:30 PM org.apache.catalina.core.ApplicationContext log
INFO: Manager: list: Listing contexts for virtual host 'localhost'
èþë 29, 2012 11:46:39 PM org.apache.catalina.core.ApplicationContext log
INFO: Manager: list: Listing contexts for virtual host 'localhost'
èþë 29, 2012 11:46:47 PM org.apache.catalina.core.ApplicationContext log
INFO: Manager: list: Listing contexts for virtual host 'localhost'
èþë 29, 2012 11:46:47 PM org.apache.catalina.core.ApplicationContext log
INFO: Manager: list: Listing contexts for virtual host 'localhost'
èþë 29, 2012 11:46:58 PM org.apache.catalina.core.ApplicationContext log
INFO: Manager: list: Listing contexts for virtual host 'localhost'
èþë 29, 2012 11:47:00 PM org.apache.catalina.core.ApplicationContext log
INFO: Manager: list: Listing contexts for virtual host 'localhost'
èþë 29, 2012 11:47:00 PM org.apache.catalina.core.ApplicationContext log
INFO: Manager: list: Listing contexts for virtual host 'localhost'
èþë 29, 2012 11:47:28 PM org.apache.catalina.core.ApplicationContext log
INFO: Manager: list: Listing contexts for virtual host 'localhost'
èþë 29, 2012 11:48:15 PM org.apache.catalina.core.ApplicationContext log
INFO: Manager: list: Listing contexts for virtual host 'localhost'
èþë 29, 2012 11:48:15 PM org.apache.catalina.core.ApplicationContext log
INFO: Manager: list: Listing contexts for virtual host 'localhost'
èþë 29, 2012 11:48:39 PM org.apache.catalina.core.ApplicationContext log
INFO: Manager: list: Listing contexts for virtual host 'localhost'
èþë 29, 2012 11:48:47 PM org.apache.catalina.core.ApplicationContext log
INFO: Manager: list: Listing contexts for virtual host 'localhost'
èþë 29, 2012 11:48:47 PM org.apache.catalina.core.ApplicationContext log
INFO: Manager: list: Listing contexts for virtual host 'localhost'
èþë 29, 2012 11:48:54 PM org.apache.catalina.core.ApplicationContext log
INFO: Manager: list: Listing contexts for virtual host 'localhost'
èþë 29, 2012 11:49:04 PM org.apache.catalina.core.ApplicationContext log
INFO: Manager: list: Listing contexts for virtual host 'localhost'
èþë 29, 2012 11:50:37 PM org.apache.catalina.core.ApplicationContext log
INFO: Manager: list: Listing contexts for virtual host 'localhost'
èþë 29, 2012 11:50:37 PM org.apache.catalina.core.ApplicationContext log
INFO: Manager: list: Listing contexts for virtual host 'localhost'
èþë 29, 2012 11:50:37 PM org.apache.catalina.core.ApplicationContext log
INFO: Manager: restart: Reloading web application at '/Hotel'
èþë 29, 2012 11:51:37 PM org.apache.catalina.core.ApplicationContext log
INFO: Manager: list: Listing contexts for virtual host 'localhost'
èþë 29, 2012 11:51:37 PM org.apache.catalina.core.ApplicationContext log
INFO: Manager: list: Listing contexts for virtual host 'localhost'
èþë 29, 2012 11:51:37 PM org.apache.catalina.core.ApplicationContext log
INFO: Manager: restart: Reloading web application at '/Hotel'
èþë 29, 2012 11:52:19 PM org.apache.catalina.core.ApplicationContext log
INFO: Manager: list: Listing contexts for virtual host 'localhost'
èþë 29, 2012 11:52:20 PM org.apache.catalina.core.ApplicationContext log
INFO: Manager: restart: Reloading web application at '/Hotel'
èþë 29, 2012 11:52:21 PM org.apache.catalina.core.ApplicationContext log
INFO: Manager: list: Listing contexts for virtual host 'localhost'
èþë 29, 2012 11:52:21 PM org.apache.catalina.core.ApplicationContext log
INFO: Manager: list: Listing contexts for virtual host 'localhost'
èþë 29, 2012 11:52:21 PM org.apache.catalina.core.ApplicationContext log
INFO: Manager: restart: Reloading web application at '/Hotel'
èþë 29, 2012 11:53:49 PM org.apache.catalina.core.ApplicationContext log
INFO: Manager: list: Listing contexts for virtual host 'localhost'
èþë 29, 2012 11:53:49 PM org.apache.catalina.core.ApplicationContext log
INFO: Manager: list: Listing contexts for virtual host 'localhost'
èþë 29, 2012 11:53:49 PM org.apache.catalina.core.ApplicationContext log
INFO: Manager: restart: Reloading web application at '/Hotel'
èþë 29, 2012 11:56:21 PM org.apache.catalina.core.ApplicationContext log
INFO: Manager: list: Listing contexts for virtual host 'localhost'
èþë 29, 2012 11:56:25 PM org.apache.catalina.core.ApplicationContext log
INFO: Manager: list: Listing contexts for virtual host 'localhost'
èþë 29, 2012 11:56:25 PM org.apache.catalina.core.ApplicationContext log
INFO: Manager: list: Listing contexts for virtual host 'localhost'
èþë 29, 2012 11:58:12 PM org.apache.catalina.core.ApplicationContext log
INFO: Manager: init: Associated with Deployer 'Catalina:type=Deployer,host=localhost'
èþë 29, 2012 11:58:12 PM org.apache.catalina.core.ApplicationContext log
INFO: Manager: init: Global resources are available
èþë 29, 2012 11:58:12 PM org.apache.catalina.core.ApplicationContext log
INFO: Manager: list: Listing contexts for virtual host 'localhost'
èþë 29, 2012 11:58:12 PM org.apache.catalina.core.ApplicationContext log
INFO: Manager: list: Listing contexts for virtual host 'localhost'
èþë 29, 2012 11:58:51 PM org.apache.catalina.core.ApplicationContext log
INFO: Manager: list: Listing contexts for virtual host 'localhost'
